c:\users\trianae\mylocalcode\usgs\gsflow_examples.git\call_c_from_vbwrapper\cppstaticlibwrapper\x64\debug\cppstaticlibwrapper.pch
c:\users\trianae\mylocalcode\usgs\gsflow_examples.git\call_c_from_vbwrapper\cppstaticlibwrapper\x64\debug\vc140.pdb
c:\users\trianae\mylocalcode\usgs\gsflow_examples.git\call_c_from_vbwrapper\cppstaticlibwrapper\x64\debug\stdafx.obj
c:\users\trianae\mylocalcode\usgs\gsflow_examples.git\call_c_from_vbwrapper\cppstaticlibwrapper\x64\debug\cppstaticlibwrapper.obj
c:\users\trianae\mylocalcode\usgs\gsflow_examples.git\call_c_from_vbwrapper\cppstaticlibwrapper\x64\debug\assemblyinfo.obj
c:\users\trianae\mylocalcode\usgs\gsflow_examples.git\call_c_from_vbwrapper\cppstaticlibwrapper\x64\debug\.netframework,version=v4.5.2.assemblyattributes.obj
c:\users\trianae\mylocalcode\usgs\gsflow_examples.git\call_c_from_vbwrapper\cppstaticlibwrapper\x64\debug\.netframework,version=v4.5.2.assemblyattributes.asm
c:\users\trianae\mylocalcode\usgs\gsflow_examples.git\call_c_from_vbwrapper\cppstaticlibwrapper\x64\debug\app.res
c:\users\trianae\mylocalcode\usgs\gsflow_examples.git\call_c_from_vbwrapper\cppstaticlibwrapper\x64\debug\cppstati.75bb5d19.tlog\cl.command.1.tlog
c:\users\trianae\mylocalcode\usgs\gsflow_examples.git\call_c_from_vbwrapper\cppstaticlibwrapper\x64\debug\cppstati.75bb5d19.tlog\cl.read.1.tlog
c:\users\trianae\mylocalcode\usgs\gsflow_examples.git\call_c_from_vbwrapper\cppstaticlibwrapper\x64\debug\cppstati.75bb5d19.tlog\cl.write.1.tlog
c:\users\trianae\mylocalcode\usgs\gsflow_examples.git\call_c_from_vbwrapper\cppstaticlibwrapper\x64\debug\cppstati.75bb5d19.tlog\link.14320.16836-cvtres.read.1.tlog
c:\users\trianae\mylocalcode\usgs\gsflow_examples.git\call_c_from_vbwrapper\cppstaticlibwrapper\x64\debug\cppstati.75bb5d19.tlog\link.14320.16836-cvtres.write.1.tlog
c:\users\trianae\mylocalcode\usgs\gsflow_examples.git\call_c_from_vbwrapper\cppstaticlibwrapper\x64\debug\cppstati.75bb5d19.tlog\link.14320.16836-rc.read.1.tlog
c:\users\trianae\mylocalcode\usgs\gsflow_examples.git\call_c_from_vbwrapper\cppstaticlibwrapper\x64\debug\cppstati.75bb5d19.tlog\link.14320.16836-rc.write.1.tlog
c:\users\trianae\mylocalcode\usgs\gsflow_examples.git\call_c_from_vbwrapper\cppstaticlibwrapper\x64\debug\cppstati.75bb5d19.tlog\link.14320.16836.read.1.tlog
c:\users\trianae\mylocalcode\usgs\gsflow_examples.git\call_c_from_vbwrapper\cppstaticlibwrapper\x64\debug\cppstati.75bb5d19.tlog\link.14320.16836.write.1.tlog
c:\users\trianae\mylocalcode\usgs\gsflow_examples.git\call_c_from_vbwrapper\cppstaticlibwrapper\x64\debug\cppstati.75bb5d19.tlog\link.14320.read.1.tlog
c:\users\trianae\mylocalcode\usgs\gsflow_examples.git\call_c_from_vbwrapper\cppstaticlibwrapper\x64\debug\cppstati.75bb5d19.tlog\link.14320.write.1.tlog
c:\users\trianae\mylocalcode\usgs\gsflow_examples.git\call_c_from_vbwrapper\cppstaticlibwrapper\x64\debug\cppstati.75bb5d19.tlog\link.command.1.tlog
c:\users\trianae\mylocalcode\usgs\gsflow_examples.git\call_c_from_vbwrapper\cppstaticlibwrapper\x64\debug\cppstati.75bb5d19.tlog\link.read.1.tlog
c:\users\trianae\mylocalcode\usgs\gsflow_examples.git\call_c_from_vbwrapper\cppstaticlibwrapper\x64\debug\cppstati.75bb5d19.tlog\link.write.1.tlog
c:\users\trianae\mylocalcode\usgs\gsflow_examples.git\call_c_from_vbwrapper\cppstaticlibwrapper\x64\debug\cppstati.75bb5d19.tlog\metagen.read.1.tlog
c:\users\trianae\mylocalcode\usgs\gsflow_examples.git\call_c_from_vbwrapper\cppstaticlibwrapper\x64\debug\cppstati.75bb5d19.tlog\metagen.write.1.tlog
c:\users\trianae\mylocalcode\usgs\gsflow_examples.git\call_c_from_vbwrapper\cppstaticlibwrapper\x64\debug\cppstati.75bb5d19.tlog\rc.command.1.tlog
c:\users\trianae\mylocalcode\usgs\gsflow_examples.git\call_c_from_vbwrapper\cppstaticlibwrapper\x64\debug\cppstati.75bb5d19.tlog\rc.read.1.tlog
c:\users\trianae\mylocalcode\usgs\gsflow_examples.git\call_c_from_vbwrapper\cppstaticlibwrapper\x64\debug\cppstati.75bb5d19.tlog\rc.write.1.tlog
c:\users\trianae\mylocalcode\usgs\gsflow_examples.git\call_c_from_vbwrapper\cppstaticlibwrapper\x64\debug\cppstati.75bb5d19.tlog\rsaenh.dll.bi
c:\users\trianae\mylocalcode\usgs\gsflow_examples.git\call_c_from_vbwrapper\cppstaticlibwrapper\x64\debug\cppstati.75bb5d19.tlog\tzres.dll.bi
