====================================================================
Using PRMS Parameter File: ..\input\prms\sagehen_grid_v5.params
Description: Default file generated by model
====================================================================
Comment lines:
Version: 1.7
====================================================================
Using dimensions    number
nlake                  2
nlake_hrus            75
ngwcell             5609
nrain                  2
ntemp                  2
nsegment              23
ndays                366
nreach               201
ncascade            6144
ncascdgw            6219
nobs                   1
ndeplval              22
ngw                 5609
nhrucell            5609
nmonths               12
nssr                5609
one                    1
ndepl                  2
nhru                5609
ncol                   1
====================================================================

               Precipitation-Runoff Modeling System (PRMS)
                       Version 5.MODSIM 10/02/2017

        Process            Available Modules
--------------------------------------------------------------------
  Basin Definition: basin
    Cascading Flow: cascade
  Time Series Data: obs, water_use_read, dynamic_param_read
   Potet Solar Rad: soltab
  Temperature Dist: temp_1sta, temp_laps, temp_dist2, climate_hru
       Precip Dist: precip_1sta, precip_laps, precip_dist2,
                    climate_hru, precip_temp_grid
Temp & Precip Dist: xyz_dist, ide_dist
    Solar Rad Dist: ccsolrad, ddsolrad, climate_hru
Transpiration Dist: transp_tindex, climate_hru, transp_frost
      Potential ET: potet_hamon, potet_jh, potet_pan, climate_hru,
                    potet_hs, potet_pt, potet_pm, potet_pm_sta
      Interception: intcp
     Snow Dynamics: snowcomp
    Surface Runoff: srunoff_smidx, srunoff_carea
         Soil Zone: soilzone
       Groundwater: gwflow
Streamflow Routing: strmflow, strmflow_in_out, muskingum,
                    muskingum_lake
    Output Summary: basin_sum, subbasin, map_results, prms_summary,
                    nhru_summary, nsub_summary, water_balance
                    basin_summary
Stream Temperature: stream_temp
     Preprocessing: write_climate_hru, frost_date
--------------------------------------------------------------------


    Active modules listed in the order in which they are called

        Process                   Module                Version Date
====================================================================
GSFLOW Computation Order       gsflow_prms                2017-10-03
Read Control File              read_control_file          2017-09-28
Read Parameter File            read_parameter_file        2017-09-27
Read Data File                 read_data_file             2017-09-27


====================================================================
Using PRMS Data File: ..\input\prms\sagehen.data
Title: Sagehen Data File: Independence Lake and Sagehen Creek data staions
====================================================================
Comment lines:
// tmax stations are:
//   INDEPENDENCE LAKE
//   SAGEHEN CREEK
// tmin stations are:
//   INDEPENDENCE LAKE
//   SAGEHEN CREEK
// precip stations are:
//   INDEPENDENCE LAKE
//   SAGEHEN CREEK
// runoff value is:
//   10343500 	SAGEHEN C NR TRUCKEE C
====================================================================
measured variables
tmax 2
tmin 2
precip 2
runoff 1
====================================================================
 Data File time period: 1980/10/01 00:00:00 to 2004/04/25 00:00:00
Simulation time period: 1980/10/01 00:00:00 to 1996/09/30 00:00:00
====================================================================
Basin Definition               basin                      2017-10-05
Cascading Flow                 cascade                    2016-07-19
Common States and Fluxes       climateflow                2017-10-06
Potential Solar Radiation      soltab                     2016-09-27
Time Series Data               obs                        2017-09-27
PRMS Set Time Variables        prms_time                  2017-07-06
Temperature Distribution       temp_1sta                  2017-09-27
Precipitation Distribution     precip_1sta                2017-09-27
Solar Radiation Distribution   ddsolrad                   2016-11-03
Transpiration Distribution     transp_tindex              2015-01-06
Potential Evapotranspiration   potet_jh                   2016-05-10
Canopy Interception            intcp                      2017-09-27
Snow Dynamics                  snowcomp                   2017-10-06
Surface Runoff                 srunoff_smidx              2017-10-06
Soil Zone Computations         soilzone                   2017-10-06
Groundwater                    gwflow                     2017-10-05
Routing Initialization         routing                    2017-10-06
Streamflow Routing             muskingum_lake             2017-10-05
Summary                        basin_sum                  2017-10-03
Nhru Output Summary            nhru_summary               2017-09-27
Basin Output Summary           basin_summary              2017-09-27
====================================================================

Using Control File: gsflow_prms.control

Using Parameter File: ..\input\prms\sagehen_grid_v5.params

Start time: 1980/10/01 00:00:00
End time:   1996/09/30 00:00:00

Model domain area:        11226.32    Active basin area:      6740.99
Fraction impervious:       0.00000    Fraction pervious:      0.97773
Lake area:               150.11119    Fraction lakes:         0.02227




 Year mo day srad  tmx  tmn    ppt  n-ppt  ints  intl  potet  actet  smav pweqv   melt gwsto sssto gwflow ssflow  sroff    tot-fl      sim  meas lkevap
             (ly) (F/C)(F/C)  (in)   (in)  (in)  (in)   (in)   (in)  (in)  (in)   (in)  (in)  (in)   (in)   (in)   (in)      (in)    (cfs) (cfs)   (in)
 ------------------------------------------------------------------------------------------------------------------------------------------------------
 initial                                   0.00                      0.49  0.00         3.00  0.00
  1980 10   111.0 58.2 29.1   1.54   1.38         0.1   0.26   0.11  1.79  0.00   0.92 24.96  0.03   2.61   0.01   0.00     0.04     0.40   2.72   0.00
  1980 11    80.2 46.6 23.1   1.44   1.33         0.1   0.11   0.10  2.70  0.36   0.27 39.99  0.02   5.58   0.01   0.00     0.04     0.38   2.84   0.00
  1980 12   230.1 40.7 18.2   3.50   3.35         0.3   2.63   2.09  3.95  0.50   2.18 54.13  0.11   8.42   0.01   0.00     0.04     0.38   3.62   0.00
  1981  1   237.1 40.1 19.5  10.37  10.16         0.1   0.23   0.21  4.50  9.30   0.97 64.01  0.35  10.76   0.02   0.00     1.95    17.84   3.36   0.00
  1981  2   267.3 40.6 16.3   2.45   2.12         0.3   2.61   1.95  4.88  6.38   3.53 56.07  1.55   9.53   0.25   0.00    10.07   101.85   6.08   0.00
  1981  3   239.6 43.0 19.6   3.34   2.87         0.5   3.23   2.85  4.67  5.51   2.85 48.98  1.12   8.89   0.23   0.00     9.91    90.53   6.01   0.00
  1981  4   491.5 54.9 25.0   1.06   0.86         0.2   4.07   3.93  3.54  0.81   5.39 44.14  1.48   7.21   0.33   0.00     8.67    81.87  15.70   0.00
  1981  5   194.0 59.2 29.2   2.51   2.40         0.1   0.46   0.42  4.60  0.15   1.15 39.69  1.14   6.24   0.18   0.01     8.17    74.66  10.18   0.00
  1981  6   818.3 71.4 37.5   0.11   0.03         0.1  11.81   5.09  0.43  0.00   0.15 35.18  0.17   5.06   0.03   0.00     7.14    67.41   3.23   0.01
  1981  7   199.4 77.7 35.6   0.00   0.00         0.0   3.14   0.25  0.28  0.00   0.00 30.88  0.05   4.37   0.00   0.00     7.03    64.27   1.55   0.00
  1981  8   609.5 81.2 41.5   0.11   0.06         0.0  30.37   1.04  0.01  0.00   0.00 27.25  0.02   3.65   0.00   0.00     6.53    59.64   1.33   0.02
  1981  9   592.9 70.8 37.5   0.76   0.63         0.1   1.96   0.21  0.57  0.00   0.00 24.30  0.03   2.96   0.00   0.00     6.30    59.49   1.53   0.00
 ======================================================================================================================================================
  1981      338.1 57.1 27.7  27.21  25.20  0.00  2.01  60.89  18.26  0.57  0.00  17.41 24.30  0.03  75.26   1.08   0.02    65.91    51.14   4.83   1.32
 ======================================================================================================================================================
  1981 10   112.2 50.8 26.9   5.71   5.50         0.1   0.20   0.16  2.57  3.33   1.62 21.74  0.03   2.56   0.01   0.00     6.41    58.55   2.34   0.00
  1981 11    81.0 40.7 25.6  17.87  17.80         0.1   0.10   0.09  4.88 10.51  10.22 23.81  2.51   2.14   1.29   0.68     7.93    74.89  24.07   0.00
  1981 12   229.2 37.5 25.1  12.27  11.93         0.3   2.92   2.29  4.88 12.95   6.37 26.41  1.92   2.09   1.43   1.54     9.52    86.94  34.25   0.00
  1982  1   219.1 31.1  6.8   9.93   9.90         0.0   0.05   0.04  4.88 22.60   0.06 25.94  0.43   1.84   0.16   0.00     6.82    62.29  10.84   0.00
  1982  2   268.0 40.8 17.6   6.02   5.92         0.2   3.07   2.28  4.85 19.88   6.63 27.00  2.69   1.45   0.78   0.81     7.34    74.29  38.32   0.00
  1982  3   185.7 38.2 19.2   9.96   9.53         0.3   1.99   1.72  4.56 26.69   1.84 28.39  0.65   1.47   0.55   0.00     7.10    64.82  18.56   0.00
  1982  4   338.9 44.4 18.7   7.69   7.64         0.1   1.82   1.82  4.69 26.17   8.01 29.52  3.22   1.28   0.71   0.44     7.40    69.88  45.62   0.00
  1982  5   194.0 62.0 30.9   0.53   0.44         0.1   0.50   0.50  4.85 15.78  10.83 35.25  3.64   1.27   2.37   0.25     8.23    75.17  97.00   0.00
  1982  6   817.3 63.2 35.1   0.92   0.75         0.1   9.89   8.28  2.94  4.57  11.62 39.54  2.00   1.20   1.40   0.56     7.33    69.21  48.57   0.01
  1982  7   199.4 72.2 40.1   0.27   0.22         0.1   3.09   2.02  2.62  1.72   2.95 40.64  0.95   1.16   0.27   0.08     6.78    61.96  15.34   0.00
  1982  8   594.6 74.5 42.4   0.29   0.13         0.2  27.48   5.09  0.15  0.31   1.43 40.02  0.13   1.05   0.03   0.00     6.68    60.99   5.47   0.02
  1982  9   592.9 62.1 36.9   5.37   5.20         0.1   1.69   0.68  4.47  0.05   0.83 39.23  0.45   0.93   0.03   0.01     6.48    61.13   5.76   0.00
 ======================================================================================================================================================
  1982      318.2 51.5 27.2  76.82  74.98  0.06  1.78  52.82  24.99  4.47  0.05  62.40 39.23  0.45  18.46   9.03   4.38    88.01    68.29  28.74   1.14
 ======================================================================================================================================================
  1982 10   112.2 50.8 30.7   9.01   8.85         0.1   0.23   0.23  4.88  2.69   1.52 40.43  3.36   0.89   0.48   0.03     6.96    63.55  10.48   0.00
  1982 11    81.0 37.2 20.3   7.90   7.85         0.0   0.06   0.06  4.88  9.31   1.05 42.63  0.83   0.86   0.49   0.00     6.78    64.02   8.36   0.00
  1982 12   225.4 31.8 12.8  10.30  10.07         0.3   1.02   0.81  4.88 18.39   0.26 42.45  0.36   0.86   0.05   0.00     6.75    61.68   7.23   0.00
  1983  1   232.0 36.6 14.2   7.94   7.85         0.1   0.13   0.11  4.88 25.89   0.17 41.94  0.19   0.81   0.03   0.00     6.71    61.32   6.27   0.00
  1983  2   248.5 36.3 22.6  10.13   9.85         0.3   2.66   2.03  4.88 32.18   1.65 41.99  0.93   0.70   0.15   0.00     6.16    62.32   6.89   0.00
  1983  3   163.8 37.8 22.7  10.13   9.77         0.4   2.14   1.80  4.60 38.96   1.83 42.89  0.52   0.78   0.35   0.00     7.01    64.07  18.30   0.00
  1983  4   225.9 40.9 20.7   4.38   4.10         0.3   0.97   0.97  4.64 40.57   2.40 43.04  1.12   0.75   0.23   0.00     6.69    63.20  18.43   0.00
  1983  5   194.0 56.4 25.1   0.29   0.26         0.1   0.39   0.39  4.86 29.68  11.14 47.14  4.64   0.81   1.86   0.16     8.16    74.54  84.45   0.00
  1983  6   818.3 63.5 34.9   0.24   0.15         0.1   9.91   9.75  4.06  7.25  22.58 55.59  3.23   0.93   4.00   1.50    10.05    94.85 142.00   0.01
  1983  7   199.4 70.3 37.7   0.05   0.00         0.0   2.90   2.57  3.78  2.21   5.04 58.42  1.46   1.02   0.61   0.15     7.08    64.69  37.39   0.00
  1983  8   585.3 71.1 43.8   1.96   1.79         0.1  26.46   8.26  0.46  0.20   2.53 58.12  0.21   1.00   0.06   0.00     6.85    62.55  11.75   0.02
  1983  9   592.9 66.5 37.9   2.22   2.12         0.1   1.85   0.57  2.27  0.01   0.26 57.26  0.13   0.93   0.01   0.00     6.61    62.38   7.56   0.00
 ======================================================================================================================================================
  1983      305.7 50.0 27.0  64.56  62.66  0.05  1.91  48.69  27.54  2.27  0.01  50.44 57.26  0.13  10.33   8.32   1.85    85.81    66.58  29.96   1.05
 ======================================================================================================================================================
  1983 10   112.2 57.3 32.1   4.69   4.51         0.2   0.27   0.27  4.84  0.33   0.37 56.45  1.40   0.93   0.03   0.01     6.83    62.37   8.05   0.00
  1983 11    81.0 36.6 24.7  18.39  18.33         0.0   0.08   0.07  4.88 15.18   2.37 58.43  1.05   0.91   0.45   0.01     6.93    65.45  27.71   0.00
  1983 12   227.1 34.4 24.2  13.59  13.12         0.5   2.50   1.94  4.88 25.25   1.37 58.63  1.05   0.95   0.20   0.00     7.01    64.01  23.19   0.00
  1984  1   232.4 37.1 13.8   2.74   2.69         0.1   0.14   0.13  4.88 27.52   0.37 58.62  0.31   0.95   0.16   0.00     6.98    63.74  16.71   0.00
  1984  2   260.6 38.9 15.5   5.00   4.72         0.3   2.11   1.62  4.88 30.29   0.57 58.28  0.25   0.89   0.08   0.00     6.46    63.13   9.84   0.00
  1984  3   327.7 46.8 22.0   2.62   2.42         0.1   5.87   5.25  4.51 25.41   5.48 58.95  0.83   0.95   0.38   0.00     7.14    65.24  18.08   0.00
  1984  4   356.1 46.7 22.0   1.15   0.90         0.3   2.26   2.25  4.77 19.58   6.71 60.95  1.76   0.95   0.65   0.00     7.03    66.37  35.13   0.00
  1984  5   194.6 62.5 31.0   0.71   0.57         0.1   0.51   0.51  4.83  9.27  10.84 66.08  3.80   1.06   1.85   0.17     7.99    72.98  58.06   0.00
  1984  6   817.2 65.4 33.2   0.92   0.77         0.1   9.93   8.47  2.39  1.31   8.57 69.49  1.06   1.10   0.96   0.28     7.21    68.03  28.00   0.01
  1984  7   199.0 78.3 43.9   1.46   1.27         0.2   3.54   2.15  2.61  0.11   1.44 69.26  0.42   1.13   0.07   0.00     6.93    63.31   9.81   0.00
  1984  8   594.2 75.4 42.4   0.26   0.16         0.1  27.82   3.59  0.11  0.00   0.11 68.33  0.09   1.11   0.01   0.00     6.89    62.98   5.20   0.02
  1984  9   588.3 70.4 37.5   0.64   0.49         0.1   1.93   0.23  0.51  0.00   0.00 67.31  0.04   1.05   0.00   0.00     6.66    62.91   4.45   0.00
 ======================================================================================================================================================
  1984      331.5 54.2 28.6  52.17  49.95  0.05  2.22  56.96  26.50  0.51  0.00  38.19 67.31  0.04  12.00   4.83   0.47    84.06    65.05  20.37   1.24
 ======================================================================================================================================================
  1984 10   111.0 48.8 28.8   2.47   2.32         0.1   0.20   0.18  2.70  0.02   1.86 66.26  0.05   1.06   0.01   0.00     6.88    62.88   5.56   0.00
  1984 11    80.2 36.8 23.3  11.04  10.98         0.0   0.08   0.07  4.86  7.85   2.11 65.59  0.35   1.01   0.05   0.00     6.70    63.20   7.69   0.00
  1984 12   224.6 31.4 10.3   1.23   1.03         0.3   0.79   0.65  4.86  8.50   0.02 64.79  0.12   1.03   0.01   0.00     6.87    62.74   5.89   0.00
  1985  1   226.9 34.1  8.6   0.80   0.67         0.0   0.07   0.07  4.86  9.10   0.03 63.85  0.06   1.02   0.01   0.00     6.85    62.61   4.95   0.00
  1985  2   257.4 39.6 12.3   3.45   3.45         0.1   2.29   1.71  4.87  9.22   1.73 63.39  1.24   0.91   0.07   0.00     6.24    63.10   5.28   0.00
  1985  3   230.3 39.4 13.0   6.77   6.42         0.3   2.11   1.73  4.69 13.35   1.20 63.71  0.67   1.02   0.18   0.00     7.00    63.93   6.25   0.00
  1985  4   515.6 56.7 24.6   0.15   0.06         0.1   4.23   4.23  4.47  2.99  10.42 66.59  2.40   1.03   0.90   0.00     7.16    67.58  29.27   0.00
  1985  5   194.0 59.8 28.1   0.15   0.11         0.0   0.45   0.45  4.59  0.60   2.44 68.23  1.19   1.12   0.37   0.00     7.05    64.40  23.97   0.00
  1985  6   816.8 72.9 38.2   0.31   0.23         0.1  12.20   5.60  0.45  0.00   0.69 67.85  0.20   1.08   0.05   0.00     6.68    63.06   7.38   0.01
  1985  7   199.4 77.1 42.6   0.56   0.47         0.1   3.43   0.43  0.68  0.00   0.00 66.83  0.07   1.10   0.01   0.00     6.89    62.90   3.20   0.00
  1985  8   594.1 74.3 39.1   0.16   0.09         0.1  26.10   1.33  0.07  0.00   0.00 65.77  0.03   1.09   0.00   0.00     6.87    62.74   2.72   0.02
  1985  9   592.9 60.7 35.8   2.44   2.22         0.2   1.60   0.77  1.63  0.00   0.14 64.75  0.04   1.03   0.01   0.00     6.65    62.81   3.39   0.00
 ======================================================================================================================================================
  1985      335.8 52.7 25.4  29.55  28.05  0.05  1.50  53.55  17.20  1.63  0.00  20.64 64.75  0.04  12.52   1.67   0.01    81.83    63.49   8.79   1.16
 ======================================================================================================================================================
  1985 10   112.2 55.4 28.7   1.64   1.47         0.2   0.24   0.23  3.02  0.00   1.04 63.70  0.03   1.05   0.01   0.00     6.86    62.71   3.60   0.00
  1985 11    81.0 37.0 18.0   6.62   6.53         0.0   0.07   0.06  3.13  6.27   0.10 62.69  0.01   1.01   0.00   0.00     6.64    62.70   3.97   0.00
  1985 12   227.9 36.1 10.8   5.06   4.82         0.3   1.31   1.04  3.69  9.61   0.70 61.68  0.14   1.03   0.01   0.00     6.85    62.60   4.96   0.00
  1986  1   242.0 42.9 23.0   7.57   7.30         0.2   0.30   0.27  4.76 11.91   4.79 62.25  1.81   1.03   0.40   0.00     7.18    65.63   8.12   0.00
  1986  2   254.9 38.7 23.1  26.01  25.96         0.1   3.47   2.62  4.86 28.75   6.19 64.39  2.76   0.97   1.03   0.84     7.97    80.65  35.72   0.00
  1986  3   335.6 48.0 23.7   7.28   7.17         0.1   7.20   6.52  4.25 24.49   9.53 68.17  1.55   1.18   1.57   0.16     8.28    75.62  50.13   0.01
  1986  4   416.7 50.5 24.8   1.46   1.20         0.3   3.11   3.08  4.50 15.44  10.20 71.22  3.24   1.20   1.16   0.01     7.40    69.82  51.57   0.00
  1986  5   194.0 60.3 29.2   1.23   1.03         0.2   0.47   0.47  4.72  8.36   7.98 75.44  3.62   1.32   1.44   0.12     7.79    71.15  52.19   0.00
  1986  6   818.4 69.5 37.7   0.24   0.20         0.1  11.49   8.66  1.89  1.23   7.27 77.79  0.81   1.32   0.70   0.24     7.17    67.65  29.17   0.01
  1986  7   199.4 71.5 39.9   0.56   0.44         0.1   3.06   1.45  1.86  0.24   1.07 77.06  0.33   1.35   0.04   0.00     7.02    64.17   7.20   0.00
  1986  8   603.6 78.0 40.7   0.00   0.00         0.0  28.55   2.78  0.04  0.01   0.24 75.87  0.07   1.33   0.01   0.00     6.98    63.76   3.81   0.02
  1986  9   592.9 57.6 33.9   2.80   2.63         0.2   1.47   0.38  2.38  0.00   0.93 74.64  0.09   1.26   0.01   0.00     6.77    63.90   4.48   0.00
 ======================================================================================================================================================
  1986      339.1 53.9 27.8  60.48  58.76  0.00  1.77  60.74  27.55  2.38  0.00  50.05 74.64  0.09  14.05   6.36   1.38    86.91    67.44  21.11   1.32
 ======================================================================================================================================================
  1986 10   112.2 55.2 28.9   0.00   0.00         0.0   0.24   0.24  2.20  0.00   0.00 73.37  0.02   1.28   0.01   0.00     6.98    63.73   4.65   0.00
  1986 11    81.0 47.0 22.8   0.40   0.27         0.0   0.11   0.11  2.34  0.05   0.16 72.16  0.01   1.22   0.00   0.00     6.73    63.58   4.23   0.00
  1986 12   230.3 39.7 16.2   0.86   0.59         0.3   1.99   1.43  1.65  0.19   0.23 70.93  0.01   1.24   0.00   0.00     6.95    63.45   3.90   0.00
  1987  1   226.6 33.8  8.7   5.05   5.01         0.1   0.10   0.09  2.40  4.32   0.77 69.71  0.02   1.22   0.01   0.00     6.95    63.47   4.14   0.00
  1987  2   250.5 37.9 15.7   5.31   5.05         0.3   1.88   1.45  4.10  6.36   1.84 68.67  0.08   1.08   0.02   0.00     6.28    63.56   5.36   0.00
  1987  3   230.6 42.4 20.5   3.66   3.29         0.4   3.39   2.91  4.13  4.67   3.83 68.92  0.78   1.20   0.23   0.00     7.09    64.73   6.11   0.00
  1987  4   562.0 60.0 25.5   0.57   0.38         0.1   5.12   4.42  2.81  0.16   4.72 69.50  0.82   1.18   0.22   0.00     6.79    64.10  14.59   0.00
  1987  5   194.0 60.8 31.4   1.18   1.02         0.2   0.49   0.43  3.51  0.00   0.29 68.99  0.30   1.22   0.04   0.00     6.95    63.50   7.71   0.00
  1987  6   818.4 70.7 36.1   0.70   0.60         0.1  11.43   4.08  0.44  0.00   0.00 67.96  0.08   1.17   0.01   0.00     6.69    63.20   3.53   0.01
  1987  7   199.4 71.1 37.8   0.15   0.04         0.1   2.94   0.36  0.31  0.00   0.00 66.80  0.03   1.19   0.00   0.00     6.91    63.16   2.33   0.00
  1987  8   601.8 77.6 39.7   0.00   0.00         0.0  27.97   0.91  0.00  0.00   0.00 65.64  0.01   1.17   0.00   0.00     6.89    62.97   1.87   0.02
  1987  9   592.9 72.6 34.0   0.02   0.00         0.0   1.90   0.06  0.01  0.00   0.00 64.53  0.01   1.12   0.00   0.00     6.67    62.99   2.07   0.00
 ======================================================================================================================================================
  1987      340.5 55.8 26.5  17.90  16.27  0.00  1.63  57.56  16.50  0.01  0.00  11.84 64.53  0.01  14.28   0.53   0.01    81.89    63.54   5.03   1.25
 ======================================================================================================================================================
  1987 10   112.2 62.5 30.6   1.04   0.91         0.1   0.30   0.10  0.86  0.00   0.00 63.39  0.02   1.14   0.00   0.00     6.89    62.97   2.36   0.00
  1987 11    81.0 42.5 24.1   1.65   1.54         0.1   0.10   0.08  2.20  0.13   0.44 62.30  0.02   1.09   0.01   0.00     6.67    62.95   2.73   0.00
  1987 12   223.3 29.8 15.2   7.49   7.39         0.1   1.50   1.23  3.92  4.55   1.54 61.18  0.02   1.11   0.02   0.00     6.90    63.00   3.59   0.00
  1988  1   229.3 35.8 13.5   5.56   5.47         0.1   0.14   0.13  4.30  9.20   0.69 60.14  0.24   1.10   0.02   0.00     6.89    62.92   3.14   0.00
  1988  2   287.8 45.7 14.5   0.16   0.10         0.1   3.60   2.63  4.76  3.93   3.36 60.01  1.67   1.03   0.13   0.00     6.50    63.51   3.40   0.00
  1988  3   356.8 48.7 19.9   0.28   0.25         0.1   6.54   4.94  2.54  1.30   2.08 60.32  0.47   1.12   0.16   0.00     6.94    63.39   5.79   0.00
  1988  4   449.6 51.9 26.1   1.64   1.30         0.2   3.51   2.20  2.60  0.23   1.93 59.73  0.36   1.08   0.03   0.00     6.66    62.88   6.80   0.00
  1988  5   194.6 57.6 27.1   1.23   1.13         0.2   0.42   0.33  3.35  0.06   0.58 58.94  0.40   1.10   0.02   0.00     6.87    62.80   3.45   0.00
  1988  6   812.1 67.1 37.9   1.23   1.02         0.3  11.08   4.34  0.61  0.00   0.26 58.12  0.10   1.05   0.02   0.00     6.64    62.67   2.56   0.01
  1988  7   199.0 79.0 41.7   0.49   0.35         0.1   3.47   0.52  0.66  0.00   0.00 57.08  0.04   1.07   0.00   0.00     6.85    62.59   1.70   0.00
  1988  8   599.4 78.0 41.8   0.19   0.09         0.1  28.76   1.46  0.01  0.00   0.00 56.03  0.01   1.06   0.00   0.00     6.84    62.48   1.52   0.02
  1988  9   588.3 70.3 34.3   0.26   0.16         0.1   1.84   0.16  0.14  0.00   0.00 55.02  0.01   1.01   0.00   0.00     6.62    62.45   1.67   0.00
 ======================================================================================================================================================
  1988      343.2 55.8 27.3  21.23  19.71  0.00  1.52  61.25  18.12  0.14  0.00  10.88 55.02  0.01  12.96   0.41   0.01    81.26    62.88   3.22   1.33
 ======================================================================================================================================================
  1988 10   111.0 66.1 29.5   0.54   0.47         0.1   0.31   0.10  0.58  0.00   0.07 53.99  0.01   1.03   0.00   0.00     6.83    62.42   1.71   0.00
  1988 11    80.2 38.5 23.5   9.29   9.17         0.0   0.08   0.05  1.66  7.85   0.56 53.01  0.02   0.99   0.01   0.00     6.63    62.63   3.82   0.00
  1988 12   224.9 32.6 11.0   4.56   4.44         0.1   1.09   0.82  2.41 10.76   0.77 52.01  0.02   1.01   0.01   0.00     6.83    62.39   2.71   0.00
  1989  1   227.5 35.0  4.2   1.80   1.78         0.0   0.06   0.05  2.41 12.50   0.00 51.02  0.01   0.99   0.00   0.00     6.81    62.26   2.75   0.00
  1989  2   230.2 33.8 12.9   6.23   6.02         0.3   2.68   2.02  4.30 13.52   3.20 50.41  0.93   0.89   0.09   0.00     6.24    63.11   4.26   0.00
  1989  3   247.7 42.9 25.4  10.90  10.44         0.4   4.34   3.80  4.73 12.90   9.56 53.72  1.88   1.04   1.48   0.16     8.13    74.25  20.49   0.00
  1989  4   478.2 56.0 25.4   1.46   1.33         0.2   4.28   4.25  4.50  3.87  10.24 57.53  2.20   1.09   1.22   0.07     7.30    68.95  39.97   0.00
  1989  5   194.0 57.8 29.8   1.38   1.14         0.2   0.45   0.44  4.75  1.13   3.42 59.86  1.48   1.17   0.53   0.02     7.12    65.05  23.19   0.00
  1989  6   818.4 67.3 36.8   1.88   1.83         0.1  10.93   7.12  0.80  0.01   1.85 59.89  0.28   1.14   0.11   0.01     6.72    63.42  12.11   0.01
  1989  7   199.4 75.8 38.5   0.00   0.00         0.0   3.19   0.45  0.50  0.00   0.01 58.86  0.07   1.16   0.01   0.00     6.90    63.02   3.17   0.00
  1989  8   586.4 71.3 39.0   2.44   2.25         0.2  24.70   3.16  0.23  0.00   0.00 57.76  0.05   1.13   0.01   0.00     6.89    62.91   2.38   0.02
  1989  9   592.9 65.5 35.4   3.38   3.24         0.1   1.73   0.82  2.70  0.00   0.50 56.69  0.06   1.08   0.02   0.00     6.67    62.96   2.30   0.00
 ======================================================================================================================================================
  1989      331.7 53.7 26.0  43.87  42.11  0.01  1.75  53.82  23.10  2.70  0.00  30.18 56.69  0.06  12.70   3.49   0.26    83.07    64.46   9.90   1.17
 ======================================================================================================================================================
  1989 10   112.2 53.1 27.7   5.92   5.76         0.1   0.23   0.23  4.81  2.75   1.24 55.80  0.49   1.09   0.03   0.00     6.89    62.97   3.30   0.00
  1989 11    81.0 46.5 19.6   2.76   2.66         0.1   0.10   0.10  4.88  2.96   2.35 56.38  0.97   1.06   0.18   0.00     6.74    63.66   2.91   0.00
  1989 12   230.9 40.5 12.8   0.00   0.00         0.1   1.60   1.28  4.64  1.19   1.05 56.48  0.49   1.10   0.12   0.00     6.95    63.46   2.81   0.00
  1990  1   231.5 36.8 13.1   6.14   5.98         0.1   0.13   0.11  4.88  5.80   1.17 56.20  0.56   1.10   0.08   0.00     6.92    63.23   3.48   0.00
  1990  2   226.0 35.5  7.9   4.85   4.69         0.3   1.61   1.24  4.88  8.47   0.97 55.71  0.97   0.99   0.05   0.00     6.25    63.23   3.09   0.00
  1990  3   331.9 46.5 19.4   1.96   1.79         0.2   5.84   5.17  3.81  4.42   4.28 56.35  0.92   1.11   0.28   0.00     7.06    64.51   7.16   0.00
  1990  4   494.1 55.3 27.5   1.78   1.64         0.1   4.24   3.64  3.56  0.56   4.81 57.21  1.04   1.09   0.22   0.00     6.73    63.57  20.20   0.00
  1990  5   194.0 54.8 30.0   2.97   2.80         0.1   0.42   0.37  4.58  0.59   0.90 57.22  1.22   1.12   0.09   0.01     6.91    63.12   8.32   0.00
  1990  6   818.3 67.1 34.1   0.42   0.34         0.2  10.41   5.43  0.63  0.00   0.76 56.93  0.20   1.07   0.07   0.00     6.67    62.97   4.42   0.01
  1990  7   199.4 76.4 42.2   0.46   0.36         0.1   3.38   0.57  0.63  0.00   0.00 55.94  0.06   1.09   0.01   0.00     6.86    62.70   1.96   0.00
  1990  8   589.1 73.5 41.4   0.61   0.44         0.2  26.77   1.73  0.07  0.00   0.00 54.89  0.03   1.07   0.00   0.00     6.85    62.56   1.60   0.02
  1990  9   592.9 68.2 36.5   2.13   2.06         0.1   1.85   0.27  1.86  0.00   0.00 53.88  0.07   1.02   0.01   0.00     6.63    62.56   1.67   0.00
 ======================================================================================================================================================
  1990      341.0 54.6 26.1  29.99  28.50  0.00  1.50  56.56  20.13  1.86  0.00  17.53 53.88  0.07  12.92   1.14   0.02    81.47    63.21   5.07   1.23
 ======================================================================================================================================================
  1990 10   112.2 59.6 29.9   0.99   0.85         0.1   0.27   0.20  2.40  0.18   0.23 52.84  0.04   1.03   0.01   0.00     6.84    62.46   1.78   0.00
  1990 11    81.0 45.2 19.2   1.10   1.00         0.1   0.09   0.09  2.93  0.63   0.38 51.86  0.02   0.98   0.01   0.00     6.61    62.39   2.01   0.00
  1990 12   224.2 32.9  5.3   1.19   1.01         0.2   1.12   1.01  2.99  0.75   0.58 50.86  0.01   1.00   0.01   0.00     6.82    62.30   2.13   0.00
  1991  1   240.3 41.4 11.7   0.46   0.45         0.1   0.14   0.13  3.84  0.30   0.89 49.88  0.02   0.98   0.01   0.00     6.81    62.22   2.10   0.00
  1991  2   298.9 49.2 23.6   1.32   1.17         0.2   5.04   3.53  1.71  0.00   0.74 49.20  0.10   0.88   0.02   0.00     6.15    62.19   2.62   0.00
  1991  3   169.6 36.1 18.3  12.97  12.80         0.2   1.51   1.28  4.17  8.68   3.19 48.41  0.18   0.96   0.04   0.00     6.85    62.59   5.71   0.00
  1991  4   372.5 47.4 21.5   1.17   0.99         0.2   2.19   2.18  4.70  2.75   6.86 49.73  1.85   0.94   0.44   0.00     6.86    64.76  10.07   0.00
  1991  5   194.0 53.0 26.4   1.97   1.67         0.2   0.37   0.37  4.88  0.57   3.46 51.87  1.69   1.02   0.46   0.00     7.05    64.40  14.35   0.00
  1991  6   817.2 64.3 32.4   0.59   0.55         0.1   9.57   5.65  1.11  0.00   0.57 51.79  0.26   1.00   0.07   0.00     6.64    62.69   6.17   0.01
  1991  7   199.4 77.2 41.9   1.19   1.10         0.1   3.40   1.00  1.38  0.00   0.00 50.88  0.10   1.02   0.01   0.00     6.83    62.44   2.15   0.00
  1991  8   591.9 73.5 42.4   1.80   1.70         0.1  26.95   3.64  0.08  0.00   0.00 49.91  0.05   1.00   0.01   0.00     6.82    62.35   1.59   0.02
  1991  9   592.9 72.3 36.7   1.09   0.96         0.1   1.97   0.43  0.76  0.00   0.00 48.97  0.03   0.95   0.01   0.00     6.59    62.25   1.45   0.00
 ======================================================================================================================================================
  1991      323.1 54.3 25.8  25.84  24.25  0.00  1.59  52.61  19.52  0.76  0.00  16.90 48.97  0.03  11.78   1.09   0.01    80.88    62.76   4.35   1.13
 ======================================================================================================================================================
  1991 10   112.2 60.3 30.5   4.09   3.99         0.0   0.29   0.07  1.12  3.50   0.24 48.01  0.02   0.97   0.00   0.00     6.81    62.25   1.95   0.00
  1991 11    81.0 44.6 23.0   3.05   2.96         0.1   0.11   0.10  4.71  2.24   4.11 47.23  0.39   0.92   0.04   0.00     6.60    62.32   2.31   0.00
  1991 12   229.3 37.8 14.2   2.46   2.18         0.3   1.57   1.32  4.68  2.82   0.86 46.86  0.32   0.94   0.06   0.00     6.83    62.39   2.20   0.00
  1992  1   237.4 39.7 11.1   1.01   0.97         0.1   0.14   0.13  4.79  2.57   1.19 46.40  0.87   0.94   0.05   0.00     6.82    62.28   2.21   0.00
  1992  2   265.0 39.7 25.0   6.04   5.94         0.1   3.57   2.81  4.69  2.77   3.77 47.16  2.04   0.88   0.28   0.00     6.51    63.56   3.53   0.00
  1992  3   318.1 46.7 22.7   1.68   1.33         0.3   5.73   4.71  2.83  1.33   1.91 47.84  0.55   0.97   0.19   0.00     6.89    62.98   5.15   0.00
  1992  4   544.0 56.5 27.7   0.86   0.76         0.1   4.75   2.75  1.84  0.09   1.50 47.51  0.34   0.94   0.04   0.00     6.59    62.24   9.48   0.00
  1992  5   194.6 67.5 31.1   0.21   0.13         0.1   0.56   0.28  1.86  0.00   0.09 46.76  0.11   0.95   0.01   0.00     6.79    62.08   3.48   0.00
  1992  6   816.9 66.4 36.6   1.16   0.98         0.2  10.72   2.34  0.86  0.00   0.00 45.90  0.07   0.90   0.00   0.00     6.57    61.99   1.82   0.01
  1992  7   199.0 72.8 39.8   0.24   0.14         0.1   3.10   0.61  0.63  0.00   0.00 44.99  0.02   0.92   0.01   0.00     6.78    61.92   1.42   0.00
  1992  8   597.8 77.1 41.4   0.46   0.34         0.1  28.37   1.39  0.23  0.00   0.00 44.10  0.02   0.90   0.00   0.00     6.77    61.82   1.23   0.02
  1992  9   588.3 70.3 36.0   0.34   0.29         0.1   1.87   0.25  0.40  0.00   0.00 43.25  0.01   0.85   0.00   0.00     6.54    61.76   1.30   0.00
 ======================================================================================================================================================
  1992      347.3 56.7 28.2  21.60  20.02  0.00  1.58  60.78  16.77  0.40  0.00  13.66 43.25  0.01  11.08   0.69   0.01    80.50    62.29   3.00   1.32
 ======================================================================================================================================================
  1992 10   111.0 59.6 31.4   4.42   4.25         0.1   0.28   0.12  1.83  2.65   0.68 42.38  0.05   0.87   0.00   0.00     6.76    61.74   1.73   0.00
  1992 11    80.2 43.7 20.8   0.16   0.11         0.1   0.09   0.09  3.94  0.63   2.11 41.56  0.03   0.83   0.02   0.00     6.54    61.72   1.83   0.00
  1992 12   224.3 30.9 11.2  13.91  13.77         0.1   0.90   0.73  4.06 13.41   0.31 40.73  0.02   0.84   0.01   0.00     6.77    61.81   2.28   0.00
  1993  1   215.5 29.5  8.7  18.96  18.96         0.0   0.05   0.04  4.07 32.01   0.00 39.91  0.01   0.82   0.00   0.00     6.75    61.71   3.12   0.00
  1993  2   211.1 31.7 16.4   8.54   8.42         0.1   1.11   0.86  4.07 39.53   0.00 39.18  0.00   0.73   0.00   0.00     6.08    61.52   2.68   0.00
  1993  3   302.2 46.2 25.2   3.37   3.03         0.4   5.77   5.12  4.26 34.58   6.11 39.70  1.38   0.81   0.43   0.00     7.09    64.79  10.63   0.00
  1993  4   358.0 47.4 24.4   1.88   1.55         0.3   2.36   2.35  4.65 26.49   9.60 42.57  3.68   0.84   1.13   0.00     7.34    69.29  31.67   0.00
  1993  5   194.0 58.4 32.1   2.35   2.19         0.1   0.48   0.48  4.86 13.84  14.75 50.19  5.18   1.00   3.20   0.57     9.15    83.62  79.58   0.00
  1993  6   812.6 63.6 33.2   1.02   0.97         0.1   9.58   8.77  2.95  3.40  11.34 55.25  1.67   1.09   1.60   0.49     7.82    73.82  30.80   0.01
  1993  7   199.4 70.6 37.0   0.16   0.11         0.0   2.88   1.91  2.66  1.08   2.36 55.79  0.73   1.13   0.16   0.02     6.93    63.29   7.40   0.00
  1993  8   590.5 73.1 39.1   0.33   0.24         0.1  25.65   4.61  0.13  0.12   1.01 55.04  0.12   1.10   0.02   0.00     6.88    62.82   2.52   0.02
  1993  9   592.9 69.3 33.4   0.00   0.00         0.0   1.79   0.13  0.18  0.01   0.11 54.05  0.04   1.04   0.00   0.00     6.64    62.69   1.77   0.00
 ======================================================================================================================================================
  1993      323.7 52.1 26.2  55.11  53.61  0.00  1.50  50.94  25.21  0.18  0.01  48.38 54.05  0.04  11.10   6.57   1.09    84.75    65.76  14.74   1.11
 ======================================================================================================================================================
  1993 10   112.2 55.9 32.3   2.55   2.44         0.1   0.27   0.19  2.46  0.00   0.40 53.02  0.04   1.05   0.01   0.00     6.86    62.66   2.19   0.00
  1993 11    81.0 44.0 19.8   2.19   2.07         0.0   0.09   0.09  3.17  1.23   0.58 52.04  0.04   0.99   0.01   0.00     6.62    62.47   2.30   0.00
  1993 12   227.3 34.6 14.8   3.61   3.42         0.3   1.48   1.16  4.08  2.72   1.10 51.08  0.11   1.00   0.01   0.00     6.83    62.44   2.57   0.00
  1994  1   237.3 41.0 14.6   1.68   1.48         0.1   0.18   0.17  4.79  2.59   1.45 50.53  0.44   0.98   0.04   0.00     6.83    62.42   2.60   0.00
  1994  2   242.4 36.5 16.1   6.40   6.12         0.4   1.83   1.42  4.81  5.91   1.71 50.46  1.15   0.88   0.11   0.00     6.24    63.07   2.54   0.00
  1994  3   354.8 49.1 21.9   1.20   0.91         0.3   6.67   5.39  2.89  1.88   3.51 51.54  0.62   1.00   0.33   0.00     6.99    63.86   5.21   0.00
  1994  4   439.0 52.5 24.8   0.58   0.43         0.2   3.43   2.16  2.50  0.31   1.96 51.15  0.43   0.97   0.04   0.00     6.61    62.41   9.74   0.00
  1994  5   194.0 60.2 29.2   1.21   1.04         0.1   0.47   0.37  3.14  0.02   0.47 50.72  0.28   0.98   0.04   0.00     6.82    62.31   6.05   0.00
  1994  6   818.4 69.7 32.9   0.00   0.00         0.0  10.65   3.18  0.35  0.00   0.02 49.91  0.06   0.93   0.00   0.00     6.58    62.11   2.10   0.01
  1994  7   199.4 79.1 40.9   0.06   0.00         0.1   3.44   0.28  0.21  0.00   0.00 48.99  0.02   0.95   0.00   0.00     6.79    62.01   1.36   0.00
  1994  8   601.5 77.1 39.4   0.00   0.00         0.0  27.64   0.80  0.00  0.00   0.00 48.07  0.01   0.93   0.00   0.00     6.78    61.93   1.20   0.02
  1994  9   592.9 68.4 34.2   0.88   0.74         0.1   1.77   0.25  0.63  0.00   0.00 47.19  0.02   0.88   0.00   0.00     6.55    61.87   1.32   0.00
 ======================================================================================================================================================
  1994      340.9 55.8 26.8  20.35  18.65  0.01  1.70  57.92  15.44  0.63  0.00  11.21 47.19  0.02  11.54   0.59   0.01    80.50    62.46   3.26   1.26
 ======================================================================================================================================================
  1994 10   112.2 54.8 27.3   0.89   0.72         0.2   0.23   0.19  1.32  0.00   0.70 46.30  0.01   0.89   0.01   0.00     6.77    61.81   1.46   0.00
  1994 11    81.0 33.7 15.3   7.76   7.66         0.0   0.04   0.03  2.12  6.67   0.42 45.45  0.01   0.85   0.01   0.00     6.55    61.83   2.28   0.00
  1994 12   227.5 35.2 17.1   4.76   4.38         0.4   1.71   1.35  2.47  9.68   0.35 44.59  0.01   0.86   0.00   0.00     6.75    61.69   2.24   0.00
  1995  1   227.3 33.4 21.5  19.38  19.35         0.0   0.17   0.14  2.66 28.10   0.50 43.85  0.15   0.85   0.04   0.00     6.82    62.29   7.70   0.00
  1995  2   287.6 47.1 20.2   1.42   1.35         0.1   4.24   3.18  4.47 22.49   4.01 43.95  1.21   0.77   0.23   0.00     6.30    63.71   6.14   0.00
  1995  3   194.7 38.1 20.0  23.37  23.07         0.3   2.32   1.87  4.57 37.89   5.91 46.55  1.23   0.90   1.30   0.53     8.47    77.40  26.73   0.00
  1995  4   341.8 45.1 21.9   5.37   5.12         0.2   2.05   2.04  4.62 36.65   6.25 47.73  2.92   0.92   0.59   0.01     7.07    66.71  27.30   0.00
  1995  5   194.0 52.3 29.7   4.72   4.53         0.2   0.39   0.39  4.86 26.22  14.84 55.51  4.72   1.21   3.13   1.04    10.44    95.42  88.68   0.00
  1995  6   809.8 61.6 35.7   1.46   1.30         0.2   9.64   9.29  3.68  7.24  20.13 63.00  3.13   1.30   3.54   1.38    10.16    95.88  77.40   0.01
  1995  7   199.4 72.1 39.7   0.61   0.55         0.1   3.07   2.56  3.60  2.46   5.09 65.47  1.48   1.38   0.62   0.15     7.85    71.71  27.22   0.00
  1995  8   593.9 74.1 40.8   0.03   0.00         0.0  26.73   6.62  0.18  0.40   2.06 64.83  0.19   1.34   0.05   0.00     7.68    70.20   5.38   0.02
  1995  9   592.9 70.4 35.9   0.00   0.00         0.0   1.90   0.26  0.36  0.05   0.35 63.65  0.06   1.25   0.00   0.00     7.41    69.97   2.71   0.00
 ======================================================================================================================================================
  1995      320.6 51.5 27.1  69.77  68.03  0.00  1.75  52.50  27.93  0.36  0.05  60.59 63.65  0.06  12.54   9.52   3.11    92.27    71.60  23.03   1.13
 ======================================================================================================================================================
  1995 10   112.2 62.1 29.0   0.00   0.00         0.0   0.28   0.03  0.38  0.02   0.03 62.43  0.02   1.25   0.00   0.00     7.64    69.80   2.95   0.00
  1995 11    81.0 54.3 26.1   0.96   0.87         0.0   0.15   0.03  1.18  0.01   0.49 61.27  0.05   1.17   0.00   0.00     7.38    69.67   3.33   0.00
  1995 12   230.6 40.1 20.6   6.42   6.04         0.5   2.89   2.03  4.54  0.37   0.72 60.37  0.41   1.17   0.05   0.01     7.64    69.79   7.32   0.00
  1996  1   231.5 38.2 19.7  13.58  13.48         0.0   0.21   0.19  4.85 12.65   0.55 59.74  0.34   1.14   0.03   0.00     7.61    69.53   5.23   0.00
  1996  2   251.5 40.2 21.8  13.34  13.15         0.2   3.44   2.52  4.88 14.59   8.79 64.32  1.91   1.22   1.28   0.75     8.95    87.40  17.76   0.00
  1996  3   321.7 46.1 20.4   4.47   4.09         0.5   5.70   5.01  4.33 12.23   4.48 65.60  1.27   1.36   0.45   0.00     8.43    76.98  12.52   0.00
  1996  4   432.8 51.7 24.9   4.09   3.90         0.2   3.45   3.45  4.49  5.63  10.36 68.74  2.81   1.33   0.98   0.00     8.36    78.95  40.03   0.00
  1996  5   194.6 56.2 30.7   7.05   6.97         0.1   0.44   0.44  4.86  2.54   7.67 73.74  2.78   1.42   1.82   0.80     9.69    88.57  87.26   0.00
  1996  6   817.2 68.3 35.4   0.52   0.47         0.0  10.85   6.94  1.27  0.09   2.51 74.23  0.45   1.40   0.22   0.05     8.00    75.55  23.87   0.01
  1996  7   199.0 78.5 43.9   0.64   0.54         0.1   3.55   1.11  1.06  0.00   0.11 73.04  0.11   1.41   0.01   0.00     8.20    74.92   6.34   0.00
  1996  8   597.8 77.1 40.4   0.29   0.24         0.0  27.84   1.93  0.03  0.00   0.00 71.73  0.04   1.36   0.00   0.00     8.18    74.73   3.21   0.02
  1996  9   588.3 66.9 34.9   1.51   1.42         0.1   1.74   0.47  1.06  0.00   0.00 70.46  0.04   1.28   0.01   0.00     7.90    74.62   2.89   0.00
 ======================================================================================================================================================
  1996      337.1 56.7 29.0  52.86  51.17  0.00  1.69  60.54  24.15  1.06  0.00  35.72 70.46  0.04  15.53   4.86   1.63    97.99    75.82  17.73   1.31
 ======================================================================================================================================================
Execution elapsed time    1 minutes  5.47 seconds

