 "GAGE No.    2:  K,I,J Coord. =     2,   41,   74;  STREAM SEGMENT =    19;  REACH =     1 "
     "DATA: Time           Stage           Depth         GW-Head    Midpt-Flow       Stream-Loss        GW-Rech.  Chnge-UZ-Stor.   Vol.-UZ-Stor."
     1.0000000E+00   1.9380146E+03   1.4665509E-02   1.9381492E+03   1.1285099E+03  -2.5681973E+02   0.0000000E+00   0.0000000E+00   0.0000000E+00
     2.0000000E+00   1.9380146E+03   1.4665442E-02   1.9381492E+03   1.1285101E+03  -2.5682043E+02   0.0000000E+00   0.0000000E+00   0.0000000E+00
     3.0000000E+00   1.9380146E+03   1.4665562E-02   1.9381492E+03   1.1285256E+03  -2.5685126E+02   0.0000000E+00   0.0000000E+00   0.0000000E+00
     4.0000000E+00   1.9380146E+03   1.4665697E-02   1.9381492E+03   1.1285428E+03  -2.5688568E+02   0.0000000E+00   0.0000000E+00   0.0000000E+00
     5.0000000E+00   1.9380146E+03   1.4665893E-02   1.9381493E+03   1.1285681E+03  -2.5693628E+02   0.0000000E+00   0.0000000E+00   0.0000000E+00
     6.0000000E+00   1.9380146E+03   1.4666011E-02   1.9381493E+03   1.1285831E+03  -2.5696640E+02   0.0000000E+00   0.0000000E+00   0.0000000E+00
     7.0000000E+00   1.9380146E+03   1.4666220E-02   1.9381493E+03   1.1286100E+03  -2.5702008E+02   0.0000000E+00   0.0000000E+00   0.0000000E+00
     8.0000000E+00   1.9380146E+03   1.4666345E-02   1.9381493E+03   1.1286260E+03  -2.5705194E+02   0.0000000E+00   0.0000000E+00   0.0000000E+00
     9.0000000E+00   1.9380146E+03   1.4666559E-02   1.9381493E+03   1.1286534E+03  -2.5710703E+02   0.0000000E+00   0.0000000E+00   0.0000000E+00
     1.0000000E+01   1.9380146E+03   1.4666687E-02   1.9381493E+03   1.1286698E+03  -2.5713959E+02   0.0000000E+00   0.0000000E+00   0.0000000E+00
     1.1000000E+01   1.9380146E+03   1.4666903E-02   1.9381494E+03   1.1286975E+03  -2.5719516E+02   0.0000000E+00   0.0000000E+00   0.0000000E+00
     1.2000000E+01   1.9380146E+03   1.4667030E-02   1.9381494E+03   1.1287139E+03  -2.5722791E+02   0.0000000E+00   0.0000000E+00   0.0000000E+00
     1.3000000E+01   1.9380146E+03   1.4669388E-02   1.9381495E+03   1.1290162E+03  -2.5737482E+02   0.0000000E+00   0.0000000E+00   0.0000000E+00
     1.4000000E+01   1.9380146E+03   1.4669565E-02   1.9381495E+03   1.1290391E+03  -2.5746979E+02   0.0000000E+00   0.0000000E+00   0.0000000E+00
     1.5000000E+01   1.9380146E+03   1.4669988E-02   1.9381495E+03   1.1290933E+03  -2.5758139E+02   0.0000000E+00   0.0000000E+00   0.0000000E+00
     1.6000000E+01   1.9380146E+03   1.4670087E-02   1.9381497E+03   1.1291060E+03  -2.5765533E+02   0.0000000E+00   0.0000000E+00   0.0000000E+00
     1.7000000E+01   1.9380146E+03   1.4671038E-02   1.9381497E+03   1.1292279E+03  -2.5774402E+02   0.0000000E+00   0.0000000E+00   0.0000000E+00
     1.8000000E+01   1.9380146E+03   1.4671162E-02   1.9381497E+03   1.1292445E+03  -2.5781155E+02   0.0000000E+00   0.0000000E+00   0.0000000E+00
     1.9000000E+01   1.9380146E+03   1.4671686E-02   1.9381498E+03   1.1293113E+03  -2.5787115E+02   0.0000000E+00   0.0000000E+00   0.0000000E+00
     2.0000000E+01   1.9380146E+03   1.4671511E-02   1.9381498E+03   1.1292888E+03  -2.5792529E+02   0.0000000E+00   0.0000000E+00   0.0000000E+00
     2.1000000E+01   1.9380146E+03   1.4671576E-02   1.9381498E+03   1.1292971E+03  -2.5797733E+02   0.0000000E+00   0.0000000E+00   0.0000000E+00
     2.2000000E+01   1.9380146E+03   1.4671653E-02   1.9381498E+03   1.1293069E+03  -2.5802850E+02   0.0000000E+00   0.0000000E+00   0.0000000E+00
     2.3000000E+01   1.9380146E+03   1.4671737E-02   1.9381499E+03   1.1293179E+03  -2.5807904E+02   0.0000000E+00   0.0000000E+00   0.0000000E+00
     2.4000000E+01   1.9380146E+03   1.4671831E-02   1.9381499E+03   1.1293298E+03  -2.5812909E+02   0.0000000E+00   0.0000000E+00   0.0000000E+00
     2.5000000E+01   1.9380146E+03   1.4671933E-02   1.9381499E+03   1.1293429E+03  -2.5817868E+02   0.0000000E+00   0.0000000E+00   0.0000000E+00
     2.6000000E+01   1.9380146E+03   1.4673644E-02   1.9381499E+03   1.1295625E+03  -2.5827658E+02   0.0000000E+00   0.0000000E+00   0.0000000E+00
     2.7000000E+01   1.9380146E+03   1.4674610E-02   1.9381500E+03   1.1296864E+03  -2.5838013E+02   0.0000000E+00   0.0000000E+00   0.0000000E+00
     2.8000000E+01   1.9380146E+03   1.4673927E-02   1.9381500E+03   1.1295989E+03  -2.5845450E+02   0.0000000E+00   0.0000000E+00   0.0000000E+00
     2.9000000E+01   1.9380146E+03   1.4673983E-02   1.9381500E+03   1.1296060E+03  -2.5851596E+02   0.0000000E+00   0.0000000E+00   0.0000000E+00
     3.0000000E+01   1.9380146E+03   1.4674052E-02   1.9381501E+03   1.1296149E+03  -2.5857333E+02   0.0000000E+00   0.0000000E+00   0.0000000E+00
     3.1000000E+01   1.9380146E+03   1.4674131E-02   1.9381501E+03   1.1296250E+03  -2.5862924E+02   0.0000000E+00   0.0000000E+00   0.0000000E+00
     3.2000000E+01   1.9380146E+03   1.4674220E-02   1.9381501E+03   1.1296365E+03  -2.5868430E+02   0.0000000E+00   0.0000000E+00   0.0000000E+00
     3.3000000E+01   1.9380146E+03   1.4674320E-02   1.9381501E+03   1.1296493E+03  -2.5873898E+02   0.0000000E+00   0.0000000E+00   0.0000000E+00
     3.4000000E+01   1.9380146E+03   1.4674436E-02   1.9381503E+03   1.1296642E+03  -2.5879489E+02   0.0000000E+00   0.0000000E+00   0.0000000E+00
     3.5000000E+01   1.9380146E+03   1.4674568E-02   1.9381503E+03   1.1296810E+03  -2.5885254E+02   0.0000000E+00   0.0000000E+00   0.0000000E+00
     3.6000000E+01   1.9380146E+03   1.4674835E-02   1.9381503E+03   1.1297155E+03  -2.5891055E+02   0.0000000E+00   0.0000000E+00   0.0000000E+00
     3.7000000E+01   1.9380146E+03   1.4675249E-02   1.9381503E+03   1.1297686E+03  -2.5896826E+02   0.0000000E+00   0.0000000E+00   0.0000000E+00
     3.8000000E+01   1.9380146E+03   1.4675694E-02   1.9381504E+03   1.1298256E+03  -2.5902573E+02   0.0000000E+00   0.0000000E+00   0.0000000E+00
     3.9000000E+01   1.9380146E+03   1.4678453E-02   1.9381504E+03   1.1301798E+03  -2.5911404E+02   0.0000000E+00   0.0000000E+00   0.0000000E+00
     4.0000000E+01   1.9380146E+03   1.4683346E-02   1.9381505E+03   1.1308077E+03  -2.5923602E+02   0.0000000E+00   0.0000000E+00   0.0000000E+00
     4.1000000E+01   1.9380146E+03   1.4680104E-02   1.9381505E+03   1.1303915E+03  -2.5931793E+02   0.0000000E+00   0.0000000E+00   0.0000000E+00
     4.2000000E+01   1.9380146E+03   1.4680715E-02   1.9381505E+03   1.1304701E+03  -2.5938297E+02   0.0000000E+00   0.0000000E+00   0.0000000E+00
     4.3000000E+01   1.9380146E+03   1.4691030E-02   1.9381506E+03   1.1317936E+03  -2.5952979E+02   0.0000000E+00   0.0000000E+00   0.0000000E+00
     4.4000000E+01   1.9380146E+03   1.4685259E-02   1.9381506E+03   1.1310535E+03  -2.5962704E+02   0.0000000E+00   0.0000000E+00   0.0000000E+00
     4.5000000E+01   1.9380146E+03   1.4685673E-02   1.9381508E+03   1.1311062E+03  -2.5969867E+02   0.0000000E+00   0.0000000E+00   0.0000000E+00
     4.6000000E+01   1.9380146E+03   1.4686031E-02   1.9381508E+03   1.1311522E+03  -2.5976343E+02   0.0000000E+00   0.0000000E+00   0.0000000E+00
     4.7000000E+01   1.9380146E+03   1.4686367E-02   1.9381508E+03   1.1311953E+03  -2.5982330E+02   0.0000000E+00   0.0000000E+00   0.0000000E+00
     4.8000000E+01   1.9380146E+03   1.4686692E-02   1.9381508E+03   1.1312368E+03  -2.5988147E+02   0.0000000E+00   0.0000000E+00   0.0000000E+00
     4.9000000E+01   1.9380146E+03   1.4687005E-02   1.9381509E+03   1.1312771E+03  -2.5993863E+02   0.0000000E+00   0.0000000E+00   0.0000000E+00
     5.0000000E+01   1.9380146E+03   1.4687309E-02   1.9381509E+03   1.1313162E+03  -2.5999506E+02   0.0000000E+00   0.0000000E+00   0.0000000E+00
     5.1000000E+01   1.9380146E+03   1.4687594E-02   1.9381509E+03   1.1313527E+03  -2.6004828E+02   0.0000000E+00   0.0000000E+00   0.0000000E+00
     5.2000000E+01   1.9380146E+03   1.4687865E-02   1.9381509E+03   1.1313876E+03  -2.6010004E+02   0.0000000E+00   0.0000000E+00   0.0000000E+00
     5.3000000E+01   1.9380146E+03   1.4688127E-02   1.9381510E+03   1.1314211E+03  -2.6015103E+02   0.0000000E+00   0.0000000E+00   0.0000000E+00
     5.4000000E+01   1.9380146E+03   1.4689663E-02   1.9381510E+03   1.1316191E+03  -2.6021146E+02   0.0000000E+00   0.0000000E+00   0.0000000E+00
     5.5000000E+01   1.9380146E+03   1.4689023E-02   1.9381510E+03   1.1315361E+03  -2.6026471E+02   0.0000000E+00   0.0000000E+00   0.0000000E+00
     5.6000000E+01   1.9380146E+03   1.4689295E-02   1.9381510E+03   1.1315710E+03  -2.6032617E+02   0.0000000E+00   0.0000000E+00   0.0000000E+00
     5.7000000E+01   1.9380146E+03   1.4690079E-02   1.9381511E+03   1.1316715E+03  -2.6037869E+02   0.0000000E+00   0.0000000E+00   0.0000000E+00
     5.8000000E+01   1.9380146E+03   1.4690273E-02   1.9381511E+03   1.1316965E+03  -2.6042978E+02   0.0000000E+00   0.0000000E+00   0.0000000E+00
     5.9000000E+01   1.9380146E+03   1.4690313E-02   1.9381511E+03   1.1317021E+03  -2.6047543E+02   0.0000000E+00   0.0000000E+00   0.0000000E+00
     6.0000000E+01   1.9380146E+03   1.4690444E-02   1.9381511E+03   1.1317191E+03  -2.6052023E+02   0.0000000E+00   0.0000000E+00   0.0000000E+00
     6.1000000E+01   1.9380146E+03   1.4690578E-02   1.9381511E+03   1.1317362E+03  -2.6056467E+02   0.0000000E+00   0.0000000E+00   0.0000000E+00
     6.2000000E+01   1.9380146E+03   1.4704421E-02   1.9381512E+03   1.1335134E+03  -2.6075220E+02   0.0000000E+00   0.0000000E+00   0.0000000E+00
     6.3000000E+01   1.9380146E+03   1.4699902E-02   1.9381514E+03   1.1329335E+03  -2.6087128E+02   0.0000000E+00   0.0000000E+00   0.0000000E+00
     6.4000000E+01   1.9380146E+03   1.4697621E-02   1.9381514E+03   1.1326404E+03  -2.6092383E+02   0.0000000E+00   0.0000000E+00   0.0000000E+00
     6.5000000E+01   1.9380146E+03   1.4695534E-02   1.9381514E+03   1.1323723E+03  -2.6103891E+02   0.0000000E+00   0.0000000E+00   0.0000000E+00
     6.6000000E+01   1.9380146E+03   1.4697159E-02   1.9381516E+03   1.1325809E+03  -2.6139139E+02   0.0000000E+00   0.0000000E+00   0.0000000E+00
     6.7000000E+01   1.9380146E+03   1.4697734E-02   1.9381517E+03   1.1326545E+03  -2.6164081E+02   0.0000000E+00   0.0000000E+00   0.0000000E+00
     6.8000000E+01   1.9380146E+03   1.4697902E-02   1.9381519E+03   1.1326760E+03  -2.6177411E+02   0.0000000E+00   0.0000000E+00   0.0000000E+00
     6.9000000E+01   1.9380146E+03   1.4697955E-02   1.9381519E+03   1.1326829E+03  -2.6186752E+02   0.0000000E+00   0.0000000E+00   0.0000000E+00
     7.0000000E+01   1.9380146E+03   1.4697989E-02   1.9381519E+03   1.1326874E+03  -2.6194727E+02   0.0000000E+00   0.0000000E+00   0.0000000E+00
     7.1000000E+01   1.9380146E+03   1.4698032E-02   1.9381520E+03   1.1326931E+03  -2.6202170E+02   0.0000000E+00   0.0000000E+00   0.0000000E+00
     7.2000000E+01   1.9380146E+03   1.4698096E-02   1.9381520E+03   1.1327012E+03  -2.6209387E+02   0.0000000E+00   0.0000000E+00   0.0000000E+00
     7.3000000E+01   1.9380146E+03   1.4698176E-02   1.9381520E+03   1.1327114E+03  -2.6216449E+02   0.0000000E+00   0.0000000E+00   0.0000000E+00
     7.4000000E+01   1.9380146E+03   1.4698268E-02   1.9381521E+03   1.1327233E+03  -2.6223297E+02   0.0000000E+00   0.0000000E+00   0.0000000E+00
     7.5000000E+01   1.9380146E+03   1.4700688E-02   1.9381521E+03   1.1330342E+03  -2.6230640E+02   0.0000000E+00   0.0000000E+00   0.0000000E+00
     7.6000000E+01   1.9380146E+03   1.4702797E-02   1.9381521E+03   1.1333052E+03  -2.6238751E+02   0.0000000E+00   0.0000000E+00   0.0000000E+00
     7.7000000E+01   1.9380146E+03   1.4708407E-02   1.9381522E+03   1.1340256E+03  -2.6248676E+02   0.0000000E+00   0.0000000E+00   0.0000000E+00
     7.8000000E+01   1.9380148E+03   1.4712736E-02   1.9381522E+03   1.1345819E+03  -2.6258862E+02   0.0000000E+00   0.0000000E+00   0.0000000E+00
     7.9000000E+01   1.9380148E+03   1.4717822E-02   1.9381523E+03   1.1352357E+03  -2.6269174E+02   0.0000000E+00   0.0000000E+00   0.0000000E+00
     8.0000000E+01   1.9380148E+03   1.4720791E-02   1.9381523E+03   1.1356173E+03  -2.6277811E+02   0.0000000E+00   0.0000000E+00   0.0000000E+00
     8.1000000E+01   1.9380148E+03   1.4722289E-02   1.9381523E+03   1.1358099E+03  -2.6285278E+02   0.0000000E+00   0.0000000E+00   0.0000000E+00
     8.2000000E+01   1.9380148E+03   1.4718896E-02   1.9381525E+03   1.1353737E+03  -2.6290640E+02   0.0000000E+00   0.0000000E+00   0.0000000E+00
     8.3000000E+01   1.9380148E+03   1.4716553E-02   1.9381525E+03   1.1350725E+03  -2.6297345E+02   0.0000000E+00   0.0000000E+00   0.0000000E+00
     8.4000000E+01   1.9380148E+03   1.4716111E-02   1.9381525E+03   1.1350157E+03  -2.6307974E+02   0.0000000E+00   0.0000000E+00   0.0000000E+00
     8.5000000E+01   1.9380148E+03   1.4709963E-02   1.9381525E+03   1.1342256E+03  -2.6309732E+02   0.0000000E+00   0.0000000E+00   0.0000000E+00
     8.6000000E+01   1.9380148E+03   1.4709488E-02   1.9381526E+03   1.1341646E+03  -2.6312140E+02   0.0000000E+00   0.0000000E+00   0.0000000E+00
     8.7000000E+01   1.9380146E+03   1.4706129E-02   1.9381526E+03   1.1337328E+03  -2.6313663E+02   0.0000000E+00   0.0000000E+00   0.0000000E+00
     8.8000000E+01   1.9380146E+03   1.4702818E-02   1.9381525E+03   1.1333075E+03  -2.6312534E+02   0.0000000E+00   0.0000000E+00   0.0000000E+00
     8.9000000E+01   1.9380146E+03   1.4700302E-02   1.9381525E+03   1.1329843E+03  -2.6310327E+02   0.0000000E+00   0.0000000E+00   0.0000000E+00
     9.0000000E+01   1.9380146E+03   1.4698220E-02   1.9381525E+03   1.1327168E+03  -2.6307587E+02   0.0000000E+00   0.0000000E+00   0.0000000E+00
     9.1000000E+01   1.9380146E+03   1.4696734E-02   1.9381525E+03   1.1325260E+03  -2.6305429E+02   0.0000000E+00   0.0000000E+00   0.0000000E+00
     9.2000000E+01   1.9380146E+03   1.4695686E-02   1.9381525E+03   1.1323914E+03  -2.6304111E+02   0.0000000E+00   0.0000000E+00   0.0000000E+00
     9.3000000E+01   1.9380146E+03   1.4694874E-02   1.9381525E+03   1.1322872E+03  -2.6303458E+02   0.0000000E+00   0.0000000E+00   0.0000000E+00
     9.4000000E+01   1.9380146E+03   1.4694356E-02   1.9381525E+03   1.1322206E+03  -2.6304529E+02   0.0000000E+00   0.0000000E+00   0.0000000E+00
     9.5000000E+01   1.9380146E+03   1.4695014E-02   1.9381525E+03   1.1323051E+03  -2.6308417E+02   0.0000000E+00   0.0000000E+00   0.0000000E+00
     9.6000000E+01   1.9380146E+03   1.4695409E-02   1.9381525E+03   1.1323557E+03  -2.6313089E+02   0.0000000E+00   0.0000000E+00   0.0000000E+00
     9.7000000E+01   1.9380146E+03   1.4702564E-02   1.9381526E+03   1.1332748E+03  -2.6329395E+02   0.0000000E+00   0.0000000E+00   0.0000000E+00
     9.8000000E+01   1.9380146E+03   1.4700340E-02   1.9381527E+03   1.1329893E+03  -2.6340421E+02   0.0000000E+00   0.0000000E+00   0.0000000E+00
     9.9000000E+01   1.9380146E+03   1.4700853E-02   1.9381527E+03   1.1330551E+03  -2.6348236E+02   0.0000000E+00   0.0000000E+00   0.0000000E+00
     1.0000000E+02   1.9380146E+03   1.4701567E-02   1.9381527E+03   1.1331467E+03  -2.6355829E+02   0.0000000E+00   0.0000000E+00   0.0000000E+00
     1.0100000E+02   1.9380146E+03   1.4702243E-02   1.9381528E+03   1.1332335E+03  -2.6362811E+02   0.0000000E+00   0.0000000E+00   0.0000000E+00
     1.0200000E+02   1.9380146E+03   1.4702619E-02   1.9381528E+03   1.1332823E+03  -2.6369455E+02   0.0000000E+00   0.0000000E+00   0.0000000E+00
     1.0300000E+02   1.9380146E+03   1.4702794E-02   1.9381528E+03   1.1333044E+03  -2.6375571E+02   0.0000000E+00   0.0000000E+00   0.0000000E+00
     1.0400000E+02   1.9380146E+03   1.4703035E-02   1.9381528E+03   1.1333354E+03  -2.6381342E+02   0.0000000E+00   0.0000000E+00   0.0000000E+00
     1.0500000E+02   1.9380146E+03   1.4703277E-02   1.9381530E+03   1.1333666E+03  -2.6387152E+02   0.0000000E+00   0.0000000E+00   0.0000000E+00
     1.0600000E+02   1.9380146E+03   1.4703522E-02   1.9381530E+03   1.1333981E+03  -2.6393076E+02   0.0000000E+00   0.0000000E+00   0.0000000E+00
     1.0700000E+02   1.9380146E+03   1.4703758E-02   1.9381530E+03   1.1334283E+03  -2.6398749E+02   0.0000000E+00   0.0000000E+00   0.0000000E+00
     1.0800000E+02   1.9380146E+03   1.4703992E-02   1.9381530E+03   1.1334583E+03  -2.6404431E+02   0.0000000E+00   0.0000000E+00   0.0000000E+00
     1.0900000E+02   1.9380146E+03   1.4704889E-02   1.9381531E+03   1.1335735E+03  -2.6411957E+02   0.0000000E+00   0.0000000E+00   0.0000000E+00
     1.1000000E+02   1.9380146E+03   1.4706888E-02   1.9381531E+03   1.1338308E+03  -2.6420300E+02   0.0000000E+00   0.0000000E+00   0.0000000E+00
     1.1100000E+02   1.9380146E+03   1.4705286E-02   1.9381531E+03   1.1336251E+03  -2.6426483E+02   0.0000000E+00   0.0000000E+00   0.0000000E+00
     1.1200000E+02   1.9380146E+03   1.4705995E-02   1.9381532E+03   1.1337161E+03  -2.6432971E+02   0.0000000E+00   0.0000000E+00   0.0000000E+00
     1.1300000E+02   1.9380146E+03   1.4706720E-02   1.9381532E+03   1.1338092E+03  -2.6440240E+02   0.0000000E+00   0.0000000E+00   0.0000000E+00
     1.1400000E+02   1.9380146E+03   1.4706019E-02   1.9381532E+03   1.1337190E+03  -2.6446545E+02   0.0000000E+00   0.0000000E+00   0.0000000E+00
     1.1500000E+02   1.9380146E+03   1.4706318E-02   1.9381533E+03   1.1337571E+03  -2.6452890E+02   0.0000000E+00   0.0000000E+00   0.0000000E+00
     1.1600000E+02   1.9380148E+03   1.4713693E-02   1.9381533E+03   1.1347048E+03  -2.6468503E+02   0.0000000E+00   0.0000000E+00   0.0000000E+00
     1.1700000E+02   1.9380146E+03   1.4708932E-02   1.9381534E+03   1.1340930E+03  -2.6481952E+02   0.0000000E+00   0.0000000E+00   0.0000000E+00
     1.1800000E+02   1.9380146E+03   1.4709241E-02   1.9381534E+03   1.1341327E+03  -2.6492764E+02   0.0000000E+00   0.0000000E+00   0.0000000E+00
     1.1900000E+02   1.9380148E+03   1.4711333E-02   1.9381536E+03   1.1344015E+03  -2.6502774E+02   0.0000000E+00   0.0000000E+00   0.0000000E+00
     1.2000000E+02   1.9380148E+03   1.4717508E-02   1.9381538E+03   1.1351953E+03  -2.6554340E+02   0.0000000E+00   0.0000000E+00   0.0000000E+00
     1.2100000E+02   1.9380148E+03   1.4722602E-02   1.9381543E+03   1.1358502E+03  -2.6636737E+02   0.0000000E+00   0.0000000E+00   0.0000000E+00
     1.2200000E+02   1.9380148E+03   1.4721776E-02   1.9381545E+03   1.1357440E+03  -2.6688702E+02   0.0000000E+00   0.0000000E+00   0.0000000E+00
     1.2300000E+02   1.9380148E+03   1.4722055E-02   1.9381547E+03   1.1357798E+03  -2.6717911E+02   0.0000000E+00   0.0000000E+00   0.0000000E+00
     1.2400000E+02   1.9380148E+03   1.4722114E-02   1.9381548E+03   1.1357874E+03  -2.6738321E+02   0.0000000E+00   0.0000000E+00   0.0000000E+00
     1.2500000E+02   1.9380148E+03   1.4722134E-02   1.9381549E+03   1.1357898E+03  -2.6755096E+02   0.0000000E+00   0.0000000E+00   0.0000000E+00
     1.2600000E+02   1.9380148E+03   1.4722183E-02   1.9381549E+03   1.1357961E+03  -2.6770474E+02   0.0000000E+00   0.0000000E+00   0.0000000E+00
     1.2700000E+02   1.9380148E+03   1.4722279E-02   1.9381550E+03   1.1358085E+03  -2.6785196E+02   0.0000000E+00   0.0000000E+00   0.0000000E+00
     1.2800000E+02   1.9380148E+03   1.4722421E-02   1.9381552E+03   1.1358267E+03  -2.6799524E+02   0.0000000E+00   0.0000000E+00   0.0000000E+00
     1.2900000E+02   1.9380148E+03   1.4722602E-02   1.9381552E+03   1.1358500E+03  -2.6813541E+02   0.0000000E+00   0.0000000E+00   0.0000000E+00
     1.3000000E+02   1.9380148E+03   1.4722817E-02   1.9381553E+03   1.1358774E+03  -2.6827274E+02   0.0000000E+00   0.0000000E+00   0.0000000E+00
     1.3100000E+02   1.9380148E+03   1.4723059E-02   1.9381553E+03   1.1359086E+03  -2.6840747E+02   0.0000000E+00   0.0000000E+00   0.0000000E+00
     1.3200000E+02   1.9380148E+03   1.4723310E-02   1.9381554E+03   1.1359410E+03  -2.6853629E+02   0.0000000E+00   0.0000000E+00   0.0000000E+00
     1.3300000E+02   1.9380148E+03   1.4724072E-02   1.9381554E+03   1.1360389E+03  -2.6866922E+02   0.0000000E+00   0.0000000E+00   0.0000000E+00
     1.3400000E+02   1.9380148E+03   1.4726629E-02   1.9381555E+03   1.1363678E+03  -2.6880118E+02   0.0000000E+00   0.0000000E+00   0.0000000E+00
     1.3500000E+02   1.9380148E+03   1.4735137E-02   1.9381556E+03   1.1374622E+03  -2.6896381E+02   0.0000000E+00   0.0000000E+00   0.0000000E+00
     1.3600000E+02   1.9380148E+03   1.4738602E-02   1.9381556E+03   1.1379080E+03  -2.6911859E+02   0.0000000E+00   0.0000000E+00   0.0000000E+00
     1.3700000E+02   1.9380148E+03   1.4760189E-02   1.9381559E+03   1.1406871E+03  -2.6945825E+02   0.0000000E+00   0.0000000E+00   0.0000000E+00
     1.3800000E+02   1.9380148E+03   1.4801652E-02   1.9381562E+03   1.1460326E+03  -2.7007526E+02   0.0000000E+00   0.0000000E+00   0.0000000E+00
     1.3900000E+02   1.9380148E+03   1.4795149E-02   1.9381564E+03   1.1451936E+03  -2.7037421E+02   0.0000000E+00   0.0000000E+00   0.0000000E+00
     1.4000000E+02   1.9380148E+03   1.4815324E-02   1.9381566E+03   1.1477975E+03  -2.7066342E+02   0.0000000E+00   0.0000000E+00   0.0000000E+00
     1.4100000E+02   1.9380149E+03   1.4841383E-02   1.9381567E+03   1.1511643E+03  -2.7101379E+02   0.0000000E+00   0.0000000E+00   0.0000000E+00
     1.4200000E+02   1.9380149E+03   1.4855083E-02   1.9381570E+03   1.1529359E+03  -2.7133838E+02   0.0000000E+00   0.0000000E+00   0.0000000E+00
     1.4300000E+02   1.9380149E+03   1.4878230E-02   1.9381572E+03   1.1559315E+03  -2.7169751E+02   0.0000000E+00   0.0000000E+00   0.0000000E+00
     1.4400000E+02   1.9380149E+03   1.4833263E-02   1.9381572E+03   1.1501147E+03  -2.7189688E+02   0.0000000E+00   0.0000000E+00   0.0000000E+00
     1.4500000E+02   1.9380148E+03   1.4814015E-02   1.9381573E+03   1.1476283E+03  -2.7207758E+02   0.0000000E+00   0.0000000E+00   0.0000000E+00
     1.4600000E+02   1.9380148E+03   1.4808746E-02   1.9381575E+03   1.1469481E+03  -2.7231171E+02   0.0000000E+00   0.0000000E+00   0.0000000E+00
     1.4700000E+02   1.9380148E+03   1.4815965E-02   1.9381576E+03   1.1478801E+03  -2.7257602E+02   0.0000000E+00   0.0000000E+00   0.0000000E+00
     1.4800000E+02   1.9380148E+03   1.4802576E-02   1.9381577E+03   1.1461517E+03  -2.7286017E+02   0.0000000E+00   0.0000000E+00   0.0000000E+00
     1.4900000E+02   1.9380148E+03   1.4791794E-02   1.9381578E+03   1.1447606E+03  -2.7314081E+02   0.0000000E+00   0.0000000E+00   0.0000000E+00
     1.5000000E+02   1.9380148E+03   1.4786069E-02   1.9381580E+03   1.1440223E+03  -2.7339240E+02   0.0000000E+00   0.0000000E+00   0.0000000E+00
     1.5100000E+02   1.9380148E+03   1.4780948E-02   1.9381581E+03   1.1433619E+03  -2.7361844E+02   0.0000000E+00   0.0000000E+00   0.0000000E+00
     1.5200000E+02   1.9380148E+03   1.4779484E-02   1.9381582E+03   1.1431731E+03  -2.7383643E+02   0.0000000E+00   0.0000000E+00   0.0000000E+00
     1.5300000E+02   1.9380148E+03   1.4776937E-02   1.9381583E+03   1.1428448E+03  -2.7404880E+02   0.0000000E+00   0.0000000E+00   0.0000000E+00
     1.5400000E+02   1.9380148E+03   1.4780056E-02   1.9381584E+03   1.1432468E+03  -2.7427750E+02   0.0000000E+00   0.0000000E+00   0.0000000E+00
     1.5500000E+02   1.9380148E+03   1.4772335E-02   1.9381586E+03   1.1422517E+03  -2.7451083E+02   0.0000000E+00   0.0000000E+00   0.0000000E+00
     1.5600000E+02   1.9380148E+03   1.4768665E-02   1.9381587E+03   1.1417787E+03  -2.7470065E+02   0.0000000E+00   0.0000000E+00   0.0000000E+00
     1.5700000E+02   1.9380148E+03   1.4767406E-02   1.9381587E+03   1.1416165E+03  -2.7488760E+02   0.0000000E+00   0.0000000E+00   0.0000000E+00
     1.5800000E+02   1.9380148E+03   1.4775428E-02   1.9381588E+03   1.1426501E+03  -2.7509958E+02   0.0000000E+00   0.0000000E+00   0.0000000E+00
     1.5900000E+02   1.9380148E+03   1.4774393E-02   1.9381589E+03   1.1425168E+03  -2.7528229E+02   0.0000000E+00   0.0000000E+00   0.0000000E+00
     1.6000000E+02   1.9380148E+03   1.4778774E-02   1.9381591E+03   1.1430815E+03  -2.7545404E+02   0.0000000E+00   0.0000000E+00   0.0000000E+00
     1.6100000E+02   1.9380148E+03   1.4789009E-02   1.9381592E+03   1.1444012E+03  -2.7563052E+02   0.0000000E+00   0.0000000E+00   0.0000000E+00
     1.6200000E+02   1.9380148E+03   1.4798561E-02   1.9381593E+03   1.1456334E+03  -2.7579294E+02   0.0000000E+00   0.0000000E+00   0.0000000E+00
     1.6300000E+02   1.9380148E+03   1.4800614E-02   1.9381593E+03   1.1458982E+03  -2.7593365E+02   0.0000000E+00   0.0000000E+00   0.0000000E+00
     1.6400000E+02   1.9380148E+03   1.4805123E-02   1.9381594E+03   1.1464802E+03  -2.7607654E+02   0.0000000E+00   0.0000000E+00   0.0000000E+00
     1.6500000E+02   1.9380148E+03   1.4802969E-02   1.9381595E+03   1.1462021E+03  -2.7631662E+02   0.0000000E+00   0.0000000E+00   0.0000000E+00
     1.6600000E+02   1.9380148E+03   1.4800232E-02   1.9381597E+03   1.1458490E+03  -2.7651245E+02   0.0000000E+00   0.0000000E+00   0.0000000E+00
     1.6700000E+02   1.9380148E+03   1.4790753E-02   1.9381597E+03   1.1446261E+03  -2.7667249E+02   0.0000000E+00   0.0000000E+00   0.0000000E+00
     1.6800000E+02   1.9380148E+03   1.4784197E-02   1.9381598E+03   1.1437806E+03  -2.7685007E+02   0.0000000E+00   0.0000000E+00   0.0000000E+00
     1.6900000E+02   1.9380148E+03   1.4779979E-02   1.9381599E+03   1.1432368E+03  -2.7703152E+02   0.0000000E+00   0.0000000E+00   0.0000000E+00
     1.7000000E+02   1.9380148E+03   1.4776941E-02   1.9381600E+03   1.1428452E+03  -2.7721179E+02   0.0000000E+00   0.0000000E+00   0.0000000E+00
     1.7100000E+02   1.9380148E+03   1.4778476E-02   1.9381602E+03   1.1430430E+03  -2.7747302E+02   0.0000000E+00   0.0000000E+00   0.0000000E+00
     1.7200000E+02   1.9380148E+03   1.4771105E-02   1.9381603E+03   1.1420929E+03  -2.7769434E+02   0.0000000E+00   0.0000000E+00   0.0000000E+00
     1.7300000E+02   1.9380148E+03   1.4778599E-02   1.9381604E+03   1.1430588E+03  -2.7796396E+02   0.0000000E+00   0.0000000E+00   0.0000000E+00
     1.7400000E+02   1.9380148E+03   1.4785212E-02   1.9381605E+03   1.1439113E+03  -2.7821237E+02   0.0000000E+00   0.0000000E+00   0.0000000E+00
     1.7500000E+02   1.9380148E+03   1.4790728E-02   1.9381606E+03   1.1446227E+03  -2.7841116E+02   0.0000000E+00   0.0000000E+00   0.0000000E+00
     1.7600000E+02   1.9380148E+03   1.4787475E-02   1.9381606E+03   1.1442031E+03  -2.7853305E+02   0.0000000E+00   0.0000000E+00   0.0000000E+00
     1.7700000E+02   1.9380149E+03   1.4945588E-02   1.9381613E+03   1.1646664E+03  -2.7935468E+02   0.0000000E+00   0.0000000E+00   0.0000000E+00
     1.7800000E+02   1.9380148E+03   1.4827953E-02   1.9381614E+03   1.1494280E+03  -2.7971567E+02   0.0000000E+00   0.0000000E+00   0.0000000E+00
     1.7900000E+02   1.9380148E+03   1.4825367E-02   1.9381615E+03   1.1490939E+03  -2.7999387E+02   0.0000000E+00   0.0000000E+00   0.0000000E+00
     1.8000000E+02   1.9380149E+03   1.4846778E-02   1.9381616E+03   1.1518612E+03  -2.8031464E+02   0.0000000E+00   0.0000000E+00   0.0000000E+00
     1.8100000E+02   1.9380149E+03   1.4850826E-02   1.9381619E+03   1.1523845E+03  -2.8057285E+02   0.0000000E+00   0.0000000E+00   0.0000000E+00
     1.8200000E+02   1.9380148E+03   1.4813365E-02   1.9381619E+03   1.1475438E+03  -2.8071173E+02   0.0000000E+00   0.0000000E+00   0.0000000E+00
     1.8300000E+02   1.9380148E+03   1.4808220E-02   1.9381620E+03   1.1468796E+03  -2.8090854E+02   0.0000000E+00   0.0000000E+00   0.0000000E+00
     1.8400000E+02   1.9380149E+03   1.4834210E-02   1.9381621E+03   1.1502365E+03  -2.8127155E+02   0.0000000E+00   0.0000000E+00   0.0000000E+00
     1.8500000E+02   1.9380148E+03   1.4826815E-02   1.9381624E+03   1.1492808E+03  -2.8156915E+02   0.0000000E+00   0.0000000E+00   0.0000000E+00
     1.8600000E+02   1.9380148E+03   1.4830266E-02   1.9381625E+03   1.1497267E+03  -2.8181119E+02   0.0000000E+00   0.0000000E+00   0.0000000E+00
     1.8700000E+02   1.9380149E+03   1.4857600E-02   1.9381626E+03   1.1532607E+03  -2.8208456E+02   0.0000000E+00   0.0000000E+00   0.0000000E+00
     1.8800000E+02   1.9380149E+03   1.4859863E-02   1.9381627E+03   1.1535535E+03  -2.8236725E+02   0.0000000E+00   0.0000000E+00   0.0000000E+00
     1.8900000E+02   1.9380148E+03   1.4830256E-02   1.9381628E+03   1.1497253E+03  -2.8262289E+02   0.0000000E+00   0.0000000E+00   0.0000000E+00
     1.9000000E+02   1.9380148E+03   1.4815347E-02   1.9381630E+03   1.1477996E+03  -2.8282828E+02   0.0000000E+00   0.0000000E+00   0.0000000E+00
     1.9100000E+02   1.9380148E+03   1.4806673E-02   1.9381631E+03   1.1466797E+03  -2.8305899E+02   0.0000000E+00   0.0000000E+00   0.0000000E+00
     1.9200000E+02   1.9380148E+03   1.4799311E-02   1.9381632E+03   1.1457296E+03  -2.8331042E+02   0.0000000E+00   0.0000000E+00   0.0000000E+00
     1.9300000E+02   1.9380148E+03   1.4793024E-02   1.9381633E+03   1.1449186E+03  -2.8352710E+02   0.0000000E+00   0.0000000E+00   0.0000000E+00
     1.9400000E+02   1.9380148E+03   1.4789321E-02   1.9381635E+03   1.1444408E+03  -2.8374921E+02   0.0000000E+00   0.0000000E+00   0.0000000E+00
     1.9500000E+02   1.9380148E+03   1.4787202E-02   1.9381636E+03   1.1441676E+03  -2.8399493E+02   0.0000000E+00   0.0000000E+00   0.0000000E+00
     1.9600000E+02   1.9380148E+03   1.4784528E-02   1.9381637E+03   1.1438228E+03  -2.8424738E+02   0.0000000E+00   0.0000000E+00   0.0000000E+00
     1.9700000E+02   1.9380148E+03   1.4781706E-02   1.9381638E+03   1.1434589E+03  -2.8449438E+02   0.0000000E+00   0.0000000E+00   0.0000000E+00
     1.9800000E+02   1.9380148E+03   1.4779548E-02   1.9381639E+03   1.1431805E+03  -2.8472104E+02   0.0000000E+00   0.0000000E+00   0.0000000E+00
     1.9900000E+02   1.9380148E+03   1.4779235E-02   1.9381641E+03   1.1431404E+03  -2.8495981E+02   0.0000000E+00   0.0000000E+00   0.0000000E+00
     2.0000000E+02   1.9380148E+03   1.4779442E-02   1.9381642E+03   1.1431669E+03  -2.8519370E+02   0.0000000E+00   0.0000000E+00   0.0000000E+00
     2.0100000E+02   1.9380148E+03   1.4779735E-02   1.9381643E+03   1.1432047E+03  -2.8543582E+02   0.0000000E+00   0.0000000E+00   0.0000000E+00
     2.0200000E+02   1.9380148E+03   1.4786634E-02   1.9381644E+03   1.1440941E+03  -2.8580682E+02   0.0000000E+00   0.0000000E+00   0.0000000E+00
     2.0300000E+02   1.9380148E+03   1.4782797E-02   1.9381647E+03   1.1435992E+03  -2.8611725E+02   0.0000000E+00   0.0000000E+00   0.0000000E+00
     2.0400000E+02   1.9380148E+03   1.4783788E-02   1.9381648E+03   1.1437272E+03  -2.8643872E+02   0.0000000E+00   0.0000000E+00   0.0000000E+00
     2.0500000E+02   1.9380148E+03   1.4784429E-02   1.9381649E+03   1.1438098E+03  -2.8672116E+02   0.0000000E+00   0.0000000E+00   0.0000000E+00
     2.0600000E+02   1.9380148E+03   1.4784947E-02   1.9381652E+03   1.1438765E+03  -2.8699646E+02   0.0000000E+00   0.0000000E+00   0.0000000E+00
     2.0700000E+02   1.9380148E+03   1.4785470E-02   1.9381653E+03   1.1439441E+03  -2.8724170E+02   0.0000000E+00   0.0000000E+00   0.0000000E+00
     2.0800000E+02   1.9380148E+03   1.4786186E-02   1.9381654E+03   1.1440363E+03  -2.8747751E+02   0.0000000E+00   0.0000000E+00   0.0000000E+00
     2.0900000E+02   1.9380148E+03   1.4791281E-02   1.9381655E+03   1.1446934E+03  -2.8781989E+02   0.0000000E+00   0.0000000E+00   0.0000000E+00
     2.1000000E+02   1.9380148E+03   1.4789110E-02   1.9381658E+03   1.1444132E+03  -2.8815778E+02   0.0000000E+00   0.0000000E+00   0.0000000E+00
     2.1100000E+02   1.9380148E+03   1.4790169E-02   1.9381659E+03   1.1445499E+03  -2.8846851E+02   0.0000000E+00   0.0000000E+00   0.0000000E+00
     2.1200000E+02   1.9380148E+03   1.4791002E-02   1.9381660E+03   1.1446573E+03  -2.8871649E+02   0.0000000E+00   0.0000000E+00   0.0000000E+00
     2.1300000E+02   1.9380148E+03   1.4791613E-02   1.9381661E+03   1.1447360E+03  -2.8890521E+02   0.0000000E+00   0.0000000E+00   0.0000000E+00
     2.1400000E+02   1.9380148E+03   1.4792306E-02   1.9381663E+03   1.1448256E+03  -2.8911252E+02   0.0000000E+00   0.0000000E+00   0.0000000E+00
     2.1500000E+02   1.9380148E+03   1.4793231E-02   1.9381664E+03   1.1449447E+03  -2.8937619E+02   0.0000000E+00   0.0000000E+00   0.0000000E+00
     2.1600000E+02   1.9380148E+03   1.4794255E-02   1.9381665E+03   1.1450768E+03  -2.8966251E+02   0.0000000E+00   0.0000000E+00   0.0000000E+00
     2.1700000E+02   1.9380148E+03   1.4795183E-02   1.9381666E+03   1.1451965E+03  -2.8992206E+02   0.0000000E+00   0.0000000E+00   0.0000000E+00
     2.1800000E+02   1.9380148E+03   1.4796177E-02   1.9381667E+03   1.1453247E+03  -2.9019684E+02   0.0000000E+00   0.0000000E+00   0.0000000E+00
     2.1900000E+02   1.9380148E+03   1.4797085E-02   1.9381669E+03   1.1454418E+03  -2.9044794E+02   0.0000000E+00   0.0000000E+00   0.0000000E+00
     2.2000000E+02   1.9380148E+03   1.4798065E-02   1.9381671E+03   1.1455682E+03  -2.9071637E+02   0.0000000E+00   0.0000000E+00   0.0000000E+00
     2.2100000E+02   1.9380148E+03   1.4798970E-02   1.9381672E+03   1.1456851E+03  -2.9096207E+02   0.0000000E+00   0.0000000E+00   0.0000000E+00
     2.2200000E+02   1.9380148E+03   1.4800165E-02   1.9381674E+03   1.1458392E+03  -2.9122772E+02   0.0000000E+00   0.0000000E+00   0.0000000E+00
     2.2300000E+02   1.9380148E+03   1.4801269E-02   1.9381675E+03   1.1459817E+03  -2.9147238E+02   0.0000000E+00   0.0000000E+00   0.0000000E+00
     2.2400000E+02   1.9380148E+03   1.4802505E-02   1.9381676E+03   1.1461411E+03  -2.9173605E+02   0.0000000E+00   0.0000000E+00   0.0000000E+00
     2.2500000E+02   1.9380148E+03   1.4803694E-02   1.9381677E+03   1.1462944E+03  -2.9197739E+02   0.0000000E+00   0.0000000E+00   0.0000000E+00
     2.2600000E+02   1.9380148E+03   1.4804930E-02   1.9381678E+03   1.1464541E+03  -2.9222900E+02   0.0000000E+00   0.0000000E+00   0.0000000E+00
     2.2700000E+02   1.9380148E+03   1.4808197E-02   1.9381680E+03   1.1468756E+03  -2.9249994E+02   0.0000000E+00   0.0000000E+00   0.0000000E+00
     2.2800000E+02   1.9380148E+03   1.4810641E-02   1.9381682E+03   1.1471912E+03  -2.9280487E+02   0.0000000E+00   0.0000000E+00   0.0000000E+00
     2.2900000E+02   1.9380148E+03   1.4811501E-02   1.9381683E+03   1.1473021E+03  -2.9308783E+02   0.0000000E+00   0.0000000E+00   0.0000000E+00
     2.3000000E+02   1.9380148E+03   1.4812200E-02   1.9381685E+03   1.1473925E+03  -2.9336798E+02   0.0000000E+00   0.0000000E+00   0.0000000E+00
     2.3100000E+02   1.9380149E+03   1.4875069E-02   1.9381691E+03   1.1555206E+03  -2.9445627E+02   0.0000000E+00   0.0000000E+00   0.0000000E+00
     2.3200000E+02   1.9380149E+03   1.4845767E-02   1.9381694E+03   1.1517292E+03  -2.9513446E+02   0.0000000E+00   0.0000000E+00   0.0000000E+00
     2.3300000E+02   1.9380149E+03   1.4840284E-02   1.9381697E+03   1.1510204E+03  -2.9562949E+02   0.0000000E+00   0.0000000E+00   0.0000000E+00
     2.3400000E+02   1.9380149E+03   1.4839054E-02   1.9381699E+03   1.1508613E+03  -2.9605933E+02   0.0000000E+00   0.0000000E+00   0.0000000E+00
     2.3500000E+02   1.9380149E+03   1.4839389E-02   1.9381702E+03   1.1509047E+03  -2.9647104E+02   0.0000000E+00   0.0000000E+00   0.0000000E+00
     2.3600000E+02   1.9380149E+03   1.4839739E-02   1.9381703E+03   1.1509496E+03  -2.9685608E+02   0.0000000E+00   0.0000000E+00   0.0000000E+00
     2.3700000E+02   1.9380149E+03   1.4840168E-02   1.9381705E+03   1.1510051E+03  -2.9721988E+02   0.0000000E+00   0.0000000E+00   0.0000000E+00
     2.3800000E+02   1.9380149E+03   1.4845595E-02   1.9381708E+03   1.1517068E+03  -2.9765472E+02   0.0000000E+00   0.0000000E+00   0.0000000E+00
     2.3900000E+02   1.9380149E+03   1.4863429E-02   1.9381711E+03   1.1540135E+03  -2.9830685E+02   0.0000000E+00   0.0000000E+00   0.0000000E+00
     2.4000000E+02   1.9380149E+03   1.4851004E-02   1.9381714E+03   1.1524061E+03  -2.9878214E+02   0.0000000E+00   0.0000000E+00   0.0000000E+00
     2.4100000E+02   1.9380149E+03   1.4850159E-02   1.9381715E+03   1.1522968E+03  -2.9919583E+02   0.0000000E+00   0.0000000E+00   0.0000000E+00
     2.4200000E+02   1.9380149E+03   1.4850674E-02   1.9381718E+03   1.1523634E+03  -2.9960077E+02   0.0000000E+00   0.0000000E+00   0.0000000E+00
     2.4300000E+02   1.9380149E+03   1.4851184E-02   1.9381720E+03   1.1524292E+03  -2.9999689E+02   0.0000000E+00   0.0000000E+00   0.0000000E+00
     2.4400000E+02   1.9380149E+03   1.4851504E-02   1.9381722E+03   1.1524707E+03  -3.0038086E+02   0.0000000E+00   0.0000000E+00   0.0000000E+00
     2.4500000E+02   1.9380149E+03   1.4851738E-02   1.9381724E+03   1.1525009E+03  -3.0071313E+02   0.0000000E+00   0.0000000E+00   0.0000000E+00
     2.4600000E+02   1.9380149E+03   1.4848191E-02   1.9381725E+03   1.1520422E+03  -3.0090811E+02   0.0000000E+00   0.0000000E+00   0.0000000E+00
     2.4700000E+02   1.9380149E+03   1.4844374E-02   1.9381725E+03   1.1515486E+03  -3.0102536E+02   0.0000000E+00   0.0000000E+00   0.0000000E+00
     2.4800000E+02   1.9380149E+03   1.4842711E-02   1.9381726E+03   1.1513336E+03  -3.0114349E+02   0.0000000E+00   0.0000000E+00   0.0000000E+00
     2.4900000E+02   1.9380149E+03   1.4840879E-02   1.9381726E+03   1.1510967E+03  -3.0119992E+02   0.0000000E+00   0.0000000E+00   0.0000000E+00
     2.5000000E+02   1.9380149E+03   1.4839982E-02   1.9381726E+03   1.1509807E+03  -3.0126352E+02   0.0000000E+00   0.0000000E+00   0.0000000E+00
     2.5100000E+02   1.9380149E+03   1.4839903E-02   1.9381726E+03   1.1509705E+03  -3.0130408E+02   0.0000000E+00   0.0000000E+00   0.0000000E+00
     2.5200000E+02   1.9380149E+03   1.4840000E-02   1.9381727E+03   1.1509832E+03  -3.0136365E+02   0.0000000E+00   0.0000000E+00   0.0000000E+00
     2.5300000E+02   1.9380149E+03   1.4839996E-02   1.9381727E+03   1.1509825E+03  -3.0139325E+02   0.0000000E+00   0.0000000E+00   0.0000000E+00
     2.5400000E+02   1.9380149E+03   1.4840092E-02   1.9381727E+03   1.1509949E+03  -3.0144580E+02   0.0000000E+00   0.0000000E+00   0.0000000E+00
     2.5500000E+02   1.9380149E+03   1.4840129E-02   1.9381727E+03   1.1509998E+03  -3.0148056E+02   0.0000000E+00   0.0000000E+00   0.0000000E+00
     2.5600000E+02   1.9380149E+03   1.4840247E-02   1.9381727E+03   1.1510149E+03  -3.0153375E+02   0.0000000E+00   0.0000000E+00   0.0000000E+00
     2.5700000E+02   1.9380149E+03   1.4840340E-02   1.9381729E+03   1.1510270E+03  -3.0157849E+02   0.0000000E+00   0.0000000E+00   0.0000000E+00
     2.5800000E+02   1.9380149E+03   1.4840554E-02   1.9381729E+03   1.1510547E+03  -3.0165283E+02   0.0000000E+00   0.0000000E+00   0.0000000E+00
     2.5900000E+02   1.9380149E+03   1.4840616E-02   1.9381729E+03   1.1510626E+03  -3.0168597E+02   0.0000000E+00   0.0000000E+00   0.0000000E+00
     2.6000000E+02   1.9380149E+03   1.4840678E-02   1.9381729E+03   1.1510707E+03  -3.0171790E+02   0.0000000E+00   0.0000000E+00   0.0000000E+00
     2.6100000E+02   1.9380149E+03   1.4840606E-02   1.9381729E+03   1.1510613E+03  -3.0171368E+02   0.0000000E+00   0.0000000E+00   0.0000000E+00
     2.6200000E+02   1.9380149E+03   1.4840558E-02   1.9381729E+03   1.1510552E+03  -3.0171494E+02   0.0000000E+00   0.0000000E+00   0.0000000E+00
     2.6300000E+02   1.9380149E+03   1.4839972E-02   1.9381729E+03   1.1509794E+03  -3.0157590E+02   0.0000000E+00   0.0000000E+00   0.0000000E+00
     2.6400000E+02   1.9380149E+03   1.4839048E-02   1.9381727E+03   1.1508600E+03  -3.0134857E+02   0.0000000E+00   0.0000000E+00   0.0000000E+00
     2.6500000E+02   1.9380149E+03   1.4838539E-02   1.9381726E+03   1.1507942E+03  -3.0122766E+02   0.0000000E+00   0.0000000E+00   0.0000000E+00
     2.6600000E+02   1.9380149E+03   1.4838249E-02   1.9381726E+03   1.1507568E+03  -3.0116269E+02   0.0000000E+00   0.0000000E+00   0.0000000E+00
     2.6700000E+02   1.9380149E+03   1.4837925E-02   1.9381725E+03   1.1507148E+03  -3.0108792E+02   0.0000000E+00   0.0000000E+00   0.0000000E+00
     2.6800000E+02   1.9380149E+03   1.4837675E-02   1.9381725E+03   1.1506825E+03  -3.0103180E+02   0.0000000E+00   0.0000000E+00   0.0000000E+00
     2.6900000E+02   1.9380149E+03   1.4837308E-02   1.9381725E+03   1.1506351E+03  -3.0094479E+02   0.0000000E+00   0.0000000E+00   0.0000000E+00
     2.7000000E+02   1.9380149E+03   1.4836963E-02   1.9381724E+03   1.1505906E+03  -3.0086313E+02   0.0000000E+00   0.0000000E+00   0.0000000E+00
     2.7100000E+02   1.9380149E+03   1.4836543E-02   1.9381724E+03   1.1505363E+03  -3.0076147E+02   0.0000000E+00   0.0000000E+00   0.0000000E+00
     2.7200000E+02   1.9380149E+03   1.4836177E-02   1.9381724E+03   1.1504890E+03  -3.0067334E+02   0.0000000E+00   0.0000000E+00   0.0000000E+00
     2.7300000E+02   1.9380149E+03   1.4835714E-02   1.9381722E+03   1.1504292E+03  -3.0055957E+02   0.0000000E+00   0.0000000E+00   0.0000000E+00
     2.7400000E+02   1.9380149E+03   1.4835324E-02   1.9381722E+03   1.1503787E+03  -3.0046432E+02   0.0000000E+00   0.0000000E+00   0.0000000E+00
     2.7500000E+02   1.9380149E+03   1.4835021E-02   1.9381721E+03   1.1503397E+03  -3.0039154E+02   0.0000000E+00   0.0000000E+00   0.0000000E+00
     2.7600000E+02   1.9380149E+03   1.4834911E-02   1.9381721E+03   1.1503253E+03  -3.0036777E+02   0.0000000E+00   0.0000000E+00   0.0000000E+00
     2.7700000E+02   1.9380149E+03   1.4834743E-02   1.9381721E+03   1.1503036E+03  -3.0032895E+02   0.0000000E+00   0.0000000E+00   0.0000000E+00
     2.7800000E+02   1.9380149E+03   1.4834626E-02   1.9381721E+03   1.1502886E+03  -3.0030310E+02   0.0000000E+00   0.0000000E+00   0.0000000E+00
     2.7900000E+02   1.9380149E+03   1.4834431E-02   1.9381721E+03   1.1502633E+03  -3.0025674E+02   0.0000000E+00   0.0000000E+00   0.0000000E+00
     2.8000000E+02   1.9380149E+03   1.4834248E-02   1.9381721E+03   1.1502397E+03  -3.0021332E+02   0.0000000E+00   0.0000000E+00   0.0000000E+00
     2.8100000E+02   1.9380149E+03   1.4832643E-02   1.9381719E+03   1.1500323E+03  -2.9980215E+02   0.0000000E+00   0.0000000E+00   0.0000000E+00
     2.8200000E+02   1.9380149E+03   1.4832105E-02   1.9381718E+03   1.1499629E+03  -2.9966656E+02   0.0000000E+00   0.0000000E+00   0.0000000E+00
     2.8300000E+02   1.9380149E+03   1.4831817E-02   1.9381718E+03   1.1499255E+03  -2.9959518E+02   0.0000000E+00   0.0000000E+00   0.0000000E+00
     2.8400000E+02   1.9380149E+03   1.4831700E-02   1.9381718E+03   1.1499105E+03  -2.9956821E+02   0.0000000E+00   0.0000000E+00   0.0000000E+00
     2.8500000E+02   1.9380149E+03   1.4831553E-02   1.9381718E+03   1.1498915E+03  -2.9953296E+02   0.0000000E+00   0.0000000E+00   0.0000000E+00
     2.8600000E+02   1.9380148E+03   1.4831501E-02   1.9381718E+03   1.1498848E+03  -2.9952222E+02   0.0000000E+00   0.0000000E+00   0.0000000E+00
     2.8700000E+02   1.9380148E+03   1.4831384E-02   1.9381718E+03   1.1498696E+03  -2.9949429E+02   0.0000000E+00   0.0000000E+00   0.0000000E+00
     2.8800000E+02   1.9380148E+03   1.4831338E-02   1.9381718E+03   1.1498638E+03  -2.9948495E+02   0.0000000E+00   0.0000000E+00   0.0000000E+00
     2.8900000E+02   1.9380148E+03   1.4831214E-02   1.9381716E+03   1.1498478E+03  -2.9945523E+02   0.0000000E+00   0.0000000E+00   0.0000000E+00
     2.9000000E+02   1.9380148E+03   1.4831167E-02   1.9381716E+03   1.1498416E+03  -2.9944501E+02   0.0000000E+00   0.0000000E+00   0.0000000E+00
     2.9100000E+02   1.9380148E+03   1.4831055E-02   1.9381716E+03   1.1498271E+03  -2.9941815E+02   0.0000000E+00   0.0000000E+00   0.0000000E+00
     2.9200000E+02   1.9380148E+03   1.4831023E-02   1.9381716E+03   1.1498231E+03  -2.9941193E+02   0.0000000E+00   0.0000000E+00   0.0000000E+00
     2.9300000E+02   1.9380148E+03   1.4830920E-02   1.9381716E+03   1.1498097E+03  -2.9938696E+02   0.0000000E+00   0.0000000E+00   0.0000000E+00
     2.9400000E+02   1.9380148E+03   1.4830890E-02   1.9381716E+03   1.1498058E+03  -2.9938089E+02   0.0000000E+00   0.0000000E+00   0.0000000E+00
     2.9500000E+02   1.9380148E+03   1.4830789E-02   1.9381716E+03   1.1497927E+03  -2.9935632E+02   0.0000000E+00   0.0000000E+00   0.0000000E+00
     2.9600000E+02   1.9380148E+03   1.4830762E-02   1.9381716E+03   1.1497893E+03  -2.9935092E+02   0.0000000E+00   0.0000000E+00   0.0000000E+00
     2.9700000E+02   1.9380148E+03   1.4830648E-02   1.9381716E+03   1.1497745E+03  -2.9932291E+02   0.0000000E+00   0.0000000E+00   0.0000000E+00
     2.9800000E+02   1.9380148E+03   1.4830582E-02   1.9381716E+03   1.1497660E+03  -2.9930713E+02   0.0000000E+00   0.0000000E+00   0.0000000E+00
     2.9900000E+02   1.9380148E+03   1.4830437E-02   1.9381716E+03   1.1497473E+03  -2.9927109E+02   0.0000000E+00   0.0000000E+00   0.0000000E+00
     3.0000000E+02   1.9380148E+03   1.4830363E-02   1.9381716E+03   1.1497378E+03  -2.9925317E+02   0.0000000E+00   0.0000000E+00   0.0000000E+00
     3.0100000E+02   1.9380148E+03   1.4830211E-02   1.9381715E+03   1.1497181E+03  -2.9921512E+02   0.0000000E+00   0.0000000E+00   0.0000000E+00
     3.0200000E+02   1.9380148E+03   1.4830137E-02   1.9381715E+03   1.1497085E+03  -2.9919687E+02   0.0000000E+00   0.0000000E+00   0.0000000E+00
     3.0300000E+02   1.9380148E+03   1.4830003E-02   1.9381715E+03   1.1496913E+03  -2.9916333E+02   0.0000000E+00   0.0000000E+00   0.0000000E+00
     3.0400000E+02   1.9380148E+03   1.4829952E-02   1.9381715E+03   1.1496847E+03  -2.9915121E+02   0.0000000E+00   0.0000000E+00   0.0000000E+00
     3.0500000E+02   1.9380148E+03   1.4829835E-02   1.9381715E+03   1.1496696E+03  -2.9912180E+02   0.0000000E+00   0.0000000E+00   0.0000000E+00
     3.0600000E+02   1.9380148E+03   1.4829447E-02   1.9381715E+03   1.1496194E+03  -2.9902243E+02   0.0000000E+00   0.0000000E+00   0.0000000E+00
     3.0700000E+02   1.9380148E+03   1.4828514E-02   1.9381713E+03   1.1494989E+03  -2.9878232E+02   0.0000000E+00   0.0000000E+00   0.0000000E+00
     3.0800000E+02   1.9380148E+03   1.4826077E-02   1.9381710E+03   1.1491841E+03  -2.9815372E+02   0.0000000E+00   0.0000000E+00   0.0000000E+00
     3.0900000E+02   1.9380148E+03   1.4824621E-02   1.9381708E+03   1.1489961E+03  -2.9777844E+02   0.0000000E+00   0.0000000E+00   0.0000000E+00
     3.1000000E+02   1.9380148E+03   1.4823495E-02   1.9381707E+03   1.1488507E+03  -2.9748840E+02   0.0000000E+00   0.0000000E+00   0.0000000E+00
     3.1100000E+02   1.9380148E+03   1.4822263E-02   1.9381705E+03   1.1486915E+03  -2.9717078E+02   0.0000000E+00   0.0000000E+00   0.0000000E+00
     3.1200000E+02   1.9380148E+03   1.4821010E-02   1.9381703E+03   1.1485297E+03  -2.9684784E+02   0.0000000E+00   0.0000000E+00   0.0000000E+00
     3.1300000E+02   1.9380148E+03   1.4819589E-02   1.9381702E+03   1.1483463E+03  -2.9648160E+02   0.0000000E+00   0.0000000E+00   0.0000000E+00
     3.1400000E+02   1.9380148E+03   1.4818164E-02   1.9381699E+03   1.1481621E+03  -2.9611386E+02   0.0000000E+00   0.0000000E+00   0.0000000E+00
     3.1500000E+02   1.9380148E+03   1.4816644E-02   1.9381697E+03   1.1479659E+03  -2.9572189E+02   0.0000000E+00   0.0000000E+00   0.0000000E+00
     3.1600000E+02   1.9380148E+03   1.4815204E-02   1.9381696E+03   1.1477800E+03  -2.9535077E+02   0.0000000E+00   0.0000000E+00   0.0000000E+00
     3.1700000E+02   1.9380148E+03   1.4813695E-02   1.9381693E+03   1.1475852E+03  -2.9496164E+02   0.0000000E+00   0.0000000E+00   0.0000000E+00
     3.1800000E+02   1.9380148E+03   1.4812276E-02   1.9381691E+03   1.1474021E+03  -2.9459583E+02   0.0000000E+00   0.0000000E+00   0.0000000E+00
     3.1900000E+02   1.9380148E+03   1.4810795E-02   1.9381689E+03   1.1472108E+03  -2.9421375E+02   0.0000000E+00   0.0000000E+00   0.0000000E+00
     3.2000000E+02   1.9380148E+03   1.4809391E-02   1.9381687E+03   1.1470298E+03  -2.9385205E+02   0.0000000E+00   0.0000000E+00   0.0000000E+00
     3.2100000E+02   1.9380148E+03   1.4807903E-02   1.9381686E+03   1.1468376E+03  -2.9346814E+02   0.0000000E+00   0.0000000E+00   0.0000000E+00
     3.2200000E+02   1.9380148E+03   1.4806959E-02   1.9381683E+03   1.1467158E+03  -2.9310284E+02   0.0000000E+00   0.0000000E+00   0.0000000E+00
     3.2300000E+02   1.9380148E+03   1.4805101E-02   1.9381681E+03   1.1464761E+03  -2.9271564E+02   0.0000000E+00   0.0000000E+00   0.0000000E+00
     3.2400000E+02   1.9380148E+03   1.4803675E-02   1.9381680E+03   1.1462921E+03  -2.9234961E+02   0.0000000E+00   0.0000000E+00   0.0000000E+00
     3.2500000E+02   1.9380148E+03   1.4802257E-02   1.9381677E+03   1.1461090E+03  -2.9198529E+02   0.0000000E+00   0.0000000E+00   0.0000000E+00
     3.2600000E+02   1.9380148E+03   1.4800921E-02   1.9381676E+03   1.1459366E+03  -2.9164230E+02   0.0000000E+00   0.0000000E+00   0.0000000E+00
     3.2700000E+02   1.9380148E+03   1.4799461E-02   1.9381674E+03   1.1457483E+03  -2.9126721E+02   0.0000000E+00   0.0000000E+00   0.0000000E+00
     3.2800000E+02   1.9380148E+03   1.4798015E-02   1.9381671E+03   1.1455619E+03  -2.9089581E+02   0.0000000E+00   0.0000000E+00   0.0000000E+00
     3.2900000E+02   1.9380148E+03   1.4796466E-02   1.9381670E+03   1.1453621E+03  -2.9049753E+02   0.0000000E+00   0.0000000E+00   0.0000000E+00
     3.3000000E+02   1.9380148E+03   1.4794913E-02   1.9381667E+03   1.1451617E+03  -2.9009845E+02   0.0000000E+00   0.0000000E+00   0.0000000E+00
     3.3100000E+02   1.9380148E+03   1.4793271E-02   1.9381665E+03   1.1449500E+03  -2.8967612E+02   0.0000000E+00   0.0000000E+00   0.0000000E+00
     3.3200000E+02   1.9380148E+03   1.4791711E-02   1.9381663E+03   1.1447488E+03  -2.8927496E+02   0.0000000E+00   0.0000000E+00   0.0000000E+00
     3.3300000E+02   1.9380148E+03   1.4790084E-02   1.9381661E+03   1.1445388E+03  -2.8885635E+02   0.0000000E+00   0.0000000E+00   0.0000000E+00
     3.3400000E+02   1.9380148E+03   1.4788548E-02   1.9381659E+03   1.1443408E+03  -2.8846136E+02   0.0000000E+00   0.0000000E+00   0.0000000E+00
     3.3500000E+02   1.9380148E+03   1.4786857E-02   1.9381656E+03   1.1441228E+03  -2.8802637E+02   0.0000000E+00   0.0000000E+00   0.0000000E+00
     3.3600000E+02   1.9380148E+03   1.4785238E-02   1.9381654E+03   1.1439139E+03  -2.8760968E+02   0.0000000E+00   0.0000000E+00   0.0000000E+00
     3.3700000E+02   1.9380148E+03   1.4783954E-02   1.9381653E+03   1.1437484E+03  -2.8727960E+02   0.0000000E+00   0.0000000E+00   0.0000000E+00
     3.3800000E+02   1.9380148E+03   1.4783030E-02   1.9381652E+03   1.1436294E+03  -2.8704239E+02   0.0000000E+00   0.0000000E+00   0.0000000E+00
     3.3900000E+02   1.9380148E+03   1.4782164E-02   1.9381650E+03   1.1435177E+03  -2.8681982E+02   0.0000000E+00   0.0000000E+00   0.0000000E+00
     3.4000000E+02   1.9380148E+03   1.4781429E-02   1.9381649E+03   1.1434231E+03  -2.8663135E+02   0.0000000E+00   0.0000000E+00   0.0000000E+00
     3.4100000E+02   1.9380148E+03   1.4780671E-02   1.9381648E+03   1.1433253E+03  -2.8643658E+02   0.0000000E+00   0.0000000E+00   0.0000000E+00
     3.4200000E+02   1.9380148E+03   1.4780015E-02   1.9381647E+03   1.1432407E+03  -2.8626816E+02   0.0000000E+00   0.0000000E+00   0.0000000E+00
     3.4300000E+02   1.9380148E+03   1.4779320E-02   1.9381647E+03   1.1431511E+03  -2.8608969E+02   0.0000000E+00   0.0000000E+00   0.0000000E+00
     3.4400000E+02   1.9380148E+03   1.4778719E-02   1.9381646E+03   1.1430737E+03  -2.8593549E+02   0.0000000E+00   0.0000000E+00   0.0000000E+00
     3.4500000E+02   1.9380148E+03   1.4778073E-02   1.9381644E+03   1.1429904E+03  -2.8576926E+02   0.0000000E+00   0.0000000E+00   0.0000000E+00
     3.4600000E+02   1.9380148E+03   1.4777516E-02   1.9381644E+03   1.1429186E+03  -2.8562643E+02   0.0000000E+00   0.0000000E+00   0.0000000E+00
     3.4700000E+02   1.9380148E+03   1.4776895E-02   1.9381643E+03   1.1428385E+03  -2.8546683E+02   0.0000000E+00   0.0000000E+00   0.0000000E+00
     3.4800000E+02   1.9380148E+03   1.4774393E-02   1.9381639E+03   1.1425162E+03  -2.8482266E+02   0.0000000E+00   0.0000000E+00   0.0000000E+00
     3.4900000E+02   1.9380148E+03   1.4773185E-02   1.9381638E+03   1.1423605E+03  -2.8451172E+02   0.0000000E+00   0.0000000E+00   0.0000000E+00
     3.5000000E+02   1.9380148E+03   1.4772496E-02   1.9381637E+03   1.1422717E+03  -2.8433453E+02   0.0000000E+00   0.0000000E+00   0.0000000E+00
     3.5100000E+02   1.9380148E+03   1.4771899E-02   1.9381636E+03   1.1421948E+03  -2.8418127E+02   0.0000000E+00   0.0000000E+00   0.0000000E+00
     3.5200000E+02   1.9380148E+03   1.4771430E-02   1.9381636E+03   1.1421344E+03  -2.8406073E+02   0.0000000E+00   0.0000000E+00   0.0000000E+00
     3.5300000E+02   1.9380148E+03   1.4771164E-02   1.9381635E+03   1.1421001E+03  -2.8394177E+02   0.0000000E+00   0.0000000E+00   0.0000000E+00
     3.5400000E+02   1.9380148E+03   1.4770627E-02   1.9381635E+03   1.1420309E+03  -2.8384268E+02   0.0000000E+00   0.0000000E+00   0.0000000E+00
     3.5500000E+02   1.9380148E+03   1.4770173E-02   1.9381633E+03   1.1419723E+03  -2.8372638E+02   0.0000000E+00   0.0000000E+00   0.0000000E+00
     3.5600000E+02   1.9380148E+03   1.4769791E-02   1.9381633E+03   1.1419231E+03  -2.8362894E+02   0.0000000E+00   0.0000000E+00   0.0000000E+00
     3.5700000E+02   1.9380148E+03   1.4769368E-02   1.9381633E+03   1.1418687E+03  -2.8352084E+02   0.0000000E+00   0.0000000E+00   0.0000000E+00
     3.5800000E+02   1.9380148E+03   1.4769034E-02   1.9381632E+03   1.1418256E+03  -2.8343555E+02   0.0000000E+00   0.0000000E+00   0.0000000E+00
     3.5900000E+02   1.9380148E+03   1.4768652E-02   1.9381632E+03   1.1417765E+03  -2.8333829E+02   0.0000000E+00   0.0000000E+00   0.0000000E+00
     3.6000000E+02   1.9380148E+03   1.4768352E-02   1.9381631E+03   1.1417377E+03  -2.8326144E+02   0.0000000E+00   0.0000000E+00   0.0000000E+00
     3.6100000E+02   1.9380148E+03   1.4774953E-02   1.9381631E+03   1.1425885E+03  -2.8326886E+02   0.0000000E+00   0.0000000E+00   0.0000000E+00
     3.6200000E+02   1.9380148E+03   1.4769803E-02   1.9381631E+03   1.1419247E+03  -2.8325671E+02   0.0000000E+00   0.0000000E+00   0.0000000E+00
     3.6300000E+02   1.9380148E+03   1.4769443E-02   1.9381631E+03   1.1418784E+03  -2.8319385E+02   0.0000000E+00   0.0000000E+00   0.0000000E+00
     3.6400000E+02   1.9380148E+03   1.4769136E-02   1.9381631E+03   1.1418387E+03  -2.8314117E+02   0.0000000E+00   0.0000000E+00   0.0000000E+00
     3.6500000E+02   1.9380148E+03   1.4768773E-02   1.9381631E+03   1.1417920E+03  -2.8307172E+02   0.0000000E+00   0.0000000E+00   0.0000000E+00
     3.6600000E+02   1.9380148E+03   1.4768492E-02   1.9381630E+03   1.1417559E+03  -2.8302148E+02   0.0000000E+00   0.0000000E+00   0.0000000E+00
     3.6700000E+02   1.9380148E+03   1.4768175E-02   1.9381630E+03   1.1417150E+03  -2.8295975E+02   0.0000000E+00   0.0000000E+00   0.0000000E+00
     3.6800000E+02   1.9380148E+03   1.4767949E-02   1.9381630E+03   1.1416859E+03  -2.8292004E+02   0.0000000E+00   0.0000000E+00   0.0000000E+00
     3.6900000E+02   1.9380148E+03   1.4767982E-02   1.9381630E+03   1.1416902E+03  -2.8287723E+02   0.0000000E+00   0.0000000E+00   0.0000000E+00
     3.7000000E+02   1.9380148E+03   1.4767633E-02   1.9381630E+03   1.1416451E+03  -2.8285495E+02   0.0000000E+00   0.0000000E+00   0.0000000E+00
     3.7100000E+02   1.9380148E+03   1.4767407E-02   1.9381628E+03   1.1416162E+03  -2.8281293E+02   0.0000000E+00   0.0000000E+00   0.0000000E+00
     3.7200000E+02   1.9380148E+03   1.4767253E-02   1.9381628E+03   1.1415962E+03  -2.8278699E+02   0.0000000E+00   0.0000000E+00   0.0000000E+00
     3.7300000E+02   1.9380148E+03   1.4769631E-02   1.9381630E+03   1.1419025E+03  -2.8289380E+02   0.0000000E+00   0.0000000E+00   0.0000000E+00
     3.7400000E+02   1.9380148E+03   1.4770014E-02   1.9381630E+03   1.1419519E+03  -2.8297806E+02   0.0000000E+00   0.0000000E+00   0.0000000E+00
     3.7500000E+02   1.9380148E+03   1.4770952E-02   1.9381630E+03   1.1420729E+03  -2.8299277E+02   0.0000000E+00   0.0000000E+00   0.0000000E+00
     3.7600000E+02   1.9380148E+03   1.4777671E-02   1.9381631E+03   1.1429387E+03  -2.8307010E+02   0.0000000E+00   0.0000000E+00   0.0000000E+00
     3.7700000E+02   1.9380148E+03   1.4775603E-02   1.9381631E+03   1.1426722E+03  -2.8314261E+02   0.0000000E+00   0.0000000E+00   0.0000000E+00
     3.7800000E+02   1.9380148E+03   1.4775884E-02   1.9381631E+03   1.1427085E+03  -2.8319937E+02   0.0000000E+00   0.0000000E+00   0.0000000E+00
     3.7900000E+02   1.9380148E+03   1.4775518E-02   1.9381631E+03   1.1426614E+03  -2.8320795E+02   0.0000000E+00   0.0000000E+00   0.0000000E+00
     3.8000000E+02   1.9380148E+03   1.4777153E-02   1.9381631E+03   1.1428719E+03  -2.8323398E+02   0.0000000E+00   0.0000000E+00   0.0000000E+00
     3.8100000E+02   1.9380148E+03   1.4777374E-02   1.9381631E+03   1.1429004E+03  -2.8323602E+02   0.0000000E+00   0.0000000E+00   0.0000000E+00
     3.8200000E+02   1.9380148E+03   1.4778219E-02   1.9381631E+03   1.1430095E+03  -2.8325693E+02   0.0000000E+00   0.0000000E+00   0.0000000E+00
     3.8300000E+02   1.9380148E+03   1.4778832E-02   1.9381631E+03   1.1430885E+03  -2.8325818E+02   0.0000000E+00   0.0000000E+00   0.0000000E+00
     3.8400000E+02   1.9380148E+03   1.4778513E-02   1.9381632E+03   1.1430474E+03  -2.8327466E+02   0.0000000E+00   0.0000000E+00   0.0000000E+00
     3.8500000E+02   1.9380148E+03   1.4778414E-02   1.9381632E+03   1.1430345E+03  -2.8326721E+02   0.0000000E+00   0.0000000E+00   0.0000000E+00
     3.8600000E+02   1.9380148E+03   1.4778423E-02   1.9381632E+03   1.1430359E+03  -2.8327988E+02   0.0000000E+00   0.0000000E+00   0.0000000E+00
     3.8700000E+02   1.9380148E+03   1.4778381E-02   1.9381632E+03   1.1430304E+03  -2.8327252E+02   0.0000000E+00   0.0000000E+00   0.0000000E+00
     3.8800000E+02   1.9380148E+03   1.4778429E-02   1.9381632E+03   1.1430366E+03  -2.8328622E+02   0.0000000E+00   0.0000000E+00   0.0000000E+00
     3.8900000E+02   1.9380148E+03   1.4778292E-02   1.9381632E+03   1.1430187E+03  -2.8327979E+02   0.0000000E+00   0.0000000E+00   0.0000000E+00
     3.9000000E+02   1.9380148E+03   1.4778292E-02   1.9381632E+03   1.1430190E+03  -2.8329575E+02   0.0000000E+00   0.0000000E+00   0.0000000E+00
     3.9100000E+02   1.9380148E+03   1.4778229E-02   1.9381632E+03   1.1430107E+03  -2.8329178E+02   0.0000000E+00   0.0000000E+00   0.0000000E+00
     3.9200000E+02   1.9380148E+03   1.4778222E-02   1.9381632E+03   1.1430103E+03  -2.8330939E+02   0.0000000E+00   0.0000000E+00   0.0000000E+00
     3.9300000E+02   1.9380148E+03   1.4781469E-02   1.9381632E+03   1.1434282E+03  -2.8334976E+02   0.0000000E+00   0.0000000E+00   0.0000000E+00
     3.9400000E+02   1.9380148E+03   1.4783219E-02   1.9381633E+03   1.1436539E+03  -2.8371765E+02   0.0000000E+00   0.0000000E+00   0.0000000E+00
     3.9500000E+02   1.9380148E+03   1.4783301E-02   1.9381636E+03   1.1436646E+03  -2.8402563E+02   0.0000000E+00   0.0000000E+00   0.0000000E+00
     3.9600000E+02   1.9380148E+03   1.4783956E-02   1.9381637E+03   1.1437489E+03  -2.8419177E+02   0.0000000E+00   0.0000000E+00   0.0000000E+00
     3.9700000E+02   1.9380148E+03   1.4786012E-02   1.9381637E+03   1.1440142E+03  -2.8426263E+02   0.0000000E+00   0.0000000E+00   0.0000000E+00
     3.9800000E+02   1.9380148E+03   1.4789492E-02   1.9381637E+03   1.1444629E+03  -2.8434366E+02   0.0000000E+00   0.0000000E+00   0.0000000E+00
     3.9900000E+02   1.9380148E+03   1.4794874E-02   1.9381638E+03   1.1451573E+03  -2.8442194E+02   0.0000000E+00   0.0000000E+00   0.0000000E+00
     4.0000000E+02   1.9380148E+03   1.4799443E-02   1.9381638E+03   1.1457469E+03  -2.8449207E+02   0.0000000E+00   0.0000000E+00   0.0000000E+00
     4.0100000E+02   1.9380148E+03   1.4801688E-02   1.9381638E+03   1.1460366E+03  -2.8454913E+02   0.0000000E+00   0.0000000E+00   0.0000000E+00
     4.0200000E+02   1.9380148E+03   1.4804984E-02   1.9381638E+03   1.1464620E+03  -2.8460669E+02   0.0000000E+00   0.0000000E+00   0.0000000E+00
     4.0300000E+02   1.9380148E+03   1.4810751E-02   1.9381639E+03   1.1472064E+03  -2.8467926E+02   0.0000000E+00   0.0000000E+00   0.0000000E+00
     4.0400000E+02   1.9380148E+03   1.4810193E-02   1.9381639E+03   1.1471338E+03  -2.8471484E+02   0.0000000E+00   0.0000000E+00   0.0000000E+00
     4.0500000E+02   1.9380148E+03   1.4811904E-02   1.9381639E+03   1.1473549E+03  -2.8476923E+02   0.0000000E+00   0.0000000E+00   0.0000000E+00
     4.0600000E+02   1.9380148E+03   1.4813544E-02   1.9381639E+03   1.1475667E+03  -2.8480316E+02   0.0000000E+00   0.0000000E+00   0.0000000E+00
     4.0700000E+02   1.9380148E+03   1.4810871E-02   1.9381637E+03   1.1472216E+03  -2.8434427E+02   0.0000000E+00   0.0000000E+00   0.0000000E+00
     4.0800000E+02   1.9380148E+03   1.4808503E-02   1.9381637E+03   1.1469159E+03  -2.8422028E+02   0.0000000E+00   0.0000000E+00   0.0000000E+00
     4.0900000E+02   1.9380148E+03   1.4806208E-02   1.9381637E+03   1.1466196E+03  -2.8420721E+02   0.0000000E+00   0.0000000E+00   0.0000000E+00
     4.1000000E+02   1.9380149E+03   1.4864435E-02   1.9381641E+03   1.1541450E+03  -2.8479880E+02   0.0000000E+00   0.0000000E+00   0.0000000E+00
     4.1100000E+02   1.9380154E+03   1.5332747E-02   1.9381663E+03   1.2153831E+03  -2.8825488E+02   0.0000000E+00   0.0000000E+00   0.0000000E+00
     4.1200000E+02   1.9380150E+03   1.5071402E-02   1.9381663E+03   1.1810522E+03  -2.8861481E+02   0.0000000E+00   0.0000000E+00   0.0000000E+00
     4.1300000E+02   1.9380150E+03   1.5035317E-02   1.9381663E+03   1.1763430E+03  -2.8873621E+02   0.0000000E+00   0.0000000E+00   0.0000000E+00
     4.1400000E+02   1.9380153E+03   1.5281996E-02   1.9381674E+03   1.2086853E+03  -2.9024780E+02   0.0000000E+00   0.0000000E+00   0.0000000E+00
     4.1500000E+02   1.9380150E+03   1.5054114E-02   1.9381674E+03   1.1787949E+03  -2.9068179E+02   0.0000000E+00   0.0000000E+00   0.0000000E+00
     4.1600000E+02   1.9380150E+03   1.5004946E-02   1.9381674E+03   1.1723851E+03  -2.9091104E+02   0.0000000E+00   0.0000000E+00   0.0000000E+00
     4.1700000E+02   1.9380150E+03   1.4991106E-02   1.9381676E+03   1.1705835E+03  -2.9128699E+02   0.0000000E+00   0.0000000E+00   0.0000000E+00
     4.1800000E+02   1.9380151E+03   1.5136913E-02   1.9381685E+03   1.1896206E+03  -2.9272345E+02   0.0000000E+00   0.0000000E+00   0.0000000E+00
     4.1900000E+02   1.9380151E+03   1.5188340E-02   1.9381693E+03   1.1963644E+03  -2.9428415E+02   0.0000000E+00   0.0000000E+00   0.0000000E+00
     4.2000000E+02   1.9380156E+03   1.5657669E-02   1.9381724E+03   1.2586112E+03  -2.9906409E+02   0.0000000E+00   0.0000000E+00   0.0000000E+00
     4.2100000E+02   1.9380154E+03   1.5382942E-02   1.9381727E+03   1.2220206E+03  -3.0034277E+02   0.0000000E+00   0.0000000E+00   0.0000000E+00
     4.2200000E+02   1.9380151E+03   1.5179168E-02   1.9381727E+03   1.1951599E+03  -3.0080438E+02   0.0000000E+00   0.0000000E+00   0.0000000E+00
     4.2300000E+02   1.9380151E+03   1.5102497E-02   1.9381730E+03   1.1851152E+03  -3.0136722E+02   0.0000000E+00   0.0000000E+00   0.0000000E+00
     4.2400000E+02   1.9380150E+03   1.5052022E-02   1.9381732E+03   1.1785210E+03  -3.0202896E+02   0.0000000E+00   0.0000000E+00   0.0000000E+00
     4.2500000E+02   1.9380150E+03   1.5015295E-02   1.9381736E+03   1.1737321E+03  -3.0272787E+02   0.0000000E+00   0.0000000E+00   0.0000000E+00
     4.2600000E+02   1.9380150E+03   1.4987071E-02   1.9381740E+03   1.1700573E+03  -3.0338504E+02   0.0000000E+00   0.0000000E+00   0.0000000E+00
     4.2700000E+02   1.9380150E+03   1.4967340E-02   1.9381742E+03   1.1674908E+03  -3.0399710E+02   0.0000000E+00   0.0000000E+00   0.0000000E+00
     4.2800000E+02   1.9380149E+03   1.4952109E-02   1.9381744E+03   1.1655114E+03  -3.0457486E+02   0.0000000E+00   0.0000000E+00   0.0000000E+00
     4.2900000E+02   1.9380149E+03   1.4942957E-02   1.9381748E+03   1.1643225E+03  -3.0513797E+02   0.0000000E+00   0.0000000E+00   0.0000000E+00
     4.3000000E+02   1.9380149E+03   1.4938169E-02   1.9381750E+03   1.1637008E+03  -3.0571506E+02   0.0000000E+00   0.0000000E+00   0.0000000E+00
     4.3100000E+02   1.9380149E+03   1.4940434E-02   1.9381754E+03   1.1639949E+03  -3.0631888E+02   0.0000000E+00   0.0000000E+00   0.0000000E+00
     4.3200000E+02   1.9380149E+03   1.4943415E-02   1.9381757E+03   1.1643818E+03  -3.0693930E+02   0.0000000E+00   0.0000000E+00   0.0000000E+00
     4.3300000E+02   1.9380150E+03   1.4973793E-02   1.9381761E+03   1.1683296E+03  -3.0760779E+02   0.0000000E+00   0.0000000E+00   0.0000000E+00
     4.3400000E+02   1.9380150E+03   1.5009416E-02   1.9381765E+03   1.1729657E+03  -3.0832431E+02   0.0000000E+00   0.0000000E+00   0.0000000E+00
     4.3500000E+02   1.9380150E+03   1.5006407E-02   1.9381768E+03   1.1725739E+03  -3.0890982E+02   0.0000000E+00   0.0000000E+00   0.0000000E+00
     4.3600000E+02   1.9380150E+03   1.5035101E-02   1.9381772E+03   1.1763130E+03  -3.0962183E+02   0.0000000E+00   0.0000000E+00   0.0000000E+00
     4.3700000E+02   1.9380150E+03   1.5073772E-02   1.9381777E+03   1.1813599E+03  -3.1063162E+02   0.0000000E+00   0.0000000E+00   0.0000000E+00
     4.3800000E+02   1.9380150E+03   1.5007710E-02   1.9381780E+03   1.1727432E+03  -3.1111136E+02   0.0000000E+00   0.0000000E+00   0.0000000E+00
     4.3900000E+02   1.9380150E+03   1.4994316E-02   1.9381782E+03   1.1709993E+03  -3.1159967E+02   0.0000000E+00   0.0000000E+00   0.0000000E+00
     4.4000000E+02   1.9380150E+03   1.4993845E-02   1.9381785E+03   1.1709379E+03  -3.1216098E+02   0.0000000E+00   0.0000000E+00   0.0000000E+00
     4.4100000E+02   1.9380150E+03   1.4992624E-02   1.9381788E+03   1.1707788E+03  -3.1278854E+02   0.0000000E+00   0.0000000E+00   0.0000000E+00
     4.4200000E+02   1.9380150E+03   1.5031574E-02   1.9381793E+03   1.1758528E+03  -3.1364249E+02   0.0000000E+00   0.0000000E+00   0.0000000E+00
     4.4300000E+02   1.9380150E+03   1.4984642E-02   1.9381794E+03   1.1697401E+03  -3.1408310E+02   0.0000000E+00   0.0000000E+00   0.0000000E+00
     4.4400000E+02   1.9380150E+03   1.4975468E-02   1.9381797E+03   1.1685466E+03  -3.1452496E+02   0.0000000E+00   0.0000000E+00   0.0000000E+00
     4.4500000E+02   1.9380150E+03   1.4993380E-02   1.9381801E+03   1.1708770E+03  -3.1517188E+02   0.0000000E+00   0.0000000E+00   0.0000000E+00
     4.4600000E+02   1.9380165E+03   1.6485954E-02   1.9381870E+03   1.3715229E+03  -3.2563675E+02   0.0000000E+00   0.0000000E+00   0.0000000E+00
     4.4700000E+02   1.9380159E+03   1.5837001E-02   1.9381897E+03   1.2827257E+03  -3.3189264E+02   0.0000000E+00   0.0000000E+00   0.0000000E+00
     4.4800000E+02   1.9380154E+03   1.5353261E-02   1.9381895E+03   1.2180901E+03  -3.3246799E+02   0.0000000E+00   0.0000000E+00   0.0000000E+00
     4.4900000E+02   1.9380153E+03   1.5269110E-02   1.9381897E+03   1.2069828E+03  -3.3313162E+02   0.0000000E+00   0.0000000E+00   0.0000000E+00
     4.5000000E+02   1.9380153E+03   1.5208069E-02   1.9381902E+03   1.1989513E+03  -3.3399319E+02   0.0000000E+00   0.0000000E+00   0.0000000E+00
     4.5100000E+02   1.9380151E+03   1.5172208E-02   1.9381906E+03   1.1942429E+03  -3.3491443E+02   0.0000000E+00   0.0000000E+00   0.0000000E+00
     4.5200000E+02   1.9380151E+03   1.5147926E-02   1.9381910E+03   1.1910588E+03  -3.3587979E+02   0.0000000E+00   0.0000000E+00   0.0000000E+00
     4.5300000E+02   1.9380151E+03   1.5126862E-02   1.9381915E+03   1.1882996E+03  -3.3683167E+02   0.0000000E+00   0.0000000E+00   0.0000000E+00
     4.5400000E+02   1.9380151E+03   1.5107775E-02   1.9381921E+03   1.1858014E+03  -3.3809317E+02   0.0000000E+00   0.0000000E+00   0.0000000E+00
     4.5500000E+02   1.9380151E+03   1.5091589E-02   1.9381929E+03   1.1836844E+03  -3.3946201E+02   0.0000000E+00   0.0000000E+00   0.0000000E+00
     4.5600000E+02   1.9380151E+03   1.5083133E-02   1.9381936E+03   1.1825791E+03  -3.4094220E+02   0.0000000E+00   0.0000000E+00   0.0000000E+00
     4.5700000E+02   1.9380151E+03   1.5104731E-02   1.9381945E+03   1.1854025E+03  -3.4252890E+02   0.0000000E+00   0.0000000E+00   0.0000000E+00
     4.5800000E+02   1.9380151E+03   1.5089697E-02   1.9381952E+03   1.1834365E+03  -3.4393005E+02   0.0000000E+00   0.0000000E+00   0.0000000E+00
     4.5900000E+02   1.9380151E+03   1.5084594E-02   1.9381959E+03   1.1827693E+03  -3.4536475E+02   0.0000000E+00   0.0000000E+00   0.0000000E+00
     4.6000000E+02   1.9380151E+03   1.5081822E-02   1.9381968E+03   1.1824067E+03  -3.4679971E+02   0.0000000E+00   0.0000000E+00   0.0000000E+00
     4.6100000E+02   1.9380151E+03   1.5080677E-02   1.9381975E+03   1.1822570E+03  -3.4817828E+02   0.0000000E+00   0.0000000E+00   0.0000000E+00
     4.6200000E+02   1.9380151E+03   1.5080645E-02   1.9381982E+03   1.1822524E+03  -3.4960867E+02   0.0000000E+00   0.0000000E+00   0.0000000E+00
     4.6300000E+02   1.9380151E+03   1.5081289E-02   1.9381990E+03   1.1823365E+03  -3.5102078E+02   0.0000000E+00   0.0000000E+00   0.0000000E+00
     4.6400000E+02   1.9380151E+03   1.5081942E-02   1.9381996E+03   1.1824216E+03  -3.5227338E+02   0.0000000E+00   0.0000000E+00   0.0000000E+00
     4.6500000E+02   1.9380151E+03   1.5082688E-02   1.9382002E+03   1.1825188E+03  -3.5341492E+02   0.0000000E+00   0.0000000E+00   0.0000000E+00
     4.6600000E+02   1.9380151E+03   1.5084002E-02   1.9382008E+03   1.1826903E+03  -3.5451312E+02   0.0000000E+00   0.0000000E+00   0.0000000E+00
     4.6700000E+02   1.9380151E+03   1.5085414E-02   1.9382013E+03   1.1828748E+03  -3.5556595E+02   0.0000000E+00   0.0000000E+00   0.0000000E+00
     4.6800000E+02   1.9380151E+03   1.5086721E-02   1.9382019E+03   1.1830453E+03  -3.5657452E+02   0.0000000E+00   0.0000000E+00   0.0000000E+00
     4.6900000E+02   1.9380151E+03   1.5088186E-02   1.9382024E+03   1.1832367E+03  -3.5753708E+02   0.0000000E+00   0.0000000E+00   0.0000000E+00
     4.7000000E+02   1.9380151E+03   1.5089451E-02   1.9382029E+03   1.1834019E+03  -3.5845749E+02   0.0000000E+00   0.0000000E+00   0.0000000E+00
     4.7100000E+02   1.9380151E+03   1.5090954E-02   1.9382032E+03   1.1835980E+03  -3.5933954E+02   0.0000000E+00   0.0000000E+00   0.0000000E+00
     4.7200000E+02   1.9380151E+03   1.5092635E-02   1.9382037E+03   1.1838176E+03  -3.6018582E+02   0.0000000E+00   0.0000000E+00   0.0000000E+00
     4.7300000E+02   1.9380151E+03   1.5094179E-02   1.9382042E+03   1.1840194E+03  -3.6099908E+02   0.0000000E+00   0.0000000E+00   0.0000000E+00
     4.7400000E+02   1.9380151E+03   1.5095889E-02   1.9382046E+03   1.1842428E+03  -3.6178079E+02   0.0000000E+00   0.0000000E+00   0.0000000E+00
     4.7500000E+02   1.9380151E+03   1.5098083E-02   1.9382050E+03   1.1845297E+03  -3.6253058E+02   0.0000000E+00   0.0000000E+00   0.0000000E+00
     4.7600000E+02   1.9380151E+03   1.5099582E-02   1.9382053E+03   1.1847256E+03  -3.6326324E+02   0.0000000E+00   0.0000000E+00   0.0000000E+00
     4.7700000E+02   1.9380151E+03   1.5101487E-02   1.9382058E+03   1.1849746E+03  -3.6406021E+02   0.0000000E+00   0.0000000E+00   0.0000000E+00
     4.7800000E+02   1.9380151E+03   1.5103688E-02   1.9382062E+03   1.1852623E+03  -3.6487674E+02   0.0000000E+00   0.0000000E+00   0.0000000E+00
     4.7900000E+02   1.9380151E+03   1.5105870E-02   1.9382067E+03   1.1855476E+03  -3.6566840E+02   0.0000000E+00   0.0000000E+00   0.0000000E+00
     4.8000000E+02   1.9380151E+03   1.5107821E-02   1.9382070E+03   1.1858027E+03  -3.6638235E+02   0.0000000E+00   0.0000000E+00   0.0000000E+00
     4.8100000E+02   1.9380151E+03   1.5109096E-02   1.9382073E+03   1.1859727E+03  -3.6691003E+02   0.0000000E+00   0.0000000E+00   0.0000000E+00
     4.8200000E+02   1.9380151E+03   1.5110187E-02   1.9382075E+03   1.1861155E+03  -3.6736899E+02   0.0000000E+00   0.0000000E+00   0.0000000E+00
     4.8300000E+02   1.9380151E+03   1.5111391E-02   1.9382078E+03   1.1862592E+03  -3.6779309E+02   0.0000000E+00   0.0000000E+00   0.0000000E+00
     4.8400000E+02   1.9380151E+03   1.5127477E-02   1.9382080E+03   1.1883782E+03  -3.6835529E+02   0.0000000E+00   0.0000000E+00   0.0000000E+00
     4.8500000E+02   1.9380151E+03   1.5121600E-02   1.9382083E+03   1.1875959E+03  -3.6880881E+02   0.0000000E+00   0.0000000E+00   0.0000000E+00
     4.8600000E+02   1.9380151E+03   1.5122019E-02   1.9382085E+03   1.1876499E+03  -3.6926743E+02   0.0000000E+00   0.0000000E+00   0.0000000E+00
     4.8700000E+02   1.9380151E+03   1.5122368E-02   1.9382087E+03   1.1877098E+03  -3.6968933E+02   0.0000000E+00   0.0000000E+00   0.0000000E+00
     4.8800000E+02   1.9380151E+03   1.5122886E-02   1.9382090E+03   1.1877640E+03  -3.7006213E+02   0.0000000E+00   0.0000000E+00   0.0000000E+00
     4.8900000E+02   1.9380151E+03   1.5123285E-02   1.9382091E+03   1.1878301E+03  -3.7042792E+02   0.0000000E+00   0.0000000E+00   0.0000000E+00
     4.9000000E+02   1.9380151E+03   1.5123926E-02   1.9382094E+03   1.1879000E+03  -3.7077649E+02   0.0000000E+00   0.0000000E+00   0.0000000E+00
     4.9100000E+02   1.9380151E+03   1.5124427E-02   1.9382095E+03   1.1879796E+03  -3.7112244E+02   0.0000000E+00   0.0000000E+00   0.0000000E+00
     4.9200000E+02   1.9380151E+03   1.5125093E-02   1.9382097E+03   1.1880533E+03  -3.7143585E+02   0.0000000E+00   0.0000000E+00   0.0000000E+00
     4.9300000E+02   1.9380151E+03   1.5125674E-02   1.9382098E+03   1.1881429E+03  -3.7175885E+02   0.0000000E+00   0.0000000E+00   0.0000000E+00
     4.9400000E+02   1.9380151E+03   1.5124982E-02   1.9382098E+03   1.1880525E+03  -3.7170825E+02   0.0000000E+00   0.0000000E+00   0.0000000E+00
     4.9500000E+02   1.9380151E+03   1.5124667E-02   1.9382098E+03   1.1880122E+03  -3.7174622E+02   0.0000000E+00   0.0000000E+00   0.0000000E+00
     4.9600000E+02   1.9380151E+03   1.5125036E-02   1.9382100E+03   1.1880601E+03  -3.7195001E+02   0.0000000E+00   0.0000000E+00   0.0000000E+00
     4.9700000E+02   1.9380151E+03   1.5125623E-02   1.9382101E+03   1.1881368E+03  -3.7220233E+02   0.0000000E+00   0.0000000E+00   0.0000000E+00
     4.9800000E+02   1.9380151E+03   1.5126289E-02   1.9382102E+03   1.1882241E+03  -3.7246735E+02   0.0000000E+00   0.0000000E+00   0.0000000E+00
     4.9900000E+02   1.9380151E+03   1.5127077E-02   1.9382103E+03   1.1883130E+03  -3.7272781E+02   0.0000000E+00   0.0000000E+00   0.0000000E+00
     5.0000000E+02   1.9380151E+03   1.5127709E-02   1.9382104E+03   1.1884098E+03  -3.7299722E+02   0.0000000E+00   0.0000000E+00   0.0000000E+00
     5.0100000E+02   1.9380151E+03   1.5128417E-02   1.9382106E+03   1.1885031E+03  -3.7324911E+02   0.0000000E+00   0.0000000E+00   0.0000000E+00
