 "GAGE No.    5:  K,I,J Coord. =     2,   50,   72;  STREAM SEGMENT =    17;  REACH =     6 "
     "DATA: Time           Stage           Depth         GW-Head    Midpt-Flow       Stream-Loss        GW-Rech.  Chnge-UZ-Stor.   Vol.-UZ-Stor."
     1.0000000E+00   1.9750015E+03   1.4535576E-03   1.9750474E+03   3.1025648E+01  -6.2051296E+01   0.0000000E+00   0.0000000E+00   0.0000000E+00
     2.0000000E+00   1.9750015E+03   1.4161051E-03   1.9750454E+03   2.9710194E+01  -5.9420387E+01   0.0000000E+00   0.0000000E+00   0.0000000E+00
     3.0000000E+00   1.9750015E+03   1.4160321E-03   1.9750454E+03   2.9707651E+01  -5.9415302E+01   0.0000000E+00   0.0000000E+00   0.0000000E+00
     4.0000000E+00   1.9750015E+03   1.4159998E-03   1.9750454E+03   2.9706528E+01  -5.9413055E+01   0.0000000E+00   0.0000000E+00   0.0000000E+00
     5.0000000E+00   1.9750015E+03   1.4159707E-03   1.9750454E+03   2.9705511E+01  -5.9411022E+01   0.0000000E+00   0.0000000E+00   0.0000000E+00
     6.0000000E+00   1.9750015E+03   1.4159442E-03   1.9750454E+03   2.9704588E+01  -5.9409176E+01   0.0000000E+00   0.0000000E+00   0.0000000E+00
     7.0000000E+00   1.9750015E+03   1.4159196E-03   1.9750454E+03   2.9703735E+01  -5.9407471E+01   0.0000000E+00   0.0000000E+00   0.0000000E+00
     8.0000000E+00   1.9750015E+03   1.4158973E-03   1.9750454E+03   2.9702955E+01  -5.9405910E+01   0.0000000E+00   0.0000000E+00   0.0000000E+00
     9.0000000E+00   1.9750015E+03   1.4158767E-03   1.9750454E+03   2.9702236E+01  -5.9404472E+01   0.0000000E+00   0.0000000E+00   0.0000000E+00
     1.0000000E+01   1.9750015E+03   1.4158576E-03   1.9750454E+03   2.9701572E+01  -5.9403145E+01   0.0000000E+00   0.0000000E+00   0.0000000E+00
     1.1000000E+01   1.9750015E+03   1.4158404E-03   1.9750454E+03   2.9700972E+01  -5.9401943E+01   0.0000000E+00   0.0000000E+00   0.0000000E+00
     1.2000000E+01   1.9750015E+03   1.4158242E-03   1.9750454E+03   2.9700411E+01  -5.9400822E+01   0.0000000E+00   0.0000000E+00   0.0000000E+00
     1.3000000E+01   1.9750015E+03   1.4228622E-03   1.9750454E+03   2.9943573E+01  -5.9401245E+01   0.0000000E+00   0.0000000E+00   0.0000000E+00
     1.4000000E+01   1.9750015E+03   1.4214077E-03   1.9750454E+03   2.9891962E+01  -5.9401569E+01   0.0000000E+00   0.0000000E+00   0.0000000E+00
     1.5000000E+01   1.9750015E+03   1.4210677E-03   1.9750454E+03   2.9879902E+01  -5.9401760E+01   0.0000000E+00   0.0000000E+00   0.0000000E+00
     1.6000000E+01   1.9750015E+03   1.4204992E-03   1.9750454E+03   2.9859747E+01  -5.9401661E+01   0.0000000E+00   0.0000000E+00   0.0000000E+00
     1.7000000E+01   1.9750015E+03   1.4208260E-03   1.9750454E+03   2.9871334E+01  -5.9401329E+01   0.0000000E+00   0.0000000E+00   0.0000000E+00
     1.8000000E+01   1.9750015E+03   1.4227794E-03   1.9750454E+03   2.9940639E+01  -5.9400616E+01   0.0000000E+00   0.0000000E+00   0.0000000E+00
     1.9000000E+01   1.9750015E+03   1.4258326E-03   1.9750454E+03   3.0049131E+01  -5.9399727E+01   0.0000000E+00   0.0000000E+00   0.0000000E+00
     2.0000000E+01   1.9750015E+03   1.4244061E-03   1.9750454E+03   2.9998425E+01  -5.9399441E+01   0.0000000E+00   0.0000000E+00   0.0000000E+00
     2.1000000E+01   1.9750015E+03   1.4236126E-03   1.9750454E+03   2.9970240E+01  -5.9399113E+01   0.0000000E+00   0.0000000E+00   0.0000000E+00
     2.2000000E+01   1.9750015E+03   1.4230064E-03   1.9750454E+03   2.9948717E+01  -5.9398773E+01   0.0000000E+00   0.0000000E+00   0.0000000E+00
     2.3000000E+01   1.9750015E+03   1.4224885E-03   1.9750454E+03   2.9930332E+01  -5.9398457E+01   0.0000000E+00   0.0000000E+00   0.0000000E+00
     2.4000000E+01   1.9750015E+03   1.4220236E-03   1.9750454E+03   2.9913837E+01  -5.9398148E+01   0.0000000E+00   0.0000000E+00   0.0000000E+00
     2.5000000E+01   1.9750015E+03   1.4215716E-03   1.9750454E+03   2.9897804E+01  -5.9397865E+01   0.0000000E+00   0.0000000E+00   0.0000000E+00
     2.6000000E+01   1.9750015E+03   1.4296091E-03   1.9750454E+03   3.0183588E+01  -5.9397617E+01   0.0000000E+00   0.0000000E+00   0.0000000E+00
     2.7000000E+01   1.9750015E+03   1.4290911E-03   1.9750454E+03   3.0165121E+01  -5.9398426E+01   0.0000000E+00   0.0000000E+00   0.0000000E+00
     2.8000000E+01   1.9750015E+03   1.4258440E-03   1.9750454E+03   3.0049547E+01  -5.9398869E+01   0.0000000E+00   0.0000000E+00   0.0000000E+00
     2.9000000E+01   1.9750015E+03   1.4247537E-03   1.9750454E+03   3.0010780E+01  -5.9398827E+01   0.0000000E+00   0.0000000E+00   0.0000000E+00
     3.0000000E+01   1.9750015E+03   1.4241699E-03   1.9750454E+03   2.9990038E+01  -5.9398628E+01   0.0000000E+00   0.0000000E+00   0.0000000E+00
     3.1000000E+01   1.9750015E+03   1.4234495E-03   1.9750454E+03   2.9964451E+01  -5.9398441E+01   0.0000000E+00   0.0000000E+00   0.0000000E+00
     3.2000000E+01   1.9750015E+03   1.4228537E-03   1.9750454E+03   2.9943296E+01  -5.9398170E+01   0.0000000E+00   0.0000000E+00   0.0000000E+00
     3.3000000E+01   1.9750015E+03   1.4223175E-03   1.9750454E+03   2.9924265E+01  -5.9397884E+01   0.0000000E+00   0.0000000E+00   0.0000000E+00
     3.4000000E+01   1.9750015E+03   1.4218332E-03   1.9750454E+03   2.9907084E+01  -5.9397575E+01   0.0000000E+00   0.0000000E+00   0.0000000E+00
     3.5000000E+01   1.9750015E+03   1.4213934E-03   1.9750454E+03   2.9891485E+01  -5.9397175E+01   0.0000000E+00   0.0000000E+00   0.0000000E+00
     3.6000000E+01   1.9750015E+03   1.4209934E-03   1.9750454E+03   2.9877306E+01  -5.9396751E+01   0.0000000E+00   0.0000000E+00   0.0000000E+00
     3.7000000E+01   1.9750015E+03   1.4206283E-03   1.9750454E+03   2.9864365E+01  -5.9396275E+01   0.0000000E+00   0.0000000E+00   0.0000000E+00
     3.8000000E+01   1.9750015E+03   1.4202944E-03   1.9750454E+03   2.9852533E+01  -5.9395779E+01   0.0000000E+00   0.0000000E+00   0.0000000E+00
     3.9000000E+01   1.9750015E+03   1.4281939E-03   1.9750454E+03   3.0132999E+01  -5.9418293E+01   0.0000000E+00   0.0000000E+00   0.0000000E+00
     4.0000000E+01   1.9750015E+03   1.4515278E-03   1.9750461E+03   3.0960993E+01  -6.0301773E+01   0.0000000E+00   0.0000000E+00   0.0000000E+00
     4.1000000E+01   1.9750015E+03   1.4421244E-03   1.9750464E+03   3.0620653E+01  -6.0597275E+01   0.0000000E+00   0.0000000E+00   0.0000000E+00
     4.2000000E+01   1.9750015E+03   1.4464717E-03   1.9750465E+03   3.0773939E+01  -6.0910011E+01   0.0000000E+00   0.0000000E+00   0.0000000E+00
     4.3000000E+01   1.9750015E+03   1.4963759E-03   1.9750477E+03   3.2574104E+01  -6.2410938E+01   0.0000000E+00   0.0000000E+00   0.0000000E+00
     4.4000000E+01   1.9750015E+03   1.4773472E-03   1.9750479E+03   3.1875742E+01  -6.2632927E+01   0.0000000E+00   0.0000000E+00   0.0000000E+00
     4.5000000E+01   1.9750015E+03   1.4800804E-03   1.9750481E+03   3.1973427E+01  -6.2852848E+01   0.0000000E+00   0.0000000E+00   0.0000000E+00
     4.6000000E+01   1.9750015E+03   1.4826523E-03   1.9750482E+03   3.2065472E+01  -6.3057327E+01   0.0000000E+00   0.0000000E+00   0.0000000E+00
     4.7000000E+01   1.9750015E+03   1.4850692E-03   1.9750483E+03   3.2152103E+01  -6.3246441E+01   0.0000000E+00   0.0000000E+00   0.0000000E+00
     4.8000000E+01   1.9750015E+03   1.4873281E-03   1.9750485E+03   3.2233166E+01  -6.3420898E+01   0.0000000E+00   0.0000000E+00   0.0000000E+00
     4.9000000E+01   1.9750015E+03   1.4894272E-03   1.9750486E+03   3.2308582E+01  -6.3581345E+01   0.0000000E+00   0.0000000E+00   0.0000000E+00
     5.0000000E+01   1.9750015E+03   1.4913668E-03   1.9750487E+03   3.2378345E+01  -6.3728405E+01   0.0000000E+00   0.0000000E+00   0.0000000E+00
     5.1000000E+01   1.9750015E+03   1.4931506E-03   1.9750488E+03   3.2442566E+01  -6.3862804E+01   0.0000000E+00   0.0000000E+00   0.0000000E+00
     5.2000000E+01   1.9750015E+03   1.4947853E-03   1.9750490E+03   3.2501465E+01  -6.3985409E+01   0.0000000E+00   0.0000000E+00   0.0000000E+00
     5.3000000E+01   1.9750015E+03   1.4962773E-03   1.9750490E+03   3.2555264E+01  -6.4096954E+01   0.0000000E+00   0.0000000E+00   0.0000000E+00
     5.4000000E+01   1.9750015E+03   1.5041616E-03   1.9750492E+03   3.2842995E+01  -6.4374222E+01   0.0000000E+00   0.0000000E+00   0.0000000E+00
     5.5000000E+01   1.9750015E+03   1.5018169E-03   1.9750492E+03   3.2755985E+01  -6.4437660E+01   0.0000000E+00   0.0000000E+00   0.0000000E+00
     5.6000000E+01   1.9750015E+03   1.5026758E-03   1.9750493E+03   3.2787006E+01  -6.4506706E+01   0.0000000E+00   0.0000000E+00   0.0000000E+00
     5.7000000E+01   1.9750015E+03   1.5034396E-03   1.9750493E+03   3.2814594E+01  -6.4568680E+01   0.0000000E+00   0.0000000E+00   0.0000000E+00
     5.8000000E+01   1.9750015E+03   1.5085078E-03   1.9750496E+03   3.2999386E+01  -6.4816269E+01   0.0000000E+00   0.0000000E+00   0.0000000E+00
     5.9000000E+01   1.9750015E+03   1.5081151E-03   1.9750496E+03   3.2984592E+01  -6.4847046E+01   0.0000000E+00   0.0000000E+00   0.0000000E+00
     6.0000000E+01   1.9750015E+03   1.5083350E-03   1.9750496E+03   3.2992474E+01  -6.4873856E+01   0.0000000E+00   0.0000000E+00   0.0000000E+00
     6.1000000E+01   1.9750015E+03   1.5084783E-03   1.9750496E+03   3.2997551E+01  -6.4897331E+01   0.0000000E+00   0.0000000E+00   0.0000000E+00
     6.2000000E+01   1.9750016E+03   1.5486060E-03   1.9750505E+03   3.4482090E+01  -6.6149513E+01   0.0000000E+00   0.0000000E+00   0.0000000E+00
     6.3000000E+01   1.9750016E+03   1.5416457E-03   1.9750508E+03   3.4217392E+01  -6.6495483E+01   0.0000000E+00   0.0000000E+00   0.0000000E+00
     6.4000000E+01   1.9750016E+03   1.5482327E-03   1.9750510E+03   3.4461987E+01  -6.6790283E+01   0.0000000E+00   0.0000000E+00   0.0000000E+00
     6.5000000E+01   1.9750016E+03   1.5423868E-03   1.9750508E+03   3.4244717E+01  -6.6544937E+01   0.0000000E+00   0.0000000E+00   0.0000000E+00
     6.6000000E+01   1.9750016E+03   1.5403883E-03   1.9750507E+03   3.4171261E+01  -6.6388229E+01   0.0000000E+00   0.0000000E+00   0.0000000E+00
     6.7000000E+01   1.9750016E+03   1.5388716E-03   1.9750507E+03   3.4115780E+01  -6.6244865E+01   0.0000000E+00   0.0000000E+00   0.0000000E+00
     6.8000000E+01   1.9750016E+03   1.5379323E-03   1.9750505E+03   3.4081841E+01  -6.6114426E+01   0.0000000E+00   0.0000000E+00   0.0000000E+00
     6.9000000E+01   1.9750016E+03   1.5375754E-03   1.9750504E+03   3.4069580E+01  -6.5996780E+01   0.0000000E+00   0.0000000E+00   0.0000000E+00
     7.0000000E+01   1.9750016E+03   1.5378025E-03   1.9750503E+03   3.4079082E+01  -6.5890671E+01   0.0000000E+00   0.0000000E+00   0.0000000E+00
     7.1000000E+01   1.9750016E+03   1.5386260E-03   1.9750503E+03   3.4110825E+01  -6.5794685E+01   0.0000000E+00   0.0000000E+00   0.0000000E+00
     7.2000000E+01   1.9750016E+03   1.5404562E-03   1.9750502E+03   3.4180210E+01  -6.5707680E+01   0.0000000E+00   0.0000000E+00   0.0000000E+00
     7.3000000E+01   1.9750016E+03   1.5428626E-03   1.9750502E+03   3.4271198E+01  -6.5628296E+01   0.0000000E+00   0.0000000E+00   0.0000000E+00
     7.4000000E+01   1.9750016E+03   1.5460242E-03   1.9750500E+03   3.4390587E+01  -6.5555756E+01   0.0000000E+00   0.0000000E+00   0.0000000E+00
     7.5000000E+01   1.9750016E+03   1.5499333E-03   1.9750500E+03   3.4538204E+01  -6.5488594E+01   0.0000000E+00   0.0000000E+00   0.0000000E+00
     7.6000000E+01   1.9750016E+03   1.5549227E-03   1.9750500E+03   3.4726654E+01  -6.5436134E+01   0.0000000E+00   0.0000000E+00   0.0000000E+00
     7.7000000E+01   1.9750016E+03   1.5783461E-03   1.9750507E+03   3.5607185E+01  -6.6223221E+01   0.0000000E+00   0.0000000E+00   0.0000000E+00
     7.8000000E+01   1.9750016E+03   1.6000497E-03   1.9750511E+03   3.6431023E+01  -6.6938766E+01   0.0000000E+00   0.0000000E+00   0.0000000E+00
     7.9000000E+01   1.9750016E+03   1.6225985E-03   1.9750518E+03   3.7295139E+01  -6.7654579E+01   0.0000000E+00   0.0000000E+00   0.0000000E+00
     8.0000000E+01   1.9750016E+03   1.6379027E-03   1.9750520E+03   3.7886951E+01  -6.8059929E+01   0.0000000E+00   0.0000000E+00   0.0000000E+00
     8.1000000E+01   1.9750017E+03   1.6538922E-03   1.9750524E+03   3.8509735E+01  -6.8424408E+01   0.0000000E+00   0.0000000E+00   0.0000000E+00
     8.2000000E+01   1.9750017E+03   1.6649580E-03   1.9750525E+03   3.8943954E+01  -6.8580177E+01   0.0000000E+00   0.0000000E+00   0.0000000E+00
     8.3000000E+01   1.9750017E+03   1.6647971E-03   1.9750522E+03   3.8940414E+01  -6.8265678E+01   0.0000000E+00   0.0000000E+00   0.0000000E+00
     8.4000000E+01   1.9750017E+03   1.7193267E-03   1.9750531E+03   4.1104923E+01  -6.9345825E+01   0.0000000E+00   0.0000000E+00   0.0000000E+00
     8.5000000E+01   1.9750017E+03   1.7063005E-03   1.9750527E+03   4.0585461E+01  -6.8880989E+01   0.0000000E+00   0.0000000E+00   0.0000000E+00
     8.6000000E+01   1.9750017E+03   1.7145984E-03   1.9750526E+03   4.0919563E+01  -6.8767075E+01   0.0000000E+00   0.0000000E+00   0.0000000E+00
     8.7000000E+01   1.9750017E+03   1.7297671E-03   1.9750527E+03   4.1530140E+01  -6.8895874E+01   0.0000000E+00   0.0000000E+00   0.0000000E+00
     8.8000000E+01   1.9750017E+03   1.7495148E-03   1.9750526E+03   4.2333107E+01  -6.8719185E+01   0.0000000E+00   0.0000000E+00   0.0000000E+00
     8.9000000E+01   1.9750017E+03   1.7609583E-03   1.9750526E+03   4.2800995E+01  -6.8624184E+01   0.0000000E+00   0.0000000E+00   0.0000000E+00
     9.0000000E+01   1.9750017E+03   1.7629255E-03   1.9750524E+03   4.2884365E+01  -6.8260414E+01   0.0000000E+00   0.0000000E+00   0.0000000E+00
     9.1000000E+01   1.9750017E+03   1.7578577E-03   1.9750520E+03   4.2679913E+01  -6.7905739E+01   0.0000000E+00   0.0000000E+00   0.0000000E+00
     9.2000000E+01   1.9750017E+03   1.7556931E-03   1.9750519E+03   4.2593494E+01  -6.7651955E+01   0.0000000E+00   0.0000000E+00   0.0000000E+00
     9.3000000E+01   1.9750017E+03   1.7537071E-03   1.9750518E+03   4.2514061E+01  -6.7445808E+01   0.0000000E+00   0.0000000E+00   0.0000000E+00
     9.4000000E+01   1.9750017E+03   1.7526832E-03   1.9750516E+03   4.2473328E+01  -6.7314171E+01   0.0000000E+00   0.0000000E+00   0.0000000E+00
     9.5000000E+01   1.9750017E+03   1.7582241E-03   1.9750518E+03   4.2697887E+01  -6.7517395E+01   0.0000000E+00   0.0000000E+00   0.0000000E+00
     9.6000000E+01   1.9750017E+03   1.7639449E-03   1.9750520E+03   4.2930130E+01  -6.7741295E+01   0.0000000E+00   0.0000000E+00   0.0000000E+00
     9.7000000E+01   1.9750018E+03   1.7826215E-03   1.9750525E+03   4.3691734E+01  -6.8485199E+01   0.0000000E+00   0.0000000E+00   0.0000000E+00
     9.8000000E+01   1.9750018E+03   1.7809273E-03   1.9750526E+03   4.3621178E+01  -6.8578957E+01   0.0000000E+00   0.0000000E+00   0.0000000E+00
     9.9000000E+01   1.9750018E+03   1.7831244E-03   1.9750526E+03   4.3711128E+01  -6.8658455E+01   0.0000000E+00   0.0000000E+00   0.0000000E+00
     1.0000000E+02   1.9750018E+03   1.7928437E-03   1.9750530E+03   4.4109047E+01  -6.9123932E+01   0.0000000E+00   0.0000000E+00   0.0000000E+00
     1.0100000E+02   1.9750018E+03   1.8025686E-03   1.9750533E+03   4.4508423E+01  -6.9617271E+01   0.0000000E+00   0.0000000E+00   0.0000000E+00
     1.0200000E+02   1.9750018E+03   1.8115741E-03   1.9750537E+03   4.4879414E+01  -7.0091545E+01   0.0000000E+00   0.0000000E+00   0.0000000E+00
     1.0300000E+02   1.9750018E+03   1.8096023E-03   1.9750537E+03   4.4797718E+01  -7.0032928E+01   0.0000000E+00   0.0000000E+00   0.0000000E+00
     1.0400000E+02   1.9750018E+03   1.8086729E-03   1.9750537E+03   4.4759277E+01  -7.0000015E+01   0.0000000E+00   0.0000000E+00   0.0000000E+00
     1.0500000E+02   1.9750018E+03   1.8089158E-03   1.9750537E+03   4.4769478E+01  -6.9988808E+01   0.0000000E+00   0.0000000E+00   0.0000000E+00
     1.0600000E+02   1.9750018E+03   1.8106363E-03   1.9750537E+03   4.4841145E+01  -6.9987030E+01   0.0000000E+00   0.0000000E+00   0.0000000E+00
     1.0700000E+02   1.9750018E+03   1.8107429E-03   1.9750537E+03   4.4845535E+01  -6.9993927E+01   0.0000000E+00   0.0000000E+00   0.0000000E+00
     1.0800000E+02   1.9750018E+03   1.8103782E-03   1.9750537E+03   4.4830215E+01  -7.0010216E+01   0.0000000E+00   0.0000000E+00   0.0000000E+00
     1.0900000E+02   1.9750018E+03   1.8238276E-03   1.9750538E+03   4.5390274E+01  -7.0212334E+01   0.0000000E+00   0.0000000E+00   0.0000000E+00
     1.1000000E+02   1.9750018E+03   1.8429855E-03   1.9750540E+03   4.6193283E+01  -7.0430893E+01   0.0000000E+00   0.0000000E+00   0.0000000E+00
     1.1100000E+02   1.9750018E+03   1.8389559E-03   1.9750540E+03   4.6024181E+01  -7.0350906E+01   0.0000000E+00   0.0000000E+00   0.0000000E+00
     1.1200000E+02   1.9750018E+03   1.8593419E-03   1.9750541E+03   4.6884693E+01  -7.0419518E+01   0.0000000E+00   0.0000000E+00   0.0000000E+00
     1.1300000E+02   1.9750018E+03   1.8833859E-03   1.9750541E+03   4.7907448E+01  -7.0512123E+01   0.0000000E+00   0.0000000E+00   0.0000000E+00
     1.1400000E+02   1.9750018E+03   1.8888701E-03   1.9750541E+03   4.8142231E+01  -7.0490440E+01   0.0000000E+00   0.0000000E+00   0.0000000E+00
     1.1500000E+02   1.9750020E+03   1.9108218E-03   1.9750542E+03   4.9085178E+01  -7.0579239E+01   0.0000000E+00   0.0000000E+00   0.0000000E+00
     1.1600000E+02   1.9750020E+03   2.0045526E-03   1.9750549E+03   5.3187279E+01  -7.1533081E+01   0.0000000E+00   0.0000000E+00   0.0000000E+00
     1.1700000E+02   1.9750020E+03   1.9562154E-03   1.9750549E+03   5.1052155E+01  -7.1560020E+01   0.0000000E+00   0.0000000E+00   0.0000000E+00
     1.1800000E+02   1.9750020E+03   1.9582631E-03   1.9750552E+03   5.1140156E+01  -7.1815910E+01   0.0000000E+00   0.0000000E+00   0.0000000E+00
     1.1900000E+02   1.9750020E+03   1.9592671E-03   1.9750553E+03   5.1182896E+01  -7.2001740E+01   0.0000000E+00   0.0000000E+00   0.0000000E+00
     1.2000000E+02   1.9750020E+03   1.9597230E-03   1.9750554E+03   5.1201649E+01  -7.2180855E+01   0.0000000E+00   0.0000000E+00   0.0000000E+00
     1.2100000E+02   1.9750020E+03   1.9600207E-03   1.9750555E+03   5.1213451E+01  -7.2361282E+01   0.0000000E+00   0.0000000E+00   0.0000000E+00
     1.2200000E+02   1.9750020E+03   1.9598850E-03   1.9750557E+03   5.1206360E+01  -7.2522995E+01   0.0000000E+00   0.0000000E+00   0.0000000E+00
     1.2300000E+02   1.9750020E+03   1.9593751E-03   1.9750558E+03   5.1182919E+01  -7.2673927E+01   0.0000000E+00   0.0000000E+00   0.0000000E+00
     1.2400000E+02   1.9750020E+03   1.9585248E-03   1.9750559E+03   5.1144619E+01  -7.2814461E+01   0.0000000E+00   0.0000000E+00   0.0000000E+00
     1.2500000E+02   1.9750020E+03   1.9572533E-03   1.9750560E+03   5.1087997E+01  -7.2935089E+01   0.0000000E+00   0.0000000E+00   0.0000000E+00
     1.2600000E+02   1.9750020E+03   1.9557776E-03   1.9750560E+03   5.1022476E+01  -7.3051018E+01   0.0000000E+00   0.0000000E+00   0.0000000E+00
     1.2700000E+02   1.9750020E+03   1.9538542E-03   1.9750562E+03   5.0937481E+01  -7.3150887E+01   0.0000000E+00   0.0000000E+00   0.0000000E+00
     1.2800000E+02   1.9750020E+03   1.9516380E-03   1.9750562E+03   5.0839848E+01  -7.3234619E+01   0.0000000E+00   0.0000000E+00   0.0000000E+00
     1.2900000E+02   1.9750020E+03   1.9493125E-03   1.9750563E+03   5.0737518E+01  -7.3315407E+01   0.0000000E+00   0.0000000E+00   0.0000000E+00
     1.3000000E+02   1.9750020E+03   1.9469132E-03   1.9750563E+03   5.0632065E+01  -7.3391510E+01   0.0000000E+00   0.0000000E+00   0.0000000E+00
     1.3100000E+02   1.9750020E+03   1.9443616E-03   1.9750564E+03   5.0520142E+01  -7.3455513E+01   0.0000000E+00   0.0000000E+00   0.0000000E+00
     1.3200000E+02   1.9750020E+03   1.9417759E-03   1.9750564E+03   5.0406837E+01  -7.3516754E+01   0.0000000E+00   0.0000000E+00   0.0000000E+00
     1.3300000E+02   1.9750020E+03   1.9392003E-03   1.9750564E+03   5.0294090E+01  -7.3575203E+01   0.0000000E+00   0.0000000E+00   0.0000000E+00
     1.3400000E+02   1.9750020E+03   1.9366298E-03   1.9750565E+03   5.0181671E+01  -7.3631027E+01   0.0000000E+00   0.0000000E+00   0.0000000E+00
     1.3500000E+02   1.9750020E+03   1.9352501E-03   1.9750565E+03   5.0121201E+01  -7.3684074E+01   0.0000000E+00   0.0000000E+00   0.0000000E+00
     1.3600000E+02   1.9750020E+03   1.9413714E-03   1.9750568E+03   5.0385357E+01  -7.4025871E+01   0.0000000E+00   0.0000000E+00   0.0000000E+00
     1.3700000E+02   1.9750021E+03   2.0183222E-03   1.9750582E+03   5.3772278E+01  -7.5830475E+01   0.0000000E+00   0.0000000E+00   0.0000000E+00
     1.3800000E+02   1.9750028E+03   2.8291685E-03   1.9750618E+03   9.4618423E+01  -7.9555458E+01   0.0000000E+00   0.0000000E+00   0.0000000E+00
     1.3900000E+02   1.9750024E+03   2.3863248E-03   1.9750625E+03   7.1171898E+01  -8.1167854E+01   0.0000000E+00   0.0000000E+00   0.0000000E+00
     1.4000000E+02   1.9750031E+03   3.0869187E-03   1.9750643E+03   1.0943736E+02  -8.2611679E+01   0.0000000E+00   0.0000000E+00   0.0000000E+00
     1.4100000E+02   1.9750045E+03   4.5376397E-03   1.9750674E+03   2.0807051E+02  -8.4771530E+01   0.0000000E+00   0.0000000E+00   0.0000000E+00
     1.4200000E+02   1.9750049E+03   4.9215658E-03   1.9750691E+03   2.3823743E+02  -8.6663399E+01   0.0000000E+00   0.0000000E+00   0.0000000E+00
     1.4300000E+02   1.9750061E+03   6.1365282E-03   1.9750717E+03   3.4413290E+02  -8.8370392E+01   0.0000000E+00   0.0000000E+00   0.0000000E+00
     1.4400000E+02   1.9750050E+03   4.9853073E-03   1.9750708E+03   2.4340164E+02  -8.8903473E+01   0.0000000E+00   0.0000000E+00   0.0000000E+00
     1.4500000E+02   1.9750046E+03   4.5988881E-03   1.9750708E+03   2.1276968E+02  -8.9382927E+01   0.0000000E+00   0.0000000E+00   0.0000000E+00
     1.4600000E+02   1.9750044E+03   4.4372575E-03   1.9750713E+03   2.0044804E+02  -9.0299576E+01   0.0000000E+00   0.0000000E+00   0.0000000E+00
     1.4700000E+02   1.9750048E+03   4.7224294E-03   1.9750726E+03   2.2238176E+02  -9.1596642E+01   0.0000000E+00   0.0000000E+00   0.0000000E+00
     1.4800000E+02   1.9750042E+03   4.1575376E-03   1.9750724E+03   1.7982219E+02  -9.2090477E+01   0.0000000E+00   0.0000000E+00   0.0000000E+00
     1.4900000E+02   1.9750038E+03   3.7987775E-03   1.9750724E+03   1.5469350E+02  -9.2558487E+01   0.0000000E+00   0.0000000E+00   0.0000000E+00
     1.5000000E+02   1.9750034E+03   3.4741489E-03   1.9750724E+03   1.3327020E+02  -9.3067032E+01   0.0000000E+00   0.0000000E+00   0.0000000E+00
     1.5100000E+02   1.9750032E+03   3.1587996E-03   1.9750725E+03   1.1368951E+02  -9.3608322E+01   0.0000000E+00   0.0000000E+00   0.0000000E+00
     1.5200000E+02   1.9750028E+03   2.8493826E-03   1.9750726E+03   9.5689529E+01  -9.4174530E+01   0.0000000E+00   0.0000000E+00   0.0000000E+00
     1.5300000E+02   1.9750026E+03   2.5895913E-03   1.9750728E+03   8.1529579E+01  -9.4716995E+01   0.0000000E+00   0.0000000E+00   0.0000000E+00
     1.5400000E+02   1.9750026E+03   2.5611068E-03   1.9750725E+03   8.0032913E+01  -9.4506859E+01   0.0000000E+00   0.0000000E+00   0.0000000E+00
     1.5500000E+02   1.9750026E+03   2.5378244E-03   1.9750724E+03   7.8818008E+01  -9.4287598E+01   0.0000000E+00   0.0000000E+00   0.0000000E+00
     1.5600000E+02   1.9750026E+03   2.5174932E-03   1.9750723E+03   7.7763168E+01  -9.4082664E+01   0.0000000E+00   0.0000000E+00   0.0000000E+00
     1.5700000E+02   1.9750024E+03   2.5017187E-03   1.9750721E+03   7.6947380E+01  -9.4087791E+01   0.0000000E+00   0.0000000E+00   0.0000000E+00
     1.5800000E+02   1.9750026E+03   2.5129151E-03   1.9750726E+03   7.7521996E+01  -9.4632660E+01   0.0000000E+00   0.0000000E+00   0.0000000E+00
     1.5900000E+02   1.9750026E+03   2.5125586E-03   1.9750729E+03   7.7500542E+01  -9.5033051E+01   0.0000000E+00   0.0000000E+00   0.0000000E+00
     1.6000000E+02   1.9750026E+03   2.5250467E-03   1.9750734E+03   7.8144073E+01  -9.5552452E+01   0.0000000E+00   0.0000000E+00   0.0000000E+00
     1.6100000E+02   1.9750026E+03   2.5562216E-03   1.9750737E+03   7.9765984E+01  -9.6031540E+01   0.0000000E+00   0.0000000E+00   0.0000000E+00
     1.6200000E+02   1.9750026E+03   2.5722722E-03   1.9750740E+03   8.0604805E+01  -9.6461922E+01   0.0000000E+00   0.0000000E+00   0.0000000E+00
     1.6300000E+02   1.9750026E+03   2.5546162E-03   1.9750741E+03   7.9677719E+01  -9.6597382E+01   0.0000000E+00   0.0000000E+00   0.0000000E+00
     1.6400000E+02   1.9750026E+03   2.5465407E-03   1.9750742E+03   7.9254791E+01  -9.6693436E+01   0.0000000E+00   0.0000000E+00   0.0000000E+00
     1.6500000E+02   1.9750026E+03   2.5414657E-03   1.9750743E+03   7.9184784E+01  -9.6951675E+01   0.0000000E+00   0.0000000E+00   0.0000000E+00
     1.6600000E+02   1.9750026E+03   2.5249221E-03   1.9750743E+03   7.8327385E+01  -9.6957016E+01   0.0000000E+00   0.0000000E+00   0.0000000E+00
     1.6700000E+02   1.9750024E+03   2.4848650E-03   1.9750741E+03   7.6266876E+01  -9.6713043E+01   0.0000000E+00   0.0000000E+00   0.0000000E+00
     1.6800000E+02   1.9750024E+03   2.4575442E-03   1.9750739E+03   7.4874146E+01  -9.6458351E+01   0.0000000E+00   0.0000000E+00   0.0000000E+00
     1.6900000E+02   1.9750024E+03   2.4354863E-03   1.9750737E+03   7.3757187E+01  -9.6252296E+01   0.0000000E+00   0.0000000E+00   0.0000000E+00
     1.7000000E+02   1.9750024E+03   2.4157276E-03   1.9750736E+03   7.2762367E+01  -9.6056755E+01   0.0000000E+00   0.0000000E+00   0.0000000E+00
     1.7100000E+02   1.9750024E+03   2.3926164E-03   1.9750734E+03   7.1605629E+01  -9.5741554E+01   0.0000000E+00   0.0000000E+00   0.0000000E+00
     1.7200000E+02   1.9750023E+03   2.3483380E-03   1.9750730E+03   6.9410164E+01  -9.5312523E+01   0.0000000E+00   0.0000000E+00   0.0000000E+00
     1.7300000E+02   1.9750023E+03   2.3384432E-03   1.9750728E+03   6.8923317E+01  -9.5077278E+01   0.0000000E+00   0.0000000E+00   0.0000000E+00
     1.7400000E+02   1.9750023E+03   2.3332336E-03   1.9750730E+03   6.8667442E+01  -9.5394783E+01   0.0000000E+00   0.0000000E+00   0.0000000E+00
     1.7500000E+02   1.9750023E+03   2.3615258E-03   1.9750735E+03   7.0061058E+01  -9.6000488E+01   0.0000000E+00   0.0000000E+00   0.0000000E+00
     1.7600000E+02   1.9750023E+03   2.3274894E-03   1.9750734E+03   6.8385674E+01  -9.5972534E+01   0.0000000E+00   0.0000000E+00   0.0000000E+00
     1.7700000E+02   1.9750057E+03   5.7697599E-03   1.9750801E+03   3.1053214E+02  -1.0039853E+02   0.0000000E+00   0.0000000E+00   0.0000000E+00
     1.7800000E+02   1.9750026E+03   2.5567757E-03   1.9750767E+03   7.9980942E+01  -1.0012063E+02   0.0000000E+00   0.0000000E+00   0.0000000E+00
     1.7900000E+02   1.9750026E+03   2.5435030E-03   1.9750767E+03   7.9289978E+01  -1.0009071E+02   0.0000000E+00   0.0000000E+00   0.0000000E+00
     1.8000000E+02   1.9750026E+03   2.6022913E-03   1.9750775E+03   8.2368378E+01  -1.0104932E+02   0.0000000E+00   0.0000000E+00   0.0000000E+00
     1.8100000E+02   1.9750029E+03   2.9410219E-03   1.9750790E+03   1.0084706E+02  -1.0260807E+02   0.0000000E+00   0.0000000E+00   0.0000000E+00
     1.8200000E+02   1.9750024E+03   2.4720677E-03   1.9750781E+03   7.5611923E+01  -1.0212995E+02   0.0000000E+00   0.0000000E+00   0.0000000E+00
     1.8300000E+02   1.9750024E+03   2.4606865E-03   1.9750779E+03   7.5032539E+01  -1.0177836E+02   0.0000000E+00   0.0000000E+00   0.0000000E+00
     1.8400000E+02   1.9750024E+03   2.4993117E-03   1.9750782E+03   7.7006226E+01  -1.0227705E+02   0.0000000E+00   0.0000000E+00   0.0000000E+00
     1.8500000E+02   1.9750024E+03   2.4832680E-03   1.9750784E+03   7.6183853E+01  -1.0239732E+02   0.0000000E+00   0.0000000E+00   0.0000000E+00
     1.8600000E+02   1.9750024E+03   2.4838774E-03   1.9750786E+03   7.6214951E+01  -1.0270242E+02   0.0000000E+00   0.0000000E+00   0.0000000E+00
     1.8700000E+02   1.9750026E+03   2.5716051E-03   1.9750791E+03   8.0755081E+01  -1.0331533E+02   0.0000000E+00   0.0000000E+00   0.0000000E+00
     1.8800000E+02   1.9750029E+03   2.9404766E-03   1.9750801E+03   1.0080630E+02  -1.0413125E+02   0.0000000E+00   0.0000000E+00   0.0000000E+00
     1.8900000E+02   1.9750033E+03   3.2829442E-03   1.9750814E+03   1.2120255E+02  -1.0548090E+02   0.0000000E+00   0.0000000E+00   0.0000000E+00
     1.9000000E+02   1.9750029E+03   2.8889589E-03   1.9750818E+03   9.8042000E+01  -1.0646889E+02   0.0000000E+00   0.0000000E+00   0.0000000E+00
     1.9100000E+02   1.9750032E+03   3.1918071E-03   1.9750829E+03   1.1561803E+02  -1.0752230E+02   0.0000000E+00   0.0000000E+00   0.0000000E+00
     1.9200000E+02   1.9750038E+03   3.7511236E-03   1.9750842E+03   1.5142574E+02  -1.0865712E+02   0.0000000E+00   0.0000000E+00   0.0000000E+00
     1.9300000E+02   1.9750033E+03   3.3193433E-03   1.9750845E+03   1.2343758E+02  -1.0951629E+02   0.0000000E+00   0.0000000E+00   0.0000000E+00
     1.9400000E+02   1.9750032E+03   3.1305139E-03   1.9750848E+03   1.1191000E+02  -1.1035509E+02   0.0000000E+00   0.0000000E+00   0.0000000E+00
     1.9500000E+02   1.9750038E+03   3.7665835E-03   1.9750862E+03   1.5246014E+02  -1.1122780E+02   0.0000000E+00   0.0000000E+00   0.0000000E+00
     1.9600000E+02   1.9750046E+03   4.5837685E-03   1.9750876E+03   2.1157303E+02  -1.1205957E+02   0.0000000E+00   0.0000000E+00   0.0000000E+00
     1.9700000E+02   1.9750054E+03   5.4001999E-03   1.9750889E+03   2.7807831E+02  -1.1273958E+02   0.0000000E+00   0.0000000E+00   0.0000000E+00
     1.9800000E+02   1.9750057E+03   5.6805746E-03   1.9750895E+03   3.0256241E+02  -1.1318277E+02   0.0000000E+00   0.0000000E+00   0.0000000E+00
     1.9900000E+02   1.9750062E+03   6.2851724E-03   1.9750907E+03   3.5812756E+02  -1.1389094E+02   0.0000000E+00   0.0000000E+00   0.0000000E+00
     2.0000000E+02   1.9750068E+03   6.8785842E-03   1.9750919E+03   4.1624457E+02  -1.1483794E+02   0.0000000E+00   0.0000000E+00   0.0000000E+00
     2.0100000E+02   1.9750070E+03   6.9188238E-03   1.9750925E+03   4.2031091E+02  -1.1563673E+02   0.0000000E+00   0.0000000E+00   0.0000000E+00
     2.0200000E+02   1.9750090E+03   8.9948075E-03   1.9750956E+03   6.5089825E+02  -1.1681678E+02   0.0000000E+00   0.0000000E+00   0.0000000E+00
     2.0300000E+02   1.9750052E+03   5.2178879E-03   1.9750929E+03   2.6259518E+02  -1.1829048E+02   0.0000000E+00   0.0000000E+00   0.0000000E+00
     2.0400000E+02   1.9750061E+03   6.0602310E-03   1.9750942E+03   3.3701379E+02  -1.1906821E+02   0.0000000E+00   0.0000000E+00   0.0000000E+00
     2.0500000E+02   1.9750083E+03   8.3537353E-03   1.9750967E+03   5.7543005E+02  -1.1928766E+02   0.0000000E+00   0.0000000E+00   0.0000000E+00
     2.0600000E+02   1.9750087E+03   8.7128095E-03   1.9750974E+03   6.1724274E+02  -1.1977033E+02   0.0000000E+00   0.0000000E+00   0.0000000E+00
     2.0700000E+02   1.9750089E+03   8.9170337E-03   1.9750981E+03   6.4154437E+02  -1.2038912E+02   0.0000000E+00   0.0000000E+00   0.0000000E+00
     2.0800000E+02   1.9750077E+03   7.6386146E-03   1.9750974E+03   4.9569180E+02  -1.2115595E+02   0.0000000E+00   0.0000000E+00   0.0000000E+00
     2.0900000E+02   1.9750085E+03   8.4976787E-03   1.9750992E+03   5.9205005E+02  -1.2246446E+02   0.0000000E+00   0.0000000E+00   0.0000000E+00
     2.1000000E+02   1.9750084E+03   8.4227379E-03   1.9751002E+03   5.8337280E+02  -1.2385638E+02   0.0000000E+00   0.0000000E+00   0.0000000E+00
     2.1100000E+02   1.9750094E+03   9.3790051E-03   1.9751021E+03   6.9789124E+02  -1.2517138E+02   0.0000000E+00   0.0000000E+00   0.0000000E+00
     2.1200000E+02   1.9750083E+03   8.3311517E-03   1.9751017E+03   5.7283771E+02  -1.2599871E+02   0.0000000E+00   0.0000000E+00   0.0000000E+00
     2.1300000E+02   1.9750076E+03   7.5926916E-03   1.9751016E+03   4.9073221E+02  -1.2689369E+02   0.0000000E+00   0.0000000E+00   0.0000000E+00
     2.1400000E+02   1.9750050E+03   5.0483663E-03   1.9750999E+03   2.4850499E+02  -1.2796316E+02   0.0000000E+00   0.0000000E+00   0.0000000E+00
     2.1500000E+02   1.9750067E+03   6.7122579E-03   1.9751028E+03   3.9959396E+02  -1.2966180E+02   0.0000000E+00   0.0000000E+00   0.0000000E+00
     2.1600000E+02   1.9750059E+03   5.9059048E-03   1.9751035E+03   3.2281396E+02  -1.3175002E+02   0.0000000E+00   0.0000000E+00   0.0000000E+00
     2.1700000E+02   1.9750055E+03   5.4696179E-03   1.9751045E+03   2.8403326E+02  -1.3375577E+02   0.0000000E+00   0.0000000E+00   0.0000000E+00
     2.1800000E+02   1.9750054E+03   5.3215534E-03   1.9751058E+03   2.7132156E+02  -1.3566852E+02   0.0000000E+00   0.0000000E+00   0.0000000E+00
     2.1900000E+02   1.9750049E+03   4.9421438E-03   1.9751068E+03   2.3981888E+02  -1.3757271E+02   0.0000000E+00   0.0000000E+00   0.0000000E+00
     2.2000000E+02   1.9750048E+03   4.7398563E-03   1.9751080E+03   2.2365504E+02  -1.3938560E+02   0.0000000E+00   0.0000000E+00   0.0000000E+00
     2.2100000E+02   1.9750048E+03   4.7600935E-03   1.9751093E+03   2.2524524E+02  -1.4110074E+02   0.0000000E+00   0.0000000E+00   0.0000000E+00
     2.2200000E+02   1.9750050E+03   4.9763122E-03   1.9751107E+03   2.4257625E+02  -1.4269397E+02   0.0000000E+00   0.0000000E+00   0.0000000E+00
     2.2300000E+02   1.9750049E+03   4.8928708E-03   1.9751117E+03   2.3582016E+02  -1.4416508E+02   0.0000000E+00   0.0000000E+00   0.0000000E+00
     2.2400000E+02   1.9750049E+03   4.8541836E-03   1.9751127E+03   2.3271068E+02  -1.4549817E+02   0.0000000E+00   0.0000000E+00   0.0000000E+00
     2.2500000E+02   1.9750050E+03   4.9645398E-03   1.9751136E+03   2.4160535E+02  -1.4669003E+02   0.0000000E+00   0.0000000E+00   0.0000000E+00
     2.2600000E+02   1.9750049E+03   4.8394934E-03   1.9751144E+03   2.3152693E+02  -1.4781039E+02   0.0000000E+00   0.0000000E+00   0.0000000E+00
     2.2700000E+02   1.9750055E+03   5.5466318E-03   1.9751160E+03   2.9070108E+02  -1.4898567E+02   0.0000000E+00   0.0000000E+00   0.0000000E+00
     2.2800000E+02   1.9750056E+03   5.5864262E-03   1.9751168E+03   2.9418567E+02  -1.5021584E+02   0.0000000E+00   0.0000000E+00   0.0000000E+00
     2.2900000E+02   1.9750068E+03   6.8601710E-03   1.9751188E+03   4.1435956E+02  -1.5104868E+02   0.0000000E+00   0.0000000E+00   0.0000000E+00
     2.3000000E+02   1.9750054E+03   5.3167944E-03   1.9751180E+03   2.7087244E+02  -1.5217703E+02   0.0000000E+00   0.0000000E+00   0.0000000E+00
     2.3100000E+02   1.9750170E+03   1.6989542E-02   1.9751323E+03   1.8785900E+03  -1.5577350E+02   0.0000000E+00   0.0000000E+00   0.0000000E+00
     2.3200000E+02   1.9750123E+03   1.2358629E-02   1.9751292E+03   1.1052952E+03  -1.5761913E+02   0.0000000E+00   0.0000000E+00   0.0000000E+00
     2.3300000E+02   1.9750112E+03   1.1208894E-02   1.9751284E+03   9.3928558E+02  -1.5820607E+02   0.0000000E+00   0.0000000E+00   0.0000000E+00
     2.3400000E+02   1.9750096E+03   9.6734269E-03   1.9751273E+03   7.3477740E+02  -1.5880167E+02   0.0000000E+00   0.0000000E+00   0.0000000E+00
     2.3500000E+02   1.9750094E+03   9.3439436E-03   1.9751273E+03   6.9353815E+02  -1.5933583E+02   0.0000000E+00   0.0000000E+00   0.0000000E+00
     2.3600000E+02   1.9750048E+03   4.7487533E-03   1.9751238E+03   2.2446901E+02  -1.6064810E+02   0.0000000E+00   0.0000000E+00   0.0000000E+00
     2.3700000E+02   1.9750046E+03   4.6030041E-03   1.9751240E+03   2.1310388E+02  -1.6124248E+02   0.0000000E+00   0.0000000E+00   0.0000000E+00
     2.3800000E+02   1.9750078E+03   7.8072990E-03   1.9751276E+03   5.1404614E+02  -1.6169189E+02   0.0000000E+00   0.0000000E+00   0.0000000E+00
     2.3900000E+02   1.9750114E+03   1.1389221E-02   1.9751324E+03   9.6460516E+02  -1.6337564E+02   0.0000000E+00   0.0000000E+00   0.0000000E+00
     2.4000000E+02   1.9750088E+03   8.8475319E-03   1.9751310E+03   6.3321490E+02  -1.6481033E+02   0.0000000E+00   0.0000000E+00   0.0000000E+00
     2.4100000E+02   1.9750083E+03   8.3227670E-03   1.9751311E+03   5.7185596E+02  -1.6581602E+02   0.0000000E+00   0.0000000E+00   0.0000000E+00
     2.4200000E+02   1.9750081E+03   8.0912532E-03   1.9751317E+03   5.4558466E+02  -1.6684695E+02   0.0000000E+00   0.0000000E+00   0.0000000E+00
     2.4300000E+02   1.9750077E+03   7.7286130E-03   1.9751321E+03   5.0543182E+02  -1.6788693E+02   0.0000000E+00   0.0000000E+00   0.0000000E+00
     2.4400000E+02   1.9750073E+03   7.3673464E-03   1.9751324E+03   4.6665857E+02  -1.6889404E+02   0.0000000E+00   0.0000000E+00   0.0000000E+00
     2.4500000E+02   1.9750071E+03   7.0482302E-03   1.9751328E+03   4.3344321E+02  -1.6986017E+02   0.0000000E+00   0.0000000E+00   0.0000000E+00
     2.4600000E+02   1.9750050E+03   4.9818940E-03   1.9751309E+03   2.4313538E+02  -1.6998840E+02   0.0000000E+00   0.0000000E+00   0.0000000E+00
     2.4700000E+02   1.9750035E+03   3.5095201E-03   1.9751293E+03   1.3559171E+02  -1.6985168E+02   0.0000000E+00   0.0000000E+00   0.0000000E+00
     2.4800000E+02   1.9750032E+03   3.2171577E-03   1.9751289E+03   1.1728651E+02  -1.6975740E+02   0.0000000E+00   0.0000000E+00   0.0000000E+00
     2.4900000E+02   1.9750031E+03   3.0999179E-03   1.9751279E+03   1.1024654E+02  -1.6853691E+02   0.0000000E+00   0.0000000E+00   0.0000000E+00
     2.5000000E+02   1.9750031E+03   3.0067770E-03   1.9751268E+03   1.0477848E+02  -1.6713081E+02   0.0000000E+00   0.0000000E+00   0.0000000E+00
     2.5100000E+02   1.9750029E+03   2.9385968E-03   1.9751259E+03   1.0084653E+02  -1.6594391E+02   0.0000000E+00   0.0000000E+00   0.0000000E+00
     2.5200000E+02   1.9750029E+03   2.8783754E-03   1.9751254E+03   9.7423370E+01  -1.6538161E+02   0.0000000E+00   0.0000000E+00   0.0000000E+00
     2.5300000E+02   1.9750028E+03   2.8323170E-03   1.9751250E+03   9.4837212E+01  -1.6487138E+02   0.0000000E+00   0.0000000E+00   0.0000000E+00
     2.5400000E+02   1.9750028E+03   2.7887360E-03   1.9751245E+03   9.2415802E+01  -1.6432684E+02   0.0000000E+00   0.0000000E+00   0.0000000E+00
     2.5500000E+02   1.9750028E+03   2.7618799E-03   1.9751240E+03   9.0936249E+01  -1.6376984E+02   0.0000000E+00   0.0000000E+00   0.0000000E+00
     2.5600000E+02   1.9750027E+03   2.7385040E-03   1.9751237E+03   8.9656219E+01  -1.6324307E+02   0.0000000E+00   0.0000000E+00   0.0000000E+00
     2.5700000E+02   1.9750027E+03   2.7165243E-03   1.9751234E+03   8.8459068E+01  -1.6301381E+02   0.0000000E+00   0.0000000E+00   0.0000000E+00
     2.5800000E+02   1.9750027E+03   2.7104979E-03   1.9751233E+03   8.8132072E+01  -1.6281047E+02   0.0000000E+00   0.0000000E+00   0.0000000E+00
     2.5900000E+02   1.9750027E+03   2.6964576E-03   1.9751232E+03   8.7371872E+01  -1.6260535E+02   0.0000000E+00   0.0000000E+00   0.0000000E+00
     2.6000000E+02   1.9750027E+03   2.6759740E-03   1.9751229E+03   8.6267487E+01  -1.6237799E+02   0.0000000E+00   0.0000000E+00   0.0000000E+00
     2.6100000E+02   1.9750027E+03   2.6582747E-03   1.9751228E+03   8.5317749E+01  -1.6215179E+02   0.0000000E+00   0.0000000E+00   0.0000000E+00
     2.6200000E+02   1.9750027E+03   2.6415370E-03   1.9751226E+03   8.4423500E+01  -1.6190689E+02   0.0000000E+00   0.0000000E+00   0.0000000E+00
     2.6300000E+02   1.9750027E+03   2.6251923E-03   1.9751223E+03   8.3553894E+01  -1.6164330E+02   0.0000000E+00   0.0000000E+00   0.0000000E+00
     2.6400000E+02   1.9750026E+03   2.6119149E-03   1.9751222E+03   8.2850174E+01  -1.6136649E+02   0.0000000E+00   0.0000000E+00   0.0000000E+00
     2.6500000E+02   1.9750026E+03   2.5994207E-03   1.9751219E+03   8.2190170E+01  -1.6106664E+02   0.0000000E+00   0.0000000E+00   0.0000000E+00
     2.6600000E+02   1.9750026E+03   2.5882015E-03   1.9751217E+03   8.1599335E+01  -1.6076048E+02   0.0000000E+00   0.0000000E+00   0.0000000E+00
     2.6700000E+02   1.9750026E+03   2.5785060E-03   1.9751215E+03   8.1090172E+01  -1.6044461E+02   0.0000000E+00   0.0000000E+00   0.0000000E+00
     2.6800000E+02   1.9750026E+03   2.5701497E-03   1.9751212E+03   8.0652397E+01  -1.6011137E+02   0.0000000E+00   0.0000000E+00   0.0000000E+00
     2.6900000E+02   1.9750026E+03   2.5624020E-03   1.9751208E+03   8.0247421E+01  -1.5972725E+02   0.0000000E+00   0.0000000E+00   0.0000000E+00
     2.7000000E+02   1.9750026E+03   2.5544732E-03   1.9751205E+03   7.9833855E+01  -1.5928427E+02   0.0000000E+00   0.0000000E+00   0.0000000E+00
     2.7100000E+02   1.9750026E+03   2.5478986E-03   1.9751201E+03   7.9491669E+01  -1.5879787E+02   0.0000000E+00   0.0000000E+00   0.0000000E+00
     2.7200000E+02   1.9750026E+03   2.5423877E-03   1.9751198E+03   7.9205376E+01  -1.5827345E+02   0.0000000E+00   0.0000000E+00   0.0000000E+00
     2.7300000E+02   1.9750026E+03   2.5369045E-03   1.9751194E+03   7.8920959E+01  -1.5771289E+02   0.0000000E+00   0.0000000E+00   0.0000000E+00
     2.7400000E+02   1.9750026E+03   2.5312640E-03   1.9751189E+03   7.8628807E+01  -1.5713631E+02   0.0000000E+00   0.0000000E+00   0.0000000E+00
     2.7500000E+02   1.9750026E+03   2.5254728E-03   1.9751185E+03   7.8329300E+01  -1.5654448E+02   0.0000000E+00   0.0000000E+00   0.0000000E+00
     2.7600000E+02   1.9750026E+03   2.5195475E-03   1.9751180E+03   7.8023323E+01  -1.5593922E+02   0.0000000E+00   0.0000000E+00   0.0000000E+00
     2.7700000E+02   1.9750026E+03   2.5137977E-03   1.9751176E+03   7.7726891E+01  -1.5535260E+02   0.0000000E+00   0.0000000E+00   0.0000000E+00
     2.7800000E+02   1.9750026E+03   2.5082245E-03   1.9751172E+03   7.7439972E+01  -1.5478459E+02   0.0000000E+00   0.0000000E+00   0.0000000E+00
     2.7900000E+02   1.9750026E+03   2.5026775E-03   1.9751167E+03   7.7154846E+01  -1.5421979E+02   0.0000000E+00   0.0000000E+00   0.0000000E+00
     2.8000000E+02   1.9750024E+03   2.4971301E-03   1.9751163E+03   7.6870094E+01  -1.5365538E+02   0.0000000E+00   0.0000000E+00   0.0000000E+00
     2.8100000E+02   1.9750024E+03   2.4915859E-03   1.9751158E+03   7.6585945E+01  -1.5309186E+02   0.0000000E+00   0.0000000E+00   0.0000000E+00
     2.8200000E+02   1.9750024E+03   2.4860494E-03   1.9751155E+03   7.6302589E+01  -1.5252962E+02   0.0000000E+00   0.0000000E+00   0.0000000E+00
     2.8300000E+02   1.9750024E+03   2.4804852E-03   1.9751150E+03   7.6018257E+01  -1.5196515E+02   0.0000000E+00   0.0000000E+00   0.0000000E+00
     2.8400000E+02   1.9750024E+03   2.4749245E-03   1.9751146E+03   7.5734520E+01  -1.5140161E+02   0.0000000E+00   0.0000000E+00   0.0000000E+00
     2.8500000E+02   1.9750024E+03   2.4693676E-03   1.9751143E+03   7.5451401E+01  -1.5083907E+02   0.0000000E+00   0.0000000E+00   0.0000000E+00
     2.8600000E+02   1.9750024E+03   2.4638590E-03   1.9751138E+03   7.5171165E+01  -1.5028207E+02   0.0000000E+00   0.0000000E+00   0.0000000E+00
     2.8700000E+02   1.9750024E+03   2.4583184E-03   1.9751134E+03   7.4889709E+01  -1.4972243E+02   0.0000000E+00   0.0000000E+00   0.0000000E+00
     2.8800000E+02   1.9750024E+03   2.4528212E-03   1.9751129E+03   7.4610893E+01  -1.4916786E+02   0.0000000E+00   0.0000000E+00   0.0000000E+00
     2.8900000E+02   1.9750024E+03   2.4473604E-03   1.9751125E+03   7.4334328E+01  -1.4861765E+02   0.0000000E+00   0.0000000E+00   0.0000000E+00
     2.9000000E+02   1.9750024E+03   2.4420335E-03   1.9751122E+03   7.4064941E+01  -1.4808159E+02   0.0000000E+00   0.0000000E+00   0.0000000E+00
     2.9100000E+02   1.9750024E+03   2.4367911E-03   1.9751117E+03   7.3800201E+01  -1.4755470E+02   0.0000000E+00   0.0000000E+00   0.0000000E+00
     2.9200000E+02   1.9750024E+03   2.4315708E-03   1.9751113E+03   7.3536957E+01  -1.4703064E+02   0.0000000E+00   0.0000000E+00   0.0000000E+00
     2.9300000E+02   1.9750024E+03   2.4265002E-03   1.9751110E+03   7.3281624E+01  -1.4652226E+02   0.0000000E+00   0.0000000E+00   0.0000000E+00
     2.9400000E+02   1.9750024E+03   2.4216524E-03   1.9751106E+03   7.3037849E+01  -1.4603690E+02   0.0000000E+00   0.0000000E+00   0.0000000E+00
     2.9500000E+02   1.9750024E+03   2.4167611E-03   1.9751102E+03   7.2792206E+01  -1.4554767E+02   0.0000000E+00   0.0000000E+00   0.0000000E+00
     2.9600000E+02   1.9750024E+03   2.4118449E-03   1.9751099E+03   7.2545647E+01  -1.4505649E+02   0.0000000E+00   0.0000000E+00   0.0000000E+00
     2.9700000E+02   1.9750024E+03   2.4068435E-03   1.9751095E+03   7.2295158E+01  -1.4455734E+02   0.0000000E+00   0.0000000E+00   0.0000000E+00
     2.9800000E+02   1.9750024E+03   2.4018034E-03   1.9751091E+03   7.2043068E+01  -1.4405492E+02   0.0000000E+00   0.0000000E+00   0.0000000E+00
     2.9900000E+02   1.9750024E+03   2.3967349E-03   1.9751088E+03   7.1789940E+01  -1.4355028E+02   0.0000000E+00   0.0000000E+00   0.0000000E+00
     3.0000000E+02   1.9750024E+03   2.3916026E-03   1.9751084E+03   7.1533958E+01  -1.4303987E+02   0.0000000E+00   0.0000000E+00   0.0000000E+00
     3.0100000E+02   1.9750024E+03   2.3864717E-03   1.9751079E+03   7.1278419E+01  -1.4253027E+02   0.0000000E+00   0.0000000E+00   0.0000000E+00
     3.0200000E+02   1.9750024E+03   2.3813043E-03   1.9751075E+03   7.1021439E+01  -1.4201768E+02   0.0000000E+00   0.0000000E+00   0.0000000E+00
     3.0300000E+02   1.9750023E+03   2.3761285E-03   1.9751072E+03   7.0764420E+01  -1.4150496E+02   0.0000000E+00   0.0000000E+00   0.0000000E+00
     3.0400000E+02   1.9750023E+03   2.3709042E-03   1.9751068E+03   7.0505363E+01  -1.4098808E+02   0.0000000E+00   0.0000000E+00   0.0000000E+00
     3.0500000E+02   1.9750023E+03   2.3656865E-03   1.9751064E+03   7.0247017E+01  -1.4047256E+02   0.0000000E+00   0.0000000E+00   0.0000000E+00
     3.0600000E+02   1.9750023E+03   2.3602950E-03   1.9751061E+03   6.9980461E+01  -1.3994057E+02   0.0000000E+00   0.0000000E+00   0.0000000E+00
     3.0700000E+02   1.9750023E+03   2.3548983E-03   1.9751056E+03   6.9714058E+01  -1.3940881E+02   0.0000000E+00   0.0000000E+00   0.0000000E+00
     3.0800000E+02   1.9750023E+03   2.3495390E-03   1.9751052E+03   6.9449913E+01  -1.3888153E+02   0.0000000E+00   0.0000000E+00   0.0000000E+00
     3.0900000E+02   1.9750023E+03   2.3445224E-03   1.9751049E+03   6.9203026E+01  -1.3835400E+02   0.0000000E+00   0.0000000E+00   0.0000000E+00
     3.1000000E+02   1.9750023E+03   2.3390811E-03   1.9751044E+03   6.8935616E+01  -1.3782187E+02   0.0000000E+00   0.0000000E+00   0.0000000E+00
     3.1100000E+02   1.9750023E+03   2.3335731E-03   1.9751040E+03   6.8665344E+01  -1.3728387E+02   0.0000000E+00   0.0000000E+00   0.0000000E+00
     3.1200000E+02   1.9750023E+03   2.3280722E-03   1.9751036E+03   6.8395851E+01  -1.3674731E+02   0.0000000E+00   0.0000000E+00   0.0000000E+00
     3.1300000E+02   1.9750023E+03   2.3225530E-03   1.9751033E+03   6.8125877E+01  -1.3620966E+02   0.0000000E+00   0.0000000E+00   0.0000000E+00
     3.1400000E+02   1.9750023E+03   2.3170421E-03   1.9751028E+03   6.7856743E+01  -1.3567355E+02   0.0000000E+00   0.0000000E+00   0.0000000E+00
     3.1500000E+02   1.9750023E+03   2.3115370E-03   1.9751024E+03   6.7588318E+01  -1.3513878E+02   0.0000000E+00   0.0000000E+00   0.0000000E+00
     3.1600000E+02   1.9750023E+03   2.3060688E-03   1.9751021E+03   6.7322121E+01  -1.3460834E+02   0.0000000E+00   0.0000000E+00   0.0000000E+00
     3.1700000E+02   1.9750023E+03   2.3006492E-03   1.9751016E+03   6.7058693E+01  -1.3408333E+02   0.0000000E+00   0.0000000E+00   0.0000000E+00
     3.1800000E+02   1.9750023E+03   2.2951732E-03   1.9751012E+03   6.6792931E+01  -1.3355357E+02   0.0000000E+00   0.0000000E+00   0.0000000E+00
     3.1900000E+02   1.9750023E+03   2.2896961E-03   1.9751008E+03   6.6527550E+01  -1.3302448E+02   0.0000000E+00   0.0000000E+00   0.0000000E+00
     3.2000000E+02   1.9750023E+03   2.2842684E-03   1.9751005E+03   6.6264984E+01  -1.3250093E+02   0.0000000E+00   0.0000000E+00   0.0000000E+00
     3.2100000E+02   1.9750023E+03   2.2787880E-03   1.9751000E+03   6.6000290E+01  -1.3197305E+02   0.0000000E+00   0.0000000E+00   0.0000000E+00
     3.2200000E+02   1.9750023E+03   2.2782290E-03   1.9750996E+03   6.5973557E+01  -1.3144945E+02   0.0000000E+00   0.0000000E+00   0.0000000E+00
     3.2300000E+02   1.9750023E+03   2.2690992E-03   1.9750992E+03   6.5533409E+01  -1.3093198E+02   0.0000000E+00   0.0000000E+00   0.0000000E+00
     3.2400000E+02   1.9750023E+03   2.2636256E-03   1.9750989E+03   6.5270218E+01  -1.3041269E+02   0.0000000E+00   0.0000000E+00   0.0000000E+00
     3.2500000E+02   1.9750022E+03   2.2581413E-03   1.9750985E+03   6.5006927E+01  -1.2989284E+02   0.0000000E+00   0.0000000E+00   0.0000000E+00
     3.2600000E+02   1.9750022E+03   2.2527161E-03   1.9750981E+03   6.4746895E+01  -1.2937910E+02   0.0000000E+00   0.0000000E+00   0.0000000E+00
     3.2700000E+02   1.9750022E+03   2.2473142E-03   1.9750977E+03   6.4488388E+01  -1.2886809E+02   0.0000000E+00   0.0000000E+00   0.0000000E+00
     3.2800000E+02   1.9750022E+03   2.2419919E-03   1.9750973E+03   6.4234093E+01  -1.2836517E+02   0.0000000E+00   0.0000000E+00   0.0000000E+00
     3.2900000E+02   1.9750022E+03   2.2366433E-03   1.9750969E+03   6.3978954E+01  -1.2786026E+02   0.0000000E+00   0.0000000E+00   0.0000000E+00
     3.3000000E+02   1.9750022E+03   2.2312945E-03   1.9750966E+03   6.3724205E+01  -1.2735584E+02   0.0000000E+00   0.0000000E+00   0.0000000E+00
     3.3100000E+02   1.9750022E+03   2.2259606E-03   1.9750962E+03   6.3470570E+01  -1.2685337E+02   0.0000000E+00   0.0000000E+00   0.0000000E+00
     3.3200000E+02   1.9750022E+03   2.2206763E-03   1.9750958E+03   6.3219704E+01  -1.2635619E+02   0.0000000E+00   0.0000000E+00   0.0000000E+00
     3.3300000E+02   1.9750022E+03   2.2154276E-03   1.9750955E+03   6.2970913E+01  -1.2586291E+02   0.0000000E+00   0.0000000E+00   0.0000000E+00
     3.3400000E+02   1.9750022E+03   2.2101703E-03   1.9750951E+03   6.2722099E+01  -1.2536935E+02   0.0000000E+00   0.0000000E+00   0.0000000E+00
     3.3500000E+02   1.9750022E+03   2.2048801E-03   1.9750947E+03   6.2472137E+01  -1.2487329E+02   0.0000000E+00   0.0000000E+00   0.0000000E+00
     3.3600000E+02   1.9750022E+03   2.1996386E-03   1.9750944E+03   6.2224873E+01  -1.2438242E+02   0.0000000E+00   0.0000000E+00   0.0000000E+00
     3.3700000E+02   1.9750022E+03   2.1944845E-03   1.9750940E+03   6.1982098E+01  -1.2390034E+02   0.0000000E+00   0.0000000E+00   0.0000000E+00
     3.3800000E+02   1.9750022E+03   2.1893748E-03   1.9750936E+03   6.1741802E+01  -1.2342303E+02   0.0000000E+00   0.0000000E+00   0.0000000E+00
     3.3900000E+02   1.9750022E+03   2.1842730E-03   1.9750933E+03   6.1502254E+01  -1.2294704E+02   0.0000000E+00   0.0000000E+00   0.0000000E+00
     3.4000000E+02   1.9750022E+03   2.1791747E-03   1.9750929E+03   6.1263229E+01  -1.2247195E+02   0.0000000E+00   0.0000000E+00   0.0000000E+00
     3.4100000E+02   1.9750022E+03   2.1739951E-03   1.9750925E+03   6.1020786E+01  -1.2198986E+02   0.0000000E+00   0.0000000E+00   0.0000000E+00
     3.4200000E+02   1.9750022E+03   2.1688533E-03   1.9750922E+03   6.0780487E+01  -1.2151192E+02   0.0000000E+00   0.0000000E+00   0.0000000E+00
     3.4300000E+02   1.9750022E+03   2.1637534E-03   1.9750918E+03   6.0542519E+01  -1.2103850E+02   0.0000000E+00   0.0000000E+00   0.0000000E+00
     3.4400000E+02   1.9750022E+03   2.1586954E-03   1.9750914E+03   6.0306877E+01  -1.2056960E+02   0.0000000E+00   0.0000000E+00   0.0000000E+00
     3.4500000E+02   1.9750022E+03   2.1539759E-03   1.9750911E+03   6.0087345E+01  -1.2010488E+02   0.0000000E+00   0.0000000E+00   0.0000000E+00
     3.4600000E+02   1.9750022E+03   2.1489784E-03   1.9750908E+03   5.9855225E+01  -1.1964423E+02   0.0000000E+00   0.0000000E+00   0.0000000E+00
     3.4700000E+02   1.9750022E+03   2.1437488E-03   1.9750905E+03   5.9612690E+01  -1.1918769E+02   0.0000000E+00   0.0000000E+00   0.0000000E+00
     3.4800000E+02   1.9750022E+03   2.1387867E-03   1.9750901E+03   5.9382935E+01  -1.1872697E+02   0.0000000E+00   0.0000000E+00   0.0000000E+00
     3.4900000E+02   1.9750021E+03   2.1334963E-03   1.9750897E+03   5.9138363E+01  -1.1826468E+02   0.0000000E+00   0.0000000E+00   0.0000000E+00
     3.5000000E+02   1.9750021E+03   2.1285906E-03   1.9750894E+03   5.8911945E+01  -1.1781287E+02   0.0000000E+00   0.0000000E+00   0.0000000E+00
     3.5100000E+02   1.9750021E+03   2.1237810E-03   1.9750891E+03   5.8690304E+01  -1.1737016E+02   0.0000000E+00   0.0000000E+00   0.0000000E+00
     3.5200000E+02   1.9750021E+03   2.1192727E-03   1.9750887E+03   5.8482857E+01  -1.1693597E+02   0.0000000E+00   0.0000000E+00   0.0000000E+00
     3.5300000E+02   1.9750021E+03   2.1168853E-03   1.9750884E+03   5.8373203E+01  -1.1650858E+02   0.0000000E+00   0.0000000E+00   0.0000000E+00
     3.5400000E+02   1.9750021E+03   2.1105167E-03   1.9750881E+03   5.8080788E+01  -1.1608762E+02   0.0000000E+00   0.0000000E+00   0.0000000E+00
     3.5500000E+02   1.9750021E+03   2.1059408E-03   1.9750878E+03   5.7871098E+01  -1.1567205E+02   0.0000000E+00   0.0000000E+00   0.0000000E+00
     3.5600000E+02   1.9750021E+03   2.1014118E-03   1.9750875E+03   5.7663864E+01  -1.1526119E+02   0.0000000E+00   0.0000000E+00   0.0000000E+00
     3.5700000E+02   1.9750021E+03   2.0968982E-03   1.9750872E+03   5.7457623E+01  -1.1485213E+02   0.0000000E+00   0.0000000E+00   0.0000000E+00
     3.5800000E+02   1.9750021E+03   2.0918888E-03   1.9750869E+03   5.7229057E+01  -1.1443816E+02   0.0000000E+00   0.0000000E+00   0.0000000E+00
     3.5900000E+02   1.9750021E+03   2.0873633E-03   1.9750865E+03   5.7022793E+01  -1.1402666E+02   0.0000000E+00   0.0000000E+00   0.0000000E+00
     3.6000000E+02   1.9750021E+03   2.0828326E-03   1.9750862E+03   5.6816807E+01  -1.1361565E+02   0.0000000E+00   0.0000000E+00   0.0000000E+00
     3.6100000E+02   1.9750022E+03   2.1449355E-03   1.9750859E+03   5.9671040E+01  -1.1320123E+02   0.0000000E+00   0.0000000E+00   0.0000000E+00
     3.6200000E+02   1.9750021E+03   2.0889486E-03   1.9750857E+03   5.7095798E+01  -1.1280501E+02   0.0000000E+00   0.0000000E+00   0.0000000E+00
     3.6300000E+02   1.9750021E+03   2.0833807E-03   1.9750853E+03   5.6842373E+01  -1.1240370E+02   0.0000000E+00   0.0000000E+00   0.0000000E+00
     3.6400000E+02   1.9750021E+03   2.0779429E-03   1.9750851E+03   5.6595318E+01  -1.1200497E+02   0.0000000E+00   0.0000000E+00   0.0000000E+00
     3.6500000E+02   1.9750021E+03   2.0726151E-03   1.9750847E+03   5.6353638E+01  -1.1160806E+02   0.0000000E+00   0.0000000E+00   0.0000000E+00
     3.6600000E+02   1.9750021E+03   2.0598618E-03   1.9750845E+03   5.5776630E+01  -1.1121304E+02   0.0000000E+00   0.0000000E+00   0.0000000E+00
     3.6700000E+02   1.9750021E+03   2.0552203E-03   1.9750841E+03   5.5567318E+01  -1.1081828E+02   0.0000000E+00   0.0000000E+00   0.0000000E+00
     3.6800000E+02   1.9750021E+03   2.0506040E-03   1.9750839E+03   5.5359501E+01  -1.1042444E+02   0.0000000E+00   0.0000000E+00   0.0000000E+00
     3.6900000E+02   1.9750021E+03   2.0553772E-03   1.9750836E+03   5.5574814E+01  -1.1003094E+02   0.0000000E+00   0.0000000E+00   0.0000000E+00
     3.7000000E+02   1.9750021E+03   2.0417466E-03   1.9750833E+03   5.4961605E+01  -1.0964224E+02   0.0000000E+00   0.0000000E+00   0.0000000E+00
     3.7100000E+02   1.9750021E+03   2.0371620E-03   1.9750830E+03   5.4756008E+01  -1.0925201E+02   0.0000000E+00   0.0000000E+00   0.0000000E+00
     3.7200000E+02   1.9750021E+03   2.0326271E-03   1.9750826E+03   5.4553127E+01  -1.0886338E+02   0.0000000E+00   0.0000000E+00   0.0000000E+00
     3.7300000E+02   1.9750021E+03   2.0345289E-03   1.9750824E+03   5.4638485E+01  -1.0847700E+02   0.0000000E+00   0.0000000E+00   0.0000000E+00
     3.7400000E+02   1.9750021E+03   2.0296329E-03   1.9750822E+03   5.4419544E+01  -1.0808741E+02   0.0000000E+00   0.0000000E+00   0.0000000E+00
     3.7500000E+02   1.9750021E+03   2.0273547E-03   1.9750818E+03   5.4317883E+01  -1.0769564E+02   0.0000000E+00   0.0000000E+00   0.0000000E+00
     3.7600000E+02   1.9750021E+03   2.0469234E-03   1.9750825E+03   5.5194820E+01  -1.0858722E+02   0.0000000E+00   0.0000000E+00   0.0000000E+00
     3.7700000E+02   1.9750021E+03   2.0439760E-03   1.9750825E+03   5.5062248E+01  -1.0869189E+02   0.0000000E+00   0.0000000E+00   0.0000000E+00
     3.7800000E+02   1.9750021E+03   2.0415785E-03   1.9750825E+03   5.4954590E+01  -1.0861438E+02   0.0000000E+00   0.0000000E+00   0.0000000E+00
     3.7900000E+02   1.9750021E+03   2.0400363E-03   1.9750824E+03   5.4885406E+01  -1.0853225E+02   0.0000000E+00   0.0000000E+00   0.0000000E+00
     3.8000000E+02   1.9750021E+03   2.0428014E-03   1.9750825E+03   5.5009483E+01  -1.0866417E+02   0.0000000E+00   0.0000000E+00   0.0000000E+00
     3.8100000E+02   1.9750021E+03   2.0446058E-03   1.9750826E+03   5.5090504E+01  -1.0877071E+02   0.0000000E+00   0.0000000E+00   0.0000000E+00
     3.8200000E+02   1.9750021E+03   2.0554876E-03   1.9750830E+03   5.5580189E+01  -1.0931469E+02   0.0000000E+00   0.0000000E+00   0.0000000E+00
     3.8300000E+02   1.9750021E+03   2.0649380E-03   1.9750834E+03   5.6006878E+01  -1.0972991E+02   0.0000000E+00   0.0000000E+00   0.0000000E+00
     3.8400000E+02   1.9750021E+03   2.0655843E-03   1.9750834E+03   5.6036106E+01  -1.0978486E+02   0.0000000E+00   0.0000000E+00   0.0000000E+00
     3.8500000E+02   1.9750021E+03   2.0608341E-03   1.9750831E+03   5.5821468E+01  -1.0950026E+02   0.0000000E+00   0.0000000E+00   0.0000000E+00
     3.8600000E+02   1.9750021E+03   2.0555917E-03   1.9750829E+03   5.5584942E+01  -1.0915883E+02   0.0000000E+00   0.0000000E+00   0.0000000E+00
     3.8700000E+02   1.9750021E+03   2.0508040E-03   1.9750826E+03   5.5369362E+01  -1.0881674E+02   0.0000000E+00   0.0000000E+00   0.0000000E+00
     3.8800000E+02   1.9750021E+03   2.0461299E-03   1.9750824E+03   5.5159161E+01  -1.0847451E+02   0.0000000E+00   0.0000000E+00   0.0000000E+00
     3.8900000E+02   1.9750021E+03   2.0415366E-03   1.9750822E+03   5.4952969E+01  -1.0813242E+02   0.0000000E+00   0.0000000E+00   0.0000000E+00
     3.9000000E+02   1.9750021E+03   2.0369773E-03   1.9750819E+03   5.4748558E+01  -1.0778564E+02   0.0000000E+00   0.0000000E+00   0.0000000E+00
     3.9100000E+02   1.9750021E+03   2.0324758E-03   1.9750817E+03   5.4547096E+01  -1.0743500E+02   0.0000000E+00   0.0000000E+00   0.0000000E+00
     3.9200000E+02   1.9750021E+03   2.0279887E-03   1.9750813E+03   5.4346516E+01  -1.0708501E+02   0.0000000E+00   0.0000000E+00   0.0000000E+00
     3.9300000E+02   1.9750021E+03   2.0367929E-03   1.9750814E+03   5.4740654E+01  -1.0715311E+02   0.0000000E+00   0.0000000E+00   0.0000000E+00
     3.9400000E+02   1.9750021E+03   2.0343051E-03   1.9750813E+03   5.4629265E+01  -1.0696556E+02   0.0000000E+00   0.0000000E+00   0.0000000E+00
     3.9500000E+02   1.9750021E+03   2.0270483E-03   1.9750809E+03   5.4304794E+01  -1.0655451E+02   0.0000000E+00   0.0000000E+00   0.0000000E+00
     3.9600000E+02   1.9750021E+03   2.0231463E-03   1.9750807E+03   5.4130733E+01  -1.0615324E+02   0.0000000E+00   0.0000000E+00   0.0000000E+00
     3.9700000E+02   1.9750021E+03   2.0198016E-03   1.9750803E+03   5.3981743E+01  -1.0576633E+02   0.0000000E+00   0.0000000E+00   0.0000000E+00
     3.9800000E+02   1.9750021E+03   2.0264008E-03   1.9750804E+03   5.4276203E+01  -1.0588435E+02   0.0000000E+00   0.0000000E+00   0.0000000E+00
     3.9900000E+02   1.9750021E+03   2.0413781E-03   1.9750808E+03   5.4946747E+01  -1.0640840E+02   0.0000000E+00   0.0000000E+00   0.0000000E+00
     4.0000000E+02   1.9750021E+03   2.0540478E-03   1.9750812E+03   5.5516537E+01  -1.0686955E+02   0.0000000E+00   0.0000000E+00   0.0000000E+00
     4.0100000E+02   1.9750021E+03   2.0593726E-03   1.9750813E+03   5.5756752E+01  -1.0697095E+02   0.0000000E+00   0.0000000E+00   0.0000000E+00
     4.0200000E+02   1.9750021E+03   2.0664434E-03   1.9750813E+03   5.6076420E+01  -1.0703993E+02   0.0000000E+00   0.0000000E+00   0.0000000E+00
     4.0300000E+02   1.9750021E+03   2.0792016E-03   1.9750815E+03   5.6654980E+01  -1.0730042E+02   0.0000000E+00   0.0000000E+00   0.0000000E+00
     4.0400000E+02   1.9750021E+03   2.0767257E-03   1.9750814E+03   5.6542652E+01  -1.0703822E+02   0.0000000E+00   0.0000000E+00   0.0000000E+00
     4.0500000E+02   1.9750021E+03   2.0789544E-03   1.9750812E+03   5.6644024E+01  -1.0679507E+02   0.0000000E+00   0.0000000E+00   0.0000000E+00
     4.0600000E+02   1.9750021E+03   2.0828403E-03   1.9750811E+03   5.6820854E+01  -1.0657700E+02   0.0000000E+00   0.0000000E+00   0.0000000E+00
     4.0700000E+02   1.9750021E+03   2.0828117E-03   1.9750808E+03   5.6819706E+01  -1.0624350E+02   0.0000000E+00   0.0000000E+00   0.0000000E+00
     4.0800000E+02   1.9750021E+03   2.0858066E-03   1.9750806E+03   5.6956219E+01  -1.0591432E+02   0.0000000E+00   0.0000000E+00   0.0000000E+00
     4.0900000E+02   1.9750021E+03   2.0896548E-03   1.9750803E+03   5.7131737E+01  -1.0563391E+02   0.0000000E+00   0.0000000E+00   0.0000000E+00
     4.1000000E+02   1.9750023E+03   2.2952182E-03   1.9750831E+03   6.6807747E+01  -1.0913110E+02   0.0000000E+00   0.0000000E+00   0.0000000E+00
     4.1100000E+02   1.9750062E+03   6.2845601E-03   1.9750908E+03   3.5806921E+02  -1.1413701E+02   0.0000000E+00   0.0000000E+00   0.0000000E+00
     4.1200000E+02   1.9750055E+03   5.4365513E-03   1.9750909E+03   2.8120306E+02  -1.1549350E+02   0.0000000E+00   0.0000000E+00   0.0000000E+00
     4.1300000E+02   1.9750054E+03   5.3547509E-03   1.9750917E+03   2.7418265E+02  -1.1660337E+02   0.0000000E+00   0.0000000E+00   0.0000000E+00
     4.1400000E+02   1.9750127E+03   1.2651489E-02   1.9751014E+03   1.1492957E+03  -1.1983276E+02   0.0000000E+00   0.0000000E+00   0.0000000E+00
     4.1500000E+02   1.9750084E+03   8.4763402E-03   1.9750972E+03   5.8957489E+02  -1.1968572E+02   0.0000000E+00   0.0000000E+00   0.0000000E+00
     4.1600000E+02   1.9750079E+03   7.9689184E-03   1.9750963E+03   5.3193115E+02  -1.1929826E+02   0.0000000E+00   0.0000000E+00   0.0000000E+00
     4.1700000E+02   1.9750078E+03   7.7803456E-03   1.9750963E+03   5.1111685E+02  -1.1959072E+02   0.0000000E+00   0.0000000E+00   0.0000000E+00
     4.1800000E+02   1.9750094E+03   9.3582170E-03   1.9750997E+03   6.9531561E+02  -1.2194961E+02   0.0000000E+00   0.0000000E+00   0.0000000E+00
     4.1900000E+02   1.9750122E+03   1.2171598E-02   1.9751040E+03   1.0775602E+03  -1.2389675E+02   0.0000000E+00   0.0000000E+00   0.0000000E+00
     4.2000000E+02   1.9750298E+03   2.9727058E-02   1.9751233E+03   4.7728945E+03  -1.2635823E+02   0.0000000E+00   0.0000000E+00   0.0000000E+00
     4.2100000E+02   1.9750197E+03   1.9697187E-02   1.9751151E+03   2.4035940E+03  -1.2886711E+02   0.0000000E+00   0.0000000E+00   0.0000000E+00
     4.2200000E+02   1.9750155E+03   1.5552831E-02   1.9751104E+03   1.6213560E+03  -1.2804478E+02   0.0000000E+00   0.0000000E+00   0.0000000E+00
     4.2300000E+02   1.9750142E+03   1.4187702E-02   1.9751084E+03   1.3911777E+03  -1.2720633E+02   0.0000000E+00   0.0000000E+00   0.0000000E+00
     4.2400000E+02   1.9750131E+03   1.3017796E-02   1.9751068E+03   1.2052897E+03  -1.2669540E+02   0.0000000E+00   0.0000000E+00   0.0000000E+00
     4.2500000E+02   1.9750120E+03   1.2018362E-02   1.9751057E+03   1.0550447E+03  -1.2641762E+02   0.0000000E+00   0.0000000E+00   0.0000000E+00
     4.2600000E+02   1.9750111E+03   1.1096981E-02   1.9751046E+03   9.2371167E+02  -1.2631601E+02   0.0000000E+00   0.0000000E+00   0.0000000E+00
     4.2700000E+02   1.9750074E+03   7.4787023E-03   1.9751014E+03   4.7851373E+02  -1.2679814E+02   0.0000000E+00   0.0000000E+00   0.0000000E+00
     4.2800000E+02   1.9750072E+03   7.1817962E-03   1.9751011E+03   4.4726947E+02  -1.2680549E+02   0.0000000E+00   0.0000000E+00   0.0000000E+00
     4.2900000E+02   1.9750079E+03   7.9449154E-03   1.9751018E+03   5.2926074E+02  -1.2672839E+02   0.0000000E+00   0.0000000E+00   0.0000000E+00
     4.3000000E+02   1.9750081E+03   8.0013704E-03   1.9751019E+03   5.3554407E+02  -1.2683582E+02   0.0000000E+00   0.0000000E+00   0.0000000E+00
     4.3100000E+02   1.9750078E+03   7.7832085E-03   1.9751019E+03   5.1142761E+02  -1.2703008E+02   0.0000000E+00   0.0000000E+00   0.0000000E+00
     4.3200000E+02   1.9750076E+03   7.5211287E-03   1.9751018E+03   4.8304678E+02  -1.2726546E+02   0.0000000E+00   0.0000000E+00   0.0000000E+00
     4.3300000E+02   1.9750076E+03   7.5793536E-03   1.9751029E+03   4.8929532E+02  -1.2868736E+02   0.0000000E+00   0.0000000E+00   0.0000000E+00
     4.3400000E+02   1.9750081E+03   8.0931596E-03   1.9751046E+03   5.4582190E+02  -1.3027097E+02   0.0000000E+00   0.0000000E+00   0.0000000E+00
     4.3500000E+02   1.9750079E+03   7.9059480E-03   1.9751050E+03   5.2493939E+02  -1.3108737E+02   0.0000000E+00   0.0000000E+00   0.0000000E+00
     4.3600000E+02   1.9750083E+03   8.3154878E-03   1.9751063E+03   5.7104163E+02  -1.3228331E+02   0.0000000E+00   0.0000000E+00   0.0000000E+00
     4.3700000E+02   1.9750095E+03   9.5092515E-03   1.9751085E+03   7.1411743E+02  -1.3370779E+02   0.0000000E+00   0.0000000E+00   0.0000000E+00
     4.3800000E+02   1.9750082E+03   8.1780022E-03   1.9751071E+03   5.5539136E+02  -1.3341531E+02   0.0000000E+00   0.0000000E+00   0.0000000E+00
     4.3900000E+02   1.9750077E+03   7.6830466E-03   1.9751063E+03   5.0050177E+02  -1.3313145E+02   0.0000000E+00   0.0000000E+00   0.0000000E+00
     4.4000000E+02   1.9750072E+03   7.2183497E-03   1.9751057E+03   4.5106683E+02  -1.3296228E+02   0.0000000E+00   0.0000000E+00   0.0000000E+00
     4.4100000E+02   1.9750072E+03   7.1541527E-03   1.9751061E+03   4.4439929E+02  -1.3354164E+02   0.0000000E+00   0.0000000E+00   0.0000000E+00
     4.4200000E+02   1.9750084E+03   8.4118778E-03   1.9751083E+03   5.8211615E+02  -1.3474632E+02   0.0000000E+00   0.0000000E+00   0.0000000E+00
     4.4300000E+02   1.9750073E+03   7.2927186E-03   1.9751069E+03   4.5883887E+02  -1.3459592E+02   0.0000000E+00   0.0000000E+00   0.0000000E+00
     4.4400000E+02   1.9750068E+03   6.8963179E-03   1.9751067E+03   4.1802246E+02  -1.3464323E+02   0.0000000E+00   0.0000000E+00   0.0000000E+00
     4.4500000E+02   1.9750071E+03   7.0848558E-03   1.9751074E+03   4.3724570E+02  -1.3541530E+02   0.0000000E+00   0.0000000E+00   0.0000000E+00
     4.4600000E+02   1.9750981E+03   9.8192602E-02   1.9751921E+03   3.4967184E+04  -1.2687718E+02   0.0000000E+00   0.0000000E+00   0.0000000E+00
     4.4700000E+02   1.9750286E+03   2.8622260E-02   1.9751370E+03   4.4809224E+03  -1.4619785E+02   0.0000000E+00   0.0000000E+00   0.0000000E+00
     4.4800000E+02   1.9750175E+03   1.7489500E-02   1.9751257E+03   1.9716279E+03  -1.4618709E+02   0.0000000E+00   0.0000000E+00   0.0000000E+00
     4.4900000E+02   1.9750129E+03   1.2915302E-02   1.9751206E+03   1.1895139E+03  -1.4535703E+02   0.0000000E+00   0.0000000E+00   0.0000000E+00
     4.5000000E+02   1.9750131E+03   1.3105441E-02   1.9751199E+03   1.2188439E+03  -1.4408549E+02   0.0000000E+00   0.0000000E+00   0.0000000E+00
     4.5100000E+02   1.9750127E+03   1.2677603E-02   1.9751188E+03   1.1532510E+03  -1.4328998E+02   0.0000000E+00   0.0000000E+00   0.0000000E+00
     4.5200000E+02   1.9750121E+03   1.2055382E-02   1.9751178E+03   1.0604655E+03  -1.4278671E+02   0.0000000E+00   0.0000000E+00   0.0000000E+00
     4.5300000E+02   1.9750114E+03   1.1334764E-02   1.9751169E+03   9.5693359E+02  -1.4249977E+02   0.0000000E+00   0.0000000E+00   0.0000000E+00
     4.5400000E+02   1.9750106E+03   1.0642177E-02   1.9751161E+03   8.6147833E+02  -1.4236626E+02   0.0000000E+00   0.0000000E+00   0.0000000E+00
     4.5500000E+02   1.9750100E+03   9.9824639E-03   1.9751155E+03   7.7432257E+02  -1.4235736E+02   0.0000000E+00   0.0000000E+00   0.0000000E+00
     4.5600000E+02   1.9750094E+03   9.4269216E-03   1.9751150E+03   7.0384003E+02  -1.4248845E+02   0.0000000E+00   0.0000000E+00   0.0000000E+00
     4.5700000E+02   1.9750089E+03   8.9386273E-03   1.9751146E+03   6.4412994E+02  -1.4270207E+02   0.0000000E+00   0.0000000E+00   0.0000000E+00
     4.5800000E+02   1.9750084E+03   8.4493924E-03   1.9751144E+03   5.8644635E+02  -1.4298438E+02   0.0000000E+00   0.0000000E+00   0.0000000E+00
     4.5900000E+02   1.9750081E+03   8.0099590E-03   1.9751143E+03   5.3649506E+02  -1.4338892E+02   0.0000000E+00   0.0000000E+00   0.0000000E+00
     4.6000000E+02   1.9750076E+03   7.5897141E-03   1.9751157E+03   4.9040021E+02  -1.4604834E+02   0.0000000E+00   0.0000000E+00   0.0000000E+00
     4.6100000E+02   1.9750072E+03   7.2035301E-03   1.9751173E+03   4.4951160E+02  -1.4863850E+02   0.0000000E+00   0.0000000E+00   0.0000000E+00
     4.6200000E+02   1.9750068E+03   6.8939482E-03   1.9751189E+03   4.1776645E+02  -1.5113782E+02   0.0000000E+00   0.0000000E+00   0.0000000E+00
     4.6300000E+02   1.9750066E+03   6.6031236E-03   1.9751204E+03   3.8879474E+02  -1.5351166E+02   0.0000000E+00   0.0000000E+00   0.0000000E+00
     4.6400000E+02   1.9750063E+03   6.3750939E-03   1.9751217E+03   3.6666144E+02  -1.5569490E+02   0.0000000E+00   0.0000000E+00   0.0000000E+00
     4.6500000E+02   1.9750061E+03   6.1584543E-03   1.9751230E+03   3.4611411E+02  -1.5772397E+02   0.0000000E+00   0.0000000E+00   0.0000000E+00
     4.6600000E+02   1.9750059E+03   5.9106317E-03   1.9751240E+03   3.2319122E+02  -1.5944870E+02   0.0000000E+00   0.0000000E+00   0.0000000E+00
     4.6700000E+02   1.9750056E+03   5.6659081E-03   1.9751249E+03   3.0117123E+02  -1.6090031E+02   0.0000000E+00   0.0000000E+00   0.0000000E+00
     4.6800000E+02   1.9750054E+03   5.4268586E-03   1.9751256E+03   2.8026004E+02  -1.6229337E+02   0.0000000E+00   0.0000000E+00   0.0000000E+00
     4.6900000E+02   1.9750034E+03   3.3774350E-03   1.9751246E+03   1.2719277E+02  -1.6374997E+02   0.0000000E+00   0.0000000E+00   0.0000000E+00
     4.7000000E+02   1.9750033E+03   3.3552044E-03   1.9751254E+03   1.2579971E+02  -1.6465704E+02   0.0000000E+00   0.0000000E+00   0.0000000E+00
     4.7100000E+02   1.9750033E+03   3.3351935E-03   1.9751260E+03   1.2455095E+02  -1.6548604E+02   0.0000000E+00   0.0000000E+00   0.0000000E+00
     4.7200000E+02   1.9750033E+03   3.3162225E-03   1.9751265E+03   1.2337169E+02  -1.6624730E+02   0.0000000E+00   0.0000000E+00   0.0000000E+00
     4.7300000E+02   1.9750033E+03   3.3026373E-03   1.9751273E+03   1.2252968E+02  -1.6746964E+02   0.0000000E+00   0.0000000E+00   0.0000000E+00
     4.7400000E+02   1.9750033E+03   3.2913110E-03   1.9751283E+03   1.2182935E+02  -1.6872470E+02   0.0000000E+00   0.0000000E+00   0.0000000E+00
     4.7500000E+02   1.9750033E+03   3.2810876E-03   1.9751292E+03   1.2119852E+02  -1.6994064E+02   0.0000000E+00   0.0000000E+00   0.0000000E+00
     4.7600000E+02   1.9750033E+03   3.2720224E-03   1.9751300E+03   1.2064019E+02  -1.7111775E+02   0.0000000E+00   0.0000000E+00   0.0000000E+00
     4.7700000E+02   1.9750033E+03   3.2645774E-03   1.9751309E+03   1.2018237E+02  -1.7224310E+02   0.0000000E+00   0.0000000E+00   0.0000000E+00
     4.7800000E+02   1.9750033E+03   3.2573228E-03   1.9751316E+03   1.1973685E+02  -1.7328317E+02   0.0000000E+00   0.0000000E+00   0.0000000E+00
     4.7900000E+02   1.9750033E+03   3.2498569E-03   1.9751323E+03   1.1927915E+02  -1.7421036E+02   0.0000000E+00   0.0000000E+00   0.0000000E+00
     4.8000000E+02   1.9750033E+03   3.2417472E-03   1.9751328E+03   1.1878287E+02  -1.7494173E+02   0.0000000E+00   0.0000000E+00   0.0000000E+00
     4.8100000E+02   1.9750032E+03   3.2333701E-03   1.9751333E+03   1.1827113E+02  -1.7551872E+02   0.0000000E+00   0.0000000E+00   0.0000000E+00
     4.8200000E+02   1.9750032E+03   3.2247959E-03   1.9751335E+03   1.1774835E+02  -1.7597504E+02   0.0000000E+00   0.0000000E+00   0.0000000E+00
     4.8300000E+02   1.9750032E+03   3.2160515E-03   1.9751338E+03   1.1721619E+02  -1.7633929E+02   0.0000000E+00   0.0000000E+00   0.0000000E+00
     4.8400000E+02   1.9750032E+03   3.2083145E-03   1.9751342E+03   1.1674611E+02  -1.7674734E+02   0.0000000E+00   0.0000000E+00   0.0000000E+00
     4.8500000E+02   1.9750032E+03   3.2031322E-03   1.9751346E+03   1.1643145E+02  -1.7740021E+02   0.0000000E+00   0.0000000E+00   0.0000000E+00
     4.8600000E+02   1.9750032E+03   3.1982679E-03   1.9751351E+03   1.1613639E+02  -1.7802834E+02   0.0000000E+00   0.0000000E+00   0.0000000E+00
     4.8700000E+02   1.9750032E+03   3.1935540E-03   1.9751355E+03   1.1585078E+02  -1.7860410E+02   0.0000000E+00   0.0000000E+00   0.0000000E+00
     4.8800000E+02   1.9750032E+03   3.1888352E-03   1.9751359E+03   1.1556514E+02  -1.7912210E+02   0.0000000E+00   0.0000000E+00   0.0000000E+00
     4.8900000E+02   1.9750032E+03   3.1840473E-03   1.9751362E+03   1.1527567E+02  -1.7958080E+02   0.0000000E+00   0.0000000E+00   0.0000000E+00
     4.9000000E+02   1.9750032E+03   3.1793823E-03   1.9751365E+03   1.1499388E+02  -1.7998860E+02   0.0000000E+00   0.0000000E+00   0.0000000E+00
     4.9100000E+02   1.9750032E+03   3.1747676E-03   1.9751367E+03   1.1471547E+02  -1.8034593E+02   0.0000000E+00   0.0000000E+00   0.0000000E+00
     4.9200000E+02   1.9750032E+03   3.1702188E-03   1.9751370E+03   1.1444128E+02  -1.8066417E+02   0.0000000E+00   0.0000000E+00   0.0000000E+00
     4.9300000E+02   1.9750032E+03   3.1658122E-03   1.9751372E+03   1.1417593E+02  -1.8095821E+02   0.0000000E+00   0.0000000E+00   0.0000000E+00
     4.9400000E+02   1.9750032E+03   3.1618692E-03   1.9751375E+03   1.1393867E+02  -1.8127119E+02   0.0000000E+00   0.0000000E+00   0.0000000E+00
     4.9500000E+02   1.9750032E+03   3.1587889E-03   1.9751377E+03   1.1375342E+02  -1.8159756E+02   0.0000000E+00   0.0000000E+00   0.0000000E+00
     4.9600000E+02   1.9750032E+03   3.1559735E-03   1.9751379E+03   1.1358418E+02  -1.8192941E+02   0.0000000E+00   0.0000000E+00   0.0000000E+00
     4.9700000E+02   1.9750032E+03   3.1534927E-03   1.9751382E+03   1.1343509E+02  -1.8227647E+02   0.0000000E+00   0.0000000E+00   0.0000000E+00
     4.9800000E+02   1.9750032E+03   3.1511108E-03   1.9751384E+03   1.1329202E+02  -1.8261296E+02   0.0000000E+00   0.0000000E+00   0.0000000E+00
     4.9900000E+02   1.9750032E+03   3.1485574E-03   1.9751387E+03   1.1313876E+02  -1.8289862E+02   0.0000000E+00   0.0000000E+00   0.0000000E+00
     5.0000000E+02   1.9750032E+03   3.1460132E-03   1.9751388E+03   1.1298618E+02  -1.8315416E+02   0.0000000E+00   0.0000000E+00   0.0000000E+00
     5.0100000E+02   1.9750032E+03   3.1434132E-03   1.9751390E+03   1.1283034E+02  -1.8338118E+02   0.0000000E+00   0.0000000E+00   0.0000000E+00
