 "GAGE No.    7:  K,I,J Coord. =     2,   35,   37;  STREAM SEGMENT =     5;  REACH =     1 "
     "DATA: Time           Stage           Depth         GW-Head    Midpt-Flow       Stream-Loss        GW-Rech.  Chnge-UZ-Stor.   Vol.-UZ-Stor."
     1.0000000E+00   2.0540234E+03   2.3501389E-02   2.0541404E+03   4.4299961E+03   0.0000000E+00   0.0000000E+00   0.0000000E+00   0.0000000E+00
     2.0000000E+00   2.0540229E+03   2.2980122E-02   2.0541384E+03   4.2674424E+03   0.0000000E+00   0.0000000E+00   0.0000000E+00   0.0000000E+00
     3.0000000E+00   2.0540229E+03   2.2927035E-02   2.0541382E+03   4.2510234E+03   0.0000000E+00   0.0000000E+00   0.0000000E+00   0.0000000E+00
     4.0000000E+00   2.0540229E+03   2.2900464E-02   2.0541379E+03   4.2428154E+03   0.0000000E+00   0.0000000E+00   0.0000000E+00   0.0000000E+00
     5.0000000E+00   2.0540229E+03   2.2884408E-02   2.0541379E+03   4.2378584E+03   0.0000000E+00   0.0000000E+00   0.0000000E+00   0.0000000E+00
     6.0000000E+00   2.0540229E+03   2.2872500E-02   2.0541377E+03   4.2341846E+03   0.0000000E+00   0.0000000E+00   0.0000000E+00   0.0000000E+00
     7.0000000E+00   2.0540229E+03   2.2861958E-02   2.0541375E+03   4.2309331E+03   0.0000000E+00   0.0000000E+00   0.0000000E+00   0.0000000E+00
     8.0000000E+00   2.0540229E+03   2.2851670E-02   2.0541375E+03   4.2277607E+03   0.0000000E+00   0.0000000E+00   0.0000000E+00   0.0000000E+00
     9.0000000E+00   2.0540229E+03   2.2841381E-02   2.0541372E+03   4.2245889E+03   0.0000000E+00   0.0000000E+00   0.0000000E+00   0.0000000E+00
     1.0000000E+01   2.0540229E+03   2.2831636E-02   2.0541370E+03   4.2215859E+03   0.0000000E+00   0.0000000E+00   0.0000000E+00   0.0000000E+00
     1.1000000E+01   2.0540229E+03   2.2836421E-02   2.0541367E+03   4.2230610E+03   0.0000000E+00   0.0000000E+00   0.0000000E+00   0.0000000E+00
     1.2000000E+01   2.0540229E+03   2.2845911E-02   2.0541365E+03   4.2259873E+03   0.0000000E+00   0.0000000E+00   0.0000000E+00   0.0000000E+00
     1.3000000E+01   2.0540237E+03   2.3639439E-02   2.0541370E+03   4.4734688E+03   0.0000000E+00   0.0000000E+00   0.0000000E+00   0.0000000E+00
     1.4000000E+01   2.0540234E+03   2.3406941E-02   2.0541365E+03   4.4003770E+03   0.0000000E+00   0.0000000E+00   0.0000000E+00   0.0000000E+00
     1.5000000E+01   2.0540237E+03   2.3636259E-02   2.0541365E+03   4.4724673E+03   0.0000000E+00   0.0000000E+00   0.0000000E+00   0.0000000E+00
     1.6000000E+01   2.0540239E+03   2.3845697E-02   2.0541362E+03   4.5387168E+03   0.0000000E+00   0.0000000E+00   0.0000000E+00   0.0000000E+00
     1.7000000E+01   2.0540242E+03   2.4062030E-02   2.0541362E+03   4.6075557E+03   0.0000000E+00   0.0000000E+00   0.0000000E+00   0.0000000E+00
     1.8000000E+01   2.0540244E+03   2.4384296E-02   2.0541362E+03   4.7196445E+03   0.0000000E+00   0.0000000E+00   0.0000000E+00   0.0000000E+00
     1.9000000E+01   2.0540249E+03   2.4888627E-02   2.0541362E+03   4.8752046E+03   0.0000000E+00   0.0000000E+00   0.0000000E+00   0.0000000E+00
     2.0000000E+01   2.0540251E+03   2.5025465E-02   2.0541362E+03   4.9203462E+03   0.0000000E+00   0.0000000E+00   0.0000000E+00   0.0000000E+00
     2.1000000E+01   2.0540251E+03   2.5100827E-02   2.0541360E+03   4.9450786E+03   0.0000000E+00   0.0000000E+00   0.0000000E+00   0.0000000E+00
     2.2000000E+01   2.0540251E+03   2.5225630E-02   2.0541357E+03   4.9861738E+03   0.0000000E+00   0.0000000E+00   0.0000000E+00   0.0000000E+00
     2.3000000E+01   2.0540254E+03   2.5354402E-02   2.0541355E+03   5.0286851E+03   0.0000000E+00   0.0000000E+00   0.0000000E+00   0.0000000E+00
     2.4000000E+01   2.0540254E+03   2.5491729E-02   2.0541353E+03   5.0741821E+03   0.0000000E+00   0.0000000E+00   0.0000000E+00   0.0000000E+00
     2.5000000E+01   2.0540256E+03   2.5634844E-02   2.0541353E+03   5.1217695E+03   0.0000000E+00   0.0000000E+00   0.0000000E+00   0.0000000E+00
     2.6000000E+01   2.0540266E+03   2.6596602E-02   2.0541355E+03   5.4450415E+03   0.0000000E+00   0.0000000E+00   0.0000000E+00   0.0000000E+00
     2.7000000E+01   2.0540269E+03   2.6752196E-02   2.0541353E+03   5.4993979E+03   0.0000000E+00   0.0000000E+00   0.0000000E+00   0.0000000E+00
     2.8000000E+01   2.0540271E+03   2.7037106E-02   2.0541353E+03   5.5975273E+03   0.0000000E+00   0.0000000E+00   0.0000000E+00   0.0000000E+00
     2.9000000E+01   2.0540271E+03   2.7168732E-02   2.0541350E+03   5.6430864E+03   0.0000000E+00   0.0000000E+00   0.0000000E+00   0.0000000E+00
     3.0000000E+01   2.0540273E+03   2.7315084E-02   2.0541350E+03   5.6938442E+03   0.0000000E+00   0.0000000E+00   0.0000000E+00   0.0000000E+00
     3.1000000E+01   2.0540273E+03   2.7451197E-02   2.0541350E+03   5.7412173E+03   0.0000000E+00   0.0000000E+00   0.0000000E+00   0.0000000E+00
     3.2000000E+01   2.0540276E+03   2.7603127E-02   2.0541350E+03   5.7942979E+03   0.0000000E+00   0.0000000E+00   0.0000000E+00   0.0000000E+00
     3.3000000E+01   2.0540278E+03   2.7755583E-02   2.0541353E+03   5.8477617E+03   0.0000000E+00   0.0000000E+00   0.0000000E+00   0.0000000E+00
     3.4000000E+01   2.0540278E+03   2.7912261E-02   2.0541353E+03   5.9029043E+03   0.0000000E+00   0.0000000E+00   0.0000000E+00   0.0000000E+00
     3.5000000E+01   2.0540281E+03   2.8071113E-02   2.0541353E+03   5.9589966E+03   0.0000000E+00   0.0000000E+00   0.0000000E+00   0.0000000E+00
     3.6000000E+01   2.0540283E+03   2.8198406E-02   2.0541355E+03   6.0041304E+03   0.0000000E+00   0.0000000E+00   0.0000000E+00   0.0000000E+00
     3.7000000E+01   2.0540283E+03   2.8340450E-02   2.0541355E+03   6.0546431E+03   0.0000000E+00   0.0000000E+00   0.0000000E+00   0.0000000E+00
     3.8000000E+01   2.0540286E+03   2.8488902E-02   2.0541355E+03   6.1076050E+03   0.0000000E+00   0.0000000E+00   0.0000000E+00   0.0000000E+00
     3.9000000E+01   2.0540295E+03   2.9471723E-02   2.0541362E+03   6.4622124E+03   0.0000000E+00   0.0000000E+00   0.0000000E+00   0.0000000E+00
     4.0000000E+01   2.0540310E+03   3.1034948E-02   2.0541377E+03   7.0414653E+03   0.0000000E+00   0.0000000E+00   0.0000000E+00   0.0000000E+00
     4.1000000E+01   2.0540300E+03   3.0065833E-02   2.0541370E+03   6.6814639E+03   0.0000000E+00   0.0000000E+00   0.0000000E+00   0.0000000E+00
     4.2000000E+01   2.0540300E+03   3.0115986E-02   2.0541370E+03   6.7000576E+03   0.0000000E+00   0.0000000E+00   0.0000000E+00   0.0000000E+00
     4.3000000E+01   2.0540327E+03   3.2827493E-02   2.0541392E+03   7.7323828E+03   0.0000000E+00   0.0000000E+00   0.0000000E+00   0.0000000E+00
     4.4000000E+01   2.0540315E+03   3.1394430E-02   2.0541382E+03   7.1806978E+03   0.0000000E+00   0.0000000E+00   0.0000000E+00   0.0000000E+00
     4.5000000E+01   2.0540312E+03   3.1343885E-02   2.0541379E+03   7.1590049E+03   0.0000000E+00   0.0000000E+00   0.0000000E+00   0.0000000E+00
     4.6000000E+01   2.0540312E+03   3.1295937E-02   2.0541377E+03   7.1407627E+03   0.0000000E+00   0.0000000E+00   0.0000000E+00   0.0000000E+00
     4.7000000E+01   2.0540312E+03   3.1261314E-02   2.0541375E+03   7.1276021E+03   0.0000000E+00   0.0000000E+00   0.0000000E+00   0.0000000E+00
     4.8000000E+01   2.0540312E+03   3.1252746E-02   2.0541372E+03   7.1243457E+03   0.0000000E+00   0.0000000E+00   0.0000000E+00   0.0000000E+00
     4.9000000E+01   2.0540312E+03   3.1260654E-02   2.0541370E+03   7.1273501E+03   0.0000000E+00   0.0000000E+00   0.0000000E+00   0.0000000E+00
     5.0000000E+01   2.0540312E+03   3.1309146E-02   2.0541367E+03   7.1457876E+03   0.0000000E+00   0.0000000E+00   0.0000000E+00   0.0000000E+00
     5.1000000E+01   2.0540312E+03   3.1335916E-02   2.0541367E+03   7.1559722E+03   0.0000000E+00   0.0000000E+00   0.0000000E+00   0.0000000E+00
     5.2000000E+01   2.0540312E+03   3.1371035E-02   2.0541365E+03   7.1693447E+03   0.0000000E+00   0.0000000E+00   0.0000000E+00   0.0000000E+00
     5.3000000E+01   2.0540315E+03   3.1411570E-02   2.0541362E+03   7.1847896E+03   0.0000000E+00   0.0000000E+00   0.0000000E+00   0.0000000E+00
     5.4000000E+01   2.0540317E+03   3.1791139E-02   2.0541365E+03   7.3324663E+03   0.0000000E+00   0.0000000E+00   0.0000000E+00   0.0000000E+00
     5.5000000E+01   2.0540315E+03   3.1615157E-02   2.0541362E+03   7.2625669E+03   0.0000000E+00   0.0000000E+00   0.0000000E+00   0.0000000E+00
     5.6000000E+01   2.0540317E+03   3.1633642E-02   2.0541360E+03   7.2696460E+03   0.0000000E+00   0.0000000E+00   0.0000000E+00   0.0000000E+00
     5.7000000E+01   2.0540317E+03   3.1648297E-02   2.0541357E+03   7.2751128E+03   0.0000000E+00   0.0000000E+00   0.0000000E+00   0.0000000E+00
     5.8000000E+01   2.0540320E+03   3.2049812E-02   2.0541360E+03   7.4295913E+03   0.0000000E+00   0.0000000E+00   0.0000000E+00   0.0000000E+00
     5.9000000E+01   2.0540320E+03   3.1955563E-02   2.0541357E+03   7.3958398E+03   0.0000000E+00   0.0000000E+00   0.0000000E+00   0.0000000E+00
     6.0000000E+01   2.0540320E+03   3.1919528E-02   2.0541355E+03   7.3819375E+03   0.0000000E+00   0.0000000E+00   0.0000000E+00   0.0000000E+00
     6.1000000E+01   2.0540320E+03   3.1901643E-02   2.0541353E+03   7.3750381E+03   0.0000000E+00   0.0000000E+00   0.0000000E+00   0.0000000E+00
     6.2000000E+01   2.0540334E+03   3.3511493E-02   2.0541367E+03   8.0028613E+03   0.0000000E+00   0.0000000E+00   0.0000000E+00   0.0000000E+00
     6.3000000E+01   2.0540334E+03   3.3527099E-02   2.0541367E+03   8.0092324E+03   0.0000000E+00   0.0000000E+00   0.0000000E+00   0.0000000E+00
     6.4000000E+01   2.0540342E+03   3.4060106E-02   2.0541372E+03   8.2225410E+03   0.0000000E+00   0.0000000E+00   0.0000000E+00   0.0000000E+00
     6.5000000E+01   2.0540334E+03   3.3378277E-02   2.0541365E+03   7.9500659E+03   0.0000000E+00   0.0000000E+00   0.0000000E+00   0.0000000E+00
     6.6000000E+01   2.0540332E+03   3.3273805E-02   2.0541360E+03   7.9086367E+03   0.0000000E+00   0.0000000E+00   0.0000000E+00   0.0000000E+00
     6.7000000E+01   2.0540332E+03   3.3139050E-02   2.0541357E+03   7.8551792E+03   0.0000000E+00   0.0000000E+00   0.0000000E+00   0.0000000E+00
     6.8000000E+01   2.0540330E+03   3.3019204E-02   2.0541355E+03   7.8078892E+03   0.0000000E+00   0.0000000E+00   0.0000000E+00   0.0000000E+00
     6.9000000E+01   2.0540330E+03   3.2912869E-02   2.0541353E+03   7.7660269E+03   0.0000000E+00   0.0000000E+00   0.0000000E+00   0.0000000E+00
     7.0000000E+01   2.0540327E+03   3.2818105E-02   2.0541348E+03   7.7287949E+03   0.0000000E+00   0.0000000E+00   0.0000000E+00   0.0000000E+00
     7.1000000E+01   2.0540327E+03   3.2732815E-02   2.0541345E+03   7.6954932E+03   0.0000000E+00   0.0000000E+00   0.0000000E+00   0.0000000E+00
     7.2000000E+01   2.0540327E+03   3.2656677E-02   2.0541343E+03   7.6656826E+03   0.0000000E+00   0.0000000E+00   0.0000000E+00   0.0000000E+00
     7.3000000E+01   2.0540325E+03   3.2588284E-02   2.0541340E+03   7.6389438E+03   0.0000000E+00   0.0000000E+00   0.0000000E+00   0.0000000E+00
     7.4000000E+01   2.0540325E+03   3.2526340E-02   2.0541340E+03   7.6147607E+03   0.0000000E+00   0.0000000E+00   0.0000000E+00   0.0000000E+00
     7.5000000E+01   2.0540325E+03   3.2473385E-02   2.0541338E+03   7.5941094E+03   0.0000000E+00   0.0000000E+00   0.0000000E+00   0.0000000E+00
     7.6000000E+01   2.0540325E+03   3.2521833E-02   2.0541335E+03   7.6130005E+03   0.0000000E+00   0.0000000E+00   0.0000000E+00   0.0000000E+00
     7.7000000E+01   2.0540334E+03   3.3384584E-02   2.0541345E+03   7.9524248E+03   0.0000000E+00   0.0000000E+00   0.0000000E+00   0.0000000E+00
     7.8000000E+01   2.0540347E+03   3.4613982E-02   2.0541355E+03   8.4464668E+03   0.0000000E+00   0.0000000E+00   0.0000000E+00   0.0000000E+00
     7.9000000E+01   2.0540359E+03   3.5925098E-02   2.0541365E+03   8.9864023E+03   0.0000000E+00   0.0000000E+00   0.0000000E+00   0.0000000E+00
     8.0000000E+01   2.0540366E+03   3.6549039E-02   2.0541372E+03   9.2480303E+03   0.0000000E+00   0.0000000E+00   0.0000000E+00   0.0000000E+00
     8.1000000E+01   2.0540374E+03   3.7343241E-02   2.0541377E+03   9.5853799E+03   0.0000000E+00   0.0000000E+00   0.0000000E+00   0.0000000E+00
     8.2000000E+01   2.0540376E+03   3.7706338E-02   2.0541379E+03   9.7412188E+03   0.0000000E+00   0.0000000E+00   0.0000000E+00   0.0000000E+00
     8.3000000E+01   2.0540366E+03   3.6720298E-02   2.0541370E+03   9.3203652E+03   0.0000000E+00   0.0000000E+00   0.0000000E+00   0.0000000E+00
     8.4000000E+01   2.0540398E+03   3.9730020E-02   2.0541392E+03   1.0628061E+04   0.0000000E+00   0.0000000E+00   0.0000000E+00   0.0000000E+00
     8.5000000E+01   2.0540381E+03   3.7997235E-02   2.0541379E+03   9.8667920E+03   0.0000000E+00   0.0000000E+00   0.0000000E+00   0.0000000E+00
     8.6000000E+01   2.0540386E+03   3.8472988E-02   2.0541379E+03   1.0073551E+04   0.0000000E+00   0.0000000E+00   0.0000000E+00   0.0000000E+00
     8.7000000E+01   2.0540396E+03   3.9633915E-02   2.0541387E+03   1.0585248E+04   0.0000000E+00   0.0000000E+00   0.0000000E+00   0.0000000E+00
     8.8000000E+01   2.0540396E+03   3.9647251E-02   2.0541384E+03   1.0591185E+04   0.0000000E+00   0.0000000E+00   0.0000000E+00   0.0000000E+00
     8.9000000E+01   2.0540393E+03   3.9397936E-02   2.0541379E+03   1.0480416E+04   0.0000000E+00   0.0000000E+00   0.0000000E+00   0.0000000E+00
     9.0000000E+01   2.0540386E+03   3.8547095E-02   2.0541370E+03   1.0105912E+04   0.0000000E+00   0.0000000E+00   0.0000000E+00   0.0000000E+00
     9.1000000E+01   2.0540376E+03   3.7520990E-02   2.0541360E+03   9.6615439E+03   0.0000000E+00   0.0000000E+00   0.0000000E+00   0.0000000E+00
     9.2000000E+01   2.0540366E+03   3.6664695E-02   2.0541350E+03   9.2968564E+03   0.0000000E+00   0.0000000E+00   0.0000000E+00   0.0000000E+00
     9.3000000E+01   2.0540359E+03   3.5766870E-02   2.0541340E+03   8.9205342E+03   0.0000000E+00   0.0000000E+00   0.0000000E+00   0.0000000E+00
     9.4000000E+01   2.0540349E+03   3.5004605E-02   2.0541333E+03   8.6059316E+03   0.0000000E+00   0.0000000E+00   0.0000000E+00   0.0000000E+00
     9.5000000E+01   2.0540349E+03   3.4973610E-02   2.0541331E+03   8.5932344E+03   0.0000000E+00   0.0000000E+00   0.0000000E+00   0.0000000E+00
     9.6000000E+01   2.0540352E+03   3.5118014E-02   2.0541331E+03   8.6524502E+03   0.0000000E+00   0.0000000E+00   0.0000000E+00   0.0000000E+00
     9.7000000E+01   2.0540354E+03   3.5363175E-02   2.0541335E+03   8.7533574E+03   0.0000000E+00   0.0000000E+00   0.0000000E+00   0.0000000E+00
     9.8000000E+01   2.0540349E+03   3.4838542E-02   2.0541331E+03   8.5379932E+03   0.0000000E+00   0.0000000E+00   0.0000000E+00   0.0000000E+00
     9.9000000E+01   2.0540347E+03   3.4610625E-02   2.0541328E+03   8.4451025E+03   0.0000000E+00   0.0000000E+00   0.0000000E+00   0.0000000E+00
     1.0000000E+02   2.0540349E+03   3.4834340E-02   2.0541331E+03   8.5362783E+03   0.0000000E+00   0.0000000E+00   0.0000000E+00   0.0000000E+00
     1.0100000E+02   2.0540352E+03   3.5238106E-02   2.0541333E+03   8.7018223E+03   0.0000000E+00   0.0000000E+00   0.0000000E+00   0.0000000E+00
     1.0200000E+02   2.0540356E+03   3.5615958E-02   2.0541338E+03   8.8580332E+03   0.0000000E+00   0.0000000E+00   0.0000000E+00   0.0000000E+00
     1.0300000E+02   2.0540356E+03   3.5666712E-02   2.0541338E+03   8.8789463E+03   0.0000000E+00   0.0000000E+00   0.0000000E+00   0.0000000E+00
     1.0400000E+02   2.0540356E+03   3.5548102E-02   2.0541335E+03   8.8297910E+03   0.0000000E+00   0.0000000E+00   0.0000000E+00   0.0000000E+00
     1.0500000E+02   2.0540356E+03   3.5703640E-02   2.0541335E+03   8.8942734E+03   0.0000000E+00   0.0000000E+00   0.0000000E+00   0.0000000E+00
     1.0600000E+02   2.0540364E+03   3.6297906E-02   2.0541335E+03   9.1423721E+03   0.0000000E+00   0.0000000E+00   0.0000000E+00   0.0000000E+00
     1.0700000E+02   2.0540361E+03   3.6078166E-02   2.0541333E+03   9.0503164E+03   0.0000000E+00   0.0000000E+00   0.0000000E+00   0.0000000E+00
     1.0800000E+02   2.0540361E+03   3.6183394E-02   2.0541333E+03   9.0943535E+03   0.0000000E+00   0.0000000E+00   0.0000000E+00   0.0000000E+00
     1.0900000E+02   2.0540366E+03   3.6505144E-02   2.0541333E+03   9.2295342E+03   0.0000000E+00   0.0000000E+00   0.0000000E+00   0.0000000E+00
     1.1000000E+02   2.0540366E+03   3.6600418E-02   2.0541335E+03   9.2698594E+03   0.0000000E+00   0.0000000E+00   0.0000000E+00   0.0000000E+00
     1.1100000E+02   2.0540364E+03   3.6327567E-02   2.0541331E+03   9.1549717E+03   0.0000000E+00   0.0000000E+00   0.0000000E+00   0.0000000E+00
     1.1200000E+02   2.0540366E+03   3.6617242E-02   2.0541333E+03   9.2769590E+03   0.0000000E+00   0.0000000E+00   0.0000000E+00   0.0000000E+00
     1.1300000E+02   2.0540369E+03   3.6815349E-02   2.0541333E+03   9.3607578E+03   0.0000000E+00   0.0000000E+00   0.0000000E+00   0.0000000E+00
     1.1400000E+02   2.0540369E+03   3.6769256E-02   2.0541331E+03   9.3412256E+03   0.0000000E+00   0.0000000E+00   0.0000000E+00   0.0000000E+00
     1.1500000E+02   2.0540371E+03   3.7136443E-02   2.0541331E+03   9.4970791E+03   0.0000000E+00   0.0000000E+00   0.0000000E+00   0.0000000E+00
     1.1600000E+02   2.0540403E+03   4.0203806E-02   2.0541353E+03   1.0840134E+04   0.0000000E+00   0.0000000E+00   0.0000000E+00   0.0000000E+00
     1.1700000E+02   2.0540381E+03   3.7998930E-02   2.0541340E+03   9.8675352E+03   0.0000000E+00   0.0000000E+00   0.0000000E+00   0.0000000E+00
     1.1800000E+02   2.0540376E+03   3.7577230E-02   2.0541335E+03   9.6857012E+03   0.0000000E+00   0.0000000E+00   0.0000000E+00   0.0000000E+00
     1.1900000E+02   2.0540371E+03   3.7208281E-02   2.0541333E+03   9.5277227E+03   0.0000000E+00   0.0000000E+00   0.0000000E+00   0.0000000E+00
     1.2000000E+02   2.0540369E+03   3.6850572E-02   2.0541328E+03   9.3755488E+03   0.0000000E+00   0.0000000E+00   0.0000000E+00   0.0000000E+00
     1.2100000E+02   2.0540366E+03   3.6534689E-02   2.0541326E+03   9.2419883E+03   0.0000000E+00   0.0000000E+00   0.0000000E+00   0.0000000E+00
     1.2200000E+02   2.0540361E+03   3.6248103E-02   2.0541323E+03   9.1214785E+03   0.0000000E+00   0.0000000E+00   0.0000000E+00   0.0000000E+00
     1.2300000E+02   2.0540359E+03   3.5985548E-02   2.0541321E+03   9.0116270E+03   0.0000000E+00   0.0000000E+00   0.0000000E+00   0.0000000E+00
     1.2400000E+02   2.0540356E+03   3.5746362E-02   2.0541318E+03   8.9120195E+03   0.0000000E+00   0.0000000E+00   0.0000000E+00   0.0000000E+00
     1.2500000E+02   2.0540356E+03   3.5525110E-02   2.0541318E+03   8.8202666E+03   0.0000000E+00   0.0000000E+00   0.0000000E+00   0.0000000E+00
     1.2600000E+02   2.0540354E+03   3.5323367E-02   2.0541316E+03   8.7369414E+03   0.0000000E+00   0.0000000E+00   0.0000000E+00   0.0000000E+00
     1.2700000E+02   2.0540352E+03   3.5139102E-02   2.0541313E+03   8.6611123E+03   0.0000000E+00   0.0000000E+00   0.0000000E+00   0.0000000E+00
     1.2800000E+02   2.0540349E+03   3.4967072E-02   2.0541313E+03   8.5905576E+03   0.0000000E+00   0.0000000E+00   0.0000000E+00   0.0000000E+00
     1.2900000E+02   2.0540349E+03   3.4806952E-02   2.0541311E+03   8.5250947E+03   0.0000000E+00   0.0000000E+00   0.0000000E+00   0.0000000E+00
     1.3000000E+02   2.0540347E+03   3.4657449E-02   2.0541311E+03   8.4641543E+03   0.0000000E+00   0.0000000E+00   0.0000000E+00   0.0000000E+00
     1.3100000E+02   2.0540344E+03   3.4519449E-02   2.0541309E+03   8.4080566E+03   0.0000000E+00   0.0000000E+00   0.0000000E+00   0.0000000E+00
     1.3200000E+02   2.0540344E+03   3.4390491E-02   2.0541309E+03   8.3557705E+03   0.0000000E+00   0.0000000E+00   0.0000000E+00   0.0000000E+00
     1.3300000E+02   2.0540342E+03   3.4269407E-02   2.0541306E+03   8.3067959E+03   0.0000000E+00   0.0000000E+00   0.0000000E+00   0.0000000E+00
     1.3400000E+02   2.0540342E+03   3.4155361E-02   2.0541306E+03   8.2607725E+03   0.0000000E+00   0.0000000E+00   0.0000000E+00   0.0000000E+00
     1.3500000E+02   2.0540342E+03   3.4097925E-02   2.0541306E+03   8.2376338E+03   0.0000000E+00   0.0000000E+00   0.0000000E+00   0.0000000E+00
     1.3600000E+02   2.0540342E+03   3.4173895E-02   2.0541306E+03   8.2682461E+03   0.0000000E+00   0.0000000E+00   0.0000000E+00   0.0000000E+00
     1.3700000E+02   2.0540366E+03   3.6714517E-02   2.0541331E+03   9.3179219E+03   0.0000000E+00   0.0000000E+00   0.0000000E+00   0.0000000E+00
     1.3800000E+02   2.0540505E+03   5.0515082E-02   2.0541433E+03   1.5859568E+04   0.0000000E+00   0.0000000E+00   0.0000000E+00   0.0000000E+00
     1.3900000E+02   2.0540476E+03   4.7609881E-02   2.0541418E+03   1.4368720E+04   0.0000000E+00   0.0000000E+00   0.0000000E+00   0.0000000E+00
     1.4000000E+02   2.0540510E+03   5.0973374E-02   2.0541440E+03   1.6100098E+04   0.0000000E+00   0.0000000E+00   0.0000000E+00   0.0000000E+00
     1.4100000E+02   2.0540552E+03   5.5215426E-02   2.0541467E+03   1.8394598E+04   0.0000000E+00   0.0000000E+00   0.0000000E+00   0.0000000E+00
     1.4200000E+02   2.0540574E+03   5.7263330E-02   2.0541482E+03   1.9545670E+04   0.0000000E+00   0.0000000E+00   0.0000000E+00   0.0000000E+00
     1.4300000E+02   2.0540608E+03   6.0909595E-02   2.0541504E+03   2.1663691E+04   0.0000000E+00   0.0000000E+00   0.0000000E+00   0.0000000E+00
     1.4400000E+02   2.0540552E+03   5.5092324E-02   2.0541465E+03   1.8326299E+04   0.0000000E+00   0.0000000E+00   0.0000000E+00   0.0000000E+00
     1.4500000E+02   2.0540535E+03   5.3393077E-02   2.0541450E+03   1.7393938E+04   0.0000000E+00   0.0000000E+00   0.0000000E+00   0.0000000E+00
     1.4600000E+02   2.0540537E+03   5.3639680E-02   2.0541448E+03   1.7528037E+04   0.0000000E+00   0.0000000E+00   0.0000000E+00   0.0000000E+00
     1.4700000E+02   2.0540569E+03   5.6876369E-02   2.0541467E+03   1.9326033E+04   0.0000000E+00   0.0000000E+00   0.0000000E+00   0.0000000E+00
     1.4800000E+02   2.0540530E+03   5.2985102E-02   2.0541440E+03   1.7172996E+04   0.0000000E+00   0.0000000E+00   0.0000000E+00   0.0000000E+00
     1.4900000E+02   2.0540515E+03   5.1453646E-02   2.0541428E+03   1.6353719E+04   0.0000000E+00   0.0000000E+00   0.0000000E+00   0.0000000E+00
     1.5000000E+02   2.0540500E+03   5.0163828E-02   2.0541418E+03   1.5676195E+04   0.0000000E+00   0.0000000E+00   0.0000000E+00   0.0000000E+00
     1.5100000E+02   2.0540491E+03   4.9015138E-02   2.0541409E+03   1.5082499E+04   0.0000000E+00   0.0000000E+00   0.0000000E+00   0.0000000E+00
     1.5200000E+02   2.0540479E+03   4.7936950E-02   2.0541401E+03   1.4533613E+04   0.0000000E+00   0.0000000E+00   0.0000000E+00   0.0000000E+00
     1.5300000E+02   2.0540469E+03   4.6950057E-02   2.0541394E+03   1.4038362E+04   0.0000000E+00   0.0000000E+00   0.0000000E+00   0.0000000E+00
     1.5400000E+02   2.0540461E+03   4.6060301E-02   2.0541387E+03   1.3597765E+04   0.0000000E+00   0.0000000E+00   0.0000000E+00   0.0000000E+00
     1.5500000E+02   2.0540454E+03   4.5407694E-02   2.0541382E+03   1.3278183E+04   0.0000000E+00   0.0000000E+00   0.0000000E+00   0.0000000E+00
     1.5600000E+02   2.0540447E+03   4.4759851E-02   2.0541377E+03   1.2963949E+04   0.0000000E+00   0.0000000E+00   0.0000000E+00   0.0000000E+00
     1.5700000E+02   2.0540437E+03   4.3803547E-02   2.0541372E+03   1.2505613E+04   0.0000000E+00   0.0000000E+00   0.0000000E+00   0.0000000E+00
     1.5800000E+02   2.0540439E+03   4.3925751E-02   2.0541375E+03   1.2563815E+04   0.0000000E+00   0.0000000E+00   0.0000000E+00   0.0000000E+00
     1.5900000E+02   2.0540437E+03   4.3821376E-02   2.0541377E+03   1.2514099E+04   0.0000000E+00   0.0000000E+00   0.0000000E+00   0.0000000E+00
     1.6000000E+02   2.0540444E+03   4.4391237E-02   2.0541384E+03   1.2786497E+04   0.0000000E+00   0.0000000E+00   0.0000000E+00   0.0000000E+00
     1.6100000E+02   2.0540461E+03   4.6183191E-02   2.0541399E+03   1.3658285E+04   0.0000000E+00   0.0000000E+00   0.0000000E+00   0.0000000E+00
     1.6200000E+02   2.0540476E+03   4.7564395E-02   2.0541409E+03   1.4345847E+04   0.0000000E+00   0.0000000E+00   0.0000000E+00   0.0000000E+00
     1.6300000E+02   2.0540471E+03   4.7173098E-02   2.0541409E+03   1.4149688E+04   0.0000000E+00   0.0000000E+00   0.0000000E+00   0.0000000E+00
     1.6400000E+02   2.0540474E+03   4.7263302E-02   2.0541409E+03   1.4194812E+04   0.0000000E+00   0.0000000E+00   0.0000000E+00   0.0000000E+00
     1.6500000E+02   2.0540469E+03   4.6845276E-02   2.0541409E+03   1.3986184E+04   0.0000000E+00   0.0000000E+00   0.0000000E+00   0.0000000E+00
     1.6600000E+02   2.0540464E+03   4.6408139E-02   2.0541411E+03   1.3769342E+04   0.0000000E+00   0.0000000E+00   0.0000000E+00   0.0000000E+00
     1.6700000E+02   2.0540449E+03   4.5034725E-02   2.0541406E+03   1.3096907E+04   0.0000000E+00   0.0000000E+00   0.0000000E+00   0.0000000E+00
     1.6800000E+02   2.0540442E+03   4.4157837E-02   2.0541404E+03   1.2674647E+04   0.0000000E+00   0.0000000E+00   0.0000000E+00   0.0000000E+00
     1.6900000E+02   2.0540435E+03   4.3460429E-02   2.0541401E+03   1.2342777E+04   0.0000000E+00   0.0000000E+00   0.0000000E+00   0.0000000E+00
     1.7000000E+02   2.0540427E+03   4.2787723E-02   2.0541401E+03   1.2026008E+04   0.0000000E+00   0.0000000E+00   0.0000000E+00   0.0000000E+00
     1.7100000E+02   2.0540420E+03   4.2110987E-02   2.0541401E+03   1.1710673E+04   0.0000000E+00   0.0000000E+00   0.0000000E+00   0.0000000E+00
     1.7200000E+02   2.0540408E+03   4.0866628E-02   2.0541396E+03   1.1139632E+04   0.0000000E+00   0.0000000E+00   0.0000000E+00   0.0000000E+00
     1.7300000E+02   2.0540405E+03   4.0522866E-02   2.0541396E+03   1.0983896E+04   0.0000000E+00   0.0000000E+00   0.0000000E+00   0.0000000E+00
     1.7400000E+02   2.0540400E+03   4.0045001E-02   2.0541399E+03   1.0768864E+04   0.0000000E+00   0.0000000E+00   0.0000000E+00   0.0000000E+00
     1.7500000E+02   2.0540410E+03   4.0930960E-02   2.0541414E+03   1.1168874E+04   0.0000000E+00   0.0000000E+00   0.0000000E+00   0.0000000E+00
     1.7600000E+02   2.0540400E+03   4.0123057E-02   2.0541414E+03   1.0803872E+04   0.0000000E+00   0.0000000E+00   0.0000000E+00   0.0000000E+00
     1.7700000E+02   2.0540588E+03   5.8955517E-02   2.0541553E+03   2.0517779E+04   0.0000000E+00   0.0000000E+00   0.0000000E+00   0.0000000E+00
     1.7800000E+02   2.0540457E+03   4.5752171E-02   2.0541472E+03   1.3446493E+04   0.0000000E+00   0.0000000E+00   0.0000000E+00   0.0000000E+00
     1.7900000E+02   2.0540454E+03   4.5412984E-02   2.0541470E+03   1.3280762E+04   0.0000000E+00   0.0000000E+00   0.0000000E+00   0.0000000E+00
     1.8000000E+02   2.0540466E+03   4.6731714E-02   2.0541484E+03   1.3929725E+04   0.0000000E+00   0.0000000E+00   0.0000000E+00   0.0000000E+00
     1.8100000E+02   2.0540493E+03   4.9239103E-02   2.0541506E+03   1.5197537E+04   0.0000000E+00   0.0000000E+00   0.0000000E+00   0.0000000E+00
     1.8200000E+02   2.0540425E+03   4.2581845E-02   2.0541460E+03   1.1929724E+04   0.0000000E+00   0.0000000E+00   0.0000000E+00   0.0000000E+00
     1.8300000E+02   2.0540427E+03   4.2719521E-02   2.0541462E+03   1.1994079E+04   0.0000000E+00   0.0000000E+00   0.0000000E+00   0.0000000E+00
     1.8400000E+02   2.0540435E+03   4.3452971E-02   2.0541470E+03   1.2339247E+04   0.0000000E+00   0.0000000E+00   0.0000000E+00   0.0000000E+00
     1.8500000E+02   2.0540432E+03   4.3191846E-02   2.0541475E+03   1.2215913E+04   0.0000000E+00   0.0000000E+00   0.0000000E+00   0.0000000E+00
     1.8600000E+02   2.0540430E+03   4.3007296E-02   2.0541477E+03   1.2129047E+04   0.0000000E+00   0.0000000E+00   0.0000000E+00   0.0000000E+00
     1.8700000E+02   2.0540471E+03   4.7005914E-02   2.0541514E+03   1.4066214E+04   0.0000000E+00   0.0000000E+00   0.0000000E+00   0.0000000E+00
     1.8800000E+02   2.0540515E+03   5.1425628E-02   2.0541548E+03   1.6338880E+04   0.0000000E+00   0.0000000E+00   0.0000000E+00   0.0000000E+00
     1.8900000E+02   2.0540527E+03   5.2719031E-02   2.0541560E+03   1.7029514E+04   0.0000000E+00   0.0000000E+00   0.0000000E+00   0.0000000E+00
     1.9000000E+02   2.0540513E+03   5.1187705E-02   2.0541555E+03   1.6213090E+04   0.0000000E+00   0.0000000E+00   0.0000000E+00   0.0000000E+00
     1.9100000E+02   2.0540525E+03   5.2401379E-02   2.0541565E+03   1.6858838E+04   0.0000000E+00   0.0000000E+00   0.0000000E+00   0.0000000E+00
     1.9200000E+02   2.0540542E+03   5.4200344E-02   2.0541582E+03   1.7834451E+04   0.0000000E+00   0.0000000E+00   0.0000000E+00   0.0000000E+00
     1.9300000E+02   2.0540520E+03   5.2060574E-02   2.0541572E+03   1.6676490E+04   0.0000000E+00   0.0000000E+00   0.0000000E+00   0.0000000E+00
     1.9400000E+02   2.0540518E+03   5.1786989E-02   2.0541575E+03   1.6530680E+04   0.0000000E+00   0.0000000E+00   0.0000000E+00   0.0000000E+00
     1.9500000E+02   2.0540542E+03   5.4319561E-02   2.0541592E+03   1.7899875E+04   0.0000000E+00   0.0000000E+00   0.0000000E+00   0.0000000E+00
     1.9600000E+02   2.0540574E+03   5.7315066E-02   2.0541614E+03   1.9575111E+04   0.0000000E+00   0.0000000E+00   0.0000000E+00   0.0000000E+00
     1.9700000E+02   2.0540601E+03   5.9962176E-02   2.0541633E+03   2.1104996E+04   0.0000000E+00   0.0000000E+00   0.0000000E+00   0.0000000E+00
     1.9800000E+02   2.0540598E+03   5.9825622E-02   2.0541633E+03   2.1024951E+04   0.0000000E+00   0.0000000E+00   0.0000000E+00   0.0000000E+00
     1.9900000E+02   2.0540610E+03   6.1086554E-02   2.0541643E+03   2.1768691E+04   0.0000000E+00   0.0000000E+00   0.0000000E+00   0.0000000E+00
     2.0000000E+02   2.0540623E+03   6.2152561E-02   2.0541650E+03   2.2405500E+04   0.0000000E+00   0.0000000E+00   0.0000000E+00   0.0000000E+00
     2.0100000E+02   2.0540608E+03   6.0790081E-02   2.0541646E+03   2.1592891E+04   0.0000000E+00   0.0000000E+00   0.0000000E+00   0.0000000E+00
     2.0200000E+02   2.0540637E+03   6.3707478E-02   2.0541665E+03   2.3347494E+04   0.0000000E+00   0.0000000E+00   0.0000000E+00   0.0000000E+00
     2.0300000E+02   2.0540632E+03   6.3192993E-02   2.0541665E+03   2.3034094E+04   0.0000000E+00   0.0000000E+00   0.0000000E+00   0.0000000E+00
     2.0400000E+02   2.0540645E+03   6.4542174E-02   2.0541677E+03   2.3859551E+04   0.0000000E+00   0.0000000E+00   0.0000000E+00   0.0000000E+00
     2.0500000E+02   2.0540649E+03   6.5033711E-02   2.0541680E+03   2.4163164E+04   0.0000000E+00   0.0000000E+00   0.0000000E+00   0.0000000E+00
     2.0600000E+02   2.0540637E+03   6.3666172E-02   2.0541670E+03   2.3322273E+04   0.0000000E+00   0.0000000E+00   0.0000000E+00   0.0000000E+00
     2.0700000E+02   2.0540632E+03   6.3313581E-02   2.0541665E+03   2.3107400E+04   0.0000000E+00   0.0000000E+00   0.0000000E+00   0.0000000E+00
     2.0800000E+02   2.0540601E+03   5.9943497E-02   2.0541643E+03   2.1094039E+04   0.0000000E+00   0.0000000E+00   0.0000000E+00   0.0000000E+00
     2.0900000E+02   2.0540598E+03   5.9758414E-02   2.0541650E+03   2.0985600E+04   0.0000000E+00   0.0000000E+00   0.0000000E+00   0.0000000E+00
     2.1000000E+02   2.0540605E+03   6.0632057E-02   2.0541658E+03   2.1499426E+04   0.0000000E+00   0.0000000E+00   0.0000000E+00   0.0000000E+00
     2.1100000E+02   2.0540623E+03   6.2324483E-02   2.0541670E+03   2.2508891E+04   0.0000000E+00   0.0000000E+00   0.0000000E+00   0.0000000E+00
     2.1200000E+02   2.0540588E+03   5.8728956E-02   2.0541650E+03   2.0386533E+04   0.0000000E+00   0.0000000E+00   0.0000000E+00   0.0000000E+00
     2.1300000E+02   2.0540562E+03   5.6265455E-02   2.0541633E+03   1.8981301E+04   0.0000000E+00   0.0000000E+00   0.0000000E+00   0.0000000E+00
     2.1400000E+02   2.0540503E+03   5.0385453E-02   2.0541602E+03   1.5791795E+04   0.0000000E+00   0.0000000E+00   0.0000000E+00   0.0000000E+00
     2.1500000E+02   2.0540532E+03   5.3298421E-02   2.0541621E+03   1.7342570E+04   0.0000000E+00   0.0000000E+00   0.0000000E+00   0.0000000E+00
     2.1600000E+02   2.0540510E+03   5.1075038E-02   2.0541616E+03   1.6153653E+04   0.0000000E+00   0.0000000E+00   0.0000000E+00   0.0000000E+00
     2.1700000E+02   2.0540498E+03   4.9778804E-02   2.0541616E+03   1.5476174E+04   0.0000000E+00   0.0000000E+00   0.0000000E+00   0.0000000E+00
     2.1800000E+02   2.0540491E+03   4.8966061E-02   2.0541616E+03   1.5057338E+04   0.0000000E+00   0.0000000E+00   0.0000000E+00   0.0000000E+00
     2.1900000E+02   2.0540476E+03   4.7613453E-02   2.0541616E+03   1.4370514E+04   0.0000000E+00   0.0000000E+00   0.0000000E+00   0.0000000E+00
     2.2000000E+02   2.0540469E+03   4.6797201E-02   2.0541616E+03   1.3962267E+04   0.0000000E+00   0.0000000E+00   0.0000000E+00   0.0000000E+00
     2.2100000E+02   2.0540469E+03   4.6789911E-02   2.0541621E+03   1.3958642E+04   0.0000000E+00   0.0000000E+00   0.0000000E+00   0.0000000E+00
     2.2200000E+02   2.0540469E+03   4.6813644E-02   2.0541626E+03   1.3970444E+04   0.0000000E+00   0.0000000E+00   0.0000000E+00   0.0000000E+00
     2.2300000E+02   2.0540464E+03   4.6425708E-02   2.0541628E+03   1.3778025E+04   0.0000000E+00   0.0000000E+00   0.0000000E+00   0.0000000E+00
     2.2400000E+02   2.0540461E+03   4.6172798E-02   2.0541631E+03   1.3653156E+04   0.0000000E+00   0.0000000E+00   0.0000000E+00   0.0000000E+00
     2.2500000E+02   2.0540461E+03   4.6256348E-02   2.0541636E+03   1.3694357E+04   0.0000000E+00   0.0000000E+00   0.0000000E+00   0.0000000E+00
     2.2600000E+02   2.0540459E+03   4.5832276E-02   2.0541636E+03   1.3485751E+04   0.0000000E+00   0.0000000E+00   0.0000000E+00   0.0000000E+00
     2.2700000E+02   2.0540474E+03   4.7434229E-02   2.0541650E+03   1.4280471E+04   0.0000000E+00   0.0000000E+00   0.0000000E+00   0.0000000E+00
     2.2800000E+02   2.0540476E+03   4.7697976E-02   2.0541658E+03   1.4413055E+04   0.0000000E+00   0.0000000E+00   0.0000000E+00   0.0000000E+00
     2.2900000E+02   2.0540466E+03   4.6632286E-02   2.0541658E+03   1.3880356E+04   0.0000000E+00   0.0000000E+00   0.0000000E+00   0.0000000E+00
     2.3000000E+02   2.0540457E+03   4.5552462E-02   2.0541655E+03   1.3348809E+04   0.0000000E+00   0.0000000E+00   0.0000000E+00   0.0000000E+00
     2.3100000E+02   2.0540852E+03   8.5137233E-02   2.0541897E+03   3.7854906E+04   0.0000000E+00   0.0000000E+00   0.0000000E+00   0.0000000E+00
     2.3200000E+02   2.0540662E+03   6.6188402E-02   2.0541807E+03   2.4882430E+04   0.0000000E+00   0.0000000E+00   0.0000000E+00   0.0000000E+00
     2.3300000E+02   2.0540625E+03   6.2392727E-02   2.0541787E+03   2.2549982E+04   0.0000000E+00   0.0000000E+00   0.0000000E+00   0.0000000E+00
     2.3400000E+02   2.0540598E+03   5.9889957E-02   2.0541775E+03   2.1062646E+04   0.0000000E+00   0.0000000E+00   0.0000000E+00   0.0000000E+00
     2.3500000E+02   2.0540586E+03   5.8519129E-02   2.0541768E+03   2.0265281E+04   0.0000000E+00   0.0000000E+00   0.0000000E+00   0.0000000E+00
     2.3600000E+02   2.0540574E+03   5.7352196E-02   2.0541763E+03   1.9596250E+04   0.0000000E+00   0.0000000E+00   0.0000000E+00   0.0000000E+00
     2.3700000E+02   2.0540564E+03   5.6342486E-02   2.0541760E+03   1.9024631E+04   0.0000000E+00   0.0000000E+00   0.0000000E+00   0.0000000E+00
     2.3800000E+02   2.0540586E+03   5.8561426E-02   2.0541775E+03   2.0289699E+04   0.0000000E+00   0.0000000E+00   0.0000000E+00   0.0000000E+00
     2.3900000E+02   2.0540671E+03   6.7250311E-02   2.0541833E+03   2.5551324E+04   0.0000000E+00   0.0000000E+00   0.0000000E+00   0.0000000E+00
     2.4000000E+02   2.0540601E+03   6.0030922E-02   2.0541797E+03   2.1145336E+04   0.0000000E+00   0.0000000E+00   0.0000000E+00   0.0000000E+00
     2.4100000E+02   2.0540581E+03   5.8019165E-02   2.0541787E+03   1.9977541E+04   0.0000000E+00   0.0000000E+00   0.0000000E+00   0.0000000E+00
     2.4200000E+02   2.0540571E+03   5.7033952E-02   2.0541785E+03   1.9415355E+04   0.0000000E+00   0.0000000E+00   0.0000000E+00   0.0000000E+00
     2.4300000E+02   2.0540559E+03   5.5856835E-02   2.0541782E+03   1.8752107E+04   0.0000000E+00   0.0000000E+00   0.0000000E+00   0.0000000E+00
     2.4400000E+02   2.0540544E+03   5.4520123E-02   2.0541777E+03   1.8010160E+04   0.0000000E+00   0.0000000E+00   0.0000000E+00   0.0000000E+00
     2.4500000E+02   2.0540535E+03   5.3554356E-02   2.0541775E+03   1.7481588E+04   0.0000000E+00   0.0000000E+00   0.0000000E+00   0.0000000E+00
     2.4600000E+02   2.0540474E+03   4.7330279E-02   2.0541738E+03   1.4228350E+04   0.0000000E+00   0.0000000E+00   0.0000000E+00   0.0000000E+00
     2.4700000E+02   2.0540427E+03   4.2671151E-02   2.0541707E+03   1.1971442E+04   0.0000000E+00   0.0000000E+00   0.0000000E+00   0.0000000E+00
     2.4800000E+02   2.0540403E+03   4.0310279E-02   2.0541692E+03   1.0888014E+04   0.0000000E+00   0.0000000E+00   0.0000000E+00   0.0000000E+00
     2.4900000E+02   2.0540369E+03   3.6822859E-02   2.0541667E+03   9.3637764E+03   0.0000000E+00   0.0000000E+00   0.0000000E+00   0.0000000E+00
     2.5000000E+02   2.0540342E+03   3.4270026E-02   2.0541650E+03   8.3070225E+03   0.0000000E+00   0.0000000E+00   0.0000000E+00   0.0000000E+00
     2.5100000E+02   2.0540327E+03   3.2724522E-02   2.0541641E+03   7.6920645E+03   0.0000000E+00   0.0000000E+00   0.0000000E+00   0.0000000E+00
     2.5200000E+02   2.0540312E+03   3.1356215E-02   2.0541633E+03   7.1635137E+03   0.0000000E+00   0.0000000E+00   0.0000000E+00   0.0000000E+00
     2.5300000E+02   2.0540303E+03   3.0360591E-02   2.0541631E+03   6.7884351E+03   0.0000000E+00   0.0000000E+00   0.0000000E+00   0.0000000E+00
     2.5400000E+02   2.0540295E+03   2.9425945E-02   2.0541631E+03   6.4437075E+03   0.0000000E+00   0.0000000E+00   0.0000000E+00   0.0000000E+00
     2.5500000E+02   2.0540291E+03   2.8948303E-02   2.0541631E+03   6.2703203E+03   0.0000000E+00   0.0000000E+00   0.0000000E+00   0.0000000E+00
     2.5600000E+02   2.0540286E+03   2.8580267E-02   2.0541633E+03   6.1380137E+03   0.0000000E+00   0.0000000E+00   0.0000000E+00   0.0000000E+00
     2.5700000E+02   2.0540281E+03   2.8157650E-02   2.0541636E+03   5.9874795E+03   0.0000000E+00   0.0000000E+00   0.0000000E+00   0.0000000E+00
     2.5800000E+02   2.0540281E+03   2.8197326E-02   2.0541638E+03   6.0015479E+03   0.0000000E+00   0.0000000E+00   0.0000000E+00   0.0000000E+00
     2.5900000E+02   2.0540281E+03   2.7974356E-02   2.0541638E+03   5.9226558E+03   0.0000000E+00   0.0000000E+00   0.0000000E+00   0.0000000E+00
     2.6000000E+02   2.0540276E+03   2.7536031E-02   2.0541638E+03   5.7687861E+03   0.0000000E+00   0.0000000E+00   0.0000000E+00   0.0000000E+00
     2.6100000E+02   2.0540271E+03   2.7172303E-02   2.0541641E+03   5.6423364E+03   0.0000000E+00   0.0000000E+00   0.0000000E+00   0.0000000E+00
     2.6200000E+02   2.0540269E+03   2.6834739E-02   2.0541641E+03   5.5259858E+03   0.0000000E+00   0.0000000E+00   0.0000000E+00   0.0000000E+00
     2.6300000E+02   2.0540266E+03   2.6493236E-02   2.0541641E+03   5.4092666E+03   0.0000000E+00   0.0000000E+00   0.0000000E+00   0.0000000E+00
     2.6400000E+02   2.0540261E+03   2.6219502E-02   2.0541641E+03   5.3164292E+03   0.0000000E+00   0.0000000E+00   0.0000000E+00   0.0000000E+00
     2.6500000E+02   2.0540259E+03   2.5953775E-02   2.0541641E+03   5.2270562E+03   0.0000000E+00   0.0000000E+00   0.0000000E+00   0.0000000E+00
     2.6600000E+02   2.0540256E+03   2.5732301E-02   2.0541641E+03   5.1529263E+03   0.0000000E+00   0.0000000E+00   0.0000000E+00   0.0000000E+00
     2.6700000E+02   2.0540256E+03   2.5559910E-02   2.0541641E+03   5.0955190E+03   0.0000000E+00   0.0000000E+00   0.0000000E+00   0.0000000E+00
     2.6800000E+02   2.0540254E+03   2.5427578E-02   2.0541641E+03   5.0516265E+03   0.0000000E+00   0.0000000E+00   0.0000000E+00   0.0000000E+00
     2.6900000E+02   2.0540254E+03   2.5290633E-02   2.0541641E+03   5.0063638E+03   0.0000000E+00   0.0000000E+00   0.0000000E+00   0.0000000E+00
     2.7000000E+02   2.0540251E+03   2.5108308E-02   2.0541641E+03   4.9463555E+03   0.0000000E+00   0.0000000E+00   0.0000000E+00   0.0000000E+00
     2.7100000E+02   2.0540249E+03   2.5008107E-02   2.0541643E+03   4.9134995E+03   0.0000000E+00   0.0000000E+00   0.0000000E+00   0.0000000E+00
     2.7200000E+02   2.0540249E+03   2.4952048E-02   2.0541643E+03   4.8951562E+03   0.0000000E+00   0.0000000E+00   0.0000000E+00   0.0000000E+00
     2.7300000E+02   2.0540249E+03   2.4862258E-02   2.0541643E+03   4.8658325E+03   0.0000000E+00   0.0000000E+00   0.0000000E+00   0.0000000E+00
     2.7400000E+02   2.0540249E+03   2.4792749E-02   2.0541643E+03   4.8431812E+03   0.0000000E+00   0.0000000E+00   0.0000000E+00   0.0000000E+00
     2.7500000E+02   2.0540247E+03   2.4741100E-02   2.0541643E+03   4.8263770E+03   0.0000000E+00   0.0000000E+00   0.0000000E+00   0.0000000E+00
     2.7600000E+02   2.0540249E+03   2.4956031E-02   2.0541646E+03   4.8964575E+03   0.0000000E+00   0.0000000E+00   0.0000000E+00   0.0000000E+00
     2.7700000E+02   2.0540251E+03   2.5062671E-02   2.0541646E+03   4.9313804E+03   0.0000000E+00   0.0000000E+00   0.0000000E+00   0.0000000E+00
     2.7800000E+02   2.0540251E+03   2.5157362E-02   2.0541648E+03   4.9624717E+03   0.0000000E+00   0.0000000E+00   0.0000000E+00   0.0000000E+00
     2.7900000E+02   2.0540251E+03   2.5244080E-02   2.0541648E+03   4.9910142E+03   0.0000000E+00   0.0000000E+00   0.0000000E+00   0.0000000E+00
     2.8000000E+02   2.0540254E+03   2.5322884E-02   2.0541650E+03   5.0170093E+03   0.0000000E+00   0.0000000E+00   0.0000000E+00   0.0000000E+00
     2.8100000E+02   2.0540254E+03   2.5418648E-02   2.0541650E+03   5.0486704E+03   0.0000000E+00   0.0000000E+00   0.0000000E+00   0.0000000E+00
     2.8200000E+02   2.0540254E+03   2.5503870E-02   2.0541650E+03   5.0769131E+03   0.0000000E+00   0.0000000E+00   0.0000000E+00   0.0000000E+00
     2.8300000E+02   2.0540256E+03   2.5579991E-02   2.0541653E+03   5.1021929E+03   0.0000000E+00   0.0000000E+00   0.0000000E+00   0.0000000E+00
     2.8400000E+02   2.0540256E+03   2.5644291E-02   2.0541653E+03   5.1235869E+03   0.0000000E+00   0.0000000E+00   0.0000000E+00   0.0000000E+00
     2.8500000E+02   2.0540256E+03   2.5674822E-02   2.0541653E+03   5.1337578E+03   0.0000000E+00   0.0000000E+00   0.0000000E+00   0.0000000E+00
     2.8600000E+02   2.0540256E+03   2.5747674E-02   2.0541655E+03   5.1580581E+03   0.0000000E+00   0.0000000E+00   0.0000000E+00   0.0000000E+00
     2.8700000E+02   2.0540259E+03   2.5794806E-02   2.0541655E+03   5.1738047E+03   0.0000000E+00   0.0000000E+00   0.0000000E+00   0.0000000E+00
     2.8800000E+02   2.0540259E+03   2.5839945E-02   2.0541655E+03   5.1889033E+03   0.0000000E+00   0.0000000E+00   0.0000000E+00   0.0000000E+00
     2.8900000E+02   2.0540259E+03   2.5858125E-02   2.0541655E+03   5.1949888E+03   0.0000000E+00   0.0000000E+00   0.0000000E+00   0.0000000E+00
     2.9000000E+02   2.0540259E+03   2.5876837E-02   2.0541655E+03   5.2012563E+03   0.0000000E+00   0.0000000E+00   0.0000000E+00   0.0000000E+00
     2.9100000E+02   2.0540259E+03   2.5903400E-02   2.0541655E+03   5.2101577E+03   0.0000000E+00   0.0000000E+00   0.0000000E+00   0.0000000E+00
     2.9200000E+02   2.0540259E+03   2.5946278E-02   2.0541658E+03   5.2245400E+03   0.0000000E+00   0.0000000E+00   0.0000000E+00   0.0000000E+00
     2.9300000E+02   2.0540259E+03   2.5977582E-02   2.0541658E+03   5.2350493E+03   0.0000000E+00   0.0000000E+00   0.0000000E+00   0.0000000E+00
     2.9400000E+02   2.0540259E+03   2.6000692E-02   2.0541658E+03   5.2428135E+03   0.0000000E+00   0.0000000E+00   0.0000000E+00   0.0000000E+00
     2.9500000E+02   2.0540261E+03   2.6023433E-02   2.0541658E+03   5.2504580E+03   0.0000000E+00   0.0000000E+00   0.0000000E+00   0.0000000E+00
     2.9600000E+02   2.0540261E+03   2.6048634E-02   2.0541658E+03   5.2589355E+03   0.0000000E+00   0.0000000E+00   0.0000000E+00   0.0000000E+00
     2.9700000E+02   2.0540261E+03   2.6068585E-02   2.0541658E+03   5.2656504E+03   0.0000000E+00   0.0000000E+00   0.0000000E+00   0.0000000E+00
     2.9800000E+02   2.0540261E+03   2.6082529E-02   2.0541658E+03   5.2703447E+03   0.0000000E+00   0.0000000E+00   0.0000000E+00   0.0000000E+00
     2.9900000E+02   2.0540261E+03   2.6091373E-02   2.0541658E+03   5.2733237E+03   0.0000000E+00   0.0000000E+00   0.0000000E+00   0.0000000E+00
     3.0000000E+02   2.0540261E+03   2.6108498E-02   2.0541660E+03   5.2790962E+03   0.0000000E+00   0.0000000E+00   0.0000000E+00   0.0000000E+00
     3.0100000E+02   2.0540261E+03   2.6106348E-02   2.0541660E+03   5.2783730E+03   0.0000000E+00   0.0000000E+00   0.0000000E+00   0.0000000E+00
     3.0200000E+02   2.0540261E+03   2.6095727E-02   2.0541660E+03   5.2747925E+03   0.0000000E+00   0.0000000E+00   0.0000000E+00   0.0000000E+00
     3.0300000E+02   2.0540261E+03   2.6110137E-02   2.0541660E+03   5.2796475E+03   0.0000000E+00   0.0000000E+00   0.0000000E+00   0.0000000E+00
     3.0400000E+02   2.0540261E+03   2.6147518E-02   2.0541660E+03   5.2922529E+03   0.0000000E+00   0.0000000E+00   0.0000000E+00   0.0000000E+00
     3.0500000E+02   2.0540261E+03   2.6171567E-02   2.0541660E+03   5.3003682E+03   0.0000000E+00   0.0000000E+00   0.0000000E+00   0.0000000E+00
     3.0600000E+02   2.0540261E+03   2.6197610E-02   2.0541660E+03   5.3091606E+03   0.0000000E+00   0.0000000E+00   0.0000000E+00   0.0000000E+00
     3.0700000E+02   2.0540251E+03   2.5068089E-02   2.0541653E+03   4.9331572E+03   0.0000000E+00   0.0000000E+00   0.0000000E+00   0.0000000E+00
     3.0800000E+02   2.0540247E+03   2.4544036E-02   2.0541650E+03   4.7624761E+03   0.0000000E+00   0.0000000E+00   0.0000000E+00   0.0000000E+00
     3.0900000E+02   2.0540242E+03   2.4192141E-02   2.0541648E+03   4.6492192E+03   0.0000000E+00   0.0000000E+00   0.0000000E+00   0.0000000E+00
     3.1000000E+02   2.0540239E+03   2.3853991E-02   2.0541646E+03   4.5414165E+03   0.0000000E+00   0.0000000E+00   0.0000000E+00   0.0000000E+00
     3.1100000E+02   2.0540237E+03   2.3573732E-02   2.0541643E+03   4.4528369E+03   0.0000000E+00   0.0000000E+00   0.0000000E+00   0.0000000E+00
     3.1200000E+02   2.0540234E+03   2.3348683E-02   2.0541641E+03   4.3822124E+03   0.0000000E+00   0.0000000E+00   0.0000000E+00   0.0000000E+00
     3.1300000E+02   2.0540232E+03   2.3191944E-02   2.0541641E+03   4.3332930E+03   0.0000000E+00   0.0000000E+00   0.0000000E+00   0.0000000E+00
     3.1400000E+02   2.0540232E+03   2.3095744E-02   2.0541638E+03   4.3033770E+03   0.0000000E+00   0.0000000E+00   0.0000000E+00   0.0000000E+00
     3.1500000E+02   2.0540229E+03   2.3052087E-02   2.0541638E+03   4.2898281E+03   0.0000000E+00   0.0000000E+00   0.0000000E+00   0.0000000E+00
     3.1600000E+02   2.0540229E+03   2.3027340E-02   2.0541636E+03   4.2821553E+03   0.0000000E+00   0.0000000E+00   0.0000000E+00   0.0000000E+00
     3.1700000E+02   2.0540229E+03   2.3003260E-02   2.0541636E+03   4.2746943E+03   0.0000000E+00   0.0000000E+00   0.0000000E+00   0.0000000E+00
     3.1800000E+02   2.0540229E+03   2.2979615E-02   2.0541633E+03   4.2673711E+03   0.0000000E+00   0.0000000E+00   0.0000000E+00   0.0000000E+00
     3.1900000E+02   2.0540229E+03   2.2956446E-02   2.0541633E+03   4.2602026E+03   0.0000000E+00   0.0000000E+00   0.0000000E+00   0.0000000E+00
     3.2000000E+02   2.0540229E+03   2.2933571E-02   2.0541631E+03   4.2531299E+03   0.0000000E+00   0.0000000E+00   0.0000000E+00   0.0000000E+00
     3.2100000E+02   2.0540229E+03   2.2910876E-02   2.0541628E+03   4.2461177E+03   0.0000000E+00   0.0000000E+00   0.0000000E+00   0.0000000E+00
     3.2200000E+02   2.0540229E+03   2.2960508E-02   2.0541628E+03   4.2614580E+03   0.0000000E+00   0.0000000E+00   0.0000000E+00   0.0000000E+00
     3.2300000E+02   2.0540229E+03   2.2883099E-02   2.0541626E+03   4.2375410E+03   0.0000000E+00   0.0000000E+00   0.0000000E+00   0.0000000E+00
     3.2400000E+02   2.0540229E+03   2.2860544E-02   2.0541626E+03   4.2305830E+03   0.0000000E+00   0.0000000E+00   0.0000000E+00   0.0000000E+00
     3.2500000E+02   2.0540229E+03   2.2838280E-02   2.0541624E+03   4.2237188E+03   0.0000000E+00   0.0000000E+00   0.0000000E+00   0.0000000E+00
     3.2600000E+02   2.0540227E+03   2.2816285E-02   2.0541621E+03   4.2169414E+03   0.0000000E+00   0.0000000E+00   0.0000000E+00   0.0000000E+00
     3.2700000E+02   2.0540227E+03   2.2794440E-02   2.0541621E+03   4.2102139E+03   0.0000000E+00   0.0000000E+00   0.0000000E+00   0.0000000E+00
     3.2800000E+02   2.0540227E+03   2.2772815E-02   2.0541619E+03   4.2035591E+03   0.0000000E+00   0.0000000E+00   0.0000000E+00   0.0000000E+00
     3.2900000E+02   2.0540227E+03   2.2751531E-02   2.0541616E+03   4.1970127E+03   0.0000000E+00   0.0000000E+00   0.0000000E+00   0.0000000E+00
     3.3000000E+02   2.0540227E+03   2.2730399E-02   2.0541616E+03   4.1905181E+03   0.0000000E+00   0.0000000E+00   0.0000000E+00   0.0000000E+00
     3.3100000E+02   2.0540227E+03   2.2709446E-02   2.0541614E+03   4.1840820E+03   0.0000000E+00   0.0000000E+00   0.0000000E+00   0.0000000E+00
     3.3200000E+02   2.0540227E+03   2.2688612E-02   2.0541611E+03   4.1776865E+03   0.0000000E+00   0.0000000E+00   0.0000000E+00   0.0000000E+00
     3.3300000E+02   2.0540227E+03   2.2668352E-02   2.0541611E+03   4.1714707E+03   0.0000000E+00   0.0000000E+00   0.0000000E+00   0.0000000E+00
     3.3400000E+02   2.0540227E+03   2.2648146E-02   2.0541609E+03   4.1652754E+03   0.0000000E+00   0.0000000E+00   0.0000000E+00   0.0000000E+00
     3.3500000E+02   2.0540227E+03   2.2628175E-02   2.0541606E+03   4.1591562E+03   0.0000000E+00   0.0000000E+00   0.0000000E+00   0.0000000E+00
     3.3600000E+02   2.0540227E+03   2.2608433E-02   2.0541604E+03   4.1531104E+03   0.0000000E+00   0.0000000E+00   0.0000000E+00   0.0000000E+00
     3.3700000E+02   2.0540227E+03   2.2589257E-02   2.0541604E+03   4.1472412E+03   0.0000000E+00   0.0000000E+00   0.0000000E+00   0.0000000E+00
     3.3800000E+02   2.0540225E+03   2.2570785E-02   2.0541602E+03   4.1415908E+03   0.0000000E+00   0.0000000E+00   0.0000000E+00   0.0000000E+00
     3.3900000E+02   2.0540225E+03   2.2553686E-02   2.0541599E+03   4.1363628E+03   0.0000000E+00   0.0000000E+00   0.0000000E+00   0.0000000E+00
     3.4000000E+02   2.0540225E+03   2.2536524E-02   2.0541597E+03   4.1311191E+03   0.0000000E+00   0.0000000E+00   0.0000000E+00   0.0000000E+00
     3.4100000E+02   2.0540225E+03   2.2519192E-02   2.0541597E+03   4.1258252E+03   0.0000000E+00   0.0000000E+00   0.0000000E+00   0.0000000E+00
     3.4200000E+02   2.0540225E+03   2.2501921E-02   2.0541594E+03   4.1205518E+03   0.0000000E+00   0.0000000E+00   0.0000000E+00   0.0000000E+00
     3.4300000E+02   2.0540225E+03   2.2486923E-02   2.0541594E+03   4.1159756E+03   0.0000000E+00   0.0000000E+00   0.0000000E+00   0.0000000E+00
     3.4400000E+02   2.0540225E+03   2.2489337E-02   2.0541592E+03   4.1167114E+03   0.0000000E+00   0.0000000E+00   0.0000000E+00   0.0000000E+00
     3.4500000E+02   2.0540225E+03   2.2548705E-02   2.0541592E+03   4.1348394E+03   0.0000000E+00   0.0000000E+00   0.0000000E+00   0.0000000E+00
     3.4600000E+02   2.0540227E+03   2.2635724E-02   2.0541589E+03   4.1614692E+03   0.0000000E+00   0.0000000E+00   0.0000000E+00   0.0000000E+00
     3.4700000E+02   2.0540227E+03   2.2761999E-02   2.0541589E+03   4.2002324E+03   0.0000000E+00   0.0000000E+00   0.0000000E+00   0.0000000E+00
     3.4800000E+02   2.0540229E+03   2.2899801E-02   2.0541589E+03   4.2426982E+03   0.0000000E+00   0.0000000E+00   0.0000000E+00   0.0000000E+00
     3.4900000E+02   2.0540229E+03   2.3054153E-02   2.0541589E+03   4.2904688E+03   0.0000000E+00   0.0000000E+00   0.0000000E+00   0.0000000E+00
     3.5000000E+02   2.0540232E+03   2.3193957E-02   2.0541589E+03   4.3339199E+03   0.0000000E+00   0.0000000E+00   0.0000000E+00   0.0000000E+00
     3.5100000E+02   2.0540234E+03   2.3363756E-02   2.0541587E+03   4.3869292E+03   0.0000000E+00   0.0000000E+00   0.0000000E+00   0.0000000E+00
     3.5200000E+02   2.0540234E+03   2.3478452E-02   2.0541587E+03   4.4228813E+03   0.0000000E+00   0.0000000E+00   0.0000000E+00   0.0000000E+00
     3.5300000E+02   2.0540237E+03   2.3662025E-02   2.0541587E+03   4.4806670E+03   0.0000000E+00   0.0000000E+00   0.0000000E+00   0.0000000E+00
     3.5400000E+02   2.0540237E+03   2.3697635E-02   2.0541587E+03   4.4919121E+03   0.0000000E+00   0.0000000E+00   0.0000000E+00   0.0000000E+00
     3.5500000E+02   2.0540239E+03   2.3839166E-02   2.0541587E+03   4.5367451E+03   0.0000000E+00   0.0000000E+00   0.0000000E+00   0.0000000E+00
     3.5600000E+02   2.0540239E+03   2.3879530E-02   2.0541584E+03   4.5495537E+03   0.0000000E+00   0.0000000E+00   0.0000000E+00   0.0000000E+00
     3.5700000E+02   2.0540239E+03   2.3947785E-02   2.0541584E+03   4.5712446E+03   0.0000000E+00   0.0000000E+00   0.0000000E+00   0.0000000E+00
     3.5800000E+02   2.0540239E+03   2.4032252E-02   2.0541584E+03   4.5981460E+03   0.0000000E+00   0.0000000E+00   0.0000000E+00   0.0000000E+00
     3.5900000E+02   2.0540242E+03   2.4098204E-02   2.0541584E+03   4.6201504E+03   0.0000000E+00   0.0000000E+00   0.0000000E+00   0.0000000E+00
     3.6000000E+02   2.0540242E+03   2.4170948E-02   2.0541582E+03   4.6424551E+03   0.0000000E+00   0.0000000E+00   0.0000000E+00   0.0000000E+00
     3.6100000E+02   2.0540261E+03   2.6212612E-02   2.0541594E+03   5.3141343E+03   0.0000000E+00   0.0000000E+00   0.0000000E+00   0.0000000E+00
     3.6200000E+02   2.0540249E+03   2.4967127E-02   2.0541587E+03   4.9000938E+03   0.0000000E+00   0.0000000E+00   0.0000000E+00   0.0000000E+00
     3.6300000E+02   2.0540251E+03   2.5030704E-02   2.0541584E+03   4.9209189E+03   0.0000000E+00   0.0000000E+00   0.0000000E+00   0.0000000E+00
     3.6400000E+02   2.0540249E+03   2.4988849E-02   2.0541584E+03   4.9072002E+03   0.0000000E+00   0.0000000E+00   0.0000000E+00   0.0000000E+00
     3.6500000E+02   2.0540249E+03   2.5006579E-02   2.0541584E+03   4.9129722E+03   0.0000000E+00   0.0000000E+00   0.0000000E+00   0.0000000E+00
     3.6600000E+02   2.0540251E+03   2.5041899E-02   2.0541584E+03   4.9244561E+03   0.0000000E+00   0.0000000E+00   0.0000000E+00   0.0000000E+00
     3.6700000E+02   2.0540251E+03   2.5094213E-02   2.0541582E+03   4.9417021E+03   0.0000000E+00   0.0000000E+00   0.0000000E+00   0.0000000E+00
     3.6800000E+02   2.0540251E+03   2.5213080E-02   2.0541582E+03   4.9806924E+03   0.0000000E+00   0.0000000E+00   0.0000000E+00   0.0000000E+00
     3.6900000E+02   2.0540254E+03   2.5464896E-02   2.0541584E+03   5.0639722E+03   0.0000000E+00   0.0000000E+00   0.0000000E+00   0.0000000E+00
     3.7000000E+02   2.0540254E+03   2.5494425E-02   2.0541582E+03   5.0736743E+03   0.0000000E+00   0.0000000E+00   0.0000000E+00   0.0000000E+00
     3.7100000E+02   2.0540256E+03   2.5611416E-02   2.0541582E+03   5.1139102E+03   0.0000000E+00   0.0000000E+00   0.0000000E+00   0.0000000E+00
     3.7200000E+02   2.0540259E+03   2.5758632E-02   2.0541584E+03   5.1616167E+03   0.0000000E+00   0.0000000E+00   0.0000000E+00   0.0000000E+00
     3.7300000E+02   2.0540286E+03   2.8595673E-02   2.0541604E+03   6.1436069E+03   0.0000000E+00   0.0000000E+00   0.0000000E+00   0.0000000E+00
     3.7400000E+02   2.0540276E+03   2.7659204E-02   2.0541604E+03   5.8118755E+03   0.0000000E+00   0.0000000E+00   0.0000000E+00   0.0000000E+00
     3.7500000E+02   2.0540281E+03   2.8177597E-02   2.0541614E+03   5.9945640E+03   0.0000000E+00   0.0000000E+00   0.0000000E+00   0.0000000E+00
     3.7600000E+02   2.0540305E+03   3.0514900E-02   2.0541638E+03   6.8460371E+03   0.0000000E+00   0.0000000E+00   0.0000000E+00   0.0000000E+00
     3.7700000E+02   2.0540295E+03   2.9520417E-02   2.0541636E+03   6.4782246E+03   0.0000000E+00   0.0000000E+00   0.0000000E+00   0.0000000E+00
     3.7800000E+02   2.0540293E+03   2.9336438E-02   2.0541636E+03   6.4110781E+03   0.0000000E+00   0.0000000E+00   0.0000000E+00   0.0000000E+00
     3.7900000E+02   2.0540293E+03   2.9285600E-02   2.0541636E+03   6.3925640E+03   0.0000000E+00   0.0000000E+00   0.0000000E+00   0.0000000E+00
     3.8000000E+02   2.0540295E+03   2.9509496E-02   2.0541638E+03   6.4742402E+03   0.0000000E+00   0.0000000E+00   0.0000000E+00   0.0000000E+00
     3.8100000E+02   2.0540298E+03   2.9673334E-02   2.0541641E+03   6.5342607E+03   0.0000000E+00   0.0000000E+00   0.0000000E+00   0.0000000E+00
     3.8200000E+02   2.0540305E+03   3.0599248E-02   2.0541650E+03   6.8776118E+03   0.0000000E+00   0.0000000E+00   0.0000000E+00   0.0000000E+00
     3.8300000E+02   2.0540320E+03   3.1890985E-02   2.0541663E+03   7.3682896E+03   0.0000000E+00   0.0000000E+00   0.0000000E+00   0.0000000E+00
     3.8400000E+02   2.0540320E+03   3.1892158E-02   2.0541665E+03   7.3687480E+03   0.0000000E+00   0.0000000E+00   0.0000000E+00   0.0000000E+00
     3.8500000E+02   2.0540317E+03   3.1831339E-02   2.0541665E+03   7.3453335E+03   0.0000000E+00   0.0000000E+00   0.0000000E+00   0.0000000E+00
     3.8600000E+02   2.0540315E+03   3.1580690E-02   2.0541663E+03   7.2493398E+03   0.0000000E+00   0.0000000E+00   0.0000000E+00   0.0000000E+00
     3.8700000E+02   2.0540315E+03   3.1406790E-02   2.0541663E+03   7.1827759E+03   0.0000000E+00   0.0000000E+00   0.0000000E+00   0.0000000E+00
     3.8800000E+02   2.0540312E+03   3.1289622E-02   2.0541660E+03   7.1383252E+03   0.0000000E+00   0.0000000E+00   0.0000000E+00   0.0000000E+00
     3.8900000E+02   2.0540312E+03   3.1211637E-02   2.0541660E+03   7.1085415E+03   0.0000000E+00   0.0000000E+00   0.0000000E+00   0.0000000E+00
     3.9000000E+02   2.0540312E+03   3.1159379E-02   2.0541660E+03   7.0888716E+03   0.0000000E+00   0.0000000E+00   0.0000000E+00   0.0000000E+00
     3.9100000E+02   2.0540310E+03   3.1124223E-02   2.0541658E+03   7.0753906E+03   0.0000000E+00   0.0000000E+00   0.0000000E+00   0.0000000E+00
     3.9200000E+02   2.0540310E+03   3.1095287E-02   2.0541658E+03   7.0645854E+03   0.0000000E+00   0.0000000E+00   0.0000000E+00   0.0000000E+00
     3.9300000E+02   2.0540327E+03   3.2771979E-02   2.0541672E+03   7.7106592E+03   0.0000000E+00   0.0000000E+00   0.0000000E+00   0.0000000E+00
     3.9400000E+02   2.0540320E+03   3.1864550E-02   2.0541665E+03   7.3581104E+03   0.0000000E+00   0.0000000E+00   0.0000000E+00   0.0000000E+00
     3.9500000E+02   2.0540317E+03   3.1726997E-02   2.0541665E+03   7.3052461E+03   0.0000000E+00   0.0000000E+00   0.0000000E+00   0.0000000E+00
     3.9600000E+02   2.0540317E+03   3.1637494E-02   2.0541665E+03   7.2709292E+03   0.0000000E+00   0.0000000E+00   0.0000000E+00   0.0000000E+00
     3.9700000E+02   2.0540315E+03   3.1583026E-02   2.0541665E+03   7.2500791E+03   0.0000000E+00   0.0000000E+00   0.0000000E+00   0.0000000E+00
     3.9800000E+02   2.0540322E+03   3.2117307E-02   2.0541670E+03   7.4556470E+03   0.0000000E+00   0.0000000E+00   0.0000000E+00   0.0000000E+00
     3.9900000E+02   2.0540337E+03   3.3664655E-02   2.0541685E+03   8.0638711E+03   0.0000000E+00   0.0000000E+00   0.0000000E+00   0.0000000E+00
     4.0000000E+02   2.0540349E+03   3.4895416E-02   2.0541697E+03   8.5613389E+03   0.0000000E+00   0.0000000E+00   0.0000000E+00   0.0000000E+00
     4.0100000E+02   2.0540354E+03   3.5413045E-02   2.0541702E+03   8.7740479E+03   0.0000000E+00   0.0000000E+00   0.0000000E+00   0.0000000E+00
     4.0200000E+02   2.0540361E+03   3.6163487E-02   2.0541709E+03   9.0861162E+03   0.0000000E+00   0.0000000E+00   0.0000000E+00   0.0000000E+00
     4.0300000E+02   2.0540376E+03   3.7527692E-02   2.0541721E+03   9.6645020E+03   0.0000000E+00   0.0000000E+00   0.0000000E+00   0.0000000E+00
     4.0400000E+02   2.0540374E+03   3.7337445E-02   2.0541721E+03   9.5828877E+03   0.0000000E+00   0.0000000E+00   0.0000000E+00   0.0000000E+00
     4.0500000E+02   2.0540376E+03   3.7678756E-02   2.0541724E+03   9.7293262E+03   0.0000000E+00   0.0000000E+00   0.0000000E+00   0.0000000E+00
     4.0600000E+02   2.0540381E+03   3.8101260E-02   2.0541729E+03   9.9118359E+03   0.0000000E+00   0.0000000E+00   0.0000000E+00   0.0000000E+00
     4.0700000E+02   2.0540383E+03   3.8244948E-02   2.0541731E+03   9.9742148E+03   0.0000000E+00   0.0000000E+00   0.0000000E+00   0.0000000E+00
     4.0800000E+02   2.0540386E+03   3.8499121E-02   2.0541731E+03   1.0084940E+04   0.0000000E+00   0.0000000E+00   0.0000000E+00   0.0000000E+00
     4.0900000E+02   2.0540388E+03   3.8937375E-02   2.0541736E+03   1.0277003E+04   0.0000000E+00   0.0000000E+00   0.0000000E+00   0.0000000E+00
     4.1000000E+02   2.0540520E+03   5.1997691E-02   2.0541831E+03   1.6642922E+04   0.0000000E+00   0.0000000E+00   0.0000000E+00   0.0000000E+00
     4.1100000E+02   2.0540979E+03   9.7850360E-02   2.0542114E+03   4.7737574E+04   0.0000000E+00   0.0000000E+00   0.0000000E+00   0.0000000E+00
     4.1200000E+02   2.0540681E+03   6.8046123E-02   2.0541958E+03   2.6057250E+04   0.0000000E+00   0.0000000E+00   0.0000000E+00   0.0000000E+00
     4.1300000E+02   2.0540659E+03   6.5951273E-02   2.0541943E+03   2.4734031E+04   0.0000000E+00   0.0000000E+00   0.0000000E+00   0.0000000E+00
     4.1400000E+02   2.0540974E+03   9.7292185E-02   2.0542134E+03   4.7284582E+04   0.0000000E+00   0.0000000E+00   0.0000000E+00   0.0000000E+00
     4.1500000E+02   2.0540718E+03   7.1883403E-02   2.0541985E+03   2.8552051E+04   0.0000000E+00   0.0000000E+00   0.0000000E+00   0.0000000E+00
     4.1600000E+02   2.0540676E+03   6.7546017E-02   2.0541953E+03   2.5738854E+04   0.0000000E+00   0.0000000E+00   0.0000000E+00   0.0000000E+00
     4.1700000E+02   2.0540664E+03   6.6302948E-02   2.0541943E+03   2.4954238E+04   0.0000000E+00   0.0000000E+00   0.0000000E+00   0.0000000E+00
     4.1800000E+02   2.0540752E+03   7.5213313E-02   2.0542004E+03   3.0790316E+04   0.0000000E+00   0.0000000E+00   0.0000000E+00   0.0000000E+00
     4.1900000E+02   2.0540867E+03   8.6554945E-02   2.0542087E+03   3.8911332E+04   0.0000000E+00   0.0000000E+00   0.0000000E+00   0.0000000E+00
     4.2000000E+02   2.0541968E+03   1.9685027E-01   2.0542737E+03   1.5304398E+05   0.0000000E+00   0.0000000E+00   0.0000000E+00   0.0000000E+00
     4.2100000E+02   2.0541045E+03   1.0461217E-01   2.0542268E+03   5.3361328E+04   0.0000000E+00   0.0000000E+00   0.0000000E+00   0.0000000E+00
     4.2200000E+02   2.0540862E+03   8.6230323E-02   2.0542190E+03   3.8668406E+04   0.0000000E+00   0.0000000E+00   0.0000000E+00   0.0000000E+00
     4.2300000E+02   2.0540793E+03   7.9383254E-02   2.0542175E+03   3.3687680E+04   0.0000000E+00   0.0000000E+00   0.0000000E+00   0.0000000E+00
     4.2400000E+02   2.0540740E+03   7.3951058E-02   2.0542166E+03   2.9933920E+04   0.0000000E+00   0.0000000E+00   0.0000000E+00   0.0000000E+00
     4.2500000E+02   2.0540696E+03   6.9545135E-02   2.0542158E+03   2.7020965E+04   0.0000000E+00   0.0000000E+00   0.0000000E+00   0.0000000E+00
     4.2600000E+02   2.0540657E+03   6.5789416E-02   2.0542151E+03   2.4632939E+04   0.0000000E+00   0.0000000E+00   0.0000000E+00   0.0000000E+00
     4.2700000E+02   2.0540625E+03   6.2594973E-02   2.0542144E+03   2.2671939E+04   0.0000000E+00   0.0000000E+00   0.0000000E+00   0.0000000E+00
     4.2800000E+02   2.0540598E+03   5.9841082E-02   2.0542139E+03   2.1034000E+04   0.0000000E+00   0.0000000E+00   0.0000000E+00   0.0000000E+00
     4.2900000E+02   2.0540576E+03   5.7543997E-02   2.0542134E+03   1.9705590E+04   0.0000000E+00   0.0000000E+00   0.0000000E+00   0.0000000E+00
     4.3000000E+02   2.0540557E+03   5.5584844E-02   2.0542131E+03   1.8600162E+04   0.0000000E+00   0.0000000E+00   0.0000000E+00   0.0000000E+00
     4.3100000E+02   2.0540542E+03   5.4130740E-02   2.0542131E+03   1.7796281E+04   0.0000000E+00   0.0000000E+00   0.0000000E+00   0.0000000E+00
     4.3200000E+02   2.0540540E+03   5.3895410E-02   2.0542136E+03   1.7667521E+04   0.0000000E+00   0.0000000E+00   0.0000000E+00   0.0000000E+00
     4.3300000E+02   2.0540566E+03   5.6548066E-02   2.0542166E+03   1.9140461E+04   0.0000000E+00   0.0000000E+00   0.0000000E+00   0.0000000E+00
     4.3400000E+02   2.0540618E+03   6.1759803E-02   2.0542209E+03   2.2170016E+04   0.0000000E+00   0.0000000E+00   0.0000000E+00   0.0000000E+00
     4.3500000E+02   2.0540610E+03   6.0921948E-02   2.0542217E+03   2.1671008E+04   0.0000000E+00   0.0000000E+00   0.0000000E+00   0.0000000E+00
     4.3600000E+02   2.0540657E+03   6.5580212E-02   2.0542258E+03   2.4502525E+04   0.0000000E+00   0.0000000E+00   0.0000000E+00   0.0000000E+00
     4.3700000E+02   2.0540696E+03   6.9585457E-02   2.0542295E+03   2.7047076E+04   0.0000000E+00   0.0000000E+00   0.0000000E+00   0.0000000E+00
     4.3800000E+02   2.0540615E+03   6.1439451E-02   2.0542256E+03   2.1978686E+04   0.0000000E+00   0.0000000E+00   0.0000000E+00   0.0000000E+00
     4.3900000E+02   2.0540588E+03   5.8928363E-02   2.0542246E+03   2.0502023E+04   0.0000000E+00   0.0000000E+00   0.0000000E+00   0.0000000E+00
     4.4000000E+02   2.0540569E+03   5.6993473E-02   2.0542239E+03   1.9392387E+04   0.0000000E+00   0.0000000E+00   0.0000000E+00   0.0000000E+00
     4.4100000E+02   2.0540583E+03   5.8247674E-02   2.0542256E+03   2.0108844E+04   0.0000000E+00   0.0000000E+00   0.0000000E+00   0.0000000E+00
     4.4200000E+02   2.0540627E+03   6.2680073E-02   2.0542297E+03   2.2723332E+04   0.0000000E+00   0.0000000E+00   0.0000000E+00   0.0000000E+00
     4.4300000E+02   2.0540571E+03   5.7038721E-02   2.0542290E+03   1.9418051E+04   0.0000000E+00   0.0000000E+00   0.0000000E+00   0.0000000E+00
     4.4400000E+02   2.0540557E+03   5.5658780E-02   2.0542283E+03   1.8641408E+04   0.0000000E+00   0.0000000E+00   0.0000000E+00   0.0000000E+00
     4.4500000E+02   2.0540576E+03   5.7567041E-02   2.0542302E+03   1.9718742E+04   0.0000000E+00   0.0000000E+00   0.0000000E+00   0.0000000E+00
     4.4600000E+02   2.0543857E+03   3.8567844E-01   2.0544158E+03   4.6949600E+05   0.0000000E+00   0.0000000E+00   0.0000000E+00   0.0000000E+00
     4.4700000E+02   2.0541650E+03   1.6501760E-01   2.0542998E+03   1.1406177E+05   0.0000000E+00   0.0000000E+00   0.0000000E+00   0.0000000E+00
     4.4800000E+02   2.0540901E+03   9.0033814E-02   2.0542595E+03   4.1552676E+04   0.0000000E+00   0.0000000E+00   0.0000000E+00   0.0000000E+00
     4.4900000E+02   2.0540835E+03   8.3405502E-02   2.0542559E+03   3.6580316E+04   0.0000000E+00   0.0000000E+00   0.0000000E+00   0.0000000E+00
     4.5000000E+02   2.0540779E+03   7.7946052E-02   2.0542532E+03   3.2677320E+04   0.0000000E+00   0.0000000E+00   0.0000000E+00   0.0000000E+00
     4.5100000E+02   2.0540735E+03   7.3451772E-02   2.0542507E+03   2.9597838E+04   0.0000000E+00   0.0000000E+00   0.0000000E+00   0.0000000E+00
     4.5200000E+02   2.0540698E+03   6.9869108E-02   2.0542488E+03   2.7231076E+04   0.0000000E+00   0.0000000E+00   0.0000000E+00   0.0000000E+00
     4.5300000E+02   2.0540669E+03   6.6885747E-02   2.0542476E+03   2.5320881E+04   0.0000000E+00   0.0000000E+00   0.0000000E+00   0.0000000E+00
     4.5400000E+02   2.0540635E+03   6.3471809E-02   2.0542458E+03   2.3203713E+04   0.0000000E+00   0.0000000E+00   0.0000000E+00   0.0000000E+00
     4.5500000E+02   2.0540613E+03   6.1287116E-02   2.0542461E+03   2.1887928E+04   0.0000000E+00   0.0000000E+00   0.0000000E+00   0.0000000E+00
     4.5600000E+02   2.0540593E+03   5.9367310E-02   2.0542466E+03   2.0757174E+04   0.0000000E+00   0.0000000E+00   0.0000000E+00   0.0000000E+00
     4.5700000E+02   2.0540579E+03   5.7852577E-02   2.0542458E+03   1.9882014E+04   0.0000000E+00   0.0000000E+00   0.0000000E+00   0.0000000E+00
     4.5800000E+02   2.0540562E+03   5.6143533E-02   2.0542451E+03   1.8912777E+04   0.0000000E+00   0.0000000E+00   0.0000000E+00   0.0000000E+00
     4.5900000E+02   2.0540547E+03   5.4653514E-02   2.0542446E+03   1.8083639E+04   0.0000000E+00   0.0000000E+00   0.0000000E+00   0.0000000E+00
     4.6000000E+02   2.0540532E+03   5.3332224E-02   2.0542444E+03   1.7360879E+04   0.0000000E+00   0.0000000E+00   0.0000000E+00   0.0000000E+00
     4.6100000E+02   2.0540520E+03   5.2098315E-02   2.0542439E+03   1.6696605E+04   0.0000000E+00   0.0000000E+00   0.0000000E+00   0.0000000E+00
     4.6200000E+02   2.0540510E+03   5.0978005E-02   2.0542437E+03   1.6102502E+04   0.0000000E+00   0.0000000E+00   0.0000000E+00   0.0000000E+00
     4.6300000E+02   2.0540500E+03   4.9972277E-02   2.0542434E+03   1.5576516E+04   0.0000000E+00   0.0000000E+00   0.0000000E+00   0.0000000E+00
     4.6400000E+02   2.0540491E+03   4.9045719E-02   2.0542432E+03   1.5098140E+04   0.0000000E+00   0.0000000E+00   0.0000000E+00   0.0000000E+00
     4.6500000E+02   2.0540481E+03   4.8196808E-02   2.0542429E+03   1.4665105E+04   0.0000000E+00   0.0000000E+00   0.0000000E+00   0.0000000E+00
     4.6600000E+02   2.0540474E+03   4.7415573E-02   2.0542427E+03   1.4271059E+04   0.0000000E+00   0.0000000E+00   0.0000000E+00   0.0000000E+00
     4.6700000E+02   2.0540466E+03   4.6715666E-02   2.0542427E+03   1.3921687E+04   0.0000000E+00   0.0000000E+00   0.0000000E+00   0.0000000E+00
     4.6800000E+02   2.0540461E+03   4.6061423E-02   2.0542424E+03   1.3598252E+04   0.0000000E+00   0.0000000E+00   0.0000000E+00   0.0000000E+00
     4.6900000E+02   2.0540454E+03   4.5456734E-02   2.0542422E+03   1.3302019E+04   0.0000000E+00   0.0000000E+00   0.0000000E+00   0.0000000E+00
     4.7000000E+02   2.0540449E+03   4.4950765E-02   2.0542419E+03   1.3056160E+04   0.0000000E+00   0.0000000E+00   0.0000000E+00   0.0000000E+00
     4.7100000E+02   2.0540444E+03   4.4459779E-02   2.0542419E+03   1.2819339E+04   0.0000000E+00   0.0000000E+00   0.0000000E+00   0.0000000E+00
     4.7200000E+02   2.0540439E+03   4.3985542E-02   2.0542417E+03   1.2592245E+04   0.0000000E+00   0.0000000E+00   0.0000000E+00   0.0000000E+00
     4.7300000E+02   2.0540435E+03   4.3545850E-02   2.0542417E+03   1.2383146E+04   0.0000000E+00   0.0000000E+00   0.0000000E+00   0.0000000E+00
     4.7400000E+02   2.0540432E+03   4.3136463E-02   2.0542417E+03   1.2189717E+04   0.0000000E+00   0.0000000E+00   0.0000000E+00   0.0000000E+00
     4.7500000E+02   2.0540427E+03   4.2750705E-02   2.0542415E+03   1.2008571E+04   0.0000000E+00   0.0000000E+00   0.0000000E+00   0.0000000E+00
     4.7600000E+02   2.0540425E+03   4.2375706E-02   2.0542415E+03   1.1833519E+04   0.0000000E+00   0.0000000E+00   0.0000000E+00   0.0000000E+00
     4.7700000E+02   2.0540420E+03   4.2025473E-02   2.0542415E+03   1.1671069E+04   0.0000000E+00   0.0000000E+00   0.0000000E+00   0.0000000E+00
     4.7800000E+02   2.0540417E+03   4.1697979E-02   2.0542415E+03   1.1519880E+04   0.0000000E+00   0.0000000E+00   0.0000000E+00   0.0000000E+00
     4.7900000E+02   2.0540415E+03   4.1388024E-02   2.0542415E+03   1.1377517E+04   0.0000000E+00   0.0000000E+00   0.0000000E+00   0.0000000E+00
     4.8000000E+02   2.0540410E+03   4.1097678E-02   2.0542412E+03   1.1244803E+04   0.0000000E+00   0.0000000E+00   0.0000000E+00   0.0000000E+00
     4.8100000E+02   2.0540408E+03   4.0820975E-02   2.0542412E+03   1.1118902E+04   0.0000000E+00   0.0000000E+00   0.0000000E+00   0.0000000E+00
     4.8200000E+02   2.0540405E+03   4.0556177E-02   2.0542412E+03   1.0998951E+04   0.0000000E+00   0.0000000E+00   0.0000000E+00   0.0000000E+00
     4.8300000E+02   2.0540403E+03   4.0307410E-02   2.0542412E+03   1.0886737E+04   0.0000000E+00   0.0000000E+00   0.0000000E+00   0.0000000E+00
     4.8400000E+02   2.0540400E+03   4.0158428E-02   2.0542412E+03   1.0819756E+04   0.0000000E+00   0.0000000E+00   0.0000000E+00   0.0000000E+00
     4.8500000E+02   2.0540398E+03   3.9913084E-02   2.0542412E+03   1.0709810E+04   0.0000000E+00   0.0000000E+00   0.0000000E+00   0.0000000E+00
     4.8600000E+02   2.0540398E+03   3.9702933E-02   2.0542412E+03   1.0615992E+04   0.0000000E+00   0.0000000E+00   0.0000000E+00   0.0000000E+00
     4.8700000E+02   2.0540396E+03   3.9500874E-02   2.0542412E+03   1.0526100E+04   0.0000000E+00   0.0000000E+00   0.0000000E+00   0.0000000E+00
     4.8800000E+02   2.0540393E+03   3.9308116E-02   2.0542412E+03   1.0440628E+04   0.0000000E+00   0.0000000E+00   0.0000000E+00   0.0000000E+00
     4.8900000E+02   2.0540391E+03   3.9123885E-02   2.0542412E+03   1.0359200E+04   0.0000000E+00   0.0000000E+00   0.0000000E+00   0.0000000E+00
     4.9000000E+02   2.0540391E+03   3.8949002E-02   2.0542412E+03   1.0282139E+04   0.0000000E+00   0.0000000E+00   0.0000000E+00   0.0000000E+00
     4.9100000E+02   2.0540388E+03   3.8781621E-02   2.0542412E+03   1.0208601E+04   0.0000000E+00   0.0000000E+00   0.0000000E+00   0.0000000E+00
     4.9200000E+02   2.0540386E+03   3.8624447E-02   2.0542410E+03   1.0139737E+04   0.0000000E+00   0.0000000E+00   0.0000000E+00   0.0000000E+00
     4.9300000E+02   2.0540386E+03   3.8473211E-02   2.0542410E+03   1.0073654E+04   0.0000000E+00   0.0000000E+00   0.0000000E+00   0.0000000E+00
     4.9400000E+02   2.0540383E+03   3.8329136E-02   2.0542410E+03   1.0010857E+04   0.0000000E+00   0.0000000E+00   0.0000000E+00   0.0000000E+00
     4.9500000E+02   2.0540381E+03   3.8192634E-02   2.0542410E+03   9.9515088E+03   0.0000000E+00   0.0000000E+00   0.0000000E+00   0.0000000E+00
     4.9600000E+02   2.0540381E+03   3.8060702E-02   2.0542410E+03   9.8942812E+03   0.0000000E+00   0.0000000E+00   0.0000000E+00   0.0000000E+00
     4.9700000E+02   2.0540378E+03   3.7939198E-02   2.0542410E+03   9.8416943E+03   0.0000000E+00   0.0000000E+00   0.0000000E+00   0.0000000E+00
     4.9800000E+02   2.0540378E+03   3.7820987E-02   2.0542410E+03   9.7906377E+03   0.0000000E+00   0.0000000E+00   0.0000000E+00   0.0000000E+00
     4.9900000E+02   2.0540376E+03   3.7708450E-02   2.0542410E+03   9.7421338E+03   0.0000000E+00   0.0000000E+00   0.0000000E+00   0.0000000E+00
     5.0000000E+02   2.0540376E+03   3.7597686E-02   2.0542410E+03   9.6944863E+03   0.0000000E+00   0.0000000E+00   0.0000000E+00   0.0000000E+00
     5.0100000E+02   2.0540376E+03   3.7491072E-02   2.0542410E+03   9.6487119E+03   0.0000000E+00   0.0000000E+00   0.0000000E+00   0.0000000E+00
