 "GAGE No.    1:  K,I,J Coord. =     2,   43,   70;  STREAM SEGMENT =    20;  REACH =     6 "
     "DATA: Time           Stage           Depth         GW-Head    Midpt-Flow       Stream-Loss        GW-Rech.  Chnge-UZ-Stor.   Vol.-UZ-Stor."
     1.0000000E+00   1.9612500E+03   0.0000000E+00   1.9507302E+03   0.0000000E+00   0.0000000E+00   0.0000000E+00   0.0000000E+00   0.0000000E+00
     2.0000000E+00   1.9612500E+03   0.0000000E+00   1.9507303E+03   0.0000000E+00   0.0000000E+00   0.0000000E+00   0.0000000E+00   0.0000000E+00
     3.0000000E+00   1.9612500E+03   0.0000000E+00   1.9507305E+03   0.0000000E+00   0.0000000E+00   0.0000000E+00   0.0000000E+00   0.0000000E+00
     4.0000000E+00   1.9612500E+03   0.0000000E+00   1.9507306E+03   0.0000000E+00   0.0000000E+00   0.0000000E+00   0.0000000E+00   0.0000000E+00
     5.0000000E+00   1.9612500E+03   0.0000000E+00   1.9507308E+03   0.0000000E+00   0.0000000E+00   0.0000000E+00   0.0000000E+00   0.0000000E+00
     6.0000000E+00   1.9612500E+03   0.0000000E+00   1.9507311E+03   0.0000000E+00   0.0000000E+00   0.0000000E+00   0.0000000E+00   0.0000000E+00
     7.0000000E+00   1.9612500E+03   0.0000000E+00   1.9507313E+03   0.0000000E+00   0.0000000E+00   0.0000000E+00   0.0000000E+00   0.0000000E+00
     8.0000000E+00   1.9612500E+03   0.0000000E+00   1.9507316E+03   0.0000000E+00   0.0000000E+00   0.0000000E+00   0.0000000E+00   0.0000000E+00
     9.0000000E+00   1.9612500E+03   0.0000000E+00   1.9507318E+03   0.0000000E+00   0.0000000E+00   0.0000000E+00   0.0000000E+00   0.0000000E+00
     1.0000000E+01   1.9612500E+03   0.0000000E+00   1.9507321E+03   0.0000000E+00   0.0000000E+00   0.0000000E+00   0.0000000E+00   0.0000000E+00
     1.1000000E+01   1.9612500E+03   0.0000000E+00   1.9507323E+03   0.0000000E+00   0.0000000E+00   0.0000000E+00   0.0000000E+00   0.0000000E+00
     1.2000000E+01   1.9612500E+03   0.0000000E+00   1.9507327E+03   0.0000000E+00   0.0000000E+00   0.0000000E+00   0.0000000E+00   0.0000000E+00
     1.3000000E+01   1.9612500E+03   0.0000000E+00   1.9507330E+03   0.0000000E+00   8.2470685E-01   0.0000000E+00   8.2470685E-01   8.2470685E-01
     1.4000000E+01   1.9612501E+03   0.0000000E+00   1.9507334E+03   0.0000000E+00   6.5248501E-01   0.0000000E+00   6.5247649E-01   1.4771833E+00
     1.5000000E+01   1.9612501E+03   0.0000000E+00   1.9507339E+03   0.0000000E+00   6.2241626E-01   0.0000000E+00   6.2241501E-01   2.0995984E+00
     1.6000000E+01   1.9612501E+03   0.0000000E+00   1.9507345E+03   0.0000000E+00   5.4893762E-01   0.0000000E+00   5.4893214E-01   2.6485305E+00
     1.7000000E+01   1.9612501E+03   0.0000000E+00   1.9507350E+03   0.0000000E+00   6.4971685E-01   0.0000000E+00   6.4971513E-01   3.2982457E+00
     1.8000000E+01   1.9612500E+03   0.0000000E+00   1.9507355E+03   0.0000000E+00   8.8870651E-01   0.0000000E+00   8.8870645E-01   4.1869521E+00
     1.9000000E+01   1.9612501E+03   0.0000000E+00   1.9507361E+03   0.0000000E+00   1.1718664E+00   0.0000000E+00   1.1718664E+00   5.3588185E+00
     2.0000000E+01   1.9612500E+03   0.0000000E+00   1.9507366E+03   0.0000000E+00   9.4705999E-01   0.0000000E+00   9.4703513E-01   6.3058538E+00
     2.1000000E+01   1.9612500E+03   0.0000000E+00   1.9507372E+03   0.0000000E+00   8.5848922E-01   0.0000000E+00   8.5846359E-01   7.1643176E+00
     2.2000000E+01   1.9612501E+03   0.0000000E+00   1.9507377E+03   0.0000000E+00   7.9160106E-01   0.0000000E+00   7.9159242E-01   7.9559102E+00
     2.3000000E+01   1.9612501E+03   0.0000000E+00   1.9507382E+03   0.0000000E+00   7.3135787E-01   0.0000000E+00   7.3134828E-01   8.6872587E+00
     2.4000000E+01   1.9612501E+03   0.0000000E+00   1.9507388E+03   0.0000000E+00   6.7692506E-01   0.0000000E+00   6.7691624E-01   9.3641748E+00
     2.5000000E+01   1.9612501E+03   0.0000000E+00   1.9507393E+03   0.0000000E+00   6.2759513E-01   0.0000000E+00   6.2758660E-01   9.9917612E+00
     2.6000000E+01   1.9612501E+03   0.0000000E+00   1.9507399E+03   0.0000000E+00   1.9888397E+00   0.0000000E+00   1.9888328E+00   1.1980594E+01
     2.7000000E+01   1.9612501E+03   0.0000000E+00   1.9507405E+03   0.0000000E+00   1.6977929E+00   0.0000000E+00   1.6977638E+00   1.3678357E+01
     2.8000000E+01   1.9612500E+03   0.0000000E+00   1.9507412E+03   0.0000000E+00   1.1080730E+00   0.0000000E+00   1.1079413E+00   1.4786299E+01
     2.9000000E+01   1.9612500E+03   0.0000000E+00   1.9507418E+03   0.0000000E+00   1.0012364E+00   0.0000000E+00   1.0011152E+00   1.5787414E+01
     3.0000000E+01   1.9612500E+03   0.0000000E+00   1.9507424E+03   0.0000000E+00   9.1952199E-01   0.0000000E+00   9.1940647E-01   1.6706820E+01
     3.1000000E+01   1.9612500E+03   0.0000000E+00   1.9507432E+03   0.0000000E+00   8.4640330E-01   0.0000000E+00   8.4636652E-01   1.7553186E+01
     3.2000000E+01   1.9612501E+03   0.0000000E+00   1.9507438E+03   0.0000000E+00   7.8073460E-01   0.0000000E+00   7.8071743E-01   1.8333904E+01
     3.3000000E+01   1.9612501E+03   0.0000000E+00   1.9507444E+03   0.0000000E+00   7.2155517E-01   0.0000000E+00   7.2153544E-01   1.9055439E+01
     3.4000000E+01   1.9612501E+03   0.0000000E+00   1.9507451E+03   0.0000000E+00   6.6805464E-01   0.0000000E+00   6.6803765E-01   1.9723476E+01
     3.5000000E+01   1.9612501E+03   0.0000000E+00   1.9507457E+03   0.0000000E+00   6.1954516E-01   0.0000000E+00   6.1952770E-01   2.0343004E+01
     3.6000000E+01   1.9612501E+03   0.0000000E+00   1.9507463E+03   0.0000000E+00   5.7544029E-01   0.0000000E+00   5.7542336E-01   2.0918428E+01
     3.7000000E+01   1.9612501E+03   0.0000000E+00   1.9507469E+03   0.0000000E+00   5.3523743E-01   0.0000000E+00   5.3521937E-01   2.1453648E+01
     3.8000000E+01   1.9612501E+03   0.0000000E+00   1.9507476E+03   0.0000000E+00   4.9850345E-01   0.0000000E+00   4.9848741E-01   2.1952135E+01
     3.9000000E+01   1.9612501E+03   0.0000000E+00   1.9507483E+03   0.0000000E+00   1.3116745E+00   0.0000000E+00   1.3116596E+00   2.3263794E+01
     4.0000000E+01   1.9612501E+03   0.0000000E+00   1.9507490E+03   0.0000000E+00   2.2979393E+00   0.0000000E+00   2.2979271E+00   2.5561722E+01
     4.1000000E+01   1.9612500E+03   0.0000000E+00   1.9507496E+03   0.0000000E+00   8.6812252E-01   0.0000000E+00   8.6782736E-01   2.6429548E+01
     4.2000000E+01   1.9612501E+03   0.0000000E+00   1.9507504E+03   0.0000000E+00   8.0027252E-01   0.0000000E+00   7.9997814E-01   2.7229527E+01
     4.3000000E+01   1.9612500E+03   0.0000000E+00   1.9507511E+03   0.0000000E+00   3.5549092E+00   0.0000000E+00   3.5547340E+00   3.0784260E+01
     4.4000000E+01   1.9612501E+03   0.0000000E+00   1.9507520E+03   0.0000000E+00   1.2009081E+00   0.0000000E+00   1.2004910E+00   3.1984751E+01
     4.5000000E+01   1.9612500E+03   0.0000000E+00   1.9507527E+03   0.0000000E+00   1.0970790E+00   0.0000000E+00   1.0967333E+00   3.3081486E+01
     4.6000000E+01   1.9612500E+03   0.0000000E+00   1.9507535E+03   0.0000000E+00   1.0049539E+00   0.0000000E+00   1.0049402E+00   3.4086426E+01
     4.7000000E+01   1.9612500E+03   0.0000000E+00   1.9507543E+03   0.0000000E+00   9.2285836E-01   0.0000000E+00   9.2284411E-01   3.5009270E+01
     4.8000000E+01   1.9612500E+03   0.0000000E+00   1.9507550E+03   0.0000000E+00   8.4940797E-01   0.0000000E+00   8.4939051E-01   3.5858662E+01
     4.9000000E+01   1.9612501E+03   0.0000000E+00   1.9507557E+03   0.0000000E+00   7.8344923E-01   0.0000000E+00   7.8342718E-01   3.6642090E+01
     5.0000000E+01   1.9612501E+03   0.0000000E+00   1.9507566E+03   0.0000000E+00   7.2401506E-01   0.0000000E+00   7.2399086E-01   3.7366081E+01
     5.1000000E+01   1.9612501E+03   0.0000000E+00   1.9507573E+03   0.0000000E+00   6.7028975E-01   0.0000000E+00   6.7026377E-01   3.8036346E+01
     5.2000000E+01   1.9612501E+03   0.0000000E+00   1.9507581E+03   0.0000000E+00   6.2158144E-01   0.0000000E+00   6.2155247E-01   3.8657898E+01
     5.3000000E+01   1.9612501E+03   0.0000000E+00   1.9507588E+03   0.0000000E+00   5.7729983E-01   0.0000000E+00   5.7727152E-01   3.9235168E+01
     5.4000000E+01   1.9612500E+03   0.0000000E+00   1.9507595E+03   0.0000000E+00   9.2082965E-01   0.0000000E+00   9.2080182E-01   4.0155972E+01
     5.5000000E+01   1.9612501E+03   0.0000000E+00   1.9507603E+03   0.0000000E+00   5.6325817E-01   0.0000000E+00   5.6316048E-01   4.0719131E+01
     5.6000000E+01   1.9612501E+03   0.0000000E+00   1.9507611E+03   0.0000000E+00   5.2411848E-01   0.0000000E+00   5.2402443E-01   4.1243156E+01
     5.7000000E+01   1.9612501E+03   0.0000000E+00   1.9507618E+03   0.0000000E+00   4.8833150E-01   0.0000000E+00   4.8823494E-01   4.1731392E+01
     5.8000000E+01   1.9612501E+03   0.0000000E+00   1.9507626E+03   0.0000000E+00   5.6269884E-01   0.0000000E+00   5.6260693E-01   4.2293999E+01
     5.9000000E+01   1.9612501E+03   0.0000000E+00   1.9507634E+03   0.0000000E+00   4.8765433E-01   0.0000000E+00   4.8755759E-01   4.2781555E+01
     6.0000000E+01   1.9612501E+03   0.0000000E+00   1.9507642E+03   0.0000000E+00   4.5491683E-01   0.0000000E+00   4.5482752E-01   4.3236382E+01
     6.1000000E+01   1.9612501E+03   0.0000000E+00   1.9507649E+03   0.0000000E+00   4.2485508E-01   0.0000000E+00   4.2483127E-01   4.3661213E+01
     6.2000000E+01   1.9612501E+03   0.0000000E+00   1.9507657E+03   0.0000000E+00   2.4530098E+00   0.0000000E+00   2.4529853E+00   4.6114197E+01
     6.3000000E+01   1.9612500E+03   0.0000000E+00   1.9507666E+03   0.0000000E+00   1.0607184E+00   0.0000000E+00   1.0604005E+00   4.7174599E+01
     6.4000000E+01   1.9612501E+03   0.0000000E+00   1.9507675E+03   0.0000000E+00   1.1640918E+00   0.0000000E+00   1.1639087E+00   4.8338509E+01
     6.5000000E+01   1.9612500E+03   0.0000000E+00   1.9507684E+03   0.0000000E+00   9.6986359E-01   0.0000000E+00   9.6982688E-01   4.9308334E+01
     6.6000000E+01   1.9612500E+03   0.0000000E+00   1.9507698E+03   0.0000000E+00   8.9108270E-01   0.0000000E+00   8.9105099E-01   5.0199387E+01
     6.7000000E+01   1.9612500E+03   0.0000000E+00   1.9507712E+03   0.0000000E+00   8.2083583E-01   0.0000000E+00   8.2079870E-01   5.1020184E+01
     6.8000000E+01   1.9612501E+03   0.0000000E+00   1.9507727E+03   0.0000000E+00   7.5767195E-01   0.0000000E+00   7.5763619E-01   5.1777821E+01
     6.9000000E+01   1.9612501E+03   0.0000000E+00   1.9507740E+03   0.0000000E+00   7.0068735E-01   0.0000000E+00   7.0064932E-01   5.2478470E+01
     7.0000000E+01   1.9612501E+03   0.0000000E+00   1.9507755E+03   0.0000000E+00   6.4911801E-01   0.0000000E+00   6.4907897E-01   5.3127548E+01
     7.1000000E+01   1.9612501E+03   0.0000000E+00   1.9507769E+03   0.0000000E+00   6.0231477E-01   0.0000000E+00   6.0227561E-01   5.3729824E+01
     7.2000000E+01   1.9612501E+03   0.0000000E+00   1.9507783E+03   0.0000000E+00   5.5972302E-01   0.0000000E+00   5.5968320E-01   5.4289509E+01
     7.3000000E+01   1.9612501E+03   0.0000000E+00   1.9507797E+03   0.0000000E+00   5.2086663E-01   0.0000000E+00   5.2082491E-01   5.4810333E+01
     7.4000000E+01   1.9612501E+03   0.0000000E+00   1.9507810E+03   0.0000000E+00   4.8533490E-01   0.0000000E+00   4.8529464E-01   5.5295628E+01
     7.5000000E+01   1.9612501E+03   0.0000000E+00   1.9507823E+03   0.0000000E+00   4.5277223E-01   0.0000000E+00   4.5273131E-01   5.5748360E+01
     7.6000000E+01   1.9612501E+03   0.0000000E+00   1.9507836E+03   0.0000000E+00   4.7331682E-01   0.0000000E+00   4.7327524E-01   5.6221634E+01
     7.7000000E+01   1.9612501E+03   0.0000000E+00   1.9507849E+03   0.0000000E+00   7.9611248E-01   0.0000000E+00   7.9607272E-01   5.7017708E+01
     7.8000000E+01   1.9612501E+03   0.0000000E+00   1.9507861E+03   0.0000000E+00   1.1250727E+00   0.0000000E+00   1.1250308E+00   5.8142738E+01
     7.9000000E+01   1.9612501E+03   0.0000000E+00   1.9507874E+03   0.0000000E+00   1.5165318E+00   0.0000000E+00   1.5164912E+00   5.9659229E+01
     8.0000000E+01   1.9612501E+03   0.0000000E+00   1.9507886E+03   0.0000000E+00   1.7082332E+00   0.0000000E+00   1.7081981E+00   6.1367428E+01
     8.1000000E+01   1.9612501E+03   0.0000000E+00   1.9507897E+03   0.0000000E+00   1.9764832E+00   0.0000000E+00   1.9764603E+00   6.3343887E+01
     8.2000000E+01   1.9612501E+03   0.0000000E+00   1.9507909E+03   0.0000000E+00   2.0781879E+00   0.0000000E+00   2.0781662E+00   6.5422050E+01
     8.3000000E+01   1.9612501E+03   0.0000000E+00   1.9507920E+03   0.0000000E+00   1.8231804E+00   0.0000000E+00   1.8231432E+00   6.7245193E+01
     8.4000000E+01   1.9612500E+03   0.0000000E+00   1.9507932E+03   0.0000000E+00   2.8828511E+00   0.0000000E+00   2.8828123E+00   7.0128006E+01
     8.5000000E+01   1.9612501E+03   0.0000000E+00   1.9507943E+03   0.0000000E+00   2.1892872E+00   0.0000000E+00   2.1891558E+00   7.2317162E+01
     8.6000000E+01   1.9612501E+03   0.0000000E+00   1.9507954E+03   0.0000000E+00   2.2737327E+00   0.0000000E+00   2.2736058E+00   7.4590767E+01
     8.7000000E+01   1.9612500E+03   0.0000000E+00   1.9507965E+03   0.0000000E+00   2.5918968E+00   0.0000000E+00   2.5917723E+00   7.7182541E+01
     8.8000000E+01   1.9612501E+03   0.0000000E+00   1.9507975E+03   0.0000000E+00   2.5476432E+00   0.0000000E+00   2.5475156E+00   7.9730057E+01
     8.9000000E+01   1.9612501E+03   0.0000000E+00   1.9507985E+03   0.0000000E+00   2.4451005E+00   0.0000000E+00   2.4449749E+00   8.2175034E+01
     9.0000000E+01   1.9612501E+03   0.0000000E+00   1.9507994E+03   0.0000000E+00   2.2372887E+00   0.0000000E+00   2.2371666E+00   8.4412201E+01
     9.1000000E+01   1.9612501E+03   0.0000000E+00   1.9508004E+03   0.0000000E+00   2.0295210E+00   0.0000000E+00   2.0294814E+00   8.6441681E+01
     9.2000000E+01   1.9612501E+03   0.0000000E+00   1.9508014E+03   0.0000000E+00   1.8497844E+00   0.0000000E+00   1.8497424E+00   8.8291420E+01
     9.3000000E+01   1.9612501E+03   0.0000000E+00   1.9508029E+03   0.0000000E+00   1.6651803E+00   5.0337917E-01   1.1617541E+00   8.9453171E+01
     9.4000000E+01   1.9612501E+03   0.0000000E+00   1.9508047E+03   0.0000000E+00   1.5022100E+00   7.7516353E-01   7.2699082E-01   9.0180161E+01
     9.5000000E+01   1.9612501E+03   0.0000000E+00   1.9508064E+03   0.0000000E+00   1.3770242E+00   7.6508284E-01   6.1187881E-01   9.0792038E+01
     9.6000000E+01   1.9612501E+03   0.0000000E+00   1.9508081E+03   0.0000000E+00   1.3270960E+00   7.3035175E-01   5.9668320E-01   9.1388718E+01
     9.7000000E+01   1.9612501E+03   0.0000000E+00   1.9508099E+03   0.0000000E+00   1.9372030E+00   8.0874473E-01   1.1284012E+00   9.2517120E+01
     9.8000000E+01   1.9612501E+03   0.0000000E+00   1.9508136E+03   0.0000000E+00   1.3074491E+00   2.4497178E+00  -1.1424410E+00   9.1374680E+01
     9.9000000E+01   1.9612501E+03   0.0000000E+00   1.9508174E+03   0.0000000E+00   1.2176217E+00   2.5899136E+00  -1.3724636E+00   9.0002213E+01
     1.0000000E+02   1.9612501E+03   0.0000000E+00   1.9508210E+03   0.0000000E+00   1.3024297E+00   2.5113857E+00  -1.2091211E+00   8.8793091E+01
     1.0100000E+02   1.9612501E+03   0.0000000E+00   1.9508245E+03   0.0000000E+00   1.3243638E+00   2.4355655E+00  -1.1113635E+00   8.7681725E+01
     1.0200000E+02   1.9612501E+03   0.0000000E+00   1.9508276E+03   0.0000000E+00   1.3183490E+00   2.2739985E+00  -9.5580566E-01   8.6725922E+01
     1.0300000E+02   1.9612501E+03   0.0000000E+00   1.9508307E+03   0.0000000E+00   1.1995945E+00   2.1861339E+00  -9.8669797E-01   8.5739227E+01
     1.0400000E+02   1.9612500E+03   0.0000000E+00   1.9508334E+03   0.0000000E+00   1.0948805E+00   2.0569961E+00  -9.6227765E-01   8.4776947E+01
     1.0500000E+02   1.9612500E+03   0.0000000E+00   1.9508361E+03   0.0000000E+00   1.0258359E+00   1.9630883E+00  -9.3732780E-01   8.3839622E+01
     1.0600000E+02   1.9612500E+03   0.0000000E+00   1.9508385E+03   0.0000000E+00   1.0214002E+00   1.8732103E+00  -8.5185713E-01   8.2987762E+01
     1.0700000E+02   1.9612500E+03   0.0000000E+00   1.9508408E+03   0.0000000E+00   9.7020513E-01   1.7735881E+00  -8.0341536E-01   8.2184349E+01
     1.0800000E+02   1.9612500E+03   0.0000000E+00   1.9508430E+03   0.0000000E+00   9.6856880E-01   1.6854590E+00  -7.1692747E-01   8.1467422E+01
     1.0900000E+02   1.9612501E+03   0.0000000E+00   1.9508451E+03   0.0000000E+00   1.5860702E+00   1.6142350E+00  -2.8191354E-02   8.1439232E+01
     1.1000000E+02   1.9612501E+03   0.0000000E+00   1.9508470E+03   0.0000000E+00   1.8517666E+00   1.5208994E+00   3.3084106E-01   8.1770073E+01
     1.1100000E+02   1.9612501E+03   0.0000000E+00   1.9508490E+03   0.0000000E+00   1.2060549E+00   1.4751406E+00  -2.6922238E-01   8.1500847E+01
     1.1200000E+02   1.9612501E+03   0.0000000E+00   1.9508510E+03   0.0000000E+00   1.4552213E+00   1.6067423E+00  -1.5165217E-01   8.1349197E+01
     1.1300000E+02   1.9612501E+03   0.0000000E+00   1.9508530E+03   0.0000000E+00   1.6487314E+00   1.6151311E+00   3.3462696E-02   8.1382660E+01
     1.1400000E+02   1.9612501E+03   0.0000000E+00   1.9508549E+03   0.0000000E+00   1.4480795E+00   1.4769189E+00  -2.8989047E-02   8.1353668E+01
     1.1500000E+02   1.9612501E+03   0.0000000E+00   1.9508566E+03   0.0000000E+00   1.5769691E+00   1.3526133E+00   2.2420962E-01   8.1577881E+01
     1.1600000E+02   1.9612501E+03   0.0000000E+00   1.9508582E+03   0.0000000E+00   5.6125412E+00   1.3206576E+00   4.2917323E+00   8.5869614E+01
     1.1700000E+02   1.9612501E+03   0.0000000E+00   1.9508599E+03   0.0000000E+00   2.2446337E+00   1.2586960E+00   9.8509616E-01   8.6854713E+01
     1.1800000E+02   1.9612501E+03   0.0000000E+00   1.9508617E+03   0.0000000E+00   2.0729241E+00   1.2971054E+00   7.7507520E-01   8.7629791E+01
     1.1900000E+02   1.9612501E+03   0.0000000E+00   1.9508634E+03   0.0000000E+00   1.9580157E+00   1.3381618E+00   6.1981499E-01   8.8249603E+01
     1.2000000E+02   1.9612501E+03   0.0000000E+00   1.9508658E+03   0.0000000E+00   1.8040057E+00   1.3344718E+00   4.6950531E-01   8.8719109E+01
     1.2100000E+02   1.9612501E+03   0.0000000E+00   1.9508689E+03   0.0000000E+00   1.6766281E+00   1.2662803E+00   4.1031528E-01   8.9129425E+01
     1.2200000E+02   1.9612501E+03   0.0000000E+00   1.9508721E+03   0.0000000E+00   1.5613196E+00   1.2264316E+00   3.3484992E-01   8.9464272E+01
     1.2300000E+02   1.9612501E+03   0.0000000E+00   1.9508752E+03   0.0000000E+00   1.4545451E+00   1.1775024E+00   2.7701014E-01   8.9741280E+01
     1.2400000E+02   1.9612501E+03   0.0000000E+00   1.9508783E+03   0.0000000E+00   1.3602906E+00   1.1211530E+00   2.3910022E-01   8.9980377E+01
     1.2500000E+02   1.9612501E+03   0.0000000E+00   1.9508812E+03   0.0000000E+00   1.2726501E+00   1.0954113E+00   1.7720075E-01   9.0157578E+01
     1.2600000E+02   1.9612501E+03   0.0000000E+00   1.9508849E+03   0.0000000E+00   1.1909990E+00   1.6293561E+00  -4.3839997E-01   8.9719177E+01
     1.2700000E+02   1.9612500E+03   0.0000000E+00   1.9508898E+03   0.0000000E+00   1.1147925E+00   2.8834982E+00  -1.7687515E+00   8.7950424E+01
     1.2800000E+02   1.9612500E+03   0.0000000E+00   1.9508940E+03   0.0000000E+00   1.0481101E+00   2.3430960E+00  -1.2950327E+00   8.6655388E+01
     1.2900000E+02   1.9612500E+03   0.0000000E+00   1.9508982E+03   0.0000000E+00   9.8557371E-01   2.2863545E+00  -1.3008276E+00   8.5354561E+01
     1.3000000E+02   1.9612500E+03   0.0000000E+00   1.9509021E+03   0.0000000E+00   9.2683786E-01   2.1822670E+00  -1.2554750E+00   8.4099083E+01
     1.3100000E+02   1.9612500E+03   0.0000000E+00   1.9509059E+03   0.0000000E+00   8.7285751E-01   2.1040647E+00  -1.2312502E+00   8.2867836E+01
     1.3200000E+02   1.9612500E+03   0.0000000E+00   1.9509095E+03   0.0000000E+00   8.2206583E-01   2.0019269E+00  -1.1799090E+00   8.1687927E+01
     1.3300000E+02   1.9612501E+03   0.0000000E+00   1.9509130E+03   0.0000000E+00   7.7539229E-01   1.9414589E+00  -1.1661081E+00   8.0521820E+01
     1.3400000E+02   1.9612501E+03   0.0000000E+00   1.9509163E+03   0.0000000E+00   7.3264730E-01   1.8356355E+00  -1.1030296E+00   7.9418793E+01
     1.3500000E+02   1.9612501E+03   0.0000000E+00   1.9509194E+03   0.0000000E+00   8.0111402E-01   1.7631067E+00  -9.6203011E-01   7.8456764E+01
     1.3600000E+02   1.9612500E+03   0.0000000E+00   1.9509225E+03   0.0000000E+00   1.0596135E+00   1.7025986E+00  -6.4302063E-01   7.7813744E+01
     1.3700000E+02   1.9612501E+03   0.0000000E+00   1.9509255E+03   0.0000000E+00   4.4917498E+00   1.6143689E+00   2.8773508E+00   8.0691093E+01
     1.3800000E+02   1.9612501E+03   0.0000000E+00   1.9509286E+03   0.0000000E+00   3.8527740E+01   1.5776960E+00   3.6950020E+01   1.1764111E+02
     1.3900000E+02   1.9612500E+03   0.0000000E+00   1.9509316E+03   0.0000000E+00   2.9708881E+01   1.4910558E+00   2.8216904E+01   1.4585802E+02
     1.4000000E+02   1.9612501E+03   0.0000000E+00   1.9509346E+03   0.0000000E+00   4.0848007E+01   1.4581949E+00   3.9389801E+01   1.8524782E+02
     1.4100000E+02   1.9612567E+03   6.7067146E-03   1.9509474E+03   3.7069820E+01   4.8887825E+01   1.0082616E+01   3.8805210E+01   2.2405302E+02
     1.4200000E+02   1.9612605E+03   1.0534591E-02   1.9510020E+03   7.8678200E+01   4.8887825E+01   4.6883263E+01   2.0045693E+00   2.2605759E+02
     1.4300000E+02   1.9612654E+03   1.5432104E-02   1.9510586E+03   1.4867204E+02   4.8887825E+01   5.0272327E+01  -1.3844928E+00   2.2467310E+02
     1.4400000E+02   1.9612567E+03   6.7320373E-03   1.9511134E+03   3.7303379E+01   4.8887825E+01   5.0225807E+01  -1.3379843E+00   2.2333511E+02
     1.4500000E+02   1.9612501E+03   0.0000000E+00   1.9511663E+03   0.0000000E+00   4.8199692E+01   5.0181061E+01  -1.9813871E+00   2.2135373E+02
     1.4600000E+02   1.9612524E+03   2.4952267E-03   1.9512168E+03   7.1329174E+00   4.8887825E+01   4.9640236E+01  -7.5241500E-01   2.2060132E+02
     1.4700000E+02   1.9612582E+03   8.2251104E-03   1.9512661E+03   5.2087585E+01   4.8887825E+01   4.9887077E+01  -9.9925357E-01   2.1960207E+02
     1.4800000E+02   1.9612501E+03   0.0000000E+00   1.9513141E+03   0.0000000E+00   4.6230854E+01   5.0060566E+01  -3.8298073E+00   2.1577226E+02
     1.4900000E+02   1.9612501E+03   0.0000000E+00   1.9513584E+03   0.0000000E+00   3.9520523E+01   4.8100571E+01  -8.5806408E+00   2.0719162E+02
     1.5000000E+02   1.9612500E+03   0.0000000E+00   1.9513958E+03   0.0000000E+00   3.4557617E+01   4.3039803E+01  -8.4827280E+00   1.9870889E+02
     1.5100000E+02   1.9612500E+03   0.0000000E+00   1.9514254E+03   0.0000000E+00   3.0370035E+01   3.7913452E+01  -7.5438852E+00   1.9116501E+02
     1.5200000E+02   1.9612500E+03   0.0000000E+00   1.9514496E+03   0.0000000E+00   2.6810518E+01   3.3776722E+01  -6.9666295E+00   1.8419838E+02
     1.5300000E+02   1.9612501E+03   0.0000000E+00   1.9514692E+03   0.0000000E+00   2.3850889E+01   3.0224075E+01  -6.3735671E+00   1.7782481E+02
     1.5400000E+02   1.9612501E+03   0.0000000E+00   1.9514849E+03   0.0000000E+00   2.1320036E+01   2.7077650E+01  -5.7579508E+00   1.7206686E+02
     1.5500000E+02   1.9612501E+03   0.0000000E+00   1.9514969E+03   0.0000000E+00   2.0676731E+01   2.4157148E+01  -3.4805903E+00   1.6858627E+02
     1.5600000E+02   1.9612501E+03   0.0000000E+00   1.9515063E+03   0.0000000E+00   1.9931831E+01   2.1936592E+01  -2.0048079E+00   1.6658147E+02
     1.5700000E+02   1.9612501E+03   0.0000000E+00   1.9515146E+03   0.0000000E+00   1.9180172E+01   2.1018574E+01  -1.8384441E+00   1.6474303E+02
     1.5800000E+02   1.9612501E+03   0.0000000E+00   1.9515221E+03   0.0000000E+00   2.3324249E+01   2.0325397E+01   2.9988270E+00   1.6774185E+02
     1.5900000E+02   1.9612501E+03   0.0000000E+00   1.9515281E+03   0.0000000E+00   2.5287085E+01   1.9591707E+01   5.6953726E+00   1.7343723E+02
     1.6000000E+02   1.9612500E+03   0.0000000E+00   1.9515372E+03   0.0000000E+00   2.8710182E+01   2.2413603E+01   6.2965784E+00   1.7973381E+02
     1.6100000E+02   1.9612501E+03   0.0000000E+00   1.9515502E+03   0.0000000E+00   3.6277287E+01   2.5786913E+01   1.0490366E+01   1.9022418E+02
     1.6200000E+02   1.9612501E+03   0.0000000E+00   1.9515693E+03   0.0000000E+00   4.2325085E+01   3.1650320E+01   1.0674759E+01   2.0089894E+02
     1.6300000E+02   1.9612501E+03   0.0000000E+00   1.9515978E+03   0.0000000E+00   4.1852806E+01   4.0264790E+01   1.5880015E+00   2.0248694E+02
     1.6400000E+02   1.9612501E+03   0.0000000E+00   1.9516283E+03   0.0000000E+00   4.2016098E+01   4.2742611E+01  -7.2651166E-01   2.0176042E+02
     1.6500000E+02   1.9612501E+03   0.0000000E+00   1.9516578E+03   0.0000000E+00   4.1578506E+01   4.2647545E+01  -1.0690444E+00   2.0069138E+02
     1.6600000E+02   1.9612501E+03   0.0000000E+00   1.9516864E+03   0.0000000E+00   3.8205551E+01   4.2407845E+01  -4.2024622E+00   1.9648891E+02
     1.6700000E+02   1.9612500E+03   0.0000000E+00   1.9517118E+03   0.0000000E+00   3.1703400E+01   4.0182652E+01  -8.4799395E+00   1.8800897E+02
     1.6800000E+02   1.9612500E+03   0.0000000E+00   1.9517316E+03   0.0000000E+00   2.7480246E+01   3.5723366E+01  -8.2437401E+00   1.7976523E+02
     1.6900000E+02   1.9612501E+03   0.0000000E+00   1.9517455E+03   0.0000000E+00   2.4401630E+01   3.0909555E+01  -6.5083389E+00   1.7325688E+02
     1.7000000E+02   1.9612501E+03   0.0000000E+00   1.9517546E+03   0.0000000E+00   2.1729630E+01   2.7391592E+01  -5.6622958E+00   1.6759459E+02
     1.7100000E+02   1.9612501E+03   0.0000000E+00   1.9517604E+03   0.0000000E+00   1.9269232E+01   2.4516060E+01  -5.2471652E+00   1.6234743E+02
     1.7200000E+02   1.9612501E+03   0.0000000E+00   1.9517634E+03   0.0000000E+00   1.5498718E+01   2.1991131E+01  -6.4929938E+00   1.5585443E+02
     1.7300000E+02   1.9612501E+03   0.0000000E+00   1.9517644E+03   0.0000000E+00   1.6539680E+01   1.9920481E+01  -3.3812368E+00   1.5247319E+02
     1.7400000E+02   1.9612501E+03   0.0000000E+00   1.9517631E+03   0.0000000E+00   1.8644630E+01   1.7520874E+01   1.1236129E+00   1.5359680E+02
     1.7500000E+02   1.9612501E+03   0.0000000E+00   1.9517599E+03   0.0000000E+00   2.4074705E+01   1.5765450E+01   8.3092575E+00   1.6190605E+02
     1.7600000E+02   1.9612501E+03   0.0000000E+00   1.9517592E+03   0.0000000E+00   2.2356796E+01   1.7538010E+01   4.8187156E+00   1.6672476E+02
     1.7700000E+02   1.9612778E+03   2.7796824E-02   1.9517651E+03   3.9644180E+02   4.8887825E+01   2.3114719E+01   2.5773041E+01   1.9249780E+02
     1.7800000E+02   1.9612501E+03   0.0000000E+00   1.9517838E+03   0.0000000E+00   4.6819458E+01   3.4440094E+01   1.2379303E+01   2.0487711E+02
     1.7900000E+02   1.9612501E+03   0.0000000E+00   1.9518174E+03   0.0000000E+00   4.3345959E+01   4.8101688E+01  -4.7558994E+00   2.0012120E+02
     1.8000000E+02   1.9612565E+03   6.4899977E-03   1.9518467E+03   3.5095062E+01   4.8887825E+01   4.4997341E+01   3.8904541E+00   2.0401166E+02
     1.8100000E+02   1.9612572E+03   7.2257859E-03   1.9518788E+03   4.1973671E+01   4.8887825E+01   4.8273155E+01   6.1467004E-01   2.0462633E+02
     1.8200000E+02   1.9612500E+03   0.0000000E+00   1.9519116E+03   0.0000000E+00   3.3748676E+01   4.9691536E+01  -1.5945342E+01   1.8868098E+02
     1.8300000E+02   1.9612500E+03   0.0000000E+00   1.9519324E+03   0.0000000E+00   3.1255331E+01   3.9541710E+01  -8.2869673E+00   1.8039401E+02
     1.8400000E+02   1.9612501E+03   0.0000000E+00   1.9519457E+03   0.0000000E+00   4.0722271E+01   3.3013012E+01   7.7092042E+00   1.8810321E+02
     1.8500000E+02   1.9612501E+03   0.0000000E+00   1.9519626E+03   0.0000000E+00   3.7780621E+01   3.6556255E+01   1.2242389E+00   1.8932745E+02
     1.8600000E+02   1.9612500E+03   0.0000000E+00   1.9519824E+03   0.0000000E+00   3.5783302E+01   3.9364086E+01  -3.5809026E+00   1.8574655E+02
     1.8700000E+02   1.9612501E+03   0.0000000E+00   1.9519988E+03   0.0000000E+00   4.2645172E+01   3.7041752E+01   5.6033945E+00   1.9134995E+02
     1.8800000E+02   1.9612501E+03   0.0000000E+00   1.9520179E+03   0.0000000E+00   4.7827866E+01   4.0474850E+01   7.3530169E+00   1.9870296E+02
     1.8900000E+02   1.9612501E+03   0.0000000E+00   1.9520441E+03   0.0000000E+00   4.6080795E+01   4.7198715E+01  -1.1179646E+00   1.9758499E+02
     1.9000000E+02   1.9612501E+03   0.0000000E+00   1.9520695E+03   0.0000000E+00   4.0253334E+01   4.7051857E+01  -6.7989616E+00   1.9078603E+02
     1.9100000E+02   1.9612501E+03   0.0000000E+00   1.9520891E+03   0.0000000E+00   3.9652592E+01   4.2330944E+01  -2.6784573E+00   1.8810757E+02
     1.9200000E+02   1.9612501E+03   0.0000000E+00   1.9521062E+03   0.0000000E+00   4.0308147E+01   4.0253983E+01   5.4156322E-02   1.8816173E+02
     1.9300000E+02   1.9612500E+03   0.0000000E+00   1.9521233E+03   0.0000000E+00   3.4800312E+01   4.0477730E+01  -5.6778560E+00   1.8248387E+02
     1.9400000E+02   1.9612500E+03   0.0000000E+00   1.9521366E+03   0.0000000E+00   3.1373348E+01   3.7316410E+01  -5.9434094E+00   1.7654047E+02
     1.9500000E+02   1.9612500E+03   0.0000000E+00   1.9521456E+03   0.0000000E+00   3.1986277E+01   3.3390877E+01  -1.4046957E+00   1.7513577E+02
     1.9600000E+02   1.9612500E+03   0.0000000E+00   1.9521528E+03   0.0000000E+00   3.1891037E+01   3.1787714E+01   1.0331252E-01   1.7523909E+02
     1.9700000E+02   1.9612500E+03   0.0000000E+00   1.9521604E+03   0.0000000E+00   3.0029936E+01   3.2109966E+01  -2.0801075E+00   1.7315898E+02
     1.9800000E+02   1.9612501E+03   0.0000000E+00   1.9521672E+03   0.0000000E+00   2.5190884E+01   3.1294138E+01  -6.1037393E+00   1.6705524E+02
     1.9900000E+02   1.9612501E+03   0.0000000E+00   1.9521714E+03   0.0000000E+00   2.1952301E+01   2.8852924E+01  -6.9011445E+00   1.6015410E+02
     2.0000000E+02   1.9612501E+03   0.0000000E+00   1.9521716E+03   0.0000000E+00   1.8548134E+01   2.5001492E+01  -6.4538732E+00   1.5370023E+02
     2.0100000E+02   1.9612501E+03   0.0000000E+00   1.9521687E+03   0.0000000E+00   1.4700036E+01   2.1911816E+01  -7.2125297E+00   1.4648770E+02
     2.0200000E+02   1.9612501E+03   0.0000000E+00   1.9521632E+03   0.0000000E+00   1.6953527E+01   1.9023628E+01  -2.0705652E+00   1.4441713E+02
     2.0300000E+02   1.9612501E+03   0.0000000E+00   1.9521555E+03   0.0000000E+00   1.1990030E+01   1.6501732E+01  -4.5126123E+00   1.3990451E+02
     2.0400000E+02   1.9612500E+03   0.0000000E+00   1.9521473E+03   0.0000000E+00   1.0675836E+01   1.5474211E+01  -4.7992311E+00   1.3510529E+02
     2.0500000E+02   1.9612500E+03   0.0000000E+00   1.9521399E+03   0.0000000E+00   8.3477011E+00   1.5659985E+01  -7.3130207E+00   1.2779227E+02
     2.0600000E+02   1.9612501E+03   0.0000000E+00   1.9521290E+03   0.0000000E+00   6.0136294E+00   1.1881910E+01  -5.8690009E+00   1.2192326E+02
     2.0700000E+02   1.9612501E+03   0.0000000E+00   1.9521177E+03   0.0000000E+00   4.3585753E+00   1.0887998E+01  -6.5303144E+00   1.1539295E+02
     2.0800000E+02   1.9612500E+03   0.0000000E+00   1.9521060E+03   0.0000000E+00   3.0217769E+00   9.9109163E+00  -6.8900838E+00   1.0850287E+02
     2.0900000E+02   1.9612501E+03   0.0000000E+00   1.9520933E+03   0.0000000E+00   5.1812258E+00   8.1746712E+00  -2.9942594E+00   1.0550861E+02
     2.1000000E+02   1.9612501E+03   0.0000000E+00   1.9520804E+03   0.0000000E+00   2.5380986E+00   7.2325721E+00  -4.6955509E+00   1.0081306E+02
     2.1100000E+02   1.9612501E+03   0.0000000E+00   1.9520670E+03   0.0000000E+00   2.2428195E+00   5.8669934E+00  -3.6252327E+00   9.7187828E+01
     2.1200000E+02   1.9612501E+03   0.0000000E+00   1.9520546E+03   0.0000000E+00   1.6057481E+00   5.4206395E+00  -3.8158596E+00   9.3371971E+01
     2.1300000E+02   1.9612501E+03   0.0000000E+00   1.9520421E+03   0.0000000E+00   1.1688435E+00   4.3724189E+00  -3.2045498E+00   9.0167419E+01
     2.1400000E+02   1.9612500E+03   0.0000000E+00   1.9520299E+03   0.0000000E+00   9.2111361E-01   4.1393824E+00  -3.2191653E+00   8.6948257E+01
     2.1500000E+02   1.9612500E+03   0.0000000E+00   1.9520177E+03   0.0000000E+00   8.4487540E-01   3.5757711E+00  -2.7311945E+00   8.4217064E+01
     2.1600000E+02   1.9612501E+03   0.0000000E+00   1.9520065E+03   0.0000000E+00   7.7693605E-01   4.3470459E+00  -3.5703285E+00   8.0646736E+01
     2.1700000E+02   1.9612501E+03   0.0000000E+00   1.9519951E+03   0.0000000E+00   7.1612388E-01   3.5573449E+00  -2.8414423E+00   7.7805290E+01
     2.1800000E+02   1.9612501E+03   0.0000000E+00   1.9519836E+03   0.0000000E+00   6.6147172E-01   2.9742670E+00  -2.3130145E+00   7.5492279E+01
     2.1900000E+02   1.9612501E+03   0.0000000E+00   1.9519723E+03   0.0000000E+00   6.1217505E-01   2.4969561E+00  -1.8850093E+00   7.3607269E+01
     2.2000000E+02   1.9612501E+03   0.0000000E+00   1.9519612E+03   0.0000000E+00   5.6755924E-01   2.4144139E+00  -1.8470770E+00   7.1760193E+01
     2.2100000E+02   1.9612501E+03   0.0000000E+00   1.9519503E+03   0.0000000E+00   5.2705485E-01   2.2085252E+00  -1.6816795E+00   7.0078514E+01
     2.2200000E+02   1.9612501E+03   0.0000000E+00   1.9519398E+03   0.0000000E+00   4.9017805E-01   2.1261845E+00  -1.6361909E+00   6.8442322E+01
     2.2300000E+02   1.9612501E+03   0.0000000E+00   1.9519294E+03   0.0000000E+00   4.5651540E-01   1.9409761E+00  -1.4845737E+00   6.6957748E+01
     2.2400000E+02   1.9612501E+03   0.0000000E+00   1.9519193E+03   0.0000000E+00   4.2571172E-01   1.7151980E+00  -1.2896023E+00   6.5668144E+01
     2.2500000E+02   1.9612501E+03   0.0000000E+00   1.9519093E+03   0.0000000E+00   3.9746025E-01   1.5495009E+00  -1.1521554E+00   6.4515991E+01
     2.2600000E+02   1.9612501E+03   0.0000000E+00   1.9518997E+03   0.0000000E+00   3.7149492E-01   1.5100026E+00  -1.1386076E+00   6.3377384E+01
     2.2700000E+02   1.9612501E+03   0.0000000E+00   1.9518903E+03   0.0000000E+00   1.2271845E+00   1.3974421E+00  -1.7031127E-01   6.3207073E+01
     2.2800000E+02   1.9612501E+03   0.0000000E+00   1.9518812E+03   0.0000000E+00   1.4423047E+00   1.2776457E+00   1.6460598E-01   6.3371677E+01
     2.2900000E+02   1.9612500E+03   0.0000000E+00   1.9518723E+03   0.0000000E+00   9.2969465E-01   1.1623715E+00  -2.3282103E-01   6.3138855E+01
     2.3000000E+02   1.9612501E+03   0.0000000E+00   1.9518638E+03   0.0000000E+00   5.2539665E-01   1.0965277E+00  -5.7135814E-01   6.2567497E+01
     2.3100000E+02   1.9612500E+03   0.0000000E+00   1.9518558E+03   0.0000000E+00   2.7497299E+01   1.0771003E+00   2.6420094E+01   8.8987587E+01
     2.3200000E+02   1.9612500E+03   0.0000000E+00   1.9518492E+03   0.0000000E+00   1.0149970E+01   1.0077118E+00   9.1397295E+00   9.8127319E+01
     2.3300000E+02   1.9612501E+03   0.0000000E+00   1.9518431E+03   0.0000000E+00   6.8965974E+00   9.4168282E-01   5.9543500E+00   1.0408167E+02
     2.3400000E+02   1.9612501E+03   0.0000000E+00   1.9518374E+03   0.0000000E+00   5.3229370E+00   8.8074154E-01   4.4414363E+00   1.0852311E+02
     2.3500000E+02   1.9612501E+03   0.0000000E+00   1.9518322E+03   0.0000000E+00   4.8292027E+00   8.7247097E-01   3.9559541E+00   1.1247906E+02
     2.3600000E+02   1.9612501E+03   0.0000000E+00   1.9518312E+03   0.0000000E+00   4.3752122E+00   4.5415835E+00  -1.6700509E-01   1.1231206E+02
     2.3700000E+02   1.9612501E+03   0.0000000E+00   1.9518339E+03   0.0000000E+00   3.9739361E+00   7.8102617E+00  -3.8365958E+00   1.0847546E+02
     2.3800000E+02   1.9612501E+03   0.0000000E+00   1.9518357E+03   0.0000000E+00   6.4082355E+00   6.9059849E+00  -4.9799681E-01   1.0797747E+02
     2.3900000E+02   1.9612501E+03   0.0000000E+00   1.9518368E+03   0.0000000E+00   1.6366123E+01   5.8677201E+00   1.0498327E+01   1.1847580E+02
     2.4000000E+02   1.9612501E+03   0.0000000E+00   1.9518375E+03   0.0000000E+00   7.3955913E+00   5.3198161E+00   2.0737605E+00   1.2054956E+02
     2.4100000E+02   1.9612501E+03   0.0000000E+00   1.9518379E+03   0.0000000E+00   6.1387801E+00   4.8779502E+00   1.2587354E+00   1.2180830E+02
     2.4200000E+02   1.9612501E+03   0.0000000E+00   1.9518402E+03   0.0000000E+00   5.6597376E+00   6.4523220E+00  -7.9326326E-01   1.2101503E+02
     2.4300000E+02   1.9612501E+03   0.0000000E+00   1.9518477E+03   0.0000000E+00   5.1899972E+00   1.1178640E+01  -5.9888082E+00   1.1502622E+02
     2.4400000E+02   1.9612501E+03   0.0000000E+00   1.9518516E+03   0.0000000E+00   4.6734810E+00   7.9422102E+00  -3.2689269E+00   1.1175729E+02
     2.4500000E+02   1.9612501E+03   0.0000000E+00   1.9518549E+03   0.0000000E+00   4.1373973E+00   7.2910089E+00  -3.1537969E+00   1.0860350E+02
     2.4600000E+02   1.9612501E+03   0.0000000E+00   1.9518569E+03   0.0000000E+00   2.4973032E+00   6.2320948E+00  -3.7352266E+00   1.0486827E+02
     2.4700000E+02   1.9612501E+03   0.0000000E+00   1.9518585E+03   0.0000000E+00   1.2651086E+00   5.8880248E+00  -4.6235943E+00   1.0024467E+02
     2.4800000E+02   1.9612500E+03   0.0000000E+00   1.9518597E+03   0.0000000E+00   1.0872108E+00   5.5654559E+00  -4.4789233E+00   9.5765755E+01
     2.4900000E+02   1.9612500E+03   0.0000000E+00   1.9518605E+03   0.0000000E+00   9.9618262E-01   5.1978374E+00  -4.2023273E+00   9.1563431E+01
     2.5000000E+02   1.9612500E+03   0.0000000E+00   1.9518606E+03   0.0000000E+00   9.1502953E-01   4.7664132E+00  -3.8520319E+00   8.7711395E+01
     2.5100000E+02   1.9612500E+03   0.0000000E+00   1.9518605E+03   0.0000000E+00   8.4239316E-01   4.5062156E+00  -3.6644464E+00   8.4046951E+01
     2.5200000E+02   1.9612501E+03   0.0000000E+00   1.9518599E+03   0.0000000E+00   7.7714127E-01   4.1299844E+00  -3.3534591E+00   8.0693489E+01
     2.5300000E+02   1.9612501E+03   0.0000000E+00   1.9518588E+03   0.0000000E+00   7.1832383E-01   3.7484355E+00  -3.0304065E+00   7.7663086E+01
     2.5400000E+02   1.9612501E+03   0.0000000E+00   1.9518571E+03   0.0000000E+00   6.6513908E-01   3.1436226E+00  -2.4787869E+00   7.5184296E+01
     2.5500000E+02   1.9612501E+03   0.0000000E+00   1.9518547E+03   0.0000000E+00   6.1690658E-01   2.6677525E+00  -2.0511448E+00   7.3133148E+01
     2.5600000E+02   1.9612501E+03   0.0000000E+00   1.9518523E+03   0.0000000E+00   5.7304555E-01   2.4714768E+00  -1.8987324E+00   7.1234413E+01
     2.5700000E+02   1.9612501E+03   0.0000000E+00   1.9518497E+03   0.0000000E+00   5.3305805E-01   2.3320577E+00  -1.7990479E+00   6.9435364E+01
     2.5800000E+02   1.9612501E+03   0.0000000E+00   1.9518468E+03   0.0000000E+00   4.9651521E-01   2.0296667E+00  -1.5331911E+00   6.7902176E+01
     2.5900000E+02   1.9612501E+03   0.0000000E+00   1.9518438E+03   0.0000000E+00   4.6304584E-01   1.8119622E+00  -1.3489621E+00   6.6553215E+01
     2.6000000E+02   1.9612501E+03   0.0000000E+00   1.9518406E+03   0.0000000E+00   4.3232742E-01   1.6404957E+00  -1.2082129E+00   6.5345001E+01
     2.6100000E+02   1.9612501E+03   0.0000000E+00   1.9518372E+03   0.0000000E+00   4.0407869E-01   1.4649632E+00  -1.0609281E+00   6.4284073E+01
     2.6200000E+02   1.9612501E+03   0.0000000E+00   1.9518335E+03   0.0000000E+00   3.7805337E-01   1.3221257E+00  -9.4411761E-01   6.3339954E+01
     2.6300000E+02   1.9612501E+03   0.0000000E+00   1.9518300E+03   0.0000000E+00   3.5403511E-01   1.2336829E+00  -8.7969339E-01   6.2460262E+01
     2.6400000E+02   1.9612500E+03   0.0000000E+00   1.9518262E+03   0.0000000E+00   3.3183315E-01   1.2128885E+00  -8.8109487E-01   6.1579166E+01
     2.6500000E+02   1.9612500E+03   0.0000000E+00   1.9518224E+03   0.0000000E+00   3.1127885E-01   1.1227901E+00  -8.1154400E-01   6.0767624E+01
     2.6600000E+02   1.9612500E+03   0.0000000E+00   1.9518186E+03   0.0000000E+00   2.9222256E-01   1.0561669E+00  -7.6398021E-01   6.0003643E+01
     2.6700000E+02   1.9612500E+03   0.0000000E+00   1.9518147E+03   0.0000000E+00   2.7453116E-01   1.0336789E+00  -7.5917888E-01   5.9244465E+01
     2.6800000E+02   1.9612500E+03   0.0000000E+00   1.9518108E+03   0.0000000E+00   2.5808597E-01   9.7139800E-01  -7.1334386E-01   5.8531120E+01
     2.6900000E+02   1.9612500E+03   0.0000000E+00   1.9518068E+03   0.0000000E+00   2.4278076E-01   9.5419711E-01  -7.1144515E-01   5.7819675E+01
     2.7000000E+02   1.9612500E+03   0.0000000E+00   1.9518027E+03   0.0000000E+00   2.2852035E-01   8.9769977E-01  -6.6920805E-01   5.7150467E+01
     2.7100000E+02   1.9612500E+03   0.0000000E+00   1.9517986E+03   0.0000000E+00   2.1521911E-01   8.7931257E-01  -6.6412073E-01   5.6486347E+01
     2.7200000E+02   1.9612500E+03   0.0000000E+00   1.9517937E+03   0.0000000E+00   2.0279998E-01   8.3070672E-01  -6.2793350E-01   5.5858414E+01
     2.7300000E+02   1.9612500E+03   0.0000000E+00   1.9517888E+03   0.0000000E+00   1.9119331E-01   8.0513644E-01  -6.1396927E-01   5.5244446E+01
     2.7400000E+02   1.9612500E+03   0.0000000E+00   1.9517839E+03   0.0000000E+00   1.8033616E-01   7.7902681E-01  -5.9871554E-01   5.4645729E+01
     2.7500000E+02   1.9612500E+03   0.0000000E+00   1.9517792E+03   0.0000000E+00   1.7017139E-01   7.4317092E-01  -5.7302219E-01   5.4072708E+01
     2.7600000E+02   1.9612500E+03   0.0000000E+00   1.9517744E+03   0.0000000E+00   1.6064714E-01   7.3154497E-01  -5.7092154E-01   5.3501785E+01
     2.7700000E+02   1.9612500E+03   0.0000000E+00   1.9517698E+03   0.0000000E+00   1.5171620E-01   6.9346845E-01  -5.4177284E-01   5.2960014E+01
     2.7800000E+02   1.9612500E+03   0.0000000E+00   1.9517651E+03   0.0000000E+00   1.4333549E-01   6.8301874E-01  -5.3970659E-01   5.2420307E+01
     2.7900000E+02   1.9612500E+03   0.0000000E+00   1.9517606E+03   0.0000000E+00   1.3546574E-01   6.5491211E-01  -5.1946592E-01   5.1900841E+01
     2.8000000E+02   1.9612500E+03   0.0000000E+00   1.9517562E+03   0.0000000E+00   1.2807095E-01   6.3325894E-01  -5.0520778E-01   5.1395634E+01
     2.8100000E+02   1.9612500E+03   0.0000000E+00   1.9517518E+03   0.0000000E+00   1.2111816E-01   6.2099624E-01  -4.9989760E-01   5.0895737E+01
     2.8200000E+02   1.9612500E+03   0.0000000E+00   1.9517474E+03   0.0000000E+00   1.1457714E-01   5.9205735E-01  -4.7749949E-01   5.0418236E+01
     2.8300000E+02   1.9612500E+03   0.0000000E+00   1.9517433E+03   0.0000000E+00   1.0842007E-01   5.8494002E-01  -4.7653672E-01   4.9941700E+01
     2.8400000E+02   1.9612500E+03   0.0000000E+00   1.9517391E+03   0.0000000E+00   1.0262135E-01   5.6173807E-01  -4.5913491E-01   4.9482567E+01
     2.8500000E+02   1.9612500E+03   0.0000000E+00   1.9517350E+03   0.0000000E+00   9.7157434E-02   5.4490244E-01  -4.4776416E-01   4.9034801E+01
     2.8600000E+02   1.9612500E+03   0.0000000E+00   1.9517310E+03   0.0000000E+00   9.2006519E-02   5.3558773E-01  -4.4359624E-01   4.8591206E+01
     2.8700000E+02   1.9612500E+03   0.0000000E+00   1.9517271E+03   0.0000000E+00   8.7148510E-02   5.1225215E-01  -4.2512012E-01   4.8166084E+01
     2.8800000E+02   1.9612500E+03   0.0000000E+00   1.9517231E+03   0.0000000E+00   8.2564786E-02   5.0590670E-01  -4.2335656E-01   4.7742729E+01
     2.8900000E+02   1.9612500E+03   0.0000000E+00   1.9517192E+03   0.0000000E+00   7.8238122E-02   4.8923245E-01  -4.1101065E-01   4.7331718E+01
     2.9000000E+02   1.9612500E+03   0.0000000E+00   1.9517155E+03   0.0000000E+00   7.4152522E-02   4.7266167E-01  -3.9852408E-01   4.6933193E+01
     2.9100000E+02   1.9612500E+03   0.0000000E+00   1.9517117E+03   0.0000000E+00   7.0293158E-02   4.6760163E-01  -3.9732161E-01   4.6535873E+01
     2.9200000E+02   1.9612500E+03   0.0000000E+00   1.9517080E+03   0.0000000E+00   6.6646248E-02   4.4929805E-01  -3.8266754E-01   4.6153206E+01
     2.9300000E+02   1.9612500E+03   0.0000000E+00   1.9517043E+03   0.0000000E+00   6.3198946E-02   4.3960816E-01  -3.7642324E-01   4.5776783E+01
     2.9400000E+02   1.9612500E+03   0.0000000E+00   1.9517008E+03   0.0000000E+00   5.9939325E-02   4.3171486E-01  -3.7178889E-01   4.5404995E+01
     2.9500000E+02   1.9612500E+03   0.0000000E+00   1.9516973E+03   0.0000000E+00   5.6856245E-02   4.1506517E-01  -3.5822281E-01   4.5046772E+01
     2.9600000E+02   1.9612500E+03   0.0000000E+00   1.9516938E+03   0.0000000E+00   5.3939331E-02   4.0999943E-01  -3.5607284E-01   4.4690701E+01
     2.9700000E+02   1.9612500E+03   0.0000000E+00   1.9516904E+03   0.0000000E+00   5.1178887E-02   3.9956841E-01  -3.4840304E-01   4.4342297E+01
     2.9800000E+02   1.9612500E+03   0.0000000E+00   1.9516870E+03   0.0000000E+00   4.8565857E-02   3.8539994E-01  -3.3684537E-01   4.4005451E+01
     2.9900000E+02   1.9612500E+03   0.0000000E+00   1.9516836E+03   0.0000000E+00   4.6091776E-02   3.8222408E-01  -3.3614415E-01   4.3669308E+01
     3.0000000E+02   1.9612500E+03   0.0000000E+00   1.9516803E+03   0.0000000E+00   4.3748710E-02   3.7083197E-01  -3.2709524E-01   4.3342213E+01
     3.0100000E+02   1.9612500E+03   5.8609439E-05   1.9516770E+03   2.0764623E-02   0.0000000E+00   3.5946420E-01  -3.5917321E-01   4.2983040E+01
     3.0200000E+02   1.9612500E+03   5.6511253E-05   1.9516738E+03   1.9713216E-02   0.0000000E+00   3.5656604E-01  -3.5627481E-01   4.2626766E+01
     3.0300000E+02   1.9612500E+03   5.4492171E-05   1.9516705E+03   1.8716866E-02   0.0000000E+00   3.4568185E-01  -3.4539095E-01   4.2281376E+01
     3.0400000E+02   1.9612500E+03   5.2548992E-05   1.9516674E+03   1.7772522E-02   0.0000000E+00   3.3599067E-01  -3.3569923E-01   4.1945675E+01
     3.0500000E+02   1.9612500E+03   5.0678642E-05   1.9516643E+03   1.6877305E-02   0.0000000E+00   3.3340901E-01  -3.3311471E-01   4.1612560E+01
     3.0600000E+02   1.9612500E+03   0.0000000E+00   1.9516610E+03   0.0000000E+00   3.2057036E-02   3.2261550E-01  -2.9034775E-01   4.1322212E+01
     3.0700000E+02   1.9612500E+03   0.0000000E+00   1.9516577E+03   0.0000000E+00   3.0447247E-02   3.1293535E-01  -2.8235018E-01   4.1039864E+01
     3.0800000E+02   1.9612500E+03   0.0000000E+00   1.9516542E+03   0.0000000E+00   2.8920475E-02   3.0969581E-01  -2.8067008E-01   4.0759193E+01
     3.0900000E+02   1.9612500E+03   0.0000000E+00   1.9516505E+03   0.0000000E+00   2.7472226E-02   2.9980782E-01  -2.7222845E-01   4.0486965E+01
     3.1000000E+02   1.9612500E+03   0.0000000E+00   1.9516467E+03   0.0000000E+00   2.6098272E-02   2.9052150E-01  -2.6431638E-01   4.0222649E+01
     3.1100000E+02   1.9612500E+03   4.0831081E-05   1.9516427E+03   1.2397316E-02   0.0000000E+00   2.8725585E-01  -2.8700209E-01   3.9935646E+01
     3.1200000E+02   1.9612500E+03   3.9395582E-05   1.9516385E+03   1.1778777E-02   0.0000000E+00   2.7847025E-01  -2.7824718E-01   3.9657398E+01
     3.1300000E+02   1.9612500E+03   0.0000000E+00   1.9516340E+03   0.0000000E+00   2.2383504E-02   2.6891887E-01  -2.4639471E-01   3.9411003E+01
     3.1400000E+02   1.9612500E+03   0.0000000E+00   1.9516294E+03   0.0000000E+00   2.1269139E-02   2.6555616E-01  -2.4418457E-01   3.9166817E+01
     3.1500000E+02   1.9612500E+03   0.0000000E+00   1.9516246E+03   0.0000000E+00   2.0211317E-02   2.5841618E-01  -2.3813018E-01   3.8928688E+01
     3.1600000E+02   1.9612500E+03   0.0000000E+00   1.9516195E+03   0.0000000E+00   1.9207064E-02   2.4973504E-01  -2.3045667E-01   3.8698231E+01
     3.1700000E+02   1.9612500E+03   0.0000000E+00   1.9516143E+03   0.0000000E+00   1.8253578E-02   2.4546359E-01  -2.2713655E-01   3.8471096E+01
     3.1800000E+02   1.9612500E+03   0.0000000E+00   1.9516089E+03   0.0000000E+00   1.7348206E-02   2.4088851E-01  -2.2347221E-01   3.8247623E+01
     3.1900000E+02   1.9612500E+03   0.0000000E+00   1.9516034E+03   0.0000000E+00   1.6488450E-02   2.3327723E-01  -2.1674392E-01   3.8030880E+01
     3.2000000E+02   1.9612500E+03   0.0000000E+00   1.9515977E+03   0.0000000E+00   1.5671939E-02   2.2716221E-01  -2.1144745E-01   3.7819431E+01
     3.2100000E+02   1.9612500E+03   2.8622220E-05   1.9515919E+03   7.4482197E-03   0.0000000E+00   2.2495013E-01  -2.2479692E-01   3.7594635E+01
     3.2200000E+02   1.9612502E+03   2.1409702E-04   1.9515859E+03   1.3360888E-01   0.0000000E+00   2.1849729E-01  -2.1834572E-01   3.7376289E+01
     3.2300000E+02   1.9612500E+03   0.0000000E+00   1.9515798E+03   0.0000000E+00   7.2207101E-02   2.1178117E-01  -1.3949922E-01   3.7236790E+01
     3.2400000E+02   1.9612500E+03   0.0000000E+00   1.9515737E+03   0.0000000E+00   6.8454966E-02   2.0950000E-01  -1.4099814E-01   3.7095791E+01
     3.2500000E+02   1.9612500E+03   0.0000000E+00   1.9515674E+03   0.0000000E+00   6.4908788E-02   2.0540774E-01  -1.4045444E-01   3.6955338E+01
     3.2600000E+02   1.9612500E+03   0.0000000E+00   1.9515612E+03   0.0000000E+00   6.1556183E-02   1.9957787E-01  -1.3797879E-01   3.6817360E+01
     3.2700000E+02   1.9612500E+03   0.0000000E+00   1.9515547E+03   0.0000000E+00   5.8385633E-02   1.9481543E-01  -1.3638696E-01   3.6680973E+01
     3.2800000E+02   1.9612500E+03   0.0000000E+00   1.9515482E+03   0.0000000E+00   5.5386379E-02   1.9324704E-01  -1.3781644E-01   3.6543156E+01
     3.2900000E+02   1.9612500E+03   0.0000000E+00   1.9515416E+03   0.0000000E+00   5.2548390E-02   1.8815650E-01  -1.3556275E-01   3.6407593E+01
     3.3000000E+02   1.9612500E+03   0.0000000E+00   1.9515349E+03   0.0000000E+00   4.9862299E-02   1.8267737E-01  -1.3277055E-01   3.6274822E+01
     3.3100000E+02   1.9612500E+03   0.0000000E+00   1.9515281E+03   0.0000000E+00   4.7319341E-02   1.7976005E-01  -1.3239634E-01   3.6142426E+01
     3.3200000E+02   1.9612500E+03   0.0000000E+00   1.9515211E+03   0.0000000E+00   4.4911329E-02   1.7731774E-01  -1.3236132E-01   3.6010063E+01
     3.3300000E+02   1.9612500E+03   0.0000000E+00   1.9515140E+03   0.0000000E+00   4.2630583E-02   1.7239821E-01  -1.2972188E-01   3.5880341E+01
     3.3400000E+02   1.9612500E+03   0.0000000E+00   1.9515070E+03   0.0000000E+00   4.0469933E-02   1.6774794E-01  -1.2723258E-01   3.5753109E+01
     3.3500000E+02   1.9612500E+03   0.0000000E+00   1.9514996E+03   0.0000000E+00   3.8422633E-02   1.6581583E-01  -1.2734945E-01   3.5625759E+01
     3.3600000E+02   1.9612500E+03   0.0000000E+00   1.9514923E+03   0.0000000E+00   3.6482364E-02   1.6279174E-01  -1.2626398E-01   3.5499496E+01
     3.3700000E+02   1.9612500E+03   0.0000000E+00   1.9514851E+03   0.0000000E+00   3.4643199E-02   1.5927741E-01  -1.2459058E-01   3.5374905E+01
     3.3800000E+02   1.9612500E+03   0.0000000E+00   1.9514779E+03   0.0000000E+00   3.2899570E-02   1.5633470E-01  -1.2338889E-01   3.5251514E+01
     3.3900000E+02   1.9612500E+03   4.8008449E-05   1.9514709E+03   1.5623122E-02   0.0000000E+00   1.5598223E-01  -1.5570836E-01   3.5095806E+01
     3.4000000E+02   1.9612500E+03   4.6307476E-05   1.9514640E+03   1.4839145E-02   0.0000000E+00   1.5411660E-01  -1.5384379E-01   3.4941963E+01
     3.4100000E+02   1.9612500E+03   4.4669665E-05   1.9514573E+03   1.4095544E-02   0.0000000E+00   1.5123692E-01  -1.5097667E-01   3.4790985E+01
     3.4200000E+02   1.9612500E+03   0.0000000E+00   1.9514507E+03   0.0000000E+00   2.6780277E-02   1.4857581E-01  -1.2164069E-01   3.4669346E+01
     3.4300000E+02   1.9612500E+03   0.0000000E+00   1.9514442E+03   0.0000000E+00   2.5441755E-02   1.4821090E-01  -1.2267348E-01   3.4546673E+01
     3.4400000E+02   1.9612500E+03   0.0000000E+00   1.9514379E+03   0.0000000E+00   2.4171652E-02   1.4662290E-01  -1.2236242E-01   3.4424309E+01
     3.4500000E+02   1.9612500E+03   0.0000000E+00   1.9514315E+03   0.0000000E+00   2.2966329E-02   1.4411438E-01  -1.2109846E-01   3.4303211E+01
     3.4600000E+02   1.9612500E+03   0.0000000E+00   1.9514254E+03   0.0000000E+00   2.1822346E-02   1.4162630E-01  -1.1975685E-01   3.4183453E+01
     3.4700000E+02   1.9612500E+03   0.0000000E+00   1.9514194E+03   0.0000000E+00   2.0736467E-02   1.4115386E-01  -1.2036759E-01   3.4063084E+01
     3.4800000E+02   1.9612500E+03   0.0000000E+00   1.9514136E+03   0.0000000E+00   1.9705631E-02   1.4003350E-01  -1.2027821E-01   3.3942806E+01
     3.4900000E+02   1.9612500E+03   0.0000000E+00   1.9514078E+03   0.0000000E+00   1.8726952E-02   1.3777295E-01  -1.1899851E-01   3.3823807E+01
     3.5000000E+02   1.9612500E+03   0.0000000E+00   1.9514022E+03   0.0000000E+00   1.7797701E-02   1.3529885E-01  -1.1745191E-01   3.3706356E+01
     3.5100000E+02   1.9612500E+03   3.1267045E-05   1.9513967E+03   8.4576532E-03   0.0000000E+00   1.3434623E-01  -1.3417608E-01   3.3572182E+01
     3.5200000E+02   1.9612500E+03   3.0180972E-05   1.9513914E+03   8.0386661E-03   0.0000000E+00   1.3385659E-01  -1.3370579E-01   3.3438477E+01
     3.5300000E+02   1.9612500E+03   0.0000000E+00   1.9513861E+03   0.0000000E+00   1.1808749E-01   1.3177545E-01  -1.3638618E-02   3.3424839E+01
     3.5400000E+02   1.9612500E+03   0.0000000E+00   1.9513809E+03   0.0000000E+00   3.8425867E-02   1.2985671E-01  -9.1421746E-02   3.3333416E+01
     3.5500000E+02   1.9612500E+03   0.0000000E+00   1.9513759E+03   0.0000000E+00   3.6485415E-02   1.2792140E-01  -9.1412902E-02   3.3242004E+01
     3.5600000E+02   1.9612500E+03   0.0000000E+00   1.9513708E+03   0.0000000E+00   3.4646083E-02   1.2796916E-01  -9.3302496E-02   3.3148701E+01
     3.5700000E+02   1.9612500E+03   0.0000000E+00   1.9513660E+03   0.0000000E+00   3.2902289E-02   1.2628889E-01  -9.3363427E-02   3.3055336E+01
     3.5800000E+02   1.9612500E+03   0.0000000E+00   1.9513611E+03   0.0000000E+00   3.1248812E-02   1.2427898E-01  -9.3006864E-02   3.2962330E+01
     3.5900000E+02   1.9612500E+03   0.0000000E+00   1.9513564E+03   0.0000000E+00   2.9680716E-02   1.2246469E-01  -9.2762679E-02   3.2869568E+01
     3.6000000E+02   1.9612500E+03   0.0000000E+00   1.9513518E+03   0.0000000E+00   2.8193381E-02   1.2204032E-01  -9.3825616E-02   3.2775742E+01
     3.6100000E+02   1.9612500E+03   0.0000000E+00   1.9513474E+03   0.0000000E+00   3.2328165E+00   1.2165243E-01   3.1111872E+00   3.5886929E+01
     3.6200000E+02   1.9612501E+03   0.0000000E+00   1.9513430E+03   0.0000000E+00   7.6056480E-01   1.1957848E-01   6.4093596E-01   3.6527866E+01
     3.6300000E+02   1.9612501E+03   0.0000000E+00   1.9513381E+03   0.0000000E+00   7.0335269E-01   1.1559395E-01   5.8776480E-01   3.7115631E+01
     3.6400000E+02   1.9612501E+03   0.0000000E+00   1.9513335E+03   0.0000000E+00   6.5157706E-01   1.1400436E-01   5.3757912E-01   3.7653210E+01
     3.6500000E+02   1.9612501E+03   0.0000000E+00   1.9513289E+03   0.0000000E+00   6.0458642E-01   1.1417612E-01   4.9041554E-01   3.8143623E+01
     3.6600000E+02   1.9612501E+03   0.0000000E+00   1.9513243E+03   0.0000000E+00   5.6182432E-01   1.1298679E-01   4.4884259E-01   3.8592464E+01
     3.6700000E+02   1.9612501E+03   0.0000000E+00   1.9513199E+03   0.0000000E+00   5.2281272E-01   1.1166243E-01   4.1115469E-01   3.9003620E+01
     3.6800000E+02   1.9612501E+03   0.0000000E+00   1.9513157E+03   0.0000000E+00   4.8713955E-01   1.1016782E-01   3.7697235E-01   3.9380592E+01
     3.6900000E+02   1.9612501E+03   0.0000000E+00   1.9513115E+03   0.0000000E+00   5.8719325E-01   1.0960115E-01   4.7758201E-01   3.9858173E+01
     3.7000000E+02   1.9612501E+03   0.0000000E+00   1.9513076E+03   0.0000000E+00   4.5670018E-01   1.0955392E-01   3.4712231E-01   4.0205296E+01
     3.7100000E+02   1.9612501E+03   0.0000000E+00   1.9513049E+03   0.0000000E+00   4.2614216E-01   1.1382651E-01   3.1228974E-01   4.0517586E+01
     3.7200000E+02   1.9612501E+03   0.0000000E+00   1.9513043E+03   0.0000000E+00   3.9838445E-01   1.2116103E-01   2.7719757E-01   4.0794785E+01
     3.7300000E+02   1.9612501E+03   0.0000000E+00   1.9513040E+03   0.0000000E+00   1.3244084E+00   1.2017085E-01   1.2042116E+00   4.1998997E+01
     3.7400000E+02   1.9612501E+03   0.0000000E+00   1.9513036E+03   0.0000000E+00   1.2875962E+00   1.1929209E-01   1.1682773E+00   4.3167274E+01
     3.7500000E+02   1.9612501E+03   0.0000000E+00   1.9513030E+03   0.0000000E+00   1.6174123E+00   1.1753651E-01   1.4998507E+00   4.4667126E+01
     3.7600000E+02   1.9612500E+03   0.0000000E+00   1.9513025E+03   0.0000000E+00   2.6886783E+00   1.1592807E-01   2.5727258E+00   4.7239853E+01
     3.7700000E+02   1.9612501E+03   0.0000000E+00   1.9513020E+03   0.0000000E+00   2.1782820E+00   1.1458414E-01   2.0636187E+00   4.9303471E+01
     3.7800000E+02   1.9612501E+03   0.0000000E+00   1.9513016E+03   0.0000000E+00   1.8455567E+00   1.1300455E-01   1.7324475E+00   5.1035919E+01
     3.7900000E+02   1.9612501E+03   0.0000000E+00   1.9513011E+03   0.0000000E+00   1.6603478E+00   1.1259263E-01   1.5476437E+00   5.2583565E+01
     3.8000000E+02   1.9612501E+03   0.0000000E+00   1.9513007E+03   0.0000000E+00   1.6958637E+00   1.1133312E-01   1.5844638E+00   5.4168030E+01
     3.8100000E+02   1.9612501E+03   0.0000000E+00   1.9513000E+03   0.0000000E+00   1.6502472E+00   1.0906533E-01   1.5411373E+00   5.5709167E+01
     3.8200000E+02   1.9612501E+03   0.0000000E+00   1.9512994E+03   0.0000000E+00   1.8557587E+00   1.0717123E-01   1.7485447E+00   5.7457714E+01
     3.8300000E+02   1.9612501E+03   0.0000000E+00   1.9512987E+03   0.0000000E+00   2.1617131E+00   1.0566389E-01   2.0560164E+00   5.9513729E+01
     3.8400000E+02   1.9612501E+03   0.0000000E+00   1.9512981E+03   0.0000000E+00   2.0492601E+00   1.0541698E-01   1.9438267E+00   6.1457558E+01
     3.8500000E+02   1.9612501E+03   0.0000000E+00   1.9512974E+03   0.0000000E+00   1.8020524E+00   1.0422140E-01   1.6977946E+00   6.3155354E+01
     3.8600000E+02   1.9612501E+03   0.0000000E+00   1.9512968E+03   0.0000000E+00   1.5984324E+00   1.0278361E-01   1.4956032E+00   6.4650955E+01
     3.8700000E+02   1.9612501E+03   0.0000000E+00   1.9512960E+03   0.0000000E+00   1.4458773E+00   1.0147360E-01   1.3443601E+00   6.5995316E+01
     3.8800000E+02   1.9612501E+03   0.0000000E+00   1.9512954E+03   0.0000000E+00   1.3127581E+00   1.0010000E-01   1.2126057E+00   6.7207924E+01
     3.8900000E+02   1.9612501E+03   0.0000000E+00   1.9512946E+03   0.0000000E+00   1.1957911E+00   9.8936066E-02   1.0967944E+00   6.8304718E+01
     3.9000000E+02   1.9612500E+03   0.0000000E+00   1.9512936E+03   0.0000000E+00   1.0924873E+00   9.7825885E-02   9.9459875E-01   6.9299316E+01
     3.9100000E+02   1.9612500E+03   0.0000000E+00   1.9512927E+03   0.0000000E+00   1.0008199E+00   9.6487202E-02   9.0426642E-01   7.0203583E+01
     3.9200000E+02   1.9612500E+03   0.0000000E+00   1.9512919E+03   0.0000000E+00   9.1912538E-01   9.5323816E-02   8.2373130E-01   7.1027313E+01
     3.9300000E+02   1.9612501E+03   0.0000000E+00   1.9512911E+03   0.0000000E+00   1.1535506E+00   9.4256282E-02   1.0592272E+00   7.2086540E+01
     3.9400000E+02   1.9612501E+03   0.0000000E+00   1.9512908E+03   0.0000000E+00   1.4498149E+00   9.5685169E-02   1.3540640E+00   7.3440605E+01
     3.9500000E+02   1.9612500E+03   0.0000000E+00   1.9512906E+03   0.0000000E+00   9.6536875E-01   9.5999636E-02   8.6921763E-01   7.4309822E+01
     3.9600000E+02   1.9612500E+03   0.0000000E+00   1.9512905E+03   0.0000000E+00   8.8743478E-01   9.4919890E-02   7.9237801E-01   7.5102203E+01
     3.9700000E+02   1.9612500E+03   0.0000000E+00   1.9512904E+03   0.0000000E+00   8.1759161E-01   9.3467467E-02   7.2398096E-01   7.5826187E+01
     3.9800000E+02   1.9612500E+03   0.0000000E+00   1.9512904E+03   0.0000000E+00   1.0632652E+00   1.2230175E-01   9.4082141E-01   7.6767006E+01
     3.9900000E+02   1.9612501E+03   0.0000000E+00   1.9512920E+03   0.0000000E+00   1.5971898E+00   1.7971163E+00  -2.0005672E-01   7.6566948E+01
     4.0000000E+02   1.9612501E+03   0.0000000E+00   1.9512935E+03   0.0000000E+00   2.0280304E+00   1.6537887E+00   3.7411711E-01   7.6941063E+01
     4.0100000E+02   1.9612501E+03   0.0000000E+00   1.9512948E+03   0.0000000E+00   2.1940072E+00   1.6045965E+00   5.8928913E-01   7.7530350E+01
     4.0200000E+02   1.9612501E+03   0.0000000E+00   1.9512959E+03   0.0000000E+00   2.4640133E+00   1.5004816E+00   9.6341729E-01   7.8493767E+01
     4.0300000E+02   1.9612500E+03   0.0000000E+00   1.9512969E+03   0.0000000E+00   2.9773028E+00   1.4529181E+00   1.5242978E+00   8.0018066E+01
     4.0400000E+02   1.9612500E+03   0.0000000E+00   1.9512977E+03   0.0000000E+00   2.8872218E+00   1.3703132E+00   1.5168815E+00   8.1534950E+01
     4.0500000E+02   1.9612500E+03   0.0000000E+00   1.9512985E+03   0.0000000E+00   3.0110204E+00   1.3189240E+00   1.6920731E+00   8.3227020E+01
     4.0600000E+02   1.9612500E+03   0.0000000E+00   1.9512991E+03   0.0000000E+00   3.1510029E+00   1.2609588E+00   1.8900322E+00   8.5117050E+01
     4.0700000E+02   1.9612500E+03   0.0000000E+00   1.9512996E+03   0.0000000E+00   3.1218493E+00   1.2000059E+00   1.9218291E+00   8.7038879E+01
     4.0800000E+02   1.9612500E+03   0.0000000E+00   1.9513000E+03   0.0000000E+00   3.1611168E+00   1.1636208E+00   1.9974874E+00   8.9036369E+01
     4.0900000E+02   1.9612500E+03   0.0000000E+00   1.9513003E+03   0.0000000E+00   3.2277017E+00   1.0990003E+00   2.1286926E+00   9.1165062E+01
     4.1000000E+02   1.9612500E+03   0.0000000E+00   1.9513009E+03   0.0000000E+00   9.6957836E+00   1.0789514E+00   8.6168289E+00   9.9781891E+01
     4.1100000E+02   1.9612750E+03   2.5038229E-02   1.9513025E+03   3.3306332E+02   4.8887825E+01   1.0436263E+00   4.7844200E+01   1.4762608E+02
     4.1200000E+02   1.9612728E+03   2.2790590E-02   1.9513048E+03   2.8473886E+02   4.8887825E+01   1.2804208E+00   4.7607414E+01   1.9523349E+02
     4.1300000E+02   1.9612716E+03   2.1613738E-02   1.9513344E+03   2.6065771E+02   4.8887825E+01   2.6188881E+01   2.2698952E+01   2.1793245E+02
     4.1400000E+02   1.9612972E+03   4.7200289E-02   1.9513896E+03   9.5813922E+02   4.8887825E+01   5.0238033E+01  -1.3502141E+00   2.1658223E+02
     4.1500000E+02   1.9612780E+03   2.8001478E-02   1.9514432E+03   4.0131839E+02   4.8887825E+01   5.0197845E+01  -1.3100148E+00   2.1527222E+02
     4.1600000E+02   1.9612727E+03   2.2664543E-02   1.9514952E+03   2.8211905E+02   4.8887825E+01   5.0159653E+01  -1.2718278E+00   2.1400038E+02
     4.1700000E+02   1.9612709E+03   2.0843498E-02   1.9515455E+03   2.4536079E+02   4.8887825E+01   5.0117386E+01  -1.2295531E+00   2.1277083E+02
     4.1800000E+02   1.9612832E+03   3.3261485E-02   1.9515962E+03   5.3467548E+02   4.8887825E+01   5.0125996E+01  -1.2381709E+00   2.1153265E+02
     4.1900000E+02   1.9612899E+03   3.9967205E-02   1.9516462E+03   7.2615137E+02   4.8887825E+01   5.0111305E+01  -1.2234768E+00   2.1030917E+02
     4.2000000E+02   1.9613206E+03   7.0592649E-02   1.9516965E+03   1.8740739E+03   4.8887825E+01   5.0117264E+01  -1.2294326E+00   2.0907974E+02
     4.2100000E+02   1.9613082E+03   5.8256198E-02   1.9517471E+03   1.3606855E+03   4.8887825E+01   5.0122337E+01  -1.2345111E+00   2.0784523E+02
     4.2200000E+02   1.9612928E+03   4.2890288E-02   1.9517969E+03   8.1680640E+02   4.8887825E+01   5.0106361E+01  -1.2185349E+00   2.0662669E+02
     4.2300000E+02   1.9612854E+03   3.5445075E-02   1.9518457E+03   5.9444824E+02   4.8887825E+01   5.0079674E+01  -1.1918461E+00   2.0543484E+02
     4.2400000E+02   1.9612792E+03   2.9197952E-02   1.9518936E+03   4.3030344E+02   4.8887825E+01   5.0057045E+01  -1.1692152E+00   2.0426562E+02
     4.2500000E+02   1.9612738E+03   2.3829507E-02   1.9519404E+03   3.0669916E+02   4.8887825E+01   5.0034225E+01  -1.1463928E+00   2.0311923E+02
     4.2600000E+02   1.9612692E+03   1.9113468E-02   1.9519862E+03   2.1236681E+02   4.8887825E+01   5.0008633E+01  -1.1208049E+00   2.0199843E+02
     4.2700000E+02   1.9612646E+03   1.4705091E-02   1.9520309E+03   1.3718298E+02   4.8887825E+01   4.9977848E+01  -1.0900213E+00   2.0090840E+02
     4.2800000E+02   1.9612604E+03   1.0353274E-02   1.9520745E+03   7.6434273E+01   4.8887825E+01   4.9953381E+01  -1.0655484E+00   1.9984285E+02
     4.2900000E+02   1.9612556E+03   5.6740651E-03   1.9521171E+03   2.8054314E+01   4.8887825E+01   4.9929100E+01  -1.0412706E+00   1.9880157E+02
     4.3000000E+02   1.9612501E+03   0.0000000E+00   1.9521586E+03   0.0000000E+00   4.6664013E+01   4.9904114E+01  -3.2401681E+00   1.9556140E+02
     4.3100000E+02   1.9612501E+03   0.0000000E+00   1.9521969E+03   0.0000000E+00   4.0754459E+01   4.7977661E+01  -7.2236452E+00   1.8833775E+02
     4.3200000E+02   1.9612501E+03   0.0000000E+00   1.9522290E+03   0.0000000E+00   3.7524700E+01   4.2961689E+01  -5.4372272E+00   1.8290053E+02
     4.3300000E+02   1.9612501E+03   0.0000000E+00   1.9522566E+03   0.0000000E+00   4.7914463E+01   3.9258839E+01   8.6555758E+00   1.9155611E+02
     4.3400000E+02   1.9612612E+03   1.1262923E-02   1.9522909E+03   8.7951241E+01   4.8887825E+01   4.6033642E+01   2.8541806E+00   1.9441029E+02
     4.3500000E+02   1.9612606E+03   1.0562521E-02   1.9523282E+03   7.9026161E+01   4.8887825E+01   4.9660763E+01  -7.7294213E-01   1.9363734E+02
     4.3600000E+02   1.9612661E+03   1.6167888E-02   1.9523649E+03   1.6067300E+02   4.8887825E+01   4.9780754E+01  -8.9291888E-01   1.9274443E+02
     4.3700000E+02   1.9612729E+03   2.2948558E-02   1.9524008E+03   2.8803577E+02   4.8887825E+01   4.9767208E+01  -8.7938696E-01   1.9186504E+02
     4.3800000E+02   1.9612633E+03   1.3338212E-02   1.9524362E+03   1.1658689E+02   4.8887825E+01   4.9751549E+01  -8.6371332E-01   1.9100133E+02
     4.3900000E+02   1.9612590E+03   9.0284366E-03   1.9524708E+03   6.0839134E+01   4.8887825E+01   4.9735535E+01  -8.4771281E-01   1.9015361E+02
     4.4000000E+02   1.9612538E+03   3.8124935E-03   1.9525048E+03   1.4456551E+01   4.8887825E+01   4.9718365E+01  -8.3053404E-01   1.8932307E+02
     4.4100000E+02   1.9612585E+03   8.4849289E-03   1.9525381E+03   5.4858528E+01   4.8887825E+01   4.9700943E+01  -8.1311589E-01   1.8850996E+02
     4.4200000E+02   1.9612660E+03   1.6014377E-02   1.9525708E+03   1.5813846E+02   4.8887825E+01   4.9687748E+01  -7.9992568E-01   1.8771004E+02
     4.4300000E+02   1.9612567E+03   6.6752960E-03   1.9526029E+03   3.6780853E+01   4.8887825E+01   4.9672878E+01  -7.8505027E-01   1.8692499E+02
     4.4400000E+02   1.9612532E+03   3.1472049E-03   1.9526344E+03   1.0504894E+01   4.8887825E+01   4.9656559E+01  -7.6873171E-01   1.8615625E+02
     4.4500000E+02   1.9612589E+03   8.9115510E-03   1.9526653E+03   5.9532112E+01   4.8887825E+01   4.9643414E+01  -7.5557989E-01   1.8540067E+02
     4.4600000E+02   1.9614125E+03   1.6250658E-01   1.9527045E+03   7.5215234E+03   4.8887825E+01   4.9846989E+01  -9.5915639E-01   1.8444151E+02
     4.4700000E+02   1.9613290E+03   7.8962117E-02   1.9527491E+03   2.2588401E+03   4.8887825E+01   4.9980186E+01  -1.0923626E+00   1.8334915E+02
     4.4800000E+02   1.9612980E+03   4.7991291E-02   1.9527946E+03   9.8504987E+02   4.8887825E+01   4.9997814E+01  -1.1099887E+00   1.8223917E+02
     4.4900000E+02   1.9612896E+03   3.9523650E-02   1.9528396E+03   7.1276971E+02   4.8887825E+01   4.9987186E+01  -1.0993643E+00   1.8113980E+02
     4.5000000E+02   1.9612827E+03   3.2691423E-02   1.9528840E+03   5.1948999E+02   4.8887825E+01   4.9974178E+01  -1.0863518E+00   1.8005345E+02
     4.5100000E+02   1.9612770E+03   2.6974972E-02   1.9529277E+03   3.7709940E+02   4.8887825E+01   4.9955040E+01  -1.0672144E+00   1.7898624E+02
     4.5200000E+02   1.9612719E+03   2.1846341E-02   1.9529707E+03   2.6534973E+02   4.8887825E+01   4.9939224E+01  -1.0513952E+00   1.7793484E+02
     4.5300000E+02   1.9612672E+03   1.7215349E-02   1.9530129E+03   1.7839407E+02   4.8887825E+01   4.9921120E+01  -1.0332972E+00   1.7690155E+02
     4.5400000E+02   1.9612629E+03   1.2948448E-02   1.9530544E+03   1.1096440E+02   4.8887825E+01   4.9900826E+01  -1.0129997E+00   1.7588855E+02
     4.5500000E+02   1.9612584E+03   8.4653944E-03   1.9530952E+03   5.4648193E+01   4.8887825E+01   4.9884132E+01  -9.9630558E-01   1.7489224E+02
     4.5600000E+02   1.9612529E+03   2.9375709E-03   1.9531354E+03   9.3706703E+00   4.8887825E+01   4.9871479E+01  -9.8365068E-01   1.7390858E+02
     4.5700000E+02   1.9612501E+03   0.0000000E+00   1.9531749E+03   0.0000000E+00   4.4053360E+01   4.9854275E+01  -5.8011937E+00   1.6810739E+02
     4.5800000E+02   1.9612501E+03   0.0000000E+00   1.9532090E+03   0.0000000E+00   3.8479748E+01   4.5094296E+01  -6.6149669E+00   1.6149243E+02
     4.5900000E+02   1.9612500E+03   0.0000000E+00   1.9532373E+03   0.0000000E+00   3.3744335E+01   3.9886654E+01  -6.1427035E+00   1.5534973E+02
     4.6000000E+02   1.9612500E+03   0.0000000E+00   1.9532610E+03   0.0000000E+00   2.9702913E+01   3.5423691E+01  -5.7211289E+00   1.4962860E+02
     4.6100000E+02   1.9612500E+03   0.0000000E+00   1.9532805E+03   0.0000000E+00   2.6445822E+01   3.1576088E+01  -5.1305609E+00   1.4449805E+02
     4.6200000E+02   1.9612501E+03   0.0000000E+00   1.9532971E+03   0.0000000E+00   2.3585979E+01   2.8351099E+01  -4.7653975E+00   1.3973265E+02
     4.6300000E+02   1.9612501E+03   0.0000000E+00   1.9533112E+03   0.0000000E+00   2.1108919E+01   2.5592983E+01  -4.4843178E+00   1.3524834E+02
     4.6400000E+02   1.9612501E+03   0.0000000E+00   1.9533229E+03   0.0000000E+00   1.8908152E+01   2.3154850E+01  -4.2469416E+00   1.3100139E+02
     4.6500000E+02   1.9612501E+03   0.0000000E+00   1.9533325E+03   0.0000000E+00   1.7020725E+01   2.1011616E+01  -3.9911044E+00   1.2701028E+02
     4.6600000E+02   1.9612501E+03   0.0000000E+00   1.9533403E+03   0.0000000E+00   1.5400174E+01   1.9032722E+01  -3.6327462E+00   1.2337754E+02
     4.6700000E+02   1.9612501E+03   0.0000000E+00   1.9533462E+03   0.0000000E+00   1.3979485E+01   1.7183676E+01  -3.2043633E+00   1.2017318E+02
     4.6800000E+02   1.9612501E+03   0.0000000E+00   1.9533510E+03   0.0000000E+00   1.2712740E+01   1.5760080E+01  -3.0474987E+00   1.1712568E+02
     4.6900000E+02   1.9612501E+03   0.0000000E+00   1.9533546E+03   0.0000000E+00   1.1580397E+01   1.4508084E+01  -2.9278343E+00   1.1419785E+02
     4.7000000E+02   1.9612500E+03   0.0000000E+00   1.9533575E+03   0.0000000E+00   1.0562913E+01   1.3382133E+01  -2.8193622E+00   1.1137849E+02
     4.7100000E+02   1.9612500E+03   0.0000000E+00   1.9533596E+03   0.0000000E+00   9.6409674E+00   1.2365528E+01  -2.7247000E+00   1.0865379E+02
     4.7200000E+02   1.9612500E+03   0.0000000E+00   1.9533611E+03   0.0000000E+00   8.8654852E+00   1.1445517E+01  -2.5801558E+00   1.0607363E+02
     4.7300000E+02   1.9612500E+03   0.0000000E+00   1.9533619E+03   0.0000000E+00   8.1784077E+00   1.0568284E+01  -2.3899918E+00   1.0368364E+02
     4.7400000E+02   1.9612501E+03   0.0000000E+00   1.9533624E+03   0.0000000E+00   7.5372944E+00   9.6904898E+00  -2.1532943E+00   1.0153034E+02
     4.7500000E+02   1.9612501E+03   0.0000000E+00   1.9533628E+03   0.0000000E+00   6.9567327E+00   9.0503082E+00  -2.0936663E+00   9.9436676E+01
     4.7600000E+02   1.9612501E+03   0.0000000E+00   1.9533628E+03   0.0000000E+00   6.4374418E+00   8.4724245E+00  -2.0350740E+00   9.7401604E+01
     4.7700000E+02   1.9612501E+03   0.0000000E+00   1.9533628E+03   0.0000000E+00   5.9605603E+00   7.9425964E+00  -1.9821250E+00   9.5419479E+01
     4.7800000E+02   1.9612501E+03   0.0000000E+00   1.9533629E+03   0.0000000E+00   5.5243783E+00   7.4498072E+00  -1.9255128E+00   9.3493965E+01
     4.7900000E+02   1.9612501E+03   0.0000000E+00   1.9533629E+03   0.0000000E+00   5.1471753E+00   6.9553213E+00  -1.8082228E+00   9.1685745E+01
     4.8000000E+02   1.9612501E+03   0.0000000E+00   1.9533628E+03   0.0000000E+00   4.7916965E+00   6.4743743E+00  -1.6827512E+00   9.0002991E+01
     4.8100000E+02   1.9612501E+03   0.0000000E+00   1.9533625E+03   0.0000000E+00   4.4729438E+00   6.1015472E+00  -1.6286665E+00   8.8374321E+01
     4.8200000E+02   1.9612501E+03   0.0000000E+00   1.9533623E+03   0.0000000E+00   4.1713705E+00   5.7574801E+00  -1.5861696E+00   8.6788155E+01
     4.8300000E+02   1.9612501E+03   0.0000000E+00   1.9533618E+03   0.0000000E+00   3.8990006E+00   5.4397898E+00  -1.5408534E+00   8.5247299E+01
     4.8400000E+02   1.9612501E+03   0.0000000E+00   1.9533616E+03   0.0000000E+00   3.6490390E+00   5.1386957E+00  -1.4897133E+00   8.3757584E+01
     4.8500000E+02   1.9612500E+03   0.0000000E+00   1.9533613E+03   0.0000000E+00   3.4181759E+00   4.8075113E+00  -1.3893875E+00   8.2368195E+01
     4.8600000E+02   1.9612500E+03   0.0000000E+00   1.9533612E+03   0.0000000E+00   3.2119365E+00   4.5660200E+00  -1.3541334E+00   8.1014061E+01
     4.8700000E+02   1.9612500E+03   0.0000000E+00   1.9533611E+03   0.0000000E+00   3.0242348E+00   4.3402467E+00  -1.3160604E+00   7.9697998E+01
     4.8800000E+02   1.9612500E+03   0.0000000E+00   1.9533608E+03   0.0000000E+00   2.8451862E+00   4.1270251E+00  -1.2818831E+00   7.8416115E+01
     4.8900000E+02   1.9612500E+03   0.0000000E+00   1.9533605E+03   0.0000000E+00   2.6831546E+00   3.8958938E+00  -1.2127836E+00   7.7203331E+01
     4.9000000E+02   1.9612501E+03   0.0000000E+00   1.9533602E+03   0.0000000E+00   2.5282757E+00   3.6792223E+00  -1.1509868E+00   7.6052345E+01
     4.9100000E+02   1.9612501E+03   0.0000000E+00   1.9533600E+03   0.0000000E+00   2.3822701E+00   3.5143089E+00  -1.1320790E+00   7.4920265E+01
     4.9200000E+02   1.9612501E+03   0.0000000E+00   1.9533597E+03   0.0000000E+00   2.2517769E+00   3.3597090E+00  -1.1079689E+00   7.3812294E+01
     4.9300000E+02   1.9612501E+03   0.0000000E+00   1.9533595E+03   0.0000000E+00   2.1265721E+00   3.2049894E+00  -1.0784521E+00   7.2733841E+01
     4.9400000E+02   1.9612501E+03   0.0000000E+00   1.9533593E+03   0.0000000E+00   2.0157409E+00   3.0319657E+00  -1.0162586E+00   7.1717583E+01
     4.9500000E+02   1.9612501E+03   0.0000000E+00   1.9533591E+03   0.0000000E+00   1.9105933E+00   2.9042447E+00  -9.9368423E-01   7.0723900E+01
     4.9600000E+02   1.9612501E+03   0.0000000E+00   1.9533589E+03   0.0000000E+00   1.8096669E+00   2.7887690E+00  -9.7913545E-01   6.9744766E+01
     4.9700000E+02   1.9612501E+03   0.0000000E+00   1.9533588E+03   0.0000000E+00   1.7170405E+00   2.6743958E+00  -9.5738816E-01   6.8787376E+01
     4.9800000E+02   1.9612501E+03   0.0000000E+00   1.9533585E+03   0.0000000E+00   1.6301203E+00   2.5324500E+00  -9.0235728E-01   6.7885017E+01
     4.9900000E+02   1.9612501E+03   0.0000000E+00   1.9533584E+03   0.0000000E+00   1.5488281E+00   2.4305410E+00  -8.8173866E-01   6.7003281E+01
     5.0000000E+02   1.9612501E+03   0.0000000E+00   1.9533583E+03   0.0000000E+00   1.4715995E+00   2.3409572E+00  -8.6938649E-01   6.6133896E+01
     5.0100000E+02   1.9612501E+03   0.0000000E+00   1.9533582E+03   0.0000000E+00   1.3971326E+00   2.2478800E+00  -8.5077548E-01   6.5283119E+01
