 "GAGE No.    4:  K,I,J Coord. =     2,   40,   75;  STREAM SEGMENT =    16;  REACH =     1 "
     "DATA: Time           Stage           Depth         GW-Head    Midpt-Flow       Stream-Loss        GW-Rech.  Chnge-UZ-Stor.   Vol.-UZ-Stor."
     1.0000000E+00   1.9340514E+03   5.1419377E-02   1.9340881E+03   1.0859540E+04  -2.4755375E+01   0.0000000E+00   0.0000000E+00   0.0000000E+00
     2.0000000E+00   1.9340509E+03   5.0961550E-02   1.9340867E+03   1.0698964E+04  -2.4130669E+01   0.0000000E+00   0.0000000E+00   0.0000000E+00
     3.0000000E+00   1.9340509E+03   5.0941654E-02   1.9340867E+03   1.0692041E+04  -2.4135323E+01   0.0000000E+00   0.0000000E+00   0.0000000E+00
     4.0000000E+00   1.9340509E+03   5.0899688E-02   1.9340867E+03   1.0677331E+04  -2.4144428E+01   0.0000000E+00   0.0000000E+00   0.0000000E+00
     5.0000000E+00   1.9340510E+03   5.0964959E-02   1.9340867E+03   1.0700164E+04  -2.4129221E+01   0.0000000E+00   0.0000000E+00   0.0000000E+00
     6.0000000E+00   1.9340509E+03   5.0859280E-02   1.9340867E+03   1.0663196E+04  -2.4150373E+01   0.0000000E+00   0.0000000E+00   0.0000000E+00
     7.0000000E+00   1.9340509E+03   5.0958436E-02   1.9340867E+03   1.0697887E+04  -2.4128616E+01   0.0000000E+00   0.0000000E+00   0.0000000E+00
     8.0000000E+00   1.9340509E+03   5.0908726E-02   1.9340867E+03   1.0680525E+04  -2.4135778E+01   0.0000000E+00   0.0000000E+00   0.0000000E+00
     9.0000000E+00   1.9340510E+03   5.1073954E-02   1.9340868E+03   1.0738337E+04  -2.4097265E+01   0.0000000E+00   0.0000000E+00   0.0000000E+00
     1.0000000E+01   1.9340510E+03   5.1052827E-02   1.9340868E+03   1.0730864E+04  -2.4097164E+01   0.0000000E+00   0.0000000E+00   0.0000000E+00
     1.1000000E+01   1.9340513E+03   5.1237337E-02   1.9340869E+03   1.0795649E+04  -2.4053825E+01   0.0000000E+00   0.0000000E+00   0.0000000E+00
     1.2000000E+01   1.9340513E+03   5.1221129E-02   1.9340869E+03   1.0789980E+04  -2.4052570E+01   0.0000000E+00   0.0000000E+00   0.0000000E+00
     1.3000000E+01   1.9340519E+03   5.1891740E-02   1.9340873E+03   1.1026434E+04  -2.3886431E+01   0.0000000E+00   0.0000000E+00   0.0000000E+00
     1.4000000E+01   1.9340516E+03   5.1646926E-02   1.9340872E+03   1.0939885E+04  -2.3944159E+01   0.0000000E+00   0.0000000E+00   0.0000000E+00
     1.5000000E+01   1.9340519E+03   5.1843401E-02   1.9340873E+03   1.1009314E+04  -2.3898640E+01   0.0000000E+00   0.0000000E+00   0.0000000E+00
     1.6000000E+01   1.9340518E+03   5.1772624E-02   1.9340872E+03   1.0984204E+04  -2.3911978E+01   0.0000000E+00   0.0000000E+00   0.0000000E+00
     1.7000000E+01   1.9340520E+03   5.2014105E-02   1.9340874E+03   1.1069798E+04  -2.3855492E+01   0.0000000E+00   0.0000000E+00   0.0000000E+00
     1.8000000E+01   1.9340520E+03   5.1998444E-02   1.9340874E+03   1.1091289E+04  -2.3875095E+01   0.0000000E+00   0.0000000E+00   0.0000000E+00
     1.9000000E+01   1.9340522E+03   5.2208118E-02   1.9340875E+03   1.1146450E+04  -2.3804247E+01   0.0000000E+00   0.0000000E+00   0.0000000E+00
     2.0000000E+01   1.9340521E+03   5.2175339E-02   1.9340874E+03   1.1134204E+04  -2.3809723E+01   0.0000000E+00   0.0000000E+00   0.0000000E+00
     2.1000000E+01   1.9340522E+03   5.2199282E-02   1.9340874E+03   1.1143159E+04  -2.3800610E+01   0.0000000E+00   0.0000000E+00   0.0000000E+00
     2.2000000E+01   1.9340522E+03   5.2226439E-02   1.9340875E+03   1.1153192E+04  -2.3790369E+01   0.0000000E+00   0.0000000E+00   0.0000000E+00
     2.3000000E+01   1.9340522E+03   5.2256919E-02   1.9340875E+03   1.1164410E+04  -2.3779011E+01   0.0000000E+00   0.0000000E+00   0.0000000E+00
     2.4000000E+01   1.9340522E+03   5.2288882E-02   1.9340875E+03   1.1176101E+04  -2.3766912E+01   0.0000000E+00   0.0000000E+00   0.0000000E+00
     2.5000000E+01   1.9340524E+03   5.2323505E-02   1.9340875E+03   1.1188805E+04  -2.3753916E+01   0.0000000E+00   0.0000000E+00   0.0000000E+00
     2.6000000E+01   1.9340529E+03   5.2817993E-02   1.9340878E+03   1.1369146E+04  -2.3624844E+01   0.0000000E+00   0.0000000E+00   0.0000000E+00
     2.7000000E+01   1.9340530E+03   5.3035300E-02   1.9340879E+03   1.1446730E+04  -2.3565371E+01   0.0000000E+00   0.0000000E+00   0.0000000E+00
     2.8000000E+01   1.9340529E+03   5.2817665E-02   1.9340878E+03   1.1367129E+04  -2.3618774E+01   0.0000000E+00   0.0000000E+00   0.0000000E+00
     2.9000000E+01   1.9340529E+03   5.2848917E-02   1.9340878E+03   1.1379604E+04  -2.3603640E+01   0.0000000E+00   0.0000000E+00   0.0000000E+00
     3.0000000E+01   1.9340529E+03   5.2899107E-02   1.9340879E+03   1.1398282E+04  -2.3585882E+01   0.0000000E+00   0.0000000E+00   0.0000000E+00
     3.1000000E+01   1.9340530E+03   5.2963618E-02   1.9340879E+03   1.1422229E+04  -2.3576090E+01   0.0000000E+00   0.0000000E+00   0.0000000E+00
     3.2000000E+01   1.9340530E+03   5.3036802E-02   1.9340879E+03   1.1449248E+04  -2.3563437E+01   0.0000000E+00   0.0000000E+00   0.0000000E+00
     3.3000000E+01   1.9340531E+03   5.3121384E-02   1.9340880E+03   1.1480470E+04  -2.3549118E+01   0.0000000E+00   0.0000000E+00   0.0000000E+00
     3.4000000E+01   1.9340532E+03   5.3216051E-02   1.9340881E+03   1.1515346E+04  -2.3534475E+01   0.0000000E+00   0.0000000E+00   0.0000000E+00
     3.5000000E+01   1.9340533E+03   5.3317543E-02   1.9340881E+03   1.1552511E+04  -2.3516939E+01   0.0000000E+00   0.0000000E+00   0.0000000E+00
     3.6000000E+01   1.9340535E+03   5.3423371E-02   1.9340883E+03   1.1591256E+04  -2.3541340E+01   0.0000000E+00   0.0000000E+00   0.0000000E+00
     3.7000000E+01   1.9340536E+03   5.3533845E-02   1.9340885E+03   1.1631692E+04  -2.3618626E+01   0.0000000E+00   0.0000000E+00   0.0000000E+00
     3.8000000E+01   1.9340536E+03   5.3645104E-02   1.9340887E+03   1.1672378E+04  -2.3706909E+01   0.0000000E+00   0.0000000E+00   0.0000000E+00
     3.9000000E+01   1.9340542E+03   5.4247193E-02   1.9340895E+03   1.1895190E+04  -2.3773520E+01   0.0000000E+00   0.0000000E+00   0.0000000E+00
     4.0000000E+01   1.9340553E+03   5.5350356E-02   1.9340907E+03   1.2303200E+04  -2.3860380E+01   0.0000000E+00   0.0000000E+00   0.0000000E+00
     4.1000000E+01   1.9340547E+03   5.4702815E-02   1.9340905E+03   1.2056733E+04  -2.4127048E+01   0.0000000E+00   0.0000000E+00   0.0000000E+00
     4.2000000E+01   1.9340548E+03   5.4789457E-02   1.9340907E+03   1.2093123E+04  -2.4201508E+01   0.0000000E+00   0.0000000E+00   0.0000000E+00
     4.3000000E+01   1.9340570E+03   5.7067603E-02   1.9340928E+03   1.2920537E+04  -2.4062172E+01   0.0000000E+00   0.0000000E+00   0.0000000E+00
     4.4000000E+01   1.9340559E+03   5.5916138E-02   1.9340922E+03   1.2513833E+04  -2.4450361E+01   0.0000000E+00   0.0000000E+00   0.0000000E+00
     4.5000000E+01   1.9340562E+03   5.6142062E-02   1.9340924E+03   1.2587539E+04  -2.4440212E+01   0.0000000E+00   0.0000000E+00   0.0000000E+00
     4.6000000E+01   1.9340563E+03   5.6280486E-02   1.9340925E+03   1.2636948E+04  -2.4462852E+01   0.0000000E+00   0.0000000E+00   0.0000000E+00
     4.7000000E+01   1.9340564E+03   5.6394111E-02   1.9340927E+03   1.2678470E+04  -2.4487616E+01   0.0000000E+00   0.0000000E+00   0.0000000E+00
     4.8000000E+01   1.9340565E+03   5.6514837E-02   1.9340928E+03   1.2723312E+04  -2.4506138E+01   0.0000000E+00   0.0000000E+00   0.0000000E+00
     4.9000000E+01   1.9340566E+03   5.6634553E-02   1.9340930E+03   1.2768064E+04  -2.4520929E+01   0.0000000E+00   0.0000000E+00   0.0000000E+00
     5.0000000E+01   1.9340568E+03   5.6755178E-02   1.9340931E+03   1.2813340E+04  -2.4531845E+01   0.0000000E+00   0.0000000E+00   0.0000000E+00
     5.1000000E+01   1.9340569E+03   5.6871992E-02   1.9340933E+03   1.2857238E+04  -2.4540356E+01   0.0000000E+00   0.0000000E+00   0.0000000E+00
     5.2000000E+01   1.9340570E+03   5.6980174E-02   1.9340934E+03   1.2898118E+04  -2.4547565E+01   0.0000000E+00   0.0000000E+00   0.0000000E+00
     5.3000000E+01   1.9340571E+03   5.7084177E-02   1.9340935E+03   1.2937432E+04  -2.4550198E+01   0.0000000E+00   0.0000000E+00   0.0000000E+00
     5.4000000E+01   1.9340575E+03   5.7511464E-02   1.9340939E+03   1.3133427E+04  -2.4538734E+01   0.0000000E+00   0.0000000E+00   0.0000000E+00
     5.5000000E+01   1.9340575E+03   5.7533726E-02   1.9340939E+03   1.3108934E+04  -2.4522415E+01   0.0000000E+00   0.0000000E+00   0.0000000E+00
     5.6000000E+01   1.9340576E+03   5.7638515E-02   1.9340940E+03   1.3148938E+04  -2.4515137E+01   0.0000000E+00   0.0000000E+00   0.0000000E+00
     5.7000000E+01   1.9340575E+03   5.7468757E-02   1.9340940E+03   1.3070787E+04  -2.4621017E+01   0.0000000E+00   0.0000000E+00   0.0000000E+00
     5.8000000E+01   1.9340577E+03   5.7679594E-02   1.9340941E+03   1.3153156E+04  -2.4588182E+01   0.0000000E+00   0.0000000E+00   0.0000000E+00
     5.9000000E+01   1.9340575E+03   5.7551578E-02   1.9340940E+03   1.3135287E+04  -2.4638899E+01   0.0000000E+00   0.0000000E+00   0.0000000E+00
     6.0000000E+01   1.9340576E+03   5.7595108E-02   1.9340941E+03   1.3153106E+04  -2.4638954E+01   0.0000000E+00   0.0000000E+00   0.0000000E+00
     6.1000000E+01   1.9340576E+03   5.7640508E-02   1.9340941E+03   1.3169551E+04  -2.4637381E+01   0.0000000E+00   0.0000000E+00   0.0000000E+00
     6.2000000E+01   1.9340614E+03   6.1384078E-02   1.9340973E+03   1.4587977E+04  -2.4237324E+01   0.0000000E+00   0.0000000E+00   0.0000000E+00
     6.3000000E+01   1.9340608E+03   6.0837634E-02   1.9340972E+03   1.4392422E+04  -2.4525320E+01   0.0000000E+00   0.0000000E+00   0.0000000E+00
     6.4000000E+01   1.9340608E+03   6.0848471E-02   1.9340969E+03   1.4396150E+04  -2.4388111E+01   0.0000000E+00   0.0000000E+00   0.0000000E+00
     6.5000000E+01   1.9340599E+03   5.9949521E-02   1.9340962E+03   1.4039415E+04  -2.4435900E+01   0.0000000E+00   0.0000000E+00   0.0000000E+00
     6.6000000E+01   1.9340601E+03   6.0072809E-02   1.9340962E+03   1.4089037E+04  -2.4371655E+01   0.0000000E+00   0.0000000E+00   0.0000000E+00
     6.7000000E+01   1.9340601E+03   6.0066305E-02   1.9340962E+03   1.4074308E+04  -2.4352737E+01   0.0000000E+00   0.0000000E+00   0.0000000E+00
     6.8000000E+01   1.9340601E+03   6.0040358E-02   1.9340961E+03   1.4064207E+04  -2.4342514E+01   0.0000000E+00   0.0000000E+00   0.0000000E+00
     6.9000000E+01   1.9340601E+03   6.0024887E-02   1.9340961E+03   1.4058096E+04  -2.4331581E+01   0.0000000E+00   0.0000000E+00   0.0000000E+00
     7.0000000E+01   1.9340601E+03   6.0031626E-02   1.9340961E+03   1.4060885E+04  -2.4316868E+01   0.0000000E+00   0.0000000E+00   0.0000000E+00
     7.1000000E+01   1.9340601E+03   6.0009453E-02   1.9340961E+03   1.4064252E+04  -2.4312904E+01   0.0000000E+00   0.0000000E+00   0.0000000E+00
     7.2000000E+01   1.9340601E+03   6.0034290E-02   1.9340961E+03   1.4073865E+04  -2.4296473E+01   0.0000000E+00   0.0000000E+00   0.0000000E+00
     7.3000000E+01   1.9340601E+03   6.0058884E-02   1.9340961E+03   1.4083414E+04  -2.4281364E+01   0.0000000E+00   0.0000000E+00   0.0000000E+00
     7.4000000E+01   1.9340601E+03   6.0090482E-02   1.9340961E+03   1.4095729E+04  -2.4266035E+01   0.0000000E+00   0.0000000E+00   0.0000000E+00
     7.5000000E+01   1.9340605E+03   6.0533985E-02   1.9340966E+03   1.4269640E+04  -2.4314077E+01   0.0000000E+00   0.0000000E+00   0.0000000E+00
     7.6000000E+01   1.9340613E+03   6.1250057E-02   1.9340973E+03   1.4551783E+04  -2.4303656E+01   0.0000000E+00   0.0000000E+00   0.0000000E+00
     7.7000000E+01   1.9340634E+03   6.3339837E-02   1.9340990E+03   1.5373686E+04  -2.4086224E+01   0.0000000E+00   0.0000000E+00   0.0000000E+00
     7.8000000E+01   1.9340652E+03   6.5146863E-02   1.9341006E+03   1.6109977E+04  -2.3933640E+01   0.0000000E+00   0.0000000E+00   0.0000000E+00
     7.9000000E+01   1.9340671E+03   6.7087539E-02   1.9341023E+03   1.6917730E+04  -2.3760683E+01   0.0000000E+00   0.0000000E+00   0.0000000E+00
     8.0000000E+01   1.9340681E+03   6.8077639E-02   1.9341033E+03   1.7335908E+04  -2.3753786E+01   0.0000000E+00   0.0000000E+00   0.0000000E+00
     8.1000000E+01   1.9340690E+03   6.8978086E-02   1.9341040E+03   1.7719752E+04  -2.3658360E+01   0.0000000E+00   0.0000000E+00   0.0000000E+00
     8.2000000E+01   1.9340691E+03   6.9080740E-02   1.9341039E+03   1.7763721E+04  -2.3506592E+01   0.0000000E+00   0.0000000E+00   0.0000000E+00
     8.3000000E+01   1.9340687E+03   6.8676427E-02   1.9341034E+03   1.7590783E+04  -2.3419495E+01   0.0000000E+00   0.0000000E+00   0.0000000E+00
     8.4000000E+01   1.9340718E+03   7.1830139E-02   1.9341051E+03   1.8957592E+04  -2.2420145E+01   0.0000000E+00   0.0000000E+00   0.0000000E+00
     8.5000000E+01   1.9340691E+03   6.9041871E-02   1.9341028E+03   1.7747061E+04  -2.2787956E+01   0.0000000E+00   0.0000000E+00   0.0000000E+00
     8.6000000E+01   1.9340691E+03   6.9117881E-02   1.9341027E+03   1.7779627E+04  -2.2622156E+01   0.0000000E+00   0.0000000E+00   0.0000000E+00
     8.7000000E+01   1.9340690E+03   6.8989307E-02   1.9341022E+03   1.7724537E+04  -2.2374470E+01   0.0000000E+00   0.0000000E+00   0.0000000E+00
     8.8000000E+01   1.9340677E+03   6.7742221E-02   1.9341008E+03   1.7193766E+04  -2.2357464E+01   0.0000000E+00   0.0000000E+00   0.0000000E+00
     8.9000000E+01   1.9340664E+03   6.6401139E-02   1.9340996E+03   1.6630213E+04  -2.2412785E+01   0.0000000E+00   0.0000000E+00   0.0000000E+00
     9.0000000E+01   1.9340648E+03   6.4820871E-02   1.9340983E+03   1.5976514E+04  -2.2558876E+01   0.0000000E+00   0.0000000E+00   0.0000000E+00
     9.1000000E+01   1.9340635E+03   6.3529864E-02   1.9340972E+03   1.5449174E+04  -2.2687000E+01   0.0000000E+00   0.0000000E+00   0.0000000E+00
     9.2000000E+01   1.9340625E+03   6.2523670E-02   1.9340963E+03   1.5043513E+04  -2.2791996E+01   0.0000000E+00   0.0000000E+00   0.0000000E+00
     9.3000000E+01   1.9340616E+03   6.1624642E-02   1.9340956E+03   1.4685271E+04  -2.2893837E+01   0.0000000E+00   0.0000000E+00   0.0000000E+00
     9.4000000E+01   1.9340609E+03   6.0964111E-02   1.9340950E+03   1.4423892E+04  -2.2969166E+01   0.0000000E+00   0.0000000E+00   0.0000000E+00
     9.5000000E+01   1.9340613E+03   6.1237939E-02   1.9340952E+03   1.4532122E+04  -2.2961006E+01   0.0000000E+00   0.0000000E+00   0.0000000E+00
     9.6000000E+01   1.9340613E+03   6.1339520E-02   1.9340955E+03   1.4572337E+04  -2.2994036E+01   0.0000000E+00   0.0000000E+00   0.0000000E+00
     9.7000000E+01   1.9340637E+03   6.3713543E-02   1.9340975E+03   1.5523737E+04  -2.2831400E+01   0.0000000E+00   0.0000000E+00   0.0000000E+00
     9.8000000E+01   1.9340629E+03   6.2861577E-02   1.9340972E+03   1.5179893E+04  -2.3138905E+01   0.0000000E+00   0.0000000E+00   0.0000000E+00
     9.9000000E+01   1.9340630E+03   6.3018665E-02   1.9340973E+03   1.5243193E+04  -2.3154276E+01   0.0000000E+00   0.0000000E+00   0.0000000E+00
     1.0000000E+02   1.9340636E+03   6.3656233E-02   1.9340978E+03   1.5501070E+04  -2.3020229E+01   0.0000000E+00   0.0000000E+00   0.0000000E+00
     1.0100000E+02   1.9340640E+03   6.3981310E-02   1.9340980E+03   1.5633258E+04  -2.2962799E+01   0.0000000E+00   0.0000000E+00   0.0000000E+00
     1.0200000E+02   1.9340642E+03   6.4196460E-02   1.9340981E+03   1.5742916E+04  -2.2932770E+01   0.0000000E+00   0.0000000E+00   0.0000000E+00
     1.0300000E+02   1.9340642E+03   6.4226523E-02   1.9340983E+03   1.5736861E+04  -2.2950014E+01   0.0000000E+00   0.0000000E+00   0.0000000E+00
     1.0400000E+02   1.9340641E+03   6.4107135E-02   1.9340981E+03   1.5688065E+04  -2.2997293E+01   0.0000000E+00   0.0000000E+00   0.0000000E+00
     1.0500000E+02   1.9340641E+03   6.4089023E-02   1.9340981E+03   1.5680780E+04  -2.3019491E+01   0.0000000E+00   0.0000000E+00   0.0000000E+00
     1.0600000E+02   1.9340642E+03   6.4160556E-02   1.9340983E+03   1.5710070E+04  -2.3016270E+01   0.0000000E+00   0.0000000E+00   0.0000000E+00
     1.0700000E+02   1.9340641E+03   6.4046152E-02   1.9340983E+03   1.5663189E+04  -2.3060221E+01   0.0000000E+00   0.0000000E+00   0.0000000E+00
     1.0800000E+02   1.9340640E+03   6.4009339E-02   1.9340981E+03   1.5648262E+04  -2.3081694E+01   0.0000000E+00   0.0000000E+00   0.0000000E+00
     1.0900000E+02   1.9340643E+03   6.4391628E-02   1.9340985E+03   1.5804572E+04  -2.2992088E+01   0.0000000E+00   0.0000000E+00   0.0000000E+00
     1.1000000E+02   1.9340648E+03   6.4869225E-02   1.9340989E+03   1.6018063E+04  -2.2948027E+01   0.0000000E+00   0.0000000E+00   0.0000000E+00
     1.1100000E+02   1.9340642E+03   6.4250082E-02   1.9340985E+03   1.5762075E+04  -2.3094790E+01   0.0000000E+00   0.0000000E+00   0.0000000E+00
     1.1200000E+02   1.9340645E+03   6.4404801E-02   1.9340985E+03   1.5826848E+04  -2.3053942E+01   0.0000000E+00   0.0000000E+00   0.0000000E+00
     1.1300000E+02   1.9340645E+03   6.4501129E-02   1.9340986E+03   1.5866118E+04  -2.3045374E+01   0.0000000E+00   0.0000000E+00   0.0000000E+00
     1.1400000E+02   1.9340641E+03   6.4098947E-02   1.9340984E+03   1.5700530E+04  -2.3141569E+01   0.0000000E+00   0.0000000E+00   0.0000000E+00
     1.1500000E+02   1.9340641E+03   6.4145304E-02   1.9340984E+03   1.5703675E+04  -2.3118170E+01   0.0000000E+00   0.0000000E+00   0.0000000E+00
     1.1600000E+02   1.9340675E+03   6.7539588E-02   1.9341007E+03   1.7109615E+04  -2.2423130E+01   0.0000000E+00   0.0000000E+00   0.0000000E+00
     1.1700000E+02   1.9340654E+03   6.5475620E-02   1.9340995E+03   1.6249541E+04  -2.2935760E+01   0.0000000E+00   0.0000000E+00   0.0000000E+00
     1.1800000E+02   1.9340653E+03   6.5313123E-02   1.9340994E+03   1.6182850E+04  -2.2963257E+01   0.0000000E+00   0.0000000E+00   0.0000000E+00
     1.1900000E+02   1.9340658E+03   6.5741442E-02   1.9340997E+03   1.6360073E+04  -2.2971188E+01   0.0000000E+00   0.0000000E+00   0.0000000E+00
     1.2000000E+02   1.9340656E+03   6.5609232E-02   1.9341002E+03   1.6305232E+04  -2.3322823E+01   0.0000000E+00   0.0000000E+00   0.0000000E+00
     1.2100000E+02   1.9340656E+03   6.5490760E-02   1.9341005E+03   1.6256193E+04  -2.3588900E+01   0.0000000E+00   0.0000000E+00   0.0000000E+00
     1.2200000E+02   1.9340652E+03   6.5219022E-02   1.9341002E+03   1.6143928E+04  -2.3593372E+01   0.0000000E+00   0.0000000E+00   0.0000000E+00
     1.2300000E+02   1.9340651E+03   6.5029047E-02   1.9341000E+03   1.6065665E+04  -2.3576712E+01   0.0000000E+00   0.0000000E+00   0.0000000E+00
     1.2400000E+02   1.9340648E+03   6.4853184E-02   1.9340997E+03   1.5993319E+04  -2.3568056E+01   0.0000000E+00   0.0000000E+00   0.0000000E+00
     1.2500000E+02   1.9340647E+03   6.4700402E-02   1.9340996E+03   1.5927105E+04  -2.3560883E+01   0.0000000E+00   0.0000000E+00   0.0000000E+00
     1.2600000E+02   1.9340646E+03   6.4551242E-02   1.9340995E+03   1.5865340E+04  -2.3556816E+01   0.0000000E+00   0.0000000E+00   0.0000000E+00
     1.2700000E+02   1.9340645E+03   6.4410947E-02   1.9340994E+03   1.5807916E+04  -2.3554728E+01   0.0000000E+00   0.0000000E+00   0.0000000E+00
     1.2800000E+02   1.9340643E+03   6.4280339E-02   1.9340991E+03   1.5754526E+04  -2.3554504E+01   0.0000000E+00   0.0000000E+00   0.0000000E+00
     1.2900000E+02   1.9340642E+03   6.4158611E-02   1.9340990E+03   1.5704835E+04  -2.3555748E+01   0.0000000E+00   0.0000000E+00   0.0000000E+00
     1.3000000E+02   1.9340641E+03   6.4045101E-02   1.9340990E+03   1.5658554E+04  -2.3558201E+01   0.0000000E+00   0.0000000E+00   0.0000000E+00
     1.3100000E+02   1.9340640E+03   6.3939154E-02   1.9340989E+03   1.5615406E+04  -2.3561613E+01   0.0000000E+00   0.0000000E+00   0.0000000E+00
     1.3200000E+02   1.9340638E+03   6.3840196E-02   1.9340988E+03   1.5575146E+04  -2.3565687E+01   0.0000000E+00   0.0000000E+00   0.0000000E+00
     1.3300000E+02   1.9340637E+03   6.3764796E-02   1.9340988E+03   1.5544499E+04  -2.3597658E+01   0.0000000E+00   0.0000000E+00   0.0000000E+00
     1.3400000E+02   1.9340640E+03   6.3907921E-02   1.9340990E+03   1.5603305E+04  -2.3705975E+01   0.0000000E+00   0.0000000E+00   0.0000000E+00
     1.3500000E+02   1.9340664E+03   6.6365667E-02   1.9341013E+03   1.6615584E+04  -2.3571051E+01   0.0000000E+00   0.0000000E+00   0.0000000E+00
     1.3600000E+02   1.9340680E+03   6.7940377E-02   1.9341028E+03   1.7278256E+04  -2.3484823E+01   0.0000000E+00   0.0000000E+00   0.0000000E+00
     1.3700000E+02   1.9340764E+03   7.6363772E-02   1.9341093E+03   2.0993488E+04  -2.2185534E+01   0.0000000E+00   0.0000000E+00   0.0000000E+00
     1.3800000E+02   1.9340958E+03   9.5846273E-02   1.9341229E+03   3.0659463E+04  -1.8251373E+01   0.0000000E+00   0.0000000E+00   0.0000000E+00
     1.3900000E+02   1.9340908E+03   9.0803295E-02   1.9341202E+03   2.8018814E+04  -1.9906277E+01   0.0000000E+00   0.0000000E+00   0.0000000E+00
     1.4000000E+02   1.9340962E+03   9.6186414E-02   1.9341241E+03   3.0841016E+04  -1.8840294E+01   0.0000000E+00   0.0000000E+00   0.0000000E+00
     1.4100000E+02   1.9341027E+03   1.0270896E-01   1.9341287E+03   3.4404820E+04  -1.7510384E+01   0.0000000E+00   0.0000000E+00   0.0000000E+00
     1.4200000E+02   1.9341051E+03   1.0513220E-01   1.9341306E+03   3.5768312E+04  -1.7178146E+01   0.0000000E+00   0.0000000E+00   0.0000000E+00
     1.4300000E+02   1.9341095E+03   1.0946225E-01   1.9341337E+03   3.8257168E+04  -1.6375828E+01   0.0000000E+00   0.0000000E+00   0.0000000E+00
     1.4400000E+02   1.9340990E+03   9.9055372E-02   1.9341270E+03   3.2389350E+04  -1.8853483E+01   0.0000000E+00   0.0000000E+00   0.0000000E+00
     1.4500000E+02   1.9340962E+03   9.6190177E-02   1.9341248E+03   3.0843000E+04  -1.9259497E+01   0.0000000E+00   0.0000000E+00   0.0000000E+00
     1.4600000E+02   1.9340978E+03   9.7727194E-02   1.9341254E+03   3.1668766E+04  -1.8665047E+01   0.0000000E+00   0.0000000E+00   0.0000000E+00
     1.4700000E+02   1.9341003E+03   1.0028824E-01   1.9341265E+03   3.3064004E+04  -1.7636021E+01   0.0000000E+00   0.0000000E+00   0.0000000E+00
     1.4800000E+02   1.9340964E+03   9.6489601E-02   1.9341240E+03   3.1003195E+04  -1.8576971E+01   0.0000000E+00   0.0000000E+00   0.0000000E+00
     1.4900000E+02   1.9340924E+03   9.2364073E-02   1.9341212E+03   2.8825529E+04  -1.9503229E+01   0.0000000E+00   0.0000000E+00   0.0000000E+00
     1.5000000E+02   1.9340900E+03   8.9967124E-02   1.9341196E+03   2.7589590E+04  -2.0043255E+01   0.0000000E+00   0.0000000E+00   0.0000000E+00
     1.5100000E+02   1.9340879E+03   8.7893143E-02   1.9341183E+03   2.6537730E+04  -2.0505514E+01   0.0000000E+00   0.0000000E+00   0.0000000E+00
     1.5200000E+02   1.9340861E+03   8.6103417E-02   1.9341173E+03   2.5643234E+04  -2.1033386E+01   0.0000000E+00   0.0000000E+00   0.0000000E+00
     1.5300000E+02   1.9340845E+03   8.4519029E-02   1.9341163E+03   2.4861646E+04  -2.1454010E+01   0.0000000E+00   0.0000000E+00   0.0000000E+00
     1.5400000E+02   1.9340847E+03   8.4753305E-02   1.9341167E+03   2.4976611E+04  -2.1597338E+01   0.0000000E+00   0.0000000E+00   0.0000000E+00
     1.5500000E+02   1.9340858E+03   8.5768953E-02   1.9341172E+03   2.5477445E+04  -2.1219320E+01   0.0000000E+00   0.0000000E+00   0.0000000E+00
     1.5600000E+02   1.9340837E+03   8.3758399E-02   1.9341156E+03   2.4489861E+04  -2.1531191E+01   0.0000000E+00   0.0000000E+00   0.0000000E+00
     1.5700000E+02   1.9340826E+03   8.2689099E-02   1.9341149E+03   2.3970984E+04  -2.1685410E+01   0.0000000E+00   0.0000000E+00   0.0000000E+00
     1.5800000E+02   1.9340844E+03   8.4307082E-02   1.9341158E+03   2.4757807E+04  -2.1263222E+01   0.0000000E+00   0.0000000E+00   0.0000000E+00
     1.5900000E+02   1.9340831E+03   8.3110377E-02   1.9341146E+03   2.4174869E+04  -2.1289410E+01   0.0000000E+00   0.0000000E+00   0.0000000E+00
     1.6000000E+02   1.9340828E+03   8.2755014E-02   1.9341140E+03   2.4002842E+04  -2.1111586E+01   0.0000000E+00   0.0000000E+00   0.0000000E+00
     1.6100000E+02   1.9340835E+03   8.3523139E-02   1.9341141E+03   2.4375309E+04  -2.0636948E+01   0.0000000E+00   0.0000000E+00   0.0000000E+00
     1.6200000E+02   1.9340833E+03   8.3267570E-02   1.9341134E+03   2.4251129E+04  -2.0380615E+01   0.0000000E+00   0.0000000E+00   0.0000000E+00
     1.6300000E+02   1.9340814E+03   8.1398316E-02   1.9341118E+03   2.3350586E+04  -2.0558386E+01   0.0000000E+00   0.0000000E+00   0.0000000E+00
     1.6400000E+02   1.9340804E+03   8.0472820E-02   1.9341110E+03   2.2909773E+04  -2.0563284E+01   0.0000000E+00   0.0000000E+00   0.0000000E+00
     1.6500000E+02   1.9340819E+03   8.1854291E-02   1.9341117E+03   2.3569004E+04  -2.0155512E+01   0.0000000E+00   0.0000000E+00   0.0000000E+00
     1.6600000E+02   1.9340804E+03   8.0486342E-02   1.9341107E+03   2.2916191E+04  -2.0419329E+01   0.0000000E+00   0.0000000E+00   0.0000000E+00
     1.6700000E+02   1.9340780E+03   7.8043126E-02   1.9341091E+03   2.1768578E+04  -2.0966122E+01   0.0000000E+00   0.0000000E+00   0.0000000E+00
     1.6800000E+02   1.9340768E+03   7.6782495E-02   1.9341082E+03   2.1185697E+04  -2.1203159E+01   0.0000000E+00   0.0000000E+00   0.0000000E+00
     1.6900000E+02   1.9340760E+03   7.6080658E-02   1.9341077E+03   2.0863926E+04  -2.1344376E+01   0.0000000E+00   0.0000000E+00   0.0000000E+00
     1.7000000E+02   1.9340753E+03   7.5354002E-02   1.9341073E+03   2.0532871E+04  -2.1579659E+01   0.0000000E+00   0.0000000E+00   0.0000000E+00
     1.7100000E+02   1.9340759E+03   7.5899668E-02   1.9341083E+03   2.0781275E+04  -2.1818708E+01   0.0000000E+00   0.0000000E+00   0.0000000E+00
     1.7200000E+02   1.9340732E+03   7.3274039E-02   1.9341064E+03   1.9596986E+04  -2.2431452E+01   0.0000000E+00   0.0000000E+00   0.0000000E+00
     1.7300000E+02   1.9340751E+03   7.5121462E-02   1.9341082E+03   2.0427363E+04  -2.2301342E+01   0.0000000E+00   0.0000000E+00   0.0000000E+00
     1.7400000E+02   1.9340767E+03   7.6691173E-02   1.9341095E+03   2.1143719E+04  -2.2110250E+01   0.0000000E+00   0.0000000E+00   0.0000000E+00
     1.7500000E+02   1.9340776E+03   7.7634156E-02   1.9341097E+03   2.1578787E+04  -2.1649546E+01   0.0000000E+00   0.0000000E+00   0.0000000E+00
     1.7600000E+02   1.9340750E+03   7.4913695E-02   1.9341075E+03   2.0333375E+04  -2.2037180E+01   0.0000000E+00   0.0000000E+00   0.0000000E+00
     1.7700000E+02   1.9341086E+03   1.0859448E-01   1.9341298E+03   3.7753031E+04  -1.4264189E+01   0.0000000E+00   0.0000000E+00   0.0000000E+00
     1.7800000E+02   1.9340823E+03   8.2267091E-02   1.9341132E+03   2.3767494E+04  -2.0855274E+01   0.0000000E+00   0.0000000E+00   0.0000000E+00
     1.7900000E+02   1.9340839E+03   8.3883166E-02   1.9341144E+03   2.4550746E+04  -2.0582518E+01   0.0000000E+00   0.0000000E+00   0.0000000E+00
     1.8000000E+02   1.9340895E+03   8.9537375E-02   1.9341182E+03   2.7370297E+04  -1.9344509E+01   0.0000000E+00   0.0000000E+00   0.0000000E+00
     1.8100000E+02   1.9340892E+03   8.9192651E-02   1.9341174E+03   2.7194961E+04  -1.9089560E+01   0.0000000E+00   0.0000000E+00   0.0000000E+00
     1.8200000E+02   1.9340790E+03   7.8982204E-02   1.9341107E+03   2.2206941E+04  -2.1380697E+01   0.0000000E+00   0.0000000E+00   0.0000000E+00
     1.8300000E+02   1.9340795E+03   7.9441778E-02   1.9341110E+03   2.2422764E+04  -2.1247185E+01   0.0000000E+00   0.0000000E+00   0.0000000E+00
     1.8400000E+02   1.9340853E+03   8.5297495E-02   1.9341150E+03   2.5244455E+04  -2.0028488E+01   0.0000000E+00   0.0000000E+00   0.0000000E+00
     1.8500000E+02   1.9340831E+03   8.3093189E-02   1.9341136E+03   2.4166645E+04  -2.0616308E+01   0.0000000E+00   0.0000000E+00   0.0000000E+00
     1.8600000E+02   1.9340822E+03   8.2214154E-02   1.9341130E+03   2.3742615E+04  -2.0780880E+01   0.0000000E+00   0.0000000E+00   0.0000000E+00
     1.8700000E+02   1.9340853E+03   8.5293919E-02   1.9341149E+03   2.5243398E+04  -1.9939610E+01   0.0000000E+00   0.0000000E+00   0.0000000E+00
     1.8800000E+02   1.9340862E+03   8.6216278E-02   1.9341151E+03   2.5699367E+04  -1.9518532E+01   0.0000000E+00   0.0000000E+00   0.0000000E+00
     1.8900000E+02   1.9340846E+03   8.4616713E-02   1.9341138E+03   2.4910197E+04  -1.9708992E+01   0.0000000E+00   0.0000000E+00   0.0000000E+00
     1.9000000E+02   1.9340822E+03   8.2211420E-02   1.9341121E+03   2.3740732E+04  -2.0140003E+01   0.0000000E+00   0.0000000E+00   0.0000000E+00
     1.9100000E+02   1.9340822E+03   8.2105540E-02   1.9341118E+03   2.3689797E+04  -2.0032707E+01   0.0000000E+00   0.0000000E+00   0.0000000E+00
     1.9200000E+02   1.9340825E+03   8.2473919E-02   1.9341118E+03   2.3867215E+04  -1.9802681E+01   0.0000000E+00   0.0000000E+00   0.0000000E+00
     1.9300000E+02   1.9340802E+03   8.0191970E-02   1.9341102E+03   2.2776762E+04  -2.0249565E+01   0.0000000E+00   0.0000000E+00   0.0000000E+00
     1.9400000E+02   1.9340793E+03   7.9295337E-02   1.9341095E+03   2.2353912E+04  -2.0375122E+01   0.0000000E+00   0.0000000E+00   0.0000000E+00
     1.9500000E+02   1.9340798E+03   7.9893276E-02   1.9341097E+03   2.2635463E+04  -2.0127768E+01   0.0000000E+00   0.0000000E+00   0.0000000E+00
     1.9600000E+02   1.9340803E+03   8.0361351E-02   1.9341099E+03   2.2856904E+04  -1.9895107E+01   0.0000000E+00   0.0000000E+00   0.0000000E+00
     1.9700000E+02   1.9340803E+03   8.0275655E-02   1.9341095E+03   2.2816414E+04  -1.9752682E+01   0.0000000E+00   0.0000000E+00   0.0000000E+00
     1.9800000E+02   1.9340789E+03   7.8852668E-02   1.9341084E+03   2.2146227E+04  -1.9934759E+01   0.0000000E+00   0.0000000E+00   0.0000000E+00
     1.9900000E+02   1.9340784E+03   7.8377806E-02   1.9341079E+03   2.1924393E+04  -1.9898407E+01   0.0000000E+00   0.0000000E+00   0.0000000E+00
     2.0000000E+02   1.9340776E+03   7.7592582E-02   1.9341072E+03   2.1559504E+04  -1.9942621E+01   0.0000000E+00   0.0000000E+00   0.0000000E+00
     2.0100000E+02   1.9340759E+03   7.5919263E-02   1.9341058E+03   2.0790197E+04  -2.0216177E+01   0.0000000E+00   0.0000000E+00   0.0000000E+00
     2.0200000E+02   1.9340789E+03   7.8839630E-02   1.9341078E+03   2.2140105E+04  -1.9513577E+01   0.0000000E+00   0.0000000E+00   0.0000000E+00
     2.0300000E+02   1.9340770E+03   7.7011116E-02   1.9341066E+03   2.1290910E+04  -1.9916456E+01   0.0000000E+00   0.0000000E+00   0.0000000E+00
     2.0400000E+02   1.9340771E+03   7.7204905E-02   1.9341066E+03   2.1380285E+04  -1.9817873E+01   0.0000000E+00   0.0000000E+00   0.0000000E+00
     2.0500000E+02   1.9340757E+03   7.5699054E-02   1.9341055E+03   2.0689777E+04  -2.0087105E+01   0.0000000E+00   0.0000000E+00   0.0000000E+00
     2.0600000E+02   1.9340735E+03   7.3464014E-02   1.9341039E+03   1.9681725E+04  -2.0493540E+01   0.0000000E+00   0.0000000E+00   0.0000000E+00
     2.0700000E+02   1.9340715E+03   7.1511276E-02   1.9341024E+03   1.8817529E+04  -2.0826075E+01   0.0000000E+00   0.0000000E+00   0.0000000E+00
     2.0800000E+02   1.9340690E+03   6.9016218E-02   1.9341007E+03   1.7736064E+04  -2.1399767E+01   0.0000000E+00   0.0000000E+00   0.0000000E+00
     2.0900000E+02   1.9340709E+03   7.0976309E-02   1.9341019E+03   1.8583494E+04  -2.0853006E+01   0.0000000E+00   0.0000000E+00   0.0000000E+00
     2.1000000E+02   1.9340698E+03   6.9767877E-02   1.9341011E+03   1.8059176E+04  -2.1135210E+01   0.0000000E+00   0.0000000E+00   0.0000000E+00
     2.1100000E+02   1.9340698E+03   6.9861293E-02   1.9341011E+03   1.8099471E+04  -2.1076136E+01   0.0000000E+00   0.0000000E+00   0.0000000E+00
     2.1200000E+02   1.9340669E+03   6.6871800E-02   1.9340992E+03   1.6827139E+04  -2.1820318E+01   0.0000000E+00   0.0000000E+00   0.0000000E+00
     2.1300000E+02   1.9340645E+03   6.4488597E-02   1.9340977E+03   1.5839558E+04  -2.2399523E+01   0.0000000E+00   0.0000000E+00   0.0000000E+00
     2.1400000E+02   1.9340624E+03   6.2419843E-02   1.9340963E+03   1.5001788E+04  -2.2905159E+01   0.0000000E+00   0.0000000E+00   0.0000000E+00
     2.1500000E+02   1.9340638E+03   6.3882209E-02   1.9340972E+03   1.5592104E+04  -2.2490446E+01   0.0000000E+00   0.0000000E+00   0.0000000E+00
     2.1600000E+02   1.9340640E+03   6.3967794E-02   1.9340972E+03   1.5626949E+04  -2.2441105E+01   0.0000000E+00   0.0000000E+00   0.0000000E+00
     2.1700000E+02   1.9340640E+03   6.3971244E-02   1.9340972E+03   1.5628344E+04  -2.2405016E+01   0.0000000E+00   0.0000000E+00   0.0000000E+00
     2.1800000E+02   1.9340641E+03   6.4089358E-02   1.9340972E+03   1.5676475E+04  -2.2347357E+01   0.0000000E+00   0.0000000E+00   0.0000000E+00
     2.1900000E+02   1.9340640E+03   6.4006977E-02   1.9340970E+03   1.5642898E+04  -2.2336166E+01   0.0000000E+00   0.0000000E+00   0.0000000E+00
     2.2000000E+02   1.9340641E+03   6.4107038E-02   1.9340972E+03   1.5683683E+04  -2.2287844E+01   0.0000000E+00   0.0000000E+00   0.0000000E+00
     2.2100000E+02   1.9340640E+03   6.4024538E-02   1.9340970E+03   1.5650060E+04  -2.2282545E+01   0.0000000E+00   0.0000000E+00   0.0000000E+00
     2.2200000E+02   1.9340641E+03   6.4090401E-02   1.9340972E+03   1.5676902E+04  -2.2316050E+01   0.0000000E+00   0.0000000E+00   0.0000000E+00
     2.2300000E+02   1.9340640E+03   6.3972428E-02   1.9340972E+03   1.5628836E+04  -2.2404688E+01   0.0000000E+00   0.0000000E+00   0.0000000E+00
     2.2400000E+02   1.9340641E+03   6.4031772E-02   1.9340973E+03   1.5653007E+04  -2.2463022E+01   0.0000000E+00   0.0000000E+00   0.0000000E+00
     2.2500000E+02   1.9340640E+03   6.3925639E-02   1.9340973E+03   1.5609788E+04  -2.2560057E+01   0.0000000E+00   0.0000000E+00   0.0000000E+00
     2.2600000E+02   1.9340640E+03   6.3959487E-02   1.9340975E+03   1.5623566E+04  -2.2624046E+01   0.0000000E+00   0.0000000E+00   0.0000000E+00
     2.2700000E+02   1.9340649E+03   6.4952776E-02   1.9340983E+03   1.6030045E+04  -2.2514488E+01   0.0000000E+00   0.0000000E+00   0.0000000E+00
     2.2800000E+02   1.9340657E+03   6.5692551E-02   1.9340990E+03   1.6335489E+04  -2.2488661E+01   0.0000000E+00   0.0000000E+00   0.0000000E+00
     2.2900000E+02   1.9340654E+03   6.5438613E-02   1.9340990E+03   1.6230378E+04  -2.2665327E+01   0.0000000E+00   0.0000000E+00   0.0000000E+00
     2.3000000E+02   1.9340652E+03   6.5200828E-02   1.9340990E+03   1.6132204E+04  -2.2796627E+01   0.0000000E+00   0.0000000E+00   0.0000000E+00
     2.3100000E+02   1.9340950E+03   9.5004663E-02   1.9341195E+03   3.0212053E+04  -1.6537720E+01   0.0000000E+00   0.0000000E+00   0.0000000E+00
     2.3200000E+02   1.9340818E+03   8.1807233E-02   1.9341118E+03   2.3546418E+04  -2.0294428E+01   0.0000000E+00   0.0000000E+00   0.0000000E+00
     2.3300000E+02   1.9340789E+03   7.8825407E-02   1.9341100E+03   2.2133445E+04  -2.1005060E+01   0.0000000E+00   0.0000000E+00   0.0000000E+00
     2.3400000E+02   1.9340771E+03   7.7186294E-02   1.9341088E+03   2.1371697E+04  -2.1349895E+01   0.0000000E+00   0.0000000E+00   0.0000000E+00
     2.3500000E+02   1.9340763E+03   7.6339647E-02   1.9341082E+03   2.0982420E+04  -2.1511351E+01   0.0000000E+00   0.0000000E+00   0.0000000E+00
     2.3600000E+02   1.9340756E+03   7.5528547E-02   1.9341077E+03   2.0612178E+04  -2.1672016E+01   0.0000000E+00   0.0000000E+00   0.0000000E+00
     2.3700000E+02   1.9340748E+03   7.4795619E-02   1.9341072E+03   2.0279891E+04  -2.1818769E+01   0.0000000E+00   0.0000000E+00   0.0000000E+00
     2.3800000E+02   1.9340765E+03   7.6498896E-02   1.9341083E+03   2.1055420E+04  -2.1433434E+01   0.0000000E+00   0.0000000E+00   0.0000000E+00
     2.3900000E+02   1.9340842E+03   8.4224194E-02   1.9341135E+03   2.4717250E+04  -1.9791161E+01   0.0000000E+00   0.0000000E+00   0.0000000E+00
     2.4000000E+02   1.9340784E+03   7.8405038E-02   1.9341099E+03   2.1937068E+04  -2.1262079E+01   0.0000000E+00   0.0000000E+00   0.0000000E+00
     2.4100000E+02   1.9340769E+03   7.6905288E-02   1.9341089E+03   2.1242178E+04  -2.1554539E+01   0.0000000E+00   0.0000000E+00   0.0000000E+00
     2.4200000E+02   1.9340762E+03   7.6192066E-02   1.9341083E+03   2.0914857E+04  -2.1679022E+01   0.0000000E+00   0.0000000E+00   0.0000000E+00
     2.4300000E+02   1.9340754E+03   7.5431958E-02   1.9341078E+03   2.0568264E+04  -2.1824694E+01   0.0000000E+00   0.0000000E+00   0.0000000E+00
     2.4400000E+02   1.9340746E+03   7.4532583E-02   1.9341072E+03   2.0161164E+04  -2.1994759E+01   0.0000000E+00   0.0000000E+00   0.0000000E+00
     2.4500000E+02   1.9340736E+03   7.3602699E-02   1.9341064E+03   1.9743684E+04  -2.2170553E+01   0.0000000E+00   0.0000000E+00   0.0000000E+00
     2.4600000E+02   1.9340687E+03   6.8725944E-02   1.9341028E+03   1.7611910E+04  -2.2964344E+01   0.0000000E+00   0.0000000E+00   0.0000000E+00
     2.4700000E+02   1.9340649E+03   6.4943470E-02   1.9340996E+03   1.6026210E+04  -2.3413488E+01   0.0000000E+00   0.0000000E+00   0.0000000E+00
     2.4800000E+02   1.9340631E+03   6.3051462E-02   1.9340979E+03   1.5255644E+04  -2.3542309E+01   0.0000000E+00   0.0000000E+00   0.0000000E+00
     2.4900000E+02   1.9340603E+03   6.0356524E-02   1.9340956E+03   1.4184431E+04  -2.3765074E+01   0.0000000E+00   0.0000000E+00   0.0000000E+00
     2.5000000E+02   1.9340586E+03   5.8553252E-02   1.9340939E+03   1.3485182E+04  -2.3836374E+01   0.0000000E+00   0.0000000E+00   0.0000000E+00
     2.5100000E+02   1.9340573E+03   5.7252731E-02   1.9340929E+03   1.2989667E+04  -2.4095552E+01   0.0000000E+00   0.0000000E+00   0.0000000E+00
     2.5200000E+02   1.9340563E+03   5.6259956E-02   1.9340923E+03   1.2616454E+04  -2.4334314E+01   0.0000000E+00   0.0000000E+00   0.0000000E+00
     2.5300000E+02   1.9340554E+03   5.5400454E-02   1.9340918E+03   1.2296849E+04  -2.4529118E+01   0.0000000E+00   0.0000000E+00   0.0000000E+00
     2.5400000E+02   1.9340548E+03   5.4773450E-02   1.9340913E+03   1.2065771E+04  -2.4672573E+01   0.0000000E+00   0.0000000E+00   0.0000000E+00
     2.5500000E+02   1.9340543E+03   5.4319292E-02   1.9340909E+03   1.1899491E+04  -2.4760883E+01   0.0000000E+00   0.0000000E+00   0.0000000E+00
     2.5600000E+02   1.9340541E+03   5.4136023E-02   1.9340908E+03   1.1832653E+04  -2.4787901E+01   0.0000000E+00   0.0000000E+00   0.0000000E+00
     2.5700000E+02   1.9340537E+03   5.3754736E-02   1.9340906E+03   1.1694081E+04  -2.4857239E+01   0.0000000E+00   0.0000000E+00   0.0000000E+00
     2.5800000E+02   1.9340538E+03   5.3887378E-02   1.9340906E+03   1.1742214E+04  -2.4804220E+01   0.0000000E+00   0.0000000E+00   0.0000000E+00
     2.5900000E+02   1.9340537E+03   5.3654276E-02   1.9340905E+03   1.1657680E+04  -2.4836536E+01   0.0000000E+00   0.0000000E+00   0.0000000E+00
     2.6000000E+02   1.9340535E+03   5.3453799E-02   1.9340903E+03   1.1585172E+04  -2.4869062E+01   0.0000000E+00   0.0000000E+00   0.0000000E+00
     2.6100000E+02   1.9340532E+03   5.3174522E-02   1.9340901E+03   1.1484467E+04  -2.4913662E+01   0.0000000E+00   0.0000000E+00   0.0000000E+00
     2.6200000E+02   1.9340531E+03   5.3081930E-02   1.9340900E+03   1.1451156E+04  -2.4919191E+01   0.0000000E+00   0.0000000E+00   0.0000000E+00
     2.6300000E+02   1.9340529E+03   5.2812506E-02   1.9340898E+03   1.1354451E+04  -2.4961914E+01   0.0000000E+00   0.0000000E+00   0.0000000E+00
     2.6400000E+02   1.9340527E+03   5.2755140E-02   1.9340897E+03   1.1333902E+04  -2.4958902E+01   0.0000000E+00   0.0000000E+00   0.0000000E+00
     2.6500000E+02   1.9340525E+03   5.2538674E-02   1.9340896E+03   1.1256500E+04  -2.4988920E+01   0.0000000E+00   0.0000000E+00   0.0000000E+00
     2.6600000E+02   1.9340525E+03   5.2524939E-02   1.9340895E+03   1.1251595E+04  -2.4975533E+01   0.0000000E+00   0.0000000E+00   0.0000000E+00
     2.6700000E+02   1.9340524E+03   5.2362304E-02   1.9340894E+03   1.1193590E+04  -2.4992386E+01   0.0000000E+00   0.0000000E+00   0.0000000E+00
     2.6800000E+02   1.9340524E+03   5.2393258E-02   1.9340894E+03   1.1204621E+04  -2.4968105E+01   0.0000000E+00   0.0000000E+00   0.0000000E+00
     2.6900000E+02   1.9340522E+03   5.2246727E-02   1.9340892E+03   1.1152443E+04  -2.4981371E+01   0.0000000E+00   0.0000000E+00   0.0000000E+00
     2.7000000E+02   1.9340522E+03   5.2252859E-02   1.9340892E+03   1.1154623E+04  -2.4963779E+01   0.0000000E+00   0.0000000E+00   0.0000000E+00
     2.7100000E+02   1.9340521E+03   5.2121345E-02   1.9340891E+03   1.1107871E+04  -2.4972395E+01   0.0000000E+00   0.0000000E+00   0.0000000E+00
     2.7200000E+02   1.9340522E+03   5.2186076E-02   1.9340891E+03   1.1130872E+04  -2.4936968E+01   0.0000000E+00   0.0000000E+00   0.0000000E+00
     2.7300000E+02   1.9340520E+03   5.2061517E-02   1.9340890E+03   1.1086631E+04  -2.4942427E+01   0.0000000E+00   0.0000000E+00   0.0000000E+00
     2.7400000E+02   1.9340521E+03   5.2120090E-02   1.9340890E+03   1.1107425E+04  -2.4909346E+01   0.0000000E+00   0.0000000E+00   0.0000000E+00
     2.7500000E+02   1.9340520E+03   5.2015968E-02   1.9340889E+03   1.1070475E+04  -2.4910460E+01   0.0000000E+00   0.0000000E+00   0.0000000E+00
     2.7600000E+02   1.9340522E+03   5.2207448E-02   1.9340890E+03   1.1138476E+04  -2.4844501E+01   0.0000000E+00   0.0000000E+00   0.0000000E+00
     2.7700000E+02   1.9340521E+03   5.2167427E-02   1.9340890E+03   1.1124244E+04  -2.4830265E+01   0.0000000E+00   0.0000000E+00   0.0000000E+00
     2.7800000E+02   1.9340522E+03   5.2288767E-02   1.9340890E+03   1.1167403E+04  -2.4782915E+01   0.0000000E+00   0.0000000E+00   0.0000000E+00
     2.7900000E+02   1.9340522E+03   5.2237108E-02   1.9340890E+03   1.1149020E+04  -2.4772345E+01   0.0000000E+00   0.0000000E+00   0.0000000E+00
     2.8000000E+02   1.9340524E+03   5.2350089E-02   1.9340890E+03   1.1189238E+04  -2.4727819E+01   0.0000000E+00   0.0000000E+00   0.0000000E+00
     2.8100000E+02   1.9340522E+03   5.2302670E-02   1.9340889E+03   1.1172352E+04  -2.4716433E+01   0.0000000E+00   0.0000000E+00   0.0000000E+00
     2.8200000E+02   1.9340524E+03   5.2418966E-02   1.9340890E+03   1.1213786E+04  -2.4671564E+01   0.0000000E+00   0.0000000E+00   0.0000000E+00
     2.8300000E+02   1.9340524E+03   5.2365161E-02   1.9340889E+03   1.1194609E+04  -2.4662991E+01   0.0000000E+00   0.0000000E+00   0.0000000E+00
     2.8400000E+02   1.9340525E+03   5.2471582E-02   1.9340890E+03   1.1232552E+04  -2.4621464E+01   0.0000000E+00   0.0000000E+00   0.0000000E+00
     2.8500000E+02   1.9340524E+03   5.2397314E-02   1.9340889E+03   1.1206083E+04  -2.4618832E+01   0.0000000E+00   0.0000000E+00   0.0000000E+00
     2.8600000E+02   1.9340525E+03   5.2510284E-02   1.9340889E+03   1.1246370E+04  -2.4576298E+01   0.0000000E+00   0.0000000E+00   0.0000000E+00
     2.8700000E+02   1.9340525E+03   5.2447036E-02   1.9340889E+03   1.1223812E+04  -2.4571495E+01   0.0000000E+00   0.0000000E+00   0.0000000E+00
     2.8800000E+02   1.9340525E+03   5.2546389E-02   1.9340889E+03   1.1259263E+04  -2.4533094E+01   0.0000000E+00   0.0000000E+00   0.0000000E+00
     2.8900000E+02   1.9340525E+03   5.2469369E-02   1.9340889E+03   1.1231784E+04  -2.4532433E+01   0.0000000E+00   0.0000000E+00   0.0000000E+00
     2.9000000E+02   1.9340526E+03   5.2555352E-02   1.9340889E+03   1.1262462E+04  -2.4498026E+01   0.0000000E+00   0.0000000E+00   0.0000000E+00
     2.9100000E+02   1.9340525E+03   5.2483719E-02   1.9340887E+03   1.1236890E+04  -2.4496609E+01   0.0000000E+00   0.0000000E+00   0.0000000E+00
     2.9200000E+02   1.9340526E+03   5.2581195E-02   1.9340889E+03   1.1271696E+04  -2.4459839E+01   0.0000000E+00   0.0000000E+00   0.0000000E+00
     2.9300000E+02   1.9340525E+03   5.2510131E-02   1.9340887E+03   1.1246317E+04  -2.4458902E+01   0.0000000E+00   0.0000000E+00   0.0000000E+00
     2.9400000E+02   1.9340526E+03   5.2595064E-02   1.9340887E+03   1.1276653E+04  -2.4425852E+01   0.0000000E+00   0.0000000E+00   0.0000000E+00
     2.9500000E+02   1.9340525E+03   5.2519444E-02   1.9340887E+03   1.1249681E+04  -2.4426632E+01   0.0000000E+00   0.0000000E+00   0.0000000E+00
     2.9600000E+02   1.9340526E+03   5.2605059E-02   1.9340887E+03   1.1280270E+04  -2.4393961E+01   0.0000000E+00   0.0000000E+00   0.0000000E+00
     2.9700000E+02   1.9340525E+03   5.2528571E-02   1.9340886E+03   1.1252939E+04  -2.4393829E+01   0.0000000E+00   0.0000000E+00   0.0000000E+00
     2.9800000E+02   1.9340526E+03   5.2609004E-02   1.9340887E+03   1.1281681E+04  -2.4358986E+01   0.0000000E+00   0.0000000E+00   0.0000000E+00
     2.9900000E+02   1.9340525E+03   5.2527547E-02   1.9340886E+03   1.1252574E+04  -2.4358549E+01   0.0000000E+00   0.0000000E+00   0.0000000E+00
     3.0000000E+02   1.9340526E+03   5.2608818E-02   1.9340886E+03   1.1281918E+04  -2.4324612E+01   0.0000000E+00   0.0000000E+00   0.0000000E+00
     3.0100000E+02   1.9340525E+03   5.2521568E-02   1.9340885E+03   1.1250709E+04  -2.4326496E+01   0.0000000E+00   0.0000000E+00   0.0000000E+00
     3.0200000E+02   1.9340526E+03   5.2590556E-02   1.9340886E+03   1.1275385E+04  -2.4296408E+01   0.0000000E+00   0.0000000E+00   0.0000000E+00
     3.0300000E+02   1.9340525E+03   5.2513689E-02   1.9340885E+03   1.1247909E+04  -2.4296541E+01   0.0000000E+00   0.0000000E+00   0.0000000E+00
     3.0400000E+02   1.9340526E+03   5.2606869E-02   1.9340885E+03   1.1281240E+04  -2.4261120E+01   0.0000000E+00   0.0000000E+00   0.0000000E+00
     3.0500000E+02   1.9340525E+03   5.2534740E-02   1.9340885E+03   1.1255445E+04  -2.4260796E+01   0.0000000E+00   0.0000000E+00   0.0000000E+00
     3.0600000E+02   1.9340526E+03   5.2621122E-02   1.9340885E+03   1.1286338E+04  -2.4227655E+01   0.0000000E+00   0.0000000E+00   0.0000000E+00
     3.0700000E+02   1.9340520E+03   5.2029673E-02   1.9340881E+03   1.1075444E+04  -2.4359581E+01   0.0000000E+00   0.0000000E+00   0.0000000E+00
     3.0800000E+02   1.9340519E+03   5.1868204E-02   1.9340880E+03   1.1018123E+04  -2.4388987E+01   0.0000000E+00   0.0000000E+00   0.0000000E+00
     3.0900000E+02   1.9340516E+03   5.1639158E-02   1.9340879E+03   1.0937132E+04  -2.4428967E+01   0.0000000E+00   0.0000000E+00   0.0000000E+00
     3.1000000E+02   1.9340516E+03   5.1581778E-02   1.9340878E+03   1.0916885E+04  -2.4432785E+01   0.0000000E+00   0.0000000E+00   0.0000000E+00
     3.1100000E+02   1.9340514E+03   5.1407773E-02   1.9340876E+03   1.0855574E+04  -2.4459005E+01   0.0000000E+00   0.0000000E+00   0.0000000E+00
     3.1200000E+02   1.9340514E+03   5.1398158E-02   1.9340876E+03   1.0852194E+04  -2.4450676E+01   0.0000000E+00   0.0000000E+00   0.0000000E+00
     3.1300000E+02   1.9340513E+03   5.1251400E-02   1.9340875E+03   1.0800600E+04  -2.4469963E+01   0.0000000E+00   0.0000000E+00   0.0000000E+00
     3.1400000E+02   1.9340513E+03   5.1271815E-02   1.9340875E+03   1.0807772E+04  -2.4453930E+01   0.0000000E+00   0.0000000E+00   0.0000000E+00
     3.1500000E+02   1.9340511E+03   5.1145937E-02   1.9340874E+03   1.0763580E+04  -2.4467867E+01   0.0000000E+00   0.0000000E+00   0.0000000E+00
     3.1600000E+02   1.9340511E+03   5.1190306E-02   1.9340874E+03   1.0779145E+04  -2.4445662E+01   0.0000000E+00   0.0000000E+00   0.0000000E+00
     3.1700000E+02   1.9340510E+03   5.1086143E-02   1.9340873E+03   1.0742610E+04  -2.4454041E+01   0.0000000E+00   0.0000000E+00   0.0000000E+00
     3.1800000E+02   1.9340511E+03   5.1142350E-02   1.9340873E+03   1.0762346E+04  -2.4428774E+01   0.0000000E+00   0.0000000E+00   0.0000000E+00
     3.1900000E+02   1.9340510E+03   5.1046569E-02   1.9340873E+03   1.0728802E+04  -2.4434973E+01   0.0000000E+00   0.0000000E+00   0.0000000E+00
     3.2000000E+02   1.9340511E+03   5.1108073E-02   1.9340873E+03   1.0750333E+04  -2.4408247E+01   0.0000000E+00   0.0000000E+00   0.0000000E+00
     3.2100000E+02   1.9340510E+03   5.1015444E-02   1.9340872E+03   1.0717905E+04  -2.4413546E+01   0.0000000E+00   0.0000000E+00   0.0000000E+00
     3.2200000E+02   1.9340511E+03   5.1137201E-02   1.9340873E+03   1.0760519E+04  -2.4371426E+01   0.0000000E+00   0.0000000E+00   0.0000000E+00
     3.2300000E+02   1.9340510E+03   5.1001012E-02   1.9340872E+03   1.0712857E+04  -2.4387619E+01   0.0000000E+00   0.0000000E+00   0.0000000E+00
     3.2400000E+02   1.9340510E+03   5.1064491E-02   1.9340872E+03   1.0735042E+04  -2.4360039E+01   0.0000000E+00   0.0000000E+00   0.0000000E+00
     3.2500000E+02   1.9340510E+03   5.0973646E-02   1.9340870E+03   1.0703287E+04  -2.4364672E+01   0.0000000E+00   0.0000000E+00   0.0000000E+00
     3.2600000E+02   1.9340510E+03   5.1037733E-02   1.9340870E+03   1.0725663E+04  -2.4336838E+01   0.0000000E+00   0.0000000E+00   0.0000000E+00
     3.2700000E+02   1.9340509E+03   5.0948761E-02   1.9340870E+03   1.0694581E+04  -2.4340902E+01   0.0000000E+00   0.0000000E+00   0.0000000E+00
     3.2800000E+02   1.9340510E+03   5.1011991E-02   1.9340870E+03   1.0716638E+04  -2.4313145E+01   0.0000000E+00   0.0000000E+00   0.0000000E+00
     3.2900000E+02   1.9340509E+03   5.0921779E-02   1.9340869E+03   1.0685150E+04  -2.4317368E+01   0.0000000E+00   0.0000000E+00   0.0000000E+00
     3.3000000E+02   1.9340510E+03   5.0984133E-02   1.9340869E+03   1.0707098E+04  -2.4289751E+01   0.0000000E+00   0.0000000E+00   0.0000000E+00
     3.3100000E+02   1.9340509E+03   5.0894644E-02   1.9340869E+03   1.0675667E+04  -2.4293463E+01   0.0000000E+00   0.0000000E+00   0.0000000E+00
     3.3200000E+02   1.9340509E+03   5.0956581E-02   1.9340869E+03   1.0697619E+04  -2.4265966E+01   0.0000000E+00   0.0000000E+00   0.0000000E+00
     3.3300000E+02   1.9340509E+03   5.0868277E-02   1.9340868E+03   1.0666457E+04  -2.4269152E+01   0.0000000E+00   0.0000000E+00   0.0000000E+00
     3.3400000E+02   1.9340509E+03   5.0929796E-02   1.9340868E+03   1.0688340E+04  -2.4241627E+01   0.0000000E+00   0.0000000E+00   0.0000000E+00
     3.3500000E+02   1.9340508E+03   5.0842132E-02   1.9340868E+03   1.0657327E+04  -2.4244453E+01   0.0000000E+00   0.0000000E+00   0.0000000E+00
     3.3600000E+02   1.9340509E+03   5.0903104E-02   1.9340868E+03   1.0679059E+04  -2.4215218E+01   0.0000000E+00   0.0000000E+00   0.0000000E+00
     3.3700000E+02   1.9340508E+03   5.0816875E-02   1.9340867E+03   1.0648514E+04  -2.4213520E+01   0.0000000E+00   0.0000000E+00   0.0000000E+00
     3.3800000E+02   1.9340509E+03   5.0881375E-02   1.9340867E+03   1.0671495E+04  -2.4181385E+01   0.0000000E+00   0.0000000E+00   0.0000000E+00
     3.3900000E+02   1.9340508E+03   5.0841745E-02   1.9340867E+03   1.0657214E+04  -2.4168327E+01   0.0000000E+00   0.0000000E+00   0.0000000E+00
     3.4000000E+02   1.9340510E+03   5.0964598E-02   1.9340867E+03   1.0700636E+04  -2.4122240E+01   0.0000000E+00   0.0000000E+00   0.0000000E+00
     3.4100000E+02   1.9340509E+03   5.0955523E-02   1.9340867E+03   1.0697031E+04  -2.4102240E+01   0.0000000E+00   0.0000000E+00   0.0000000E+00
     3.4200000E+02   1.9340511E+03   5.1099349E-02   1.9340867E+03   1.0747859E+04  -2.4051174E+01   0.0000000E+00   0.0000000E+00   0.0000000E+00
     3.4300000E+02   1.9340511E+03   5.1096581E-02   1.9340867E+03   1.0746454E+04  -2.4030138E+01   0.0000000E+00   0.0000000E+00   0.0000000E+00
     3.4400000E+02   1.9340513E+03   5.1232964E-02   1.9340868E+03   1.0794750E+04  -2.3981504E+01   0.0000000E+00   0.0000000E+00   0.0000000E+00
     3.4500000E+02   1.9340513E+03   5.1221572E-02   1.9340867E+03   1.0790322E+04  -2.3963297E+01   0.0000000E+00   0.0000000E+00   0.0000000E+00
     3.4600000E+02   1.9340514E+03   5.1345967E-02   1.9340868E+03   1.0834478E+04  -2.3918211E+01   0.0000000E+00   0.0000000E+00   0.0000000E+00
     3.4700000E+02   1.9340513E+03   5.1322374E-02   1.9340868E+03   1.0825756E+04  -2.3903654E+01   0.0000000E+00   0.0000000E+00   0.0000000E+00
     3.4800000E+02   1.9340514E+03   5.1431026E-02   1.9340868E+03   1.0864414E+04  -2.3862453E+01   0.0000000E+00   0.0000000E+00   0.0000000E+00
     3.4900000E+02   1.9340514E+03   5.1392999E-02   1.9340867E+03   1.0850610E+04  -2.3851860E+01   0.0000000E+00   0.0000000E+00   0.0000000E+00
     3.5000000E+02   1.9340515E+03   5.1493023E-02   1.9340868E+03   1.0886254E+04  -2.3813927E+01   0.0000000E+00   0.0000000E+00   0.0000000E+00
     3.5100000E+02   1.9340515E+03   5.1461034E-02   1.9340867E+03   1.0874574E+04  -2.3802578E+01   0.0000000E+00   0.0000000E+00   0.0000000E+00
     3.5200000E+02   1.9340515E+03   5.1545329E-02   1.9340868E+03   1.0904689E+04  -2.3769217E+01   0.0000000E+00   0.0000000E+00   0.0000000E+00
     3.5300000E+02   1.9340515E+03   5.1530488E-02   1.9340867E+03   1.0899070E+04  -2.3754162E+01   0.0000000E+00   0.0000000E+00   0.0000000E+00
     3.5400000E+02   1.9340516E+03   5.1593602E-02   1.9340868E+03   1.0921720E+04  -2.3726704E+01   0.0000000E+00   0.0000000E+00   0.0000000E+00
     3.5500000E+02   1.9340515E+03   5.1571861E-02   1.9340867E+03   1.0913676E+04  -2.3713890E+01   0.0000000E+00   0.0000000E+00   0.0000000E+00
     3.5600000E+02   1.9340516E+03   5.1640648E-02   1.9340867E+03   1.0938338E+04  -2.3685503E+01   0.0000000E+00   0.0000000E+00   0.0000000E+00
     3.5700000E+02   1.9340516E+03   5.1588729E-02   1.9340867E+03   1.0919660E+04  -2.3680853E+01   0.0000000E+00   0.0000000E+00   0.0000000E+00
     3.5800000E+02   1.9340516E+03   5.1691759E-02   1.9340867E+03   1.0956381E+04  -2.3644268E+01   0.0000000E+00   0.0000000E+00   0.0000000E+00
     3.5900000E+02   1.9340516E+03   5.1629230E-02   1.9340867E+03   1.0939742E+04  -2.3646729E+01   0.0000000E+00   0.0000000E+00   0.0000000E+00
     3.6000000E+02   1.9340518E+03   5.1750697E-02   1.9340867E+03   1.0977204E+04  -2.3602051E+01   0.0000000E+00   0.0000000E+00   0.0000000E+00
     3.6100000E+02   1.9340530E+03   5.3021010E-02   1.9340875E+03   1.1429491E+04  -2.3263378E+01   0.0000000E+00   0.0000000E+00   0.0000000E+00
     3.6200000E+02   1.9340521E+03   5.2177764E-02   1.9340869E+03   1.1127963E+04  -2.3468004E+01   0.0000000E+00   0.0000000E+00   0.0000000E+00
     3.6300000E+02   1.9340521E+03   5.2120302E-02   1.9340869E+03   1.1107924E+04  -2.3466820E+01   0.0000000E+00   0.0000000E+00   0.0000000E+00
     3.6400000E+02   1.9340521E+03   5.2157436E-02   1.9340869E+03   1.1120765E+04  -2.3448286E+01   0.0000000E+00   0.0000000E+00   0.0000000E+00
     3.6500000E+02   1.9340521E+03   5.2071758E-02   1.9340868E+03   1.1092100E+04  -2.3455835E+01   0.0000000E+00   0.0000000E+00   0.0000000E+00
     3.6600000E+02   1.9340521E+03   5.2144866E-02   1.9340869E+03   1.1117048E+04  -2.3428074E+01   0.0000000E+00   0.0000000E+00   0.0000000E+00
     3.6700000E+02   1.9340521E+03   5.2074321E-02   1.9340868E+03   1.1092883E+04  -2.3431742E+01   0.0000000E+00   0.0000000E+00   0.0000000E+00
     3.6800000E+02   1.9340521E+03   5.2180033E-02   1.9340868E+03   1.1129565E+04  -2.3396259E+01   0.0000000E+00   0.0000000E+00   0.0000000E+00
     3.6900000E+02   1.9340522E+03   5.2193318E-02   1.9340868E+03   1.1135425E+04  -2.3379230E+01   0.0000000E+00   0.0000000E+00   0.0000000E+00
     3.7000000E+02   1.9340522E+03   5.2249778E-02   1.9340868E+03   1.1154367E+04  -2.3356590E+01   0.0000000E+00   0.0000000E+00   0.0000000E+00
     3.7100000E+02   1.9340521E+03   5.2178834E-02   1.9340868E+03   1.1138231E+04  -2.3366701E+01   0.0000000E+00   0.0000000E+00   0.0000000E+00
     3.7200000E+02   1.9340524E+03   5.2326750E-02   1.9340869E+03   1.1181813E+04  -2.3315950E+01   0.0000000E+00   0.0000000E+00   0.0000000E+00
     3.7300000E+02   1.9340531E+03   5.3077143E-02   1.9340873E+03   1.1449768E+04  -2.3111628E+01   0.0000000E+00   0.0000000E+00   0.0000000E+00
     3.7400000E+02   1.9340532E+03   5.3256869E-02   1.9340874E+03   1.1514294E+04  -2.3059263E+01   0.0000000E+00   0.0000000E+00   0.0000000E+00
     3.7500000E+02   1.9340536E+03   5.3625729E-02   1.9340876E+03   1.1648101E+04  -2.2953173E+01   0.0000000E+00   0.0000000E+00   0.0000000E+00
     3.7600000E+02   1.9340552E+03   5.5177685E-02   1.9340892E+03   1.2214503E+04  -2.2957911E+01   0.0000000E+00   0.0000000E+00   0.0000000E+00
     3.7700000E+02   1.9340548E+03   5.4802053E-02   1.9340894E+03   1.2076457E+04  -2.3330339E+01   0.0000000E+00   0.0000000E+00   0.0000000E+00
     3.7800000E+02   1.9340548E+03   5.4829296E-02   1.9340897E+03   1.2087196E+04  -2.3530565E+01   0.0000000E+00   0.0000000E+00   0.0000000E+00
     3.7900000E+02   1.9340547E+03   5.4676507E-02   1.9340897E+03   1.2030383E+04  -2.3657009E+01   0.0000000E+00   0.0000000E+00   0.0000000E+00
     3.8000000E+02   1.9340551E+03   5.5071693E-02   1.9340902E+03   1.2176447E+04  -2.3754711E+01   0.0000000E+00   0.0000000E+00   0.0000000E+00
     3.8100000E+02   1.9340551E+03   5.5113673E-02   1.9340905E+03   1.2192109E+04  -2.3852316E+01   0.0000000E+00   0.0000000E+00   0.0000000E+00
     3.8200000E+02   1.9340555E+03   5.5565003E-02   1.9340908E+03   1.2358938E+04  -2.3813086E+01   0.0000000E+00   0.0000000E+00   0.0000000E+00
     3.8300000E+02   1.9340559E+03   5.5881374E-02   1.9340912E+03   1.2480228E+04  -2.3791035E+01   0.0000000E+00   0.0000000E+00   0.0000000E+00
     3.8400000E+02   1.9340560E+03   5.5989690E-02   1.9340913E+03   1.2516769E+04  -2.3816797E+01   0.0000000E+00   0.0000000E+00   0.0000000E+00
     3.8500000E+02   1.9340559E+03   5.5860642E-02   1.9340913E+03   1.2467617E+04  -2.3898678E+01   0.0000000E+00   0.0000000E+00   0.0000000E+00
     3.8600000E+02   1.9340559E+03   5.5924002E-02   1.9340914E+03   1.2496751E+04  -2.3928720E+01   0.0000000E+00   0.0000000E+00   0.0000000E+00
     3.8700000E+02   1.9340559E+03   5.5878483E-02   1.9340914E+03   1.2474630E+04  -2.3982033E+01   0.0000000E+00   0.0000000E+00   0.0000000E+00
     3.8800000E+02   1.9340560E+03   5.5985808E-02   1.9340916E+03   1.2519898E+04  -2.3992937E+01   0.0000000E+00   0.0000000E+00   0.0000000E+00
     3.8900000E+02   1.9340559E+03   5.5968158E-02   1.9340916E+03   1.2507908E+04  -2.4021610E+01   0.0000000E+00   0.0000000E+00   0.0000000E+00
     3.9000000E+02   1.9340562E+03   5.6192115E-02   1.9340917E+03   1.2594912E+04  -2.3991453E+01   0.0000000E+00   0.0000000E+00   0.0000000E+00
     3.9100000E+02   1.9340563E+03   5.6279272E-02   1.9340918E+03   1.2623776E+04  -2.3984446E+01   0.0000000E+00   0.0000000E+00   0.0000000E+00
     3.9200000E+02   1.9340565E+03   5.6506466E-02   1.9340920E+03   1.2725351E+04  -2.3945448E+01   0.0000000E+00   0.0000000E+00   0.0000000E+00
     3.9300000E+02   1.9340577E+03   5.7774071E-02   1.9340930E+03   1.3187514E+04  -2.3786610E+01   0.0000000E+00   0.0000000E+00   0.0000000E+00
     3.9400000E+02   1.9340577E+03   5.7761647E-02   1.9340931E+03   1.3183200E+04  -2.3900637E+01   0.0000000E+00   0.0000000E+00   0.0000000E+00
     3.9500000E+02   1.9340575E+03   5.7511982E-02   1.9340930E+03   1.3087854E+04  -2.3972126E+01   0.0000000E+00   0.0000000E+00   0.0000000E+00
     3.9600000E+02   1.9340576E+03   5.7659585E-02   1.9340931E+03   1.3143944E+04  -2.3954786E+01   0.0000000E+00   0.0000000E+00   0.0000000E+00
     3.9700000E+02   1.9340580E+03   5.7931148E-02   1.9340935E+03   1.3247221E+04  -2.4024117E+01   0.0000000E+00   0.0000000E+00   0.0000000E+00
     3.9800000E+02   1.9340591E+03   5.9079416E-02   1.9340946E+03   1.3688260E+04  -2.3966150E+01   0.0000000E+00   0.0000000E+00   0.0000000E+00
     3.9900000E+02   1.9340608E+03   6.0760982E-02   1.9340962E+03   1.4360504E+04  -2.3876167E+01   0.0000000E+00   0.0000000E+00   0.0000000E+00
     4.0000000E+02   1.9340623E+03   6.2229373E-02   1.9340975E+03   1.4943198E+04  -2.3816648E+01   0.0000000E+00   0.0000000E+00   0.0000000E+00
     4.0100000E+02   1.9340630E+03   6.3006260E-02   1.9340983E+03   1.5255325E+04  -2.3829521E+01   0.0000000E+00   0.0000000E+00   0.0000000E+00
     4.0200000E+02   1.9340641E+03   6.4130872E-02   1.9340994E+03   1.5711798E+04  -2.3754740E+01   0.0000000E+00   0.0000000E+00   0.0000000E+00
     4.0300000E+02   1.9340660E+03   6.5999299E-02   1.9341010E+03   1.6482617E+04  -2.3573906E+01   0.0000000E+00   0.0000000E+00   0.0000000E+00
     4.0400000E+02   1.9340651E+03   6.5079764E-02   1.9341005E+03   1.6071927E+04  -2.3907549E+01   0.0000000E+00   0.0000000E+00   0.0000000E+00
     4.0500000E+02   1.9340664E+03   6.6463307E-02   1.9341016E+03   1.6653039E+04  -2.3662867E+01   0.0000000E+00   0.0000000E+00   0.0000000E+00
     4.0600000E+02   1.9340676E+03   6.7604817E-02   1.9341024E+03   1.7136527E+04  -2.3484638E+01   0.0000000E+00   0.0000000E+00   0.0000000E+00
     4.0700000E+02   1.9340681E+03   6.8159103E-02   1.9341028E+03   1.7371277E+04  -2.3367292E+01   0.0000000E+00   0.0000000E+00   0.0000000E+00
     4.0800000E+02   1.9340686E+03   6.8641707E-02   1.9341030E+03   1.7576705E+04  -2.3181684E+01   0.0000000E+00   0.0000000E+00   0.0000000E+00
     4.0900000E+02   1.9340692E+03   6.9230467E-02   1.9341031E+03   1.7828607E+04  -2.2914658E+01   0.0000000E+00   0.0000000E+00   0.0000000E+00
     4.1000000E+02   1.9340930E+03   9.2980810E-02   1.9341199E+03   2.9147029E+04  -1.8152700E+01   0.0000000E+00   0.0000000E+00   0.0000000E+00
     4.1100000E+02   1.9342759E+03   2.7587554E-01   1.9342311E+03   1.7856422E+05   3.0250715E+01   0.0000000E+00   0.0000000E+00   0.0000000E+00
     4.1200000E+02   1.9341407E+03   1.4076008E-01   1.9341522E+03   5.8175355E+04  -7.7388325E+00   0.0000000E+00   0.0000000E+00   0.0000000E+00
     4.1300000E+02   1.9341323E+03   1.3226400E-01   1.9341469E+03   5.2441484E+04  -9.8337736E+00   0.0000000E+00   0.0000000E+00   0.0000000E+00
     4.1400000E+02   1.9342008E+03   2.0081891E-01   1.9341890E+03   1.0518321E+05   8.0029888E+00   0.0000000E+00   0.0000000E+00   0.0000000E+00
     4.1500000E+02   1.9341395E+03   1.3948976E-01   1.9341517E+03   5.7302812E+04  -8.2962713E+00   0.0000000E+00   0.0000000E+00   0.0000000E+00
     4.1600000E+02   1.9341306E+03   1.3065168E-01   1.9341458E+03   5.1380355E+04  -1.0206609E+01   0.0000000E+00   0.0000000E+00   0.0000000E+00
     4.1700000E+02   1.9341306E+03   1.3057214E-01   1.9341455E+03   5.1328234E+04  -1.0080263E+01   0.0000000E+00   0.0000000E+00   0.0000000E+00
     4.1800000E+02   1.9341814E+03   1.8139023E-01   1.9341775E+03   8.8775891E+04   2.6667309E+00   0.0000000E+00   0.0000000E+00   0.0000000E+00
     4.1900000E+02   1.9341973E+03   1.9722275E-01   1.9341877E+03   1.0206270E+05   6.4179516E+00   0.0000000E+00   0.0000000E+00   0.0000000E+00
     4.2000000E+02   1.9344044E+03   4.0444177E-01   1.9343107E+03   3.3783044E+05   6.3336033E+01   0.0000000E+00   0.0000000E+00   0.0000000E+00
     4.2100000E+02   1.9342372E+03   2.3717660E-01   1.9342135E+03   1.3880073E+05   1.5984868E+01   0.0000000E+00   0.0000000E+00   0.0000000E+00
     4.2200000E+02   1.9341791E+03   1.7911340E-01   1.9341781E+03   8.6926508E+04   6.8618226E-01   0.0000000E+00   0.0000000E+00   0.0000000E+00
     4.2300000E+02   1.9341624E+03   1.6229813E-01   1.9341672E+03   7.3755547E+04  -3.3258767E+00   0.0000000E+00   0.0000000E+00   0.0000000E+00
     4.2400000E+02   1.9341490E+03   1.4902373E-01   1.9341587E+03   6.3978078E+04  -6.5352430E+00   0.0000000E+00   0.0000000E+00   0.0000000E+00
     4.2500000E+02   1.9341385E+03   1.3858670E-01   1.9341523E+03   5.6685855E+04  -9.2464495E+00   0.0000000E+00   0.0000000E+00   0.0000000E+00
     4.2600000E+02   1.9341300E+03   1.3005970E-01   1.9341475E+03   5.0992941E+04  -1.1740725E+01   0.0000000E+00   0.0000000E+00   0.0000000E+00
     4.2700000E+02   1.9341229E+03   1.2295558E-01   1.9341434E+03   4.6435758E+04  -1.3789715E+01   0.0000000E+00   0.0000000E+00   0.0000000E+00
     4.2800000E+02   1.9341171E+03   1.1700694E-01   1.9341400E+03   4.2752160E+04  -1.5508825E+01   0.0000000E+00   0.0000000E+00   0.0000000E+00
     4.2900000E+02   1.9341124E+03   1.1247693E-01   1.9341375E+03   4.0029289E+04  -1.6895123E+01   0.0000000E+00   0.0000000E+00   0.0000000E+00
     4.3000000E+02   1.9341101E+03   1.1011605E-01   1.9341365E+03   3.8638766E+04  -1.7753584E+01   0.0000000E+00   0.0000000E+00   0.0000000E+00
     4.3100000E+02   1.9341107E+03   1.1077575E-01   1.9341373E+03   3.9025344E+04  -1.7937782E+01   0.0000000E+00   0.0000000E+00   0.0000000E+00
     4.3200000E+02   1.9341129E+03   1.1288563E-01   1.9341392E+03   4.0271996E+04  -1.7768490E+01   0.0000000E+00   0.0000000E+00   0.0000000E+00
     4.3300000E+02   1.9341194E+03   1.1937787E-01   1.9341458E+03   4.4205723E+04  -1.7793921E+01   0.0000000E+00   0.0000000E+00   0.0000000E+00
     4.3400000E+02   1.9341263E+03   1.2629060E-01   1.9341510E+03   4.8553867E+04  -1.6702126E+01   0.0000000E+00   0.0000000E+00   0.0000000E+00
     4.3500000E+02   1.9341210E+03   1.2096203E-01   1.9341479E+03   4.5187738E+04  -1.8215460E+01   0.0000000E+00   0.0000000E+00   0.0000000E+00
     4.3600000E+02   1.9341284E+03   1.2837194E-01   1.9341526E+03   4.9894844E+04  -1.6350119E+01   0.0000000E+00   0.0000000E+00   0.0000000E+00
     4.3700000E+02   1.9341460E+03   1.4601399E-01   1.9341632E+03   6.1839066E+04  -1.1645741E+01   0.0000000E+00   0.0000000E+00   0.0000000E+00
     4.3800000E+02   1.9341200E+03   1.2003893E-01   1.9341470E+03   4.4614461E+04  -1.8149500E+01   0.0000000E+00   0.0000000E+00   0.0000000E+00
     4.3900000E+02   1.9341147E+03   1.1473519E-01   1.9341434E+03   4.1377719E+04  -1.9345173E+01   0.0000000E+00   0.0000000E+00   0.0000000E+00
     4.4000000E+02   1.9341145E+03   1.1449811E-01   1.9341433E+03   4.1235316E+04  -1.9449556E+01   0.0000000E+00   0.0000000E+00   0.0000000E+00
     4.4100000E+02   1.9341189E+03   1.1886770E-01   1.9341455E+03   4.3891316E+04  -1.8009890E+01   0.0000000E+00   0.0000000E+00   0.0000000E+00
     4.4200000E+02   1.9341331E+03   1.3311595E-01   1.9341543E+03   5.3005668E+04  -1.4273623E+01   0.0000000E+00   0.0000000E+00   0.0000000E+00
     4.4300000E+02   1.9341122E+03   1.1213396E-01   1.9341411E+03   3.9826062E+04  -1.9549170E+01   0.0000000E+00   0.0000000E+00   0.0000000E+00
     4.4400000E+02   1.9341094E+03   1.0943384E-01   1.9341393E+03   3.8240613E+04  -2.0132786E+01   0.0000000E+00   0.0000000E+00   0.0000000E+00
     4.4500000E+02   1.9341166E+03   1.1663762E-01   1.9341437E+03   4.2527504E+04  -1.8288391E+01   0.0000000E+00   0.0000000E+00   0.0000000E+00
     4.4600000E+02   1.9345344E+03   5.3437078E-01   1.9343942E+03   5.3745644E+05   9.4602097E+01   0.0000000E+00   0.0000000E+00   0.0000000E+00
     4.4700000E+02   1.9343940E+03   3.9400730E-01   1.9343136E+03   3.2342919E+05   5.4248604E+01   0.0000000E+00   0.0000000E+00   0.0000000E+00
     4.4800000E+02   1.9341882E+03   1.8828876E-01   1.9341919E+03   9.4474109E+04  -2.4499743E+00   0.0000000E+00   0.0000000E+00   0.0000000E+00
     4.4900000E+02   1.9341733E+03   1.7328949E-01   1.9341818E+03   8.2267031E+04  -5.7438278E+00   0.0000000E+00   0.0000000E+00   0.0000000E+00
     4.5000000E+02   1.9341594E+03   1.5947774E-01   1.9341727E+03   7.1631742E+04  -8.9584417E+00   0.0000000E+00   0.0000000E+00   0.0000000E+00
     4.5100000E+02   1.9341489E+03   1.4893122E-01   1.9341659E+03   6.3911895E+04  -1.1443854E+01   0.0000000E+00   0.0000000E+00   0.0000000E+00
     4.5200000E+02   1.9341428E+03   1.4277242E-01   1.9341619E+03   5.9567949E+04  -1.2877225E+01   0.0000000E+00   0.0000000E+00   0.0000000E+00
     4.5300000E+02   1.9341372E+03   1.3720624E-01   1.9341582E+03   5.5747910E+04  -1.4195758E+01   0.0000000E+00   0.0000000E+00   0.0000000E+00
     4.5400000E+02   1.9341299E+03   1.2992272E-01   1.9341536E+03   5.0903457E+04  -1.5918945E+01   0.0000000E+00   0.0000000E+00   0.0000000E+00
     4.5500000E+02   1.9341219E+03   1.2194384E-01   1.9341483E+03   4.5800672E+04  -1.7785843E+01   0.0000000E+00   0.0000000E+00   0.0000000E+00
     4.5600000E+02   1.9341168E+03   1.1678230E-01   1.9341449E+03   4.2615453E+04  -1.8968498E+01   0.0000000E+00   0.0000000E+00   0.0000000E+00
     4.5700000E+02   1.9341205E+03   1.2050654E-01   1.9341477E+03   4.4904492E+04  -1.8347200E+01   0.0000000E+00   0.0000000E+00   0.0000000E+00
     4.5800000E+02   1.9341122E+03   1.1219832E-01   1.9341425E+03   3.9864164E+04  -2.0411823E+01   0.0000000E+00   0.0000000E+00   0.0000000E+00
     4.5900000E+02   1.9341083E+03   1.0823614E-01   1.9341398E+03   3.7545617E+04  -2.1291800E+01   0.0000000E+00   0.0000000E+00   0.0000000E+00
     4.6000000E+02   1.9341049E+03   1.0483569E-01   1.9341375E+03   3.5600328E+04  -2.2055244E+01   0.0000000E+00   0.0000000E+00   0.0000000E+00
     4.6100000E+02   1.9341018E+03   1.0183231E-01   1.9341355E+03   3.3916789E+04  -2.2738802E+01   0.0000000E+00   0.0000000E+00   0.0000000E+00
     4.6200000E+02   1.9340992E+03   9.9227577E-02   1.9341338E+03   3.2483244E+04  -2.3337500E+01   0.0000000E+00   0.0000000E+00   0.0000000E+00
     4.6300000E+02   1.9340969E+03   9.6914083E-02   1.9341323E+03   3.1230830E+04  -2.3876665E+01   0.0000000E+00   0.0000000E+00   0.0000000E+00
     4.6400000E+02   1.9340948E+03   9.4821744E-02   1.9341310E+03   3.0115168E+04  -2.4371946E+01   0.0000000E+00   0.0000000E+00   0.0000000E+00
     4.6500000E+02   1.9340930E+03   9.2960142E-02   1.9341298E+03   2.9136229E+04  -2.4818565E+01   0.0000000E+00   0.0000000E+00   0.0000000E+00
     4.6600000E+02   1.9340912E+03   9.1239907E-02   1.9341287E+03   2.8243168E+04  -2.5238775E+01   0.0000000E+00   0.0000000E+00   0.0000000E+00
     4.6700000E+02   1.9340896E+03   8.9656487E-02   1.9341277E+03   2.7430994E+04  -2.5631952E+01   0.0000000E+00   0.0000000E+00   0.0000000E+00
     4.6800000E+02   1.9340883E+03   8.8207997E-02   1.9341266E+03   2.6696354E+04  -2.5943954E+01   0.0000000E+00   0.0000000E+00   0.0000000E+00
     4.6900000E+02   1.9340869E+03   8.6903833E-02   1.9341252E+03   2.6041754E+04  -2.5874687E+01   0.0000000E+00   0.0000000E+00   0.0000000E+00
     4.7000000E+02   1.9340857E+03   8.5722215E-02   1.9341245E+03   2.5454289E+04  -2.6205421E+01   0.0000000E+00   0.0000000E+00   0.0000000E+00
     4.7100000E+02   1.9340846E+03   8.4644467E-02   1.9341238E+03   2.4923150E+04  -2.6454721E+01   0.0000000E+00   0.0000000E+00   0.0000000E+00
     4.7200000E+02   1.9340836E+03   8.3667904E-02   1.9341228E+03   2.4445756E+04  -2.6453630E+01   0.0000000E+00   0.0000000E+00   0.0000000E+00
     4.7300000E+02   1.9340828E+03   8.2772732E-02   1.9341222E+03   2.4011396E+04  -2.6643410E+01   0.0000000E+00   0.0000000E+00   0.0000000E+00
     4.7400000E+02   1.9340819E+03   8.1935942E-02   1.9341217E+03   2.3608191E+04  -2.6842745E+01   0.0000000E+00   0.0000000E+00   0.0000000E+00
     4.7500000E+02   1.9340812E+03   8.1186101E-02   1.9341212E+03   2.3249205E+04  -2.7039827E+01   0.0000000E+00   0.0000000E+00   0.0000000E+00
     4.7600000E+02   1.9340804E+03   8.0485530E-02   1.9341208E+03   2.2915799E+04  -2.7206184E+01   0.0000000E+00   0.0000000E+00   0.0000000E+00
     4.7700000E+02   1.9340798E+03   7.9831772E-02   1.9341204E+03   2.2606416E+04  -2.7347559E+01   0.0000000E+00   0.0000000E+00   0.0000000E+00
     4.7800000E+02   1.9340792E+03   7.9203129E-02   1.9341199E+03   2.2310498E+04  -2.7472340E+01   0.0000000E+00   0.0000000E+00   0.0000000E+00
     4.7900000E+02   1.9340786E+03   7.8601480E-02   1.9341195E+03   2.2028758E+04  -2.7581131E+01   0.0000000E+00   0.0000000E+00   0.0000000E+00
     4.8000000E+02   1.9340780E+03   7.8034811E-02   1.9341190E+03   2.1764703E+04  -2.7672432E+01   0.0000000E+00   0.0000000E+00   0.0000000E+00
     4.8100000E+02   1.9340775E+03   7.7504814E-02   1.9341187E+03   2.1518861E+04  -2.7746496E+01   0.0000000E+00   0.0000000E+00   0.0000000E+00
     4.8200000E+02   1.9340770E+03   7.7010363E-02   1.9341182E+03   2.1290543E+04  -2.7805321E+01   0.0000000E+00   0.0000000E+00   0.0000000E+00
     4.8300000E+02   1.9340765E+03   7.6548517E-02   1.9341178E+03   2.1078191E+04  -2.7859249E+01   0.0000000E+00   0.0000000E+00   0.0000000E+00
     4.8400000E+02   1.9340793E+03   7.9316474E-02   1.9341207E+03   2.2363738E+04  -2.7911572E+01   0.0000000E+00   0.0000000E+00   0.0000000E+00
     4.8500000E+02   1.9340775E+03   7.7521391E-02   1.9341196E+03   2.1526562E+04  -2.8413849E+01   0.0000000E+00   0.0000000E+00   0.0000000E+00
     4.8600000E+02   1.9340770E+03   7.6976992E-02   1.9341193E+03   2.1275197E+04  -2.8561829E+01   0.0000000E+00   0.0000000E+00   0.0000000E+00
     4.8700000E+02   1.9340765E+03   7.6491714E-02   1.9341190E+03   2.1052105E+04  -2.8677870E+01   0.0000000E+00   0.0000000E+00   0.0000000E+00
     4.8800000E+02   1.9340760E+03   7.6036960E-02   1.9341187E+03   2.0843947E+04  -2.8772175E+01   0.0000000E+00   0.0000000E+00   0.0000000E+00
     4.8900000E+02   1.9340756E+03   7.5609751E-02   1.9341183E+03   2.0649102E+04  -2.8847330E+01   0.0000000E+00   0.0000000E+00   0.0000000E+00
     4.9000000E+02   1.9340752E+03   7.5208589E-02   1.9341180E+03   2.0466857E+04  -2.8910328E+01   0.0000000E+00   0.0000000E+00   0.0000000E+00
     4.9100000E+02   1.9340748E+03   7.4832566E-02   1.9341178E+03   2.0296566E+04  -2.8988560E+01   0.0000000E+00   0.0000000E+00   0.0000000E+00
     4.9200000E+02   1.9340745E+03   7.4478775E-02   1.9341176E+03   2.0136914E+04  -2.9056639E+01   0.0000000E+00   0.0000000E+00   0.0000000E+00
     4.9300000E+02   1.9340741E+03   7.4152052E-02   1.9341173E+03   1.9989877E+04  -2.9108860E+01   0.0000000E+00   0.0000000E+00   0.0000000E+00
     4.9400000E+02   1.9340739E+03   7.3844038E-02   1.9341171E+03   1.9851705E+04  -2.9147041E+01   0.0000000E+00   0.0000000E+00   0.0000000E+00
     4.9500000E+02   1.9340736E+03   7.3553950E-02   1.9341168E+03   1.9721871E+04  -2.9172163E+01   0.0000000E+00   0.0000000E+00   0.0000000E+00
     4.9600000E+02   1.9340732E+03   7.3280990E-02   1.9341166E+03   1.9600041E+04  -2.9186651E+01   0.0000000E+00   0.0000000E+00   0.0000000E+00
     4.9700000E+02   1.9340730E+03   7.3022701E-02   1.9341162E+03   1.9485037E+04  -2.9191730E+01   0.0000000E+00   0.0000000E+00   0.0000000E+00
     4.9800000E+02   1.9340728E+03   7.2778232E-02   1.9341160E+03   1.9376439E+04  -2.9187799E+01   0.0000000E+00   0.0000000E+00   0.0000000E+00
     4.9900000E+02   1.9340725E+03   7.2549030E-02   1.9341157E+03   1.9274871E+04  -2.9174700E+01   0.0000000E+00   0.0000000E+00   0.0000000E+00
     5.0000000E+02   1.9340724E+03   7.2332755E-02   1.9341155E+03   1.9179168E+04  -2.9141363E+01   0.0000000E+00   0.0000000E+00   0.0000000E+00
     5.0100000E+02   1.9340721E+03   7.2129108E-02   1.9341152E+03   1.9089260E+04  -2.9099817E+01   0.0000000E+00   0.0000000E+00   0.0000000E+00
