 "GAGE No.    3:  K,I,J Coord. =     2,   38,   71;  STREAM SEGMENT =    22;  REACH =     1 "
     "DATA: Time           Stage           Depth         GW-Head    Midpt-Flow       Stream-Loss        GW-Rech.  Chnge-UZ-Stor.   Vol.-UZ-Stor."
     1.0000000E+00   1.9455035E+03   3.5427113E-03   1.9455480E+03   3.6191341E+01  -7.2382683E+01   0.0000000E+00   0.0000000E+00   0.0000000E+00
     2.0000000E+00   1.9455035E+03   3.5412645E-03   1.9455480E+03   3.6166721E+01  -7.2333443E+01   0.0000000E+00   0.0000000E+00   0.0000000E+00
     3.0000000E+00   1.9455035E+03   3.5399392E-03   1.9455479E+03   3.6144184E+01  -7.2288368E+01   0.0000000E+00   0.0000000E+00   0.0000000E+00
     4.0000000E+00   1.9455035E+03   3.5384409E-03   1.9455479E+03   3.6118683E+01  -7.2237366E+01   0.0000000E+00   0.0000000E+00   0.0000000E+00
     5.0000000E+00   1.9455035E+03   3.5376693E-03   1.9455479E+03   3.6105564E+01  -7.2211128E+01   0.0000000E+00   0.0000000E+00   0.0000000E+00
     6.0000000E+00   1.9455035E+03   3.5360495E-03   1.9455479E+03   3.6078007E+01  -7.2156013E+01   0.0000000E+00   0.0000000E+00   0.0000000E+00
     7.0000000E+00   1.9455035E+03   3.5351552E-03   1.9455479E+03   3.6062805E+01  -7.2125610E+01   0.0000000E+00   0.0000000E+00   0.0000000E+00
     8.0000000E+00   1.9455035E+03   3.5336921E-03   1.9455477E+03   3.6037933E+01  -7.2075867E+01   0.0000000E+00   0.0000000E+00   0.0000000E+00
     9.0000000E+00   1.9455035E+03   3.5329235E-03   1.9455477E+03   3.6024872E+01  -7.2049744E+01   0.0000000E+00   0.0000000E+00   0.0000000E+00
     1.0000000E+01   1.9455035E+03   3.5315626E-03   1.9455477E+03   3.6001743E+01  -7.2003487E+01   0.0000000E+00   0.0000000E+00   0.0000000E+00
     1.1000000E+01   1.9455035E+03   3.5308858E-03   1.9455477E+03   3.5990246E+01  -7.1980492E+01   0.0000000E+00   0.0000000E+00   0.0000000E+00
     1.2000000E+01   1.9455035E+03   3.5296027E-03   1.9455477E+03   3.5968452E+01  -7.1936905E+01   0.0000000E+00   0.0000000E+00   0.0000000E+00
     1.3000000E+01   1.9455035E+03   3.5562764E-03   1.9455477E+03   3.6422577E+01  -7.1906105E+01   0.0000000E+00   0.0000000E+00   0.0000000E+00
     1.4000000E+01   1.9455035E+03   3.5459956E-03   1.9455476E+03   3.6247238E+01  -7.1878967E+01   0.0000000E+00   0.0000000E+00   0.0000000E+00
     1.5000000E+01   1.9455035E+03   3.5548022E-03   1.9455476E+03   3.6397419E+01  -7.1855133E+01   0.0000000E+00   0.0000000E+00   0.0000000E+00
     1.6000000E+01   1.9455035E+03   3.5479481E-03   1.9455476E+03   3.6280518E+01  -7.1821762E+01   0.0000000E+00   0.0000000E+00   0.0000000E+00
     1.7000000E+01   1.9455035E+03   3.5683508E-03   1.9455476E+03   3.6628944E+01  -7.1792976E+01   0.0000000E+00   0.0000000E+00   0.0000000E+00
     1.8000000E+01   1.9455035E+03   3.5487600E-03   1.9455476E+03   3.6294697E+01  -7.1788750E+01   0.0000000E+00   0.0000000E+00   0.0000000E+00
     1.9000000E+01   1.9455035E+03   3.5460873E-03   1.9455476E+03   3.6248981E+01  -7.1761810E+01   0.0000000E+00   0.0000000E+00   0.0000000E+00
     2.0000000E+01   1.9455035E+03   3.5436153E-03   1.9455476E+03   3.6206856E+01  -7.1735054E+01   0.0000000E+00   0.0000000E+00   0.0000000E+00
     2.1000000E+01   1.9455035E+03   3.5413459E-03   1.9455475E+03   3.6168232E+01  -7.1709572E+01   0.0000000E+00   0.0000000E+00   0.0000000E+00
     2.2000000E+01   1.9455035E+03   3.5392484E-03   1.9455475E+03   3.6132538E+01  -7.1684944E+01   0.0000000E+00   0.0000000E+00   0.0000000E+00
     2.3000000E+01   1.9455035E+03   3.5373028E-03   1.9455475E+03   3.6099445E+01  -7.1661125E+01   0.0000000E+00   0.0000000E+00   0.0000000E+00
     2.4000000E+01   1.9455035E+03   3.5386721E-03   1.9455475E+03   3.6122749E+01  -7.1636253E+01   0.0000000E+00   0.0000000E+00   0.0000000E+00
     2.5000000E+01   1.9455035E+03   3.5428556E-03   1.9455475E+03   3.6193974E+01  -7.1611633E+01   0.0000000E+00   0.0000000E+00   0.0000000E+00
     2.6000000E+01   1.9455035E+03   3.5811681E-03   1.9455475E+03   3.6848759E+01  -7.1575684E+01   0.0000000E+00   0.0000000E+00   0.0000000E+00
     2.7000000E+01   1.9455037E+03   3.6148436E-03   1.9455475E+03   3.7428135E+01  -7.1554535E+01   0.0000000E+00   0.0000000E+00   0.0000000E+00
     2.8000000E+01   1.9455035E+03   3.5985559E-03   1.9455475E+03   3.7147472E+01  -7.1558754E+01   0.0000000E+00   0.0000000E+00   0.0000000E+00
     2.9000000E+01   1.9455037E+03   3.6088726E-03   1.9455475E+03   3.7325207E+01  -7.1533501E+01   0.0000000E+00   0.0000000E+00   0.0000000E+00
     3.0000000E+01   1.9455037E+03   3.6195635E-03   1.9455475E+03   3.7509716E+01  -7.1513390E+01   0.0000000E+00   0.0000000E+00   0.0000000E+00
     3.1000000E+01   1.9455037E+03   3.6304661E-03   1.9455475E+03   3.7698250E+01  -7.1495499E+01   0.0000000E+00   0.0000000E+00   0.0000000E+00
     3.2000000E+01   1.9455037E+03   3.6412999E-03   1.9455475E+03   3.7885967E+01  -7.1478813E+01   0.0000000E+00   0.0000000E+00   0.0000000E+00
     3.3000000E+01   1.9455037E+03   3.6518469E-03   1.9455475E+03   3.8069077E+01  -7.1462837E+01   0.0000000E+00   0.0000000E+00   0.0000000E+00
     3.4000000E+01   1.9455037E+03   3.6619441E-03   1.9455475E+03   3.8244705E+01  -7.1447311E+01   0.0000000E+00   0.0000000E+00   0.0000000E+00
     3.5000000E+01   1.9455037E+03   3.6714710E-03   1.9455475E+03   3.8410709E+01  -7.1432030E+01   0.0000000E+00   0.0000000E+00   0.0000000E+00
     3.6000000E+01   1.9455037E+03   3.6803498E-03   1.9455475E+03   3.8565678E+01  -7.1416908E+01   0.0000000E+00   0.0000000E+00   0.0000000E+00
     3.7000000E+01   1.9455037E+03   3.6885333E-03   1.9455475E+03   3.8708729E+01  -7.1401840E+01   0.0000000E+00   0.0000000E+00   0.0000000E+00
     3.8000000E+01   1.9455037E+03   3.6960042E-03   1.9455475E+03   3.8839512E+01  -7.1386826E+01   0.0000000E+00   0.0000000E+00   0.0000000E+00
     3.9000000E+01   1.9455038E+03   3.7326282E-03   1.9455475E+03   3.9483250E+01  -7.1362320E+01   0.0000000E+00   0.0000000E+00   0.0000000E+00
     4.0000000E+01   1.9455038E+03   3.8175741E-03   1.9455476E+03   4.0992226E+01  -7.1333282E+01   0.0000000E+00   0.0000000E+00   0.0000000E+00
     4.1000000E+01   1.9455038E+03   3.7598268E-03   1.9455476E+03   3.9963768E+01  -7.1383377E+01   0.0000000E+00   0.0000000E+00   0.0000000E+00
     4.2000000E+01   1.9455038E+03   3.7631420E-03   1.9455476E+03   4.0022667E+01  -7.1355988E+01   0.0000000E+00   0.0000000E+00   0.0000000E+00
     4.3000000E+01   1.9455039E+03   3.9048637E-03   1.9455476E+03   4.2566021E+01  -7.1289429E+01   0.0000000E+00   0.0000000E+00   0.0000000E+00
     4.4000000E+01   1.9455038E+03   3.8185655E-03   1.9455476E+03   4.1009949E+01  -7.1369186E+01   0.0000000E+00   0.0000000E+00   0.0000000E+00
     4.5000000E+01   1.9455038E+03   3.8170591E-03   1.9455476E+03   4.0982880E+01  -7.1339424E+01   0.0000000E+00   0.0000000E+00   0.0000000E+00
     4.6000000E+01   1.9455038E+03   3.8153026E-03   1.9455476E+03   4.0951412E+01  -7.1319023E+01   0.0000000E+00   0.0000000E+00   0.0000000E+00
     4.7000000E+01   1.9455038E+03   3.8139694E-03   1.9455476E+03   4.0927544E+01  -7.1301285E+01   0.0000000E+00   0.0000000E+00   0.0000000E+00
     4.8000000E+01   1.9455038E+03   3.8129434E-03   1.9455476E+03   4.0909187E+01  -7.1284698E+01   0.0000000E+00   0.0000000E+00   0.0000000E+00
     4.9000000E+01   1.9455038E+03   3.8121478E-03   1.9455475E+03   4.0894958E+01  -7.1268646E+01   0.0000000E+00   0.0000000E+00   0.0000000E+00
     5.0000000E+01   1.9455038E+03   3.8115263E-03   1.9455475E+03   4.0883846E+01  -7.1252838E+01   0.0000000E+00   0.0000000E+00   0.0000000E+00
     5.1000000E+01   1.9455038E+03   3.8110402E-03   1.9455475E+03   4.0875156E+01  -7.1237305E+01   0.0000000E+00   0.0000000E+00   0.0000000E+00
     5.2000000E+01   1.9455038E+03   3.8106518E-03   1.9455475E+03   4.0868217E+01  -7.1221870E+01   0.0000000E+00   0.0000000E+00   0.0000000E+00
     5.3000000E+01   1.9455038E+03   3.8103350E-03   1.9455475E+03   4.0862553E+01  -7.1206551E+01   0.0000000E+00   0.0000000E+00   0.0000000E+00
     5.4000000E+01   1.9455038E+03   3.8251225E-03   1.9455475E+03   4.1127884E+01  -7.1187950E+01   0.0000000E+00   0.0000000E+00   0.0000000E+00
     5.5000000E+01   1.9455038E+03   3.8144465E-03   1.9455475E+03   4.0936104E+01  -7.1183983E+01   0.0000000E+00   0.0000000E+00   0.0000000E+00
     5.6000000E+01   1.9455038E+03   3.8142230E-03   1.9455475E+03   4.0932110E+01  -7.1166794E+01   0.0000000E+00   0.0000000E+00   0.0000000E+00
     5.7000000E+01   1.9455038E+03   3.8262100E-03   1.9455475E+03   4.1146477E+01  -7.1141739E+01   0.0000000E+00   0.0000000E+00   0.0000000E+00
     5.8000000E+01   1.9455038E+03   3.8201085E-03   1.9455475E+03   4.1037228E+01  -7.1134270E+01   0.0000000E+00   0.0000000E+00   0.0000000E+00
     5.9000000E+01   1.9455038E+03   3.8187213E-03   1.9455475E+03   4.1012951E+01  -7.1116928E+01   0.0000000E+00   0.0000000E+00   0.0000000E+00
     6.0000000E+01   1.9455038E+03   3.8124565E-03   1.9455474E+03   4.0900875E+01  -7.0920525E+01   0.0000000E+00   0.0000000E+00   0.0000000E+00
     6.1000000E+01   1.9455038E+03   3.8068744E-03   1.9455472E+03   4.0801109E+01  -7.0750175E+01   0.0000000E+00   0.0000000E+00   0.0000000E+00
     6.2000000E+01   1.9455040E+03   4.0259324E-03   1.9455474E+03   4.4788410E+01  -7.0604477E+01   0.0000000E+00   0.0000000E+00   0.0000000E+00
     6.3000000E+01   1.9455039E+03   3.9367527E-03   1.9455474E+03   4.3147362E+01  -7.0712761E+01   0.0000000E+00   0.0000000E+00   0.0000000E+00
     6.4000000E+01   1.9455039E+03   3.8735557E-03   1.9455471E+03   4.1999046E+01  -7.0414513E+01   0.0000000E+00   0.0000000E+00   0.0000000E+00
     6.5000000E+01   1.9455038E+03   3.8313267E-03   1.9455469E+03   4.1238617E+01  -7.0199097E+01   0.0000000E+00   0.0000000E+00   0.0000000E+00
     6.6000000E+01   1.9455038E+03   3.8352436E-03   1.9455469E+03   4.1308914E+01  -7.0089554E+01   0.0000000E+00   0.0000000E+00   0.0000000E+00
     6.7000000E+01   1.9455038E+03   3.8286143E-03   1.9455468E+03   4.1189747E+01  -7.0042725E+01   0.0000000E+00   0.0000000E+00   0.0000000E+00
     6.8000000E+01   1.9455038E+03   3.8230233E-03   1.9455468E+03   4.1089539E+01  -7.0010872E+01   0.0000000E+00   0.0000000E+00   0.0000000E+00
     6.9000000E+01   1.9455038E+03   3.8180926E-03   1.9455468E+03   4.1001247E+01  -6.9984711E+01   0.0000000E+00   0.0000000E+00   0.0000000E+00
     7.0000000E+01   1.9455038E+03   3.8036285E-03   1.9455465E+03   4.0742699E+01  -6.9602264E+01   0.0000000E+00   0.0000000E+00   0.0000000E+00
     7.1000000E+01   1.9455038E+03   3.7928727E-03   1.9455464E+03   4.0551064E+01  -6.9349426E+01   0.0000000E+00   0.0000000E+00   0.0000000E+00
     7.2000000E+01   1.9455038E+03   3.7865310E-03   1.9455463E+03   4.0438118E+01  -6.9241234E+01   0.0000000E+00   0.0000000E+00   0.0000000E+00
     7.3000000E+01   1.9455038E+03   3.7819971E-03   1.9455463E+03   4.0357449E+01  -6.9184494E+01   0.0000000E+00   0.0000000E+00   0.0000000E+00
     7.4000000E+01   1.9455038E+03   3.7949139E-03   1.9455463E+03   4.0587460E+01  -6.9137383E+01   0.0000000E+00   0.0000000E+00   0.0000000E+00
     7.5000000E+01   1.9455039E+03   3.8543418E-03   1.9455463E+03   4.1652409E+01  -6.9084641E+01   0.0000000E+00   0.0000000E+00   0.0000000E+00
     7.6000000E+01   1.9455039E+03   3.8859355E-03   1.9455463E+03   4.2223049E+01  -6.9074989E+01   0.0000000E+00   0.0000000E+00   0.0000000E+00
     7.7000000E+01   1.9455040E+03   3.9739390E-03   1.9455464E+03   4.3828590E+01  -6.9048920E+01   0.0000000E+00   0.0000000E+00   0.0000000E+00
     7.8000000E+01   1.9455040E+03   4.0369672E-03   1.9455464E+03   4.4993324E+01  -6.9056129E+01   0.0000000E+00   0.0000000E+00   0.0000000E+00
     7.9000000E+01   1.9455040E+03   4.0880754E-03   1.9455461E+03   4.5946774E+01  -6.8627357E+01   0.0000000E+00   0.0000000E+00   0.0000000E+00
     8.0000000E+01   1.9455042E+03   4.0925676E-03   1.9455460E+03   4.6030972E+01  -6.8421982E+01   0.0000000E+00   0.0000000E+00   0.0000000E+00
     8.1000000E+01   1.9455040E+03   4.0392498E-03   1.9455460E+03   4.5035774E+01  -6.8373444E+01   0.0000000E+00   0.0000000E+00   0.0000000E+00
     8.2000000E+01   1.9455039E+03   3.9266185E-03   1.9455459E+03   4.2962166E+01  -6.8370667E+01   0.0000000E+00   0.0000000E+00   0.0000000E+00
     8.3000000E+01   1.9455039E+03   3.9548473E-03   1.9455459E+03   4.3478210E+01  -6.8262489E+01   0.0000000E+00   0.0000000E+00   0.0000000E+00
     8.4000000E+01   1.9455039E+03   3.9166361E-03   1.9455458E+03   4.2780273E+01  -6.8273468E+01   0.0000000E+00   0.0000000E+00   0.0000000E+00
     8.5000000E+01   1.9455038E+03   3.8077030E-03   1.9455457E+03   4.0815491E+01  -6.8264091E+01   0.0000000E+00   0.0000000E+00   0.0000000E+00
     8.6000000E+01   1.9455038E+03   3.7964198E-03   1.9455457E+03   4.0614094E+01  -6.8183258E+01   0.0000000E+00   0.0000000E+00   0.0000000E+00
     8.7000000E+01   1.9455038E+03   3.7404322E-03   1.9455455E+03   3.9620659E+01  -6.8155640E+01   0.0000000E+00   0.0000000E+00   0.0000000E+00
     8.8000000E+01   1.9455037E+03   3.6860269E-03   1.9455455E+03   3.8664753E+01  -6.8107689E+01   0.0000000E+00   0.0000000E+00   0.0000000E+00
     8.9000000E+01   1.9455037E+03   3.6457218E-03   1.9455454E+03   3.7962624E+01  -6.8039299E+01   0.0000000E+00   0.0000000E+00   0.0000000E+00
     9.0000000E+01   1.9455037E+03   3.6112992E-03   1.9455453E+03   3.7367085E+01  -6.7966530E+01   0.0000000E+00   0.0000000E+00   0.0000000E+00
     9.1000000E+01   1.9455035E+03   3.5861735E-03   1.9455453E+03   3.6934719E+01  -6.7894615E+01   0.0000000E+00   0.0000000E+00   0.0000000E+00
     9.2000000E+01   1.9455035E+03   3.5593759E-03   1.9455449E+03   3.6475845E+01  -6.7477196E+01   0.0000000E+00   0.0000000E+00   0.0000000E+00
     9.3000000E+01   1.9455035E+03   3.5366172E-03   1.9455447E+03   3.6087959E+01  -6.7127571E+01   0.0000000E+00   0.0000000E+00   0.0000000E+00
     9.4000000E+01   1.9455035E+03   3.5244189E-03   1.9455447E+03   3.5880756E+01  -6.6965477E+01   0.0000000E+00   0.0000000E+00   0.0000000E+00
     9.5000000E+01   1.9455035E+03   3.5412146E-03   1.9455446E+03   3.6166214E+01  -6.6873100E+01   0.0000000E+00   0.0000000E+00   0.0000000E+00
     9.6000000E+01   1.9455035E+03   3.5491302E-03   1.9455446E+03   3.6301067E+01  -6.6826035E+01   0.0000000E+00   0.0000000E+00   0.0000000E+00
     9.7000000E+01   1.9455037E+03   3.6924533E-03   1.9455447E+03   3.8777275E+01  -6.6743263E+01   0.0000000E+00   0.0000000E+00   0.0000000E+00
     9.8000000E+01   1.9455037E+03   3.6388487E-03   1.9455447E+03   3.7843536E+01  -6.6800209E+01   0.0000000E+00   0.0000000E+00   0.0000000E+00
     9.9000000E+01   1.9455037E+03   3.6416489E-03   1.9455446E+03   3.7892067E+01  -6.6770233E+01   0.0000000E+00   0.0000000E+00   0.0000000E+00
     1.0000000E+02   1.9455037E+03   3.6444354E-03   1.9455446E+03   3.7940407E+01  -6.6746895E+01   0.0000000E+00   0.0000000E+00   0.0000000E+00
     1.0100000E+02   1.9455037E+03   3.6475607E-03   1.9455446E+03   3.7994656E+01  -6.6723053E+01   0.0000000E+00   0.0000000E+00   0.0000000E+00
     1.0200000E+02   1.9455037E+03   3.6502632E-03   1.9455446E+03   3.8041958E+01  -6.6699127E+01   0.0000000E+00   0.0000000E+00   0.0000000E+00
     1.0300000E+02   1.9455037E+03   3.6525566E-03   1.9455446E+03   3.8081509E+01  -6.6672729E+01   0.0000000E+00   0.0000000E+00   0.0000000E+00
     1.0400000E+02   1.9455037E+03   3.6544013E-03   1.9455446E+03   3.8113575E+01  -6.6643898E+01   0.0000000E+00   0.0000000E+00   0.0000000E+00
     1.0500000E+02   1.9455037E+03   3.6557636E-03   1.9455446E+03   3.8137264E+01  -6.6609985E+01   0.0000000E+00   0.0000000E+00   0.0000000E+00
     1.0600000E+02   1.9455037E+03   3.6567268E-03   1.9455446E+03   3.8154022E+01  -6.6574265E+01   0.0000000E+00   0.0000000E+00   0.0000000E+00
     1.0700000E+02   1.9455037E+03   3.6570095E-03   1.9455444E+03   3.8158932E+01  -6.6537689E+01   0.0000000E+00   0.0000000E+00   0.0000000E+00
     1.0800000E+02   1.9455037E+03   3.6572416E-03   1.9455444E+03   3.8162975E+01  -6.6501907E+01   0.0000000E+00   0.0000000E+00   0.0000000E+00
     1.0900000E+02   1.9455037E+03   3.6570791E-03   1.9455444E+03   3.8160156E+01  -6.6471420E+01   0.0000000E+00   0.0000000E+00   0.0000000E+00
     1.1000000E+02   1.9455037E+03   3.6780199E-03   1.9455444E+03   3.8525352E+01  -6.6433228E+01   0.0000000E+00   0.0000000E+00   0.0000000E+00
     1.1100000E+02   1.9455037E+03   3.6597217E-03   1.9455444E+03   3.8206360E+01  -6.6414703E+01   0.0000000E+00   0.0000000E+00   0.0000000E+00
     1.1200000E+02   1.9455037E+03   3.6483905E-03   1.9455441E+03   3.8009453E+01  -6.5903206E+01   0.0000000E+00   0.0000000E+00   0.0000000E+00
     1.1300000E+02   1.9455037E+03   3.6505705E-03   1.9455439E+03   3.8047329E+01  -6.5679565E+01   0.0000000E+00   0.0000000E+00   0.0000000E+00
     1.1400000E+02   1.9455037E+03   3.6354777E-03   1.9455438E+03   3.7785477E+01  -6.5585342E+01   0.0000000E+00   0.0000000E+00   0.0000000E+00
     1.1500000E+02   1.9455037E+03   3.6355602E-03   1.9455438E+03   3.7786674E+01  -6.5523254E+01   0.0000000E+00   0.0000000E+00   0.0000000E+00
     1.1600000E+02   1.9455037E+03   3.7141740E-03   1.9455439E+03   3.9158379E+01  -6.5473511E+01   0.0000000E+00   0.0000000E+00   0.0000000E+00
     1.1700000E+02   1.9455037E+03   3.6577093E-03   1.9455438E+03   3.8171192E+01  -6.5495239E+01   0.0000000E+00   0.0000000E+00   0.0000000E+00
     1.1800000E+02   1.9455037E+03   3.6558956E-03   1.9455438E+03   3.8139633E+01  -6.5450607E+01   0.0000000E+00   0.0000000E+00   0.0000000E+00
     1.1900000E+02   1.9455037E+03   3.6944610E-03   1.9455438E+03   3.8812592E+01  -6.5399200E+01   0.0000000E+00   0.0000000E+00   0.0000000E+00
     1.2000000E+02   1.9455038E+03   3.7836758E-03   1.9455438E+03   4.0387337E+01  -6.5337135E+01   0.0000000E+00   0.0000000E+00   0.0000000E+00
     1.2100000E+02   1.9455038E+03   3.8288012E-03   1.9455439E+03   4.1193401E+01  -6.5325798E+01   0.0000000E+00   0.0000000E+00   0.0000000E+00
     1.2200000E+02   1.9455038E+03   3.7691400E-03   1.9455438E+03   4.0129078E+01  -6.5362228E+01   0.0000000E+00   0.0000000E+00   0.0000000E+00
     1.2300000E+02   1.9455038E+03   3.7518367E-03   1.9455438E+03   3.9822487E+01  -6.5329803E+01   0.0000000E+00   0.0000000E+00   0.0000000E+00
     1.2400000E+02   1.9455038E+03   3.7363088E-03   1.9455438E+03   3.9548153E+01  -6.5296471E+01   0.0000000E+00   0.0000000E+00   0.0000000E+00
     1.2500000E+02   1.9455037E+03   3.7224325E-03   1.9455438E+03   3.9303577E+01  -6.5264259E+01   0.0000000E+00   0.0000000E+00   0.0000000E+00
     1.2600000E+02   1.9455037E+03   3.7103214E-03   1.9455437E+03   3.9090652E+01  -6.5233086E+01   0.0000000E+00   0.0000000E+00   0.0000000E+00
     1.2700000E+02   1.9455037E+03   3.6996251E-03   1.9455437E+03   3.8902996E+01  -6.5202866E+01   0.0000000E+00   0.0000000E+00   0.0000000E+00
     1.2800000E+02   1.9455037E+03   3.6901252E-03   1.9455437E+03   3.8736633E+01  -6.5173668E+01   0.0000000E+00   0.0000000E+00   0.0000000E+00
     1.2900000E+02   1.9455037E+03   3.6815207E-03   1.9455437E+03   3.8586197E+01  -6.5140846E+01   0.0000000E+00   0.0000000E+00   0.0000000E+00
     1.3000000E+02   1.9455037E+03   3.6737244E-03   1.9455436E+03   3.8450096E+01  -6.5106293E+01   0.0000000E+00   0.0000000E+00   0.0000000E+00
     1.3100000E+02   1.9455037E+03   3.6666682E-03   1.9455436E+03   3.8327080E+01  -6.5071617E+01   0.0000000E+00   0.0000000E+00   0.0000000E+00
     1.3200000E+02   1.9455037E+03   3.6602754E-03   1.9455436E+03   3.8215767E+01  -6.5037521E+01   0.0000000E+00   0.0000000E+00   0.0000000E+00
     1.3300000E+02   1.9455037E+03   3.6919734E-03   1.9455436E+03   3.8768990E+01  -6.4983269E+01   0.0000000E+00   0.0000000E+00   0.0000000E+00
     1.3400000E+02   1.9455038E+03   3.7266477E-03   1.9455436E+03   3.9377804E+01  -6.4946999E+01   0.0000000E+00   0.0000000E+00   0.0000000E+00
     1.3500000E+02   1.9455039E+03   3.8723436E-03   1.9455437E+03   4.1977131E+01  -6.4883430E+01   0.0000000E+00   0.0000000E+00   0.0000000E+00
     1.3600000E+02   1.9455039E+03   3.9265701E-03   1.9455438E+03   4.2961475E+01  -6.4917511E+01   0.0000000E+00   0.0000000E+00   0.0000000E+00
     1.3700000E+02   1.9455043E+03   4.2418507E-03   1.9455441E+03   4.8863617E+01  -6.4850746E+01   0.0000000E+00   0.0000000E+00   0.0000000E+00
     1.3800000E+02   1.9455049E+03   4.8714029E-03   1.9455447E+03   6.1509155E+01  -6.4822784E+01   0.0000000E+00   0.0000000E+00   0.0000000E+00
     1.3900000E+02   1.9455048E+03   4.7885706E-03   1.9455448E+03   5.9772846E+01  -6.5171181E+01   0.0000000E+00   0.0000000E+00   0.0000000E+00
     1.4000000E+02   1.9455051E+03   5.0686998E-03   1.9455450E+03   6.5721893E+01  -6.5119926E+01   0.0000000E+00   0.0000000E+00   0.0000000E+00
     1.4100000E+02   1.9455054E+03   5.3655677E-03   1.9455453E+03   7.2268806E+01  -6.5140198E+01   0.0000000E+00   0.0000000E+00   0.0000000E+00
     1.4200000E+02   1.9455055E+03   5.4476345E-03   1.9455454E+03   7.4122185E+01  -6.5068573E+01   0.0000000E+00   0.0000000E+00   0.0000000E+00
     1.4300000E+02   1.9455054E+03   5.4059024E-03   1.9455453E+03   7.3177551E+01  -6.4985451E+01   0.0000000E+00   0.0000000E+00   0.0000000E+00
     1.4400000E+02   1.9455049E+03   4.8416997E-03   1.9455449E+03   6.0883667E+01  -6.5264366E+01   0.0000000E+00   0.0000000E+00   0.0000000E+00
     1.4500000E+02   1.9455048E+03   4.7140643E-03   1.9455447E+03   5.8228539E+01  -6.5151634E+01   0.0000000E+00   0.0000000E+00   0.0000000E+00
     1.4600000E+02   1.9455046E+03   4.6966518E-03   1.9455447E+03   5.7870049E+01  -6.5097847E+01   0.0000000E+00   0.0000000E+00   0.0000000E+00
     1.4700000E+02   1.9455045E+03   4.5209178E-03   1.9455446E+03   5.4300034E+01  -6.5233208E+01   0.0000000E+00   0.0000000E+00   0.0000000E+00
     1.4800000E+02   1.9455046E+03   4.6037217E-03   1.9455446E+03   5.5971050E+01  -6.5128296E+01   0.0000000E+00   0.0000000E+00   0.0000000E+00
     1.4900000E+02   1.9455044E+03   4.4247648E-03   1.9455444E+03   5.2385151E+01  -6.5242020E+01   0.0000000E+00   0.0000000E+00   0.0000000E+00
     1.5000000E+02   1.9455044E+03   4.3623168E-03   1.9455444E+03   5.1156185E+01  -6.5222168E+01   0.0000000E+00   0.0000000E+00   0.0000000E+00
     1.5100000E+02   1.9455043E+03   4.2988132E-03   1.9455443E+03   4.9918278E+01  -6.5225235E+01   0.0000000E+00   0.0000000E+00   0.0000000E+00
     1.5200000E+02   1.9455044E+03   4.3504369E-03   1.9455443E+03   5.0923832E+01  -6.5168159E+01   0.0000000E+00   0.0000000E+00   0.0000000E+00
     1.5300000E+02   1.9455044E+03   4.3350444E-03   1.9455443E+03   5.0623188E+01  -6.5181351E+01   0.0000000E+00   0.0000000E+00   0.0000000E+00
     1.5400000E+02   1.9455045E+03   4.5704050E-03   1.9455444E+03   5.5296551E+01  -6.5055374E+01   0.0000000E+00   0.0000000E+00   0.0000000E+00
     1.5500000E+02   1.9455044E+03   4.3704971E-03   1.9455444E+03   5.1316322E+01  -6.5301895E+01   0.0000000E+00   0.0000000E+00   0.0000000E+00
     1.5600000E+02   1.9455042E+03   4.1621840E-03   1.9455443E+03   4.7343590E+01  -6.5378586E+01   0.0000000E+00   0.0000000E+00   0.0000000E+00
     1.5700000E+02   1.9455040E+03   4.0780576E-03   1.9455442E+03   4.5759434E+01  -6.5319107E+01   0.0000000E+00   0.0000000E+00   0.0000000E+00
     1.5800000E+02   1.9455042E+03   4.0906565E-03   1.9455442E+03   4.5995312E+01  -6.5252670E+01   0.0000000E+00   0.0000000E+00   0.0000000E+00
     1.5900000E+02   1.9455039E+03   3.9068540E-03   1.9455439E+03   4.2602501E+01  -6.5318253E+01   0.0000000E+00   0.0000000E+00   0.0000000E+00
     1.6000000E+02   1.9455038E+03   3.7937374E-03   1.9455438E+03   4.0566452E+01  -6.5277878E+01   0.0000000E+00   0.0000000E+00   0.0000000E+00
     1.6100000E+02   1.9455037E+03   3.6919687E-03   1.9455437E+03   3.8768890E+01  -6.5237335E+01   0.0000000E+00   0.0000000E+00   0.0000000E+00
     1.6200000E+02   1.9455035E+03   3.5924113E-03   1.9455436E+03   3.7042046E+01  -6.5186020E+01   0.0000000E+00   0.0000000E+00   0.0000000E+00
     1.6300000E+02   1.9455035E+03   3.5266289E-03   1.9455435E+03   3.5918365E+01  -6.5092880E+01   0.0000000E+00   0.0000000E+00   0.0000000E+00
     1.6400000E+02   1.9455035E+03   3.4895898E-03   1.9455433E+03   3.5291779E+01  -6.4997696E+01   0.0000000E+00   0.0000000E+00   0.0000000E+00
     1.6500000E+02   1.9455035E+03   3.5653487E-03   1.9455433E+03   3.6578110E+01  -6.4880219E+01   0.0000000E+00   0.0000000E+00   0.0000000E+00
     1.6600000E+02   1.9455035E+03   3.4903770E-03   1.9455433E+03   3.5305054E+01  -6.4883606E+01   0.0000000E+00   0.0000000E+00   0.0000000E+00
     1.6700000E+02   1.9455035E+03   3.4814398E-03   1.9455432E+03   3.5154510E+01  -6.4788979E+01   0.0000000E+00   0.0000000E+00   0.0000000E+00
     1.6800000E+02   1.9455034E+03   3.4749955E-03   1.9455432E+03   3.5046120E+01  -6.4707260E+01   0.0000000E+00   0.0000000E+00   0.0000000E+00
     1.6900000E+02   1.9455034E+03   3.4754490E-03   1.9455431E+03   3.5053745E+01  -6.4635048E+01   0.0000000E+00   0.0000000E+00   0.0000000E+00
     1.7000000E+02   1.9455035E+03   3.4907211E-03   1.9455431E+03   3.5310879E+01  -6.4563194E+01   0.0000000E+00   0.0000000E+00   0.0000000E+00
     1.7100000E+02   1.9455037E+03   3.6513796E-03   1.9455432E+03   3.8061115E+01  -6.4433838E+01   0.0000000E+00   0.0000000E+00   0.0000000E+00
     1.7200000E+02   1.9455035E+03   3.5429145E-03   1.9455431E+03   3.6195305E+01  -6.4491020E+01   0.0000000E+00   0.0000000E+00   0.0000000E+00
     1.7300000E+02   1.9455037E+03   3.6547282E-03   1.9455432E+03   3.8119316E+01  -6.4376892E+01   0.0000000E+00   0.0000000E+00   0.0000000E+00
     1.7400000E+02   1.9455037E+03   3.6821708E-03   1.9455432E+03   3.8597603E+01  -6.4378105E+01   0.0000000E+00   0.0000000E+00   0.0000000E+00
     1.7500000E+02   1.9455037E+03   3.6032556E-03   1.9455431E+03   3.7228668E+01  -6.4421608E+01   0.0000000E+00   0.0000000E+00   0.0000000E+00
     1.7600000E+02   1.9455035E+03   3.5530124E-03   1.9455431E+03   3.6367443E+01  -6.4362663E+01   0.0000000E+00   0.0000000E+00   0.0000000E+00
     1.7700000E+02   1.9455044E+03   4.4269054E-03   1.9455438E+03   5.2430141E+01  -6.4103149E+01   0.0000000E+00   0.0000000E+00   0.0000000E+00
     1.7800000E+02   1.9455038E+03   3.7396983E-03   1.9455435E+03   3.9607925E+01  -6.4667885E+01   0.0000000E+00   0.0000000E+00   0.0000000E+00
     1.7900000E+02   1.9455038E+03   3.8122768E-03   1.9455433E+03   4.0897472E+01  -6.4417580E+01   0.0000000E+00   0.0000000E+00   0.0000000E+00
     1.8000000E+02   1.9455039E+03   3.9074775E-03   1.9455433E+03   4.2613880E+01  -6.4349754E+01   0.0000000E+00   0.0000000E+00   0.0000000E+00
     1.8100000E+02   1.9455038E+03   3.7544321E-03   1.9455433E+03   3.9868385E+01  -6.4445572E+01   0.0000000E+00   0.0000000E+00   0.0000000E+00
     1.8200000E+02   1.9455037E+03   3.6906505E-03   1.9455431E+03   3.8745876E+01  -6.4300735E+01   0.0000000E+00   0.0000000E+00   0.0000000E+00
     1.8300000E+02   1.9455037E+03   3.6746429E-03   1.9455431E+03   3.8466179E+01  -6.4201996E+01   0.0000000E+00   0.0000000E+00   0.0000000E+00
     1.8400000E+02   1.9455039E+03   3.9114458E-03   1.9455432E+03   4.2686058E+01  -6.4057426E+01   0.0000000E+00   0.0000000E+00   0.0000000E+00
     1.8500000E+02   1.9455038E+03   3.7718744E-03   1.9455432E+03   4.0177612E+01  -6.4192680E+01   0.0000000E+00   0.0000000E+00   0.0000000E+00
     1.8600000E+02   1.9455037E+03   3.7197776E-03   1.9455431E+03   3.9256924E+01  -6.4165352E+01   0.0000000E+00   0.0000000E+00   0.0000000E+00
     1.8700000E+02   1.9455037E+03   3.7106611E-03   1.9455431E+03   3.9096699E+01  -6.4143425E+01   0.0000000E+00   0.0000000E+00   0.0000000E+00
     1.8800000E+02   1.9455037E+03   3.6582097E-03   1.9455430E+03   3.8179878E+01  -6.4151169E+01   0.0000000E+00   0.0000000E+00   0.0000000E+00
     1.8900000E+02   1.9455037E+03   3.6138324E-03   1.9455430E+03   3.7411068E+01  -6.4114090E+01   0.0000000E+00   0.0000000E+00   0.0000000E+00
     1.9000000E+02   1.9455035E+03   3.5823898E-03   1.9455428E+03   3.6870056E+01  -6.4052422E+01   0.0000000E+00   0.0000000E+00   0.0000000E+00
     1.9100000E+02   1.9455035E+03   3.5657072E-03   1.9455428E+03   3.6584301E+01  -6.4004837E+01   0.0000000E+00   0.0000000E+00   0.0000000E+00
     1.9200000E+02   1.9455035E+03   3.5412952E-03   1.9455427E+03   3.6167782E+01  -6.3805660E+01   0.0000000E+00   0.0000000E+00   0.0000000E+00
     1.9300000E+02   1.9455035E+03   3.5110782E-03   1.9455425E+03   3.5654873E+01  -6.3512196E+01   0.0000000E+00   0.0000000E+00   0.0000000E+00
     1.9400000E+02   1.9455035E+03   3.4956846E-03   1.9455424E+03   3.5394707E+01  -6.3369770E+01   0.0000000E+00   0.0000000E+00   0.0000000E+00
     1.9500000E+02   1.9455035E+03   3.4843341E-03   1.9455424E+03   3.5203342E+01  -6.3304710E+01   0.0000000E+00   0.0000000E+00   0.0000000E+00
     1.9600000E+02   1.9455034E+03   3.4695913E-03   1.9455422E+03   3.4955414E+01  -6.3271652E+01   0.0000000E+00   0.0000000E+00   0.0000000E+00
     1.9700000E+02   1.9455034E+03   3.4476127E-03   1.9455422E+03   3.4587116E+01  -6.3246025E+01   0.0000000E+00   0.0000000E+00   0.0000000E+00
     1.9800000E+02   1.9455034E+03   3.4248130E-03   1.9455422E+03   3.4206703E+01  -6.3205921E+01   0.0000000E+00   0.0000000E+00   0.0000000E+00
     1.9900000E+02   1.9455034E+03   3.4092250E-03   1.9455421E+03   3.3947582E+01  -6.3165298E+01   0.0000000E+00   0.0000000E+00   0.0000000E+00
     2.0000000E+02   1.9455034E+03   3.3925849E-03   1.9455421E+03   3.3671844E+01  -6.3109936E+01   0.0000000E+00   0.0000000E+00   0.0000000E+00
     2.0100000E+02   1.9455034E+03   3.3572081E-03   1.9455421E+03   3.3088619E+01  -6.3092167E+01   0.0000000E+00   0.0000000E+00   0.0000000E+00
     2.0200000E+02   1.9455034E+03   3.4595875E-03   1.9455421E+03   3.4787601E+01  -6.3012196E+01   0.0000000E+00   0.0000000E+00   0.0000000E+00
     2.0300000E+02   1.9455034E+03   3.3852966E-03   1.9455421E+03   3.3551361E+01  -6.3040672E+01   0.0000000E+00   0.0000000E+00   0.0000000E+00
     2.0400000E+02   1.9455034E+03   3.3605807E-03   1.9455420E+03   3.3144051E+01  -6.3032246E+01   0.0000000E+00   0.0000000E+00   0.0000000E+00
     2.0500000E+02   1.9455034E+03   3.3624053E-03   1.9455420E+03   3.3174057E+01  -6.2961449E+01   0.0000000E+00   0.0000000E+00   0.0000000E+00
     2.0600000E+02   1.9455033E+03   3.3316843E-03   1.9455420E+03   3.2670380E+01  -6.2937965E+01   0.0000000E+00   0.0000000E+00   0.0000000E+00
     2.0700000E+02   1.9455033E+03   3.3278766E-03   1.9455419E+03   3.2608170E+01  -6.2857723E+01   0.0000000E+00   0.0000000E+00   0.0000000E+00
     2.0800000E+02   1.9455033E+03   3.3020047E-03   1.9455419E+03   3.2186714E+01  -6.2818405E+01   0.0000000E+00   0.0000000E+00   0.0000000E+00
     2.0900000E+02   1.9455034E+03   3.3594714E-03   1.9455419E+03   3.3125839E+01  -6.2741306E+01   0.0000000E+00   0.0000000E+00   0.0000000E+00
     2.1000000E+02   1.9455033E+03   3.3096753E-03   1.9455419E+03   3.2311447E+01  -6.2771690E+01   0.0000000E+00   0.0000000E+00   0.0000000E+00
     2.1100000E+02   1.9455033E+03   3.3209440E-03   1.9455417E+03   3.2495029E+01  -6.2716900E+01   0.0000000E+00   0.0000000E+00   0.0000000E+00
     2.1200000E+02   1.9455033E+03   3.2962323E-03   1.9455417E+03   3.2092991E+01  -6.2691444E+01   0.0000000E+00   0.0000000E+00   0.0000000E+00
     2.1300000E+02   1.9455033E+03   3.2897941E-03   1.9455417E+03   3.1988581E+01  -6.2614666E+01   0.0000000E+00   0.0000000E+00   0.0000000E+00
     2.1400000E+02   1.9455033E+03   3.2713760E-03   1.9455416E+03   3.1690628E+01  -6.2573380E+01   0.0000000E+00   0.0000000E+00   0.0000000E+00
     2.1500000E+02   1.9455033E+03   3.2839652E-03   1.9455416E+03   3.1894167E+01  -6.2526039E+01   0.0000000E+00   0.0000000E+00   0.0000000E+00
     2.1600000E+02   1.9455033E+03   3.2813041E-03   1.9455416E+03   3.1851105E+01  -6.2523460E+01   0.0000000E+00   0.0000000E+00   0.0000000E+00
     2.1700000E+02   1.9455033E+03   3.2952272E-03   1.9455416E+03   3.2076694E+01  -6.2485645E+01   0.0000000E+00   0.0000000E+00   0.0000000E+00
     2.1800000E+02   1.9455033E+03   3.2918833E-03   1.9455416E+03   3.2022461E+01  -6.2488857E+01   0.0000000E+00   0.0000000E+00   0.0000000E+00
     2.1900000E+02   1.9455033E+03   3.3086012E-03   1.9455416E+03   3.2293995E+01  -6.2450233E+01   0.0000000E+00   0.0000000E+00   0.0000000E+00
     2.2000000E+02   1.9455033E+03   3.3034098E-03   1.9455416E+03   3.2209576E+01  -6.2456211E+01   0.0000000E+00   0.0000000E+00   0.0000000E+00
     2.2100000E+02   1.9455033E+03   3.3223941E-03   1.9455416E+03   3.2518711E+01  -6.2415993E+01   0.0000000E+00   0.0000000E+00   0.0000000E+00
     2.2200000E+02   1.9455033E+03   3.3143216E-03   1.9455416E+03   3.2387119E+01  -6.2424408E+01   0.0000000E+00   0.0000000E+00   0.0000000E+00
     2.2300000E+02   1.9455033E+03   3.3342158E-03   1.9455416E+03   3.2711807E+01  -6.2382168E+01   0.0000000E+00   0.0000000E+00   0.0000000E+00
     2.2400000E+02   1.9455033E+03   3.3239338E-03   1.9455416E+03   3.2543835E+01  -6.2391880E+01   0.0000000E+00   0.0000000E+00   0.0000000E+00
     2.2500000E+02   1.9455033E+03   3.3450979E-03   1.9455416E+03   3.2889965E+01  -6.2347965E+01   0.0000000E+00   0.0000000E+00   0.0000000E+00
     2.2600000E+02   1.9455033E+03   3.3320433E-03   1.9455416E+03   3.2676292E+01  -6.2359352E+01   0.0000000E+00   0.0000000E+00   0.0000000E+00
     2.2700000E+02   1.9455034E+03   3.3830255E-03   1.9455416E+03   3.3513901E+01  -6.2307552E+01   0.0000000E+00   0.0000000E+00   0.0000000E+00
     2.2800000E+02   1.9455034E+03   3.3809685E-03   1.9455416E+03   3.3479939E+01  -6.2337788E+01   0.0000000E+00   0.0000000E+00   0.0000000E+00
     2.2900000E+02   1.9455034E+03   3.4230649E-03   1.9455416E+03   3.4177662E+01  -6.2290699E+01   0.0000000E+00   0.0000000E+00   0.0000000E+00
     2.3000000E+02   1.9455034E+03   3.3708285E-03   1.9455416E+03   3.3312740E+01  -6.2337154E+01   0.0000000E+00   0.0000000E+00   0.0000000E+00
     2.3100000E+02   1.9455042E+03   4.1417624E-03   1.9455422E+03   4.6916756E+01  -6.2147572E+01   0.0000000E+00   0.0000000E+00   0.0000000E+00
     2.3200000E+02   1.9455038E+03   3.8003284E-03   1.9455422E+03   4.0684135E+01  -6.2622612E+01   0.0000000E+00   0.0000000E+00   0.0000000E+00
     2.3300000E+02   1.9455037E+03   3.6985900E-03   1.9455421E+03   3.8885006E+01  -6.2610039E+01   0.0000000E+00   0.0000000E+00   0.0000000E+00
     2.3400000E+02   1.9455037E+03   3.6684626E-03   1.9455420E+03   3.8358501E+01  -6.2530819E+01   0.0000000E+00   0.0000000E+00   0.0000000E+00
     2.3500000E+02   1.9455037E+03   3.6519188E-03   1.9455420E+03   3.8070602E+01  -6.2470673E+01   0.0000000E+00   0.0000000E+00   0.0000000E+00
     2.3600000E+02   1.9455037E+03   3.6365632E-03   1.9455420E+03   3.7804157E+01  -6.2426144E+01   0.0000000E+00   0.0000000E+00   0.0000000E+00
     2.3700000E+02   1.9455037E+03   3.6231556E-03   1.9455419E+03   3.7572128E+01  -6.2388039E+01   0.0000000E+00   0.0000000E+00   0.0000000E+00
     2.3800000E+02   1.9455037E+03   3.6709034E-03   1.9455419E+03   3.8401062E+01  -6.2342243E+01   0.0000000E+00   0.0000000E+00   0.0000000E+00
     2.3900000E+02   1.9455039E+03   3.8708092E-03   1.9455421E+03   4.1949539E+01  -6.2303497E+01   0.0000000E+00   0.0000000E+00   0.0000000E+00
     2.4000000E+02   1.9455037E+03   3.7022419E-03   1.9455420E+03   3.8949032E+01  -6.2444698E+01   0.0000000E+00   0.0000000E+00   0.0000000E+00
     2.4100000E+02   1.9455037E+03   3.6686889E-03   1.9455420E+03   3.8362450E+01  -6.2387215E+01   0.0000000E+00   0.0000000E+00   0.0000000E+00
     2.4200000E+02   1.9455037E+03   3.6528052E-03   1.9455419E+03   3.8086018E+01  -6.2335697E+01   0.0000000E+00   0.0000000E+00   0.0000000E+00
     2.4300000E+02   1.9455037E+03   3.6370158E-03   1.9455419E+03   3.7812012E+01  -6.2296947E+01   0.0000000E+00   0.0000000E+00   0.0000000E+00
     2.4400000E+02   1.9455037E+03   3.6184057E-03   1.9455419E+03   3.7490074E+01  -6.2263401E+01   0.0000000E+00   0.0000000E+00   0.0000000E+00
     2.4500000E+02   1.9455037E+03   3.6013038E-03   1.9455417E+03   3.7195194E+01  -6.2228859E+01   0.0000000E+00   0.0000000E+00   0.0000000E+00
     2.4600000E+02   1.9455035E+03   3.5159832E-03   1.9455416E+03   3.5738014E+01  -6.2190655E+01   0.0000000E+00   0.0000000E+00   0.0000000E+00
     2.4700000E+02   1.9455034E+03   3.4396718E-03   1.9455415E+03   3.4454502E+01  -6.2094212E+01   0.0000000E+00   0.0000000E+00   0.0000000E+00
     2.4800000E+02   1.9455034E+03   3.3694264E-03   1.9455415E+03   3.3289665E+01  -6.2045761E+01   0.0000000E+00   0.0000000E+00   0.0000000E+00
     2.4900000E+02   1.9455033E+03   3.3377334E-03   1.9455414E+03   3.2769382E+01  -6.1935207E+01   0.0000000E+00   0.0000000E+00   0.0000000E+00
     2.5000000E+02   1.9455033E+03   3.2876483E-03   1.9455413E+03   3.1953859E+01  -6.1887440E+01   0.0000000E+00   0.0000000E+00   0.0000000E+00
     2.5100000E+02   1.9455033E+03   3.2734652E-03   1.9455411E+03   3.1724419E+01  -6.1800842E+01   0.0000000E+00   0.0000000E+00   0.0000000E+00
     2.5200000E+02   1.9455033E+03   3.2495488E-03   1.9455411E+03   3.1339024E+01  -6.1764561E+01   0.0000000E+00   0.0000000E+00   0.0000000E+00
     2.5300000E+02   1.9455033E+03   3.2420079E-03   1.9455411E+03   3.1217897E+01  -6.1706509E+01   0.0000000E+00   0.0000000E+00   0.0000000E+00
     2.5400000E+02   1.9455033E+03   3.2353627E-03   1.9455411E+03   3.1111317E+01  -6.1678875E+01   0.0000000E+00   0.0000000E+00   0.0000000E+00
     2.5500000E+02   1.9455032E+03   3.2328377E-03   1.9455410E+03   3.1070858E+01  -6.1637150E+01   0.0000000E+00   0.0000000E+00   0.0000000E+00
     2.5600000E+02   1.9455032E+03   3.2311743E-03   1.9455410E+03   3.1044218E+01  -6.1619537E+01   0.0000000E+00   0.0000000E+00   0.0000000E+00
     2.5700000E+02   1.9455032E+03   3.2291068E-03   1.9455410E+03   3.1011118E+01  -6.1585880E+01   0.0000000E+00   0.0000000E+00   0.0000000E+00
     2.5800000E+02   1.9455032E+03   3.2278083E-03   1.9455410E+03   3.0990334E+01  -6.1574070E+01   0.0000000E+00   0.0000000E+00   0.0000000E+00
     2.5900000E+02   1.9455032E+03   3.2260166E-03   1.9455410E+03   3.0961670E+01  -6.1544010E+01   0.0000000E+00   0.0000000E+00   0.0000000E+00
     2.6000000E+02   1.9455032E+03   3.2248034E-03   1.9455410E+03   3.0942266E+01  -6.1530247E+01   0.0000000E+00   0.0000000E+00   0.0000000E+00
     2.6100000E+02   1.9455032E+03   3.2231398E-03   1.9455410E+03   3.0915665E+01  -6.1500088E+01   0.0000000E+00   0.0000000E+00   0.0000000E+00
     2.6200000E+02   1.9455032E+03   3.2220781E-03   1.9455409E+03   3.0898695E+01  -6.1487389E+01   0.0000000E+00   0.0000000E+00   0.0000000E+00
     2.6300000E+02   1.9455032E+03   3.2205479E-03   1.9455409E+03   3.0874241E+01  -6.1458088E+01   0.0000000E+00   0.0000000E+00   0.0000000E+00
     2.6400000E+02   1.9455032E+03   3.2196003E-03   1.9455409E+03   3.0859100E+01  -6.1445946E+01   0.0000000E+00   0.0000000E+00   0.0000000E+00
     2.6500000E+02   1.9455032E+03   3.2181963E-03   1.9455409E+03   3.0836678E+01  -6.1417900E+01   0.0000000E+00   0.0000000E+00   0.0000000E+00
     2.6600000E+02   1.9455032E+03   3.2173528E-03   1.9455409E+03   3.0823206E+01  -6.1406540E+01   0.0000000E+00   0.0000000E+00   0.0000000E+00
     2.6700000E+02   1.9455032E+03   3.2160576E-03   1.9455409E+03   3.0802526E+01  -6.1379650E+01   0.0000000E+00   0.0000000E+00   0.0000000E+00
     2.6800000E+02   1.9455032E+03   3.2153053E-03   1.9455409E+03   3.0790522E+01  -6.1369095E+01   0.0000000E+00   0.0000000E+00   0.0000000E+00
     2.6900000E+02   1.9455032E+03   3.2140953E-03   1.9455409E+03   3.0771210E+01  -6.1343002E+01   0.0000000E+00   0.0000000E+00   0.0000000E+00
     2.7000000E+02   1.9455032E+03   3.2133968E-03   1.9455409E+03   3.0760067E+01  -6.1332394E+01   0.0000000E+00   0.0000000E+00   0.0000000E+00
     2.7100000E+02   1.9455032E+03   3.2122510E-03   1.9455409E+03   3.0741789E+01  -6.1306732E+01   0.0000000E+00   0.0000000E+00   0.0000000E+00
     2.7200000E+02   1.9455032E+03   3.2116184E-03   1.9455408E+03   3.0731701E+01  -6.1296734E+01   0.0000000E+00   0.0000000E+00   0.0000000E+00
     2.7300000E+02   1.9455032E+03   3.2105313E-03   1.9455408E+03   3.0714365E+01  -6.1271576E+01   0.0000000E+00   0.0000000E+00   0.0000000E+00
     2.7400000E+02   1.9455032E+03   3.2099409E-03   1.9455408E+03   3.0704948E+01  -6.1261642E+01   0.0000000E+00   0.0000000E+00   0.0000000E+00
     2.7500000E+02   1.9455032E+03   3.2089085E-03   1.9455408E+03   3.0688494E+01  -6.1237068E+01   0.0000000E+00   0.0000000E+00   0.0000000E+00
     2.7600000E+02   1.9455032E+03   3.2083974E-03   1.9455408E+03   3.0680349E+01  -6.1228596E+01   0.0000000E+00   0.0000000E+00   0.0000000E+00
     2.7700000E+02   1.9455032E+03   3.2074424E-03   1.9455408E+03   3.0665127E+01  -6.1205475E+01   0.0000000E+00   0.0000000E+00   0.0000000E+00
     2.7800000E+02   1.9455032E+03   3.2069529E-03   1.9455408E+03   3.0657330E+01  -6.1196758E+01   0.0000000E+00   0.0000000E+00   0.0000000E+00
     2.7900000E+02   1.9455032E+03   3.2060214E-03   1.9455408E+03   3.0642490E+01  -6.1173542E+01   0.0000000E+00   0.0000000E+00   0.0000000E+00
     2.8000000E+02   1.9455032E+03   3.2034486E-03   1.9455406E+03   3.0601519E+01  -6.1097672E+01   0.0000000E+00   0.0000000E+00   0.0000000E+00
     2.8100000E+02   1.9455032E+03   3.1954721E-03   1.9455405E+03   3.0474630E+01  -6.0849606E+01   0.0000000E+00   0.0000000E+00   0.0000000E+00
     2.8200000E+02   1.9455032E+03   3.1922495E-03   1.9455405E+03   3.0423429E+01  -6.0752571E+01   0.0000000E+00   0.0000000E+00   0.0000000E+00
     2.8300000E+02   1.9455032E+03   3.1902965E-03   1.9455404E+03   3.0392414E+01  -6.0695602E+01   0.0000000E+00   0.0000000E+00   0.0000000E+00
     2.8400000E+02   1.9455032E+03   3.1897160E-03   1.9455404E+03   3.0383196E+01  -6.0681931E+01   0.0000000E+00   0.0000000E+00   0.0000000E+00
     2.8500000E+02   1.9455032E+03   3.1892159E-03   1.9455404E+03   3.0375259E+01  -6.0670547E+01   0.0000000E+00   0.0000000E+00   0.0000000E+00
     2.8600000E+02   1.9455032E+03   3.1893207E-03   1.9455404E+03   3.0376923E+01  -6.0678104E+01   0.0000000E+00   0.0000000E+00   0.0000000E+00
     2.8700000E+02   1.9455032E+03   3.1890725E-03   1.9455404E+03   3.0372990E+01  -6.0674232E+01   0.0000000E+00   0.0000000E+00   0.0000000E+00
     2.8800000E+02   1.9455032E+03   3.1892497E-03   1.9455404E+03   3.0375797E+01  -6.0683617E+01   0.0000000E+00   0.0000000E+00   0.0000000E+00
     2.8900000E+02   1.9455032E+03   3.1890110E-03   1.9455404E+03   3.0372013E+01  -6.0679607E+01   0.0000000E+00   0.0000000E+00   0.0000000E+00
     2.9000000E+02   1.9455032E+03   3.1891314E-03   1.9455404E+03   3.0373917E+01  -6.0686775E+01   0.0000000E+00   0.0000000E+00   0.0000000E+00
     2.9100000E+02   1.9455032E+03   3.1888282E-03   1.9455404E+03   3.0369104E+01  -6.0680325E+01   0.0000000E+00   0.0000000E+00   0.0000000E+00
     2.9200000E+02   1.9455032E+03   3.1889095E-03   1.9455404E+03   3.0370394E+01  -6.0685905E+01   0.0000000E+00   0.0000000E+00   0.0000000E+00
     2.9300000E+02   1.9455032E+03   3.1885835E-03   1.9455404E+03   3.0365221E+01  -6.0678394E+01   0.0000000E+00   0.0000000E+00   0.0000000E+00
     2.9400000E+02   1.9455032E+03   3.1886299E-03   1.9455404E+03   3.0365957E+01  -6.0682549E+01   0.0000000E+00   0.0000000E+00   0.0000000E+00
     2.9500000E+02   1.9455032E+03   3.1882697E-03   1.9455404E+03   3.0360239E+01  -6.0673649E+01   0.0000000E+00   0.0000000E+00   0.0000000E+00
     2.9600000E+02   1.9455032E+03   3.1882757E-03   1.9455404E+03   3.0360338E+01  -6.0676247E+01   0.0000000E+00   0.0000000E+00   0.0000000E+00
     2.9700000E+02   1.9455032E+03   3.1878799E-03   1.9455404E+03   3.0354055E+01  -6.0665951E+01   0.0000000E+00   0.0000000E+00   0.0000000E+00
     2.9800000E+02   1.9455032E+03   3.2112342E-03   1.9455409E+03   3.0725571E+01  -6.1411133E+01   0.0000000E+00   0.0000000E+00   0.0000000E+00
     2.9900000E+02   1.9455032E+03   3.2225382E-03   1.9455411E+03   3.0906040E+01  -6.1774109E+01   0.0000000E+00   0.0000000E+00   0.0000000E+00
     3.0000000E+02   1.9455032E+03   3.2253535E-03   1.9455411E+03   3.0951063E+01  -6.1866085E+01   0.0000000E+00   0.0000000E+00   0.0000000E+00
     3.0100000E+02   1.9455032E+03   3.2254797E-03   1.9455411E+03   3.0953085E+01  -6.1871952E+01   0.0000000E+00   0.0000000E+00   0.0000000E+00
     3.0200000E+02   1.9455032E+03   3.2256106E-03   1.9455411E+03   3.0955214E+01  -6.1877945E+01   0.0000000E+00   0.0000000E+00   0.0000000E+00
     3.0300000E+02   1.9455032E+03   3.2252111E-03   1.9455411E+03   3.0948780E+01  -6.1866718E+01   0.0000000E+00   0.0000000E+00   0.0000000E+00
     3.0400000E+02   1.9455032E+03   3.2251328E-03   1.9455411E+03   3.0947573E+01  -6.1865856E+01   0.0000000E+00   0.0000000E+00   0.0000000E+00
     3.0500000E+02   1.9455032E+03   3.2246383E-03   1.9455411E+03   3.0939621E+01  -6.1851429E+01   0.0000000E+00   0.0000000E+00   0.0000000E+00
     3.0600000E+02   1.9455032E+03   3.2245100E-03   1.9455411E+03   3.0937613E+01  -6.1848808E+01   0.0000000E+00   0.0000000E+00   0.0000000E+00
     3.0700000E+02   1.9455032E+03   3.2238208E-03   1.9455411E+03   3.0926548E+01  -6.1828007E+01   0.0000000E+00   0.0000000E+00   0.0000000E+00
     3.0800000E+02   1.9455032E+03   3.2233393E-03   1.9455411E+03   3.0918850E+01  -6.1813869E+01   0.0000000E+00   0.0000000E+00   0.0000000E+00
     3.0900000E+02   1.9455032E+03   3.2204916E-03   1.9455411E+03   3.0873335E+01  -6.1724030E+01   0.0000000E+00   0.0000000E+00   0.0000000E+00
     3.1000000E+02   1.9455032E+03   3.2194019E-03   1.9455410E+03   3.0855928E+01  -6.1690350E+01   0.0000000E+00   0.0000000E+00   0.0000000E+00
     3.1100000E+02   1.9455032E+03   3.2184636E-03   1.9455410E+03   3.0840940E+01  -6.1661449E+01   0.0000000E+00   0.0000000E+00   0.0000000E+00
     3.1200000E+02   1.9455032E+03   3.2180820E-03   1.9455410E+03   3.0834848E+01  -6.1650284E+01   0.0000000E+00   0.0000000E+00   0.0000000E+00
     3.1300000E+02   1.9455032E+03   3.2174233E-03   1.9455410E+03   3.0824329E+01  -6.1630211E+01   0.0000000E+00   0.0000000E+00   0.0000000E+00
     3.1400000E+02   1.9455032E+03   3.2171505E-03   1.9455410E+03   3.0819975E+01  -6.1622421E+01   0.0000000E+00   0.0000000E+00   0.0000000E+00
     3.1500000E+02   1.9455032E+03   3.2165237E-03   1.9455410E+03   3.0809967E+01  -6.1603275E+01   0.0000000E+00   0.0000000E+00   0.0000000E+00
     3.1600000E+02   1.9455032E+03   3.2162482E-03   1.9455410E+03   3.0805573E+01  -6.1595314E+01   0.0000000E+00   0.0000000E+00   0.0000000E+00
     3.1700000E+02   1.9455032E+03   3.2156303E-03   1.9455410E+03   3.0795706E+01  -6.1576366E+01   0.0000000E+00   0.0000000E+00   0.0000000E+00
     3.1800000E+02   1.9455032E+03   3.2148953E-03   1.9455410E+03   3.0784006E+01  -6.1553715E+01   0.0000000E+00   0.0000000E+00   0.0000000E+00
     3.1900000E+02   1.9455032E+03   3.2113190E-03   1.9455409E+03   3.0726929E+01  -6.1440269E+01   0.0000000E+00   0.0000000E+00   0.0000000E+00
     3.2000000E+02   1.9455032E+03   3.2099062E-03   1.9455409E+03   3.0704426E+01  -6.1395935E+01   0.0000000E+00   0.0000000E+00   0.0000000E+00
     3.2100000E+02   1.9455032E+03   3.2088570E-03   1.9455409E+03   3.0687677E+01  -6.1363079E+01   0.0000000E+00   0.0000000E+00   0.0000000E+00
     3.2200000E+02   1.9455032E+03   3.2149497E-03   1.9455409E+03   3.0784876E+01  -6.1345818E+01   0.0000000E+00   0.0000000E+00   0.0000000E+00
     3.2300000E+02   1.9455032E+03   3.2093117E-03   1.9455409E+03   3.0694925E+01  -6.1329681E+01   0.0000000E+00   0.0000000E+00   0.0000000E+00
     3.2400000E+02   1.9455032E+03   3.2088745E-03   1.9455409E+03   3.0687979E+01  -6.1318913E+01   0.0000000E+00   0.0000000E+00   0.0000000E+00
     3.2500000E+02   1.9455032E+03   3.2081420E-03   1.9455408E+03   3.0676283E+01  -6.1298470E+01   0.0000000E+00   0.0000000E+00   0.0000000E+00
     3.2600000E+02   1.9455032E+03   3.2077318E-03   1.9455408E+03   3.0669765E+01  -6.1288227E+01   0.0000000E+00   0.0000000E+00   0.0000000E+00
     3.2700000E+02   1.9455032E+03   3.2070160E-03   1.9455408E+03   3.0658344E+01  -6.1268024E+01   0.0000000E+00   0.0000000E+00   0.0000000E+00
     3.2800000E+02   1.9455032E+03   3.2066198E-03   1.9455408E+03   3.0652050E+01  -6.1257935E+01   0.0000000E+00   0.0000000E+00   0.0000000E+00
     3.2900000E+02   1.9455032E+03   3.2059192E-03   1.9455408E+03   3.0640871E+01  -6.1237938E+01   0.0000000E+00   0.0000000E+00   0.0000000E+00
     3.3000000E+02   1.9455032E+03   3.2055296E-03   1.9455408E+03   3.0634722E+01  -6.1227879E+01   0.0000000E+00   0.0000000E+00   0.0000000E+00
     3.3100000E+02   1.9455032E+03   3.2048337E-03   1.9455408E+03   3.0623583E+01  -6.1207718E+01   0.0000000E+00   0.0000000E+00   0.0000000E+00
     3.3200000E+02   1.9455032E+03   3.2044251E-03   1.9455408E+03   3.0617157E+01  -6.1196873E+01   0.0000000E+00   0.0000000E+00   0.0000000E+00
     3.3300000E+02   1.9455032E+03   3.2037247E-03   1.9455408E+03   3.0605925E+01  -6.1176308E+01   0.0000000E+00   0.0000000E+00   0.0000000E+00
     3.3400000E+02   1.9455032E+03   3.2005787E-03   1.9455406E+03   3.0555944E+01  -6.1078148E+01   0.0000000E+00   0.0000000E+00   0.0000000E+00
     3.3500000E+02   1.9455032E+03   3.1976386E-03   1.9455406E+03   3.0509085E+01  -6.0986137E+01   0.0000000E+00   0.0000000E+00   0.0000000E+00
     3.3600000E+02   1.9455032E+03   3.1963827E-03   1.9455406E+03   3.0489216E+01  -6.0948013E+01   0.0000000E+00   0.0000000E+00   0.0000000E+00
     3.3700000E+02   1.9455032E+03   3.1953845E-03   1.9455405E+03   3.0473251E+01  -6.0917618E+01   0.0000000E+00   0.0000000E+00   0.0000000E+00
     3.3800000E+02   1.9455032E+03   3.1948537E-03   1.9455405E+03   3.0464918E+01  -6.0902405E+01   0.0000000E+00   0.0000000E+00   0.0000000E+00
     3.3900000E+02   1.9455032E+03   3.1941340E-03   1.9455405E+03   3.0453381E+01  -6.0880707E+01   0.0000000E+00   0.0000000E+00   0.0000000E+00
     3.4000000E+02   1.9455032E+03   3.1937216E-03   1.9455405E+03   3.0446934E+01  -6.0869118E+01   0.0000000E+00   0.0000000E+00   0.0000000E+00
     3.4100000E+02   1.9455032E+03   3.1930674E-03   1.9455405E+03   3.0436426E+01  -6.0849342E+01   0.0000000E+00   0.0000000E+00   0.0000000E+00
     3.4200000E+02   1.9455032E+03   3.1926907E-03   1.9455405E+03   3.0430557E+01  -6.0838783E+01   0.0000000E+00   0.0000000E+00   0.0000000E+00
     3.4300000E+02   1.9455032E+03   3.1920606E-03   1.9455405E+03   3.0420433E+01  -6.0819653E+01   0.0000000E+00   0.0000000E+00   0.0000000E+00
     3.4400000E+02   1.9455032E+03   3.1916949E-03   1.9455405E+03   3.0414742E+01  -6.0809322E+01   0.0000000E+00   0.0000000E+00   0.0000000E+00
     3.4500000E+02   1.9455032E+03   3.1910760E-03   1.9455405E+03   3.0404797E+01  -6.0790440E+01   0.0000000E+00   0.0000000E+00   0.0000000E+00
     3.4600000E+02   1.9455032E+03   3.1907135E-03   1.9455405E+03   3.0399155E+01  -6.0780109E+01   0.0000000E+00   0.0000000E+00   0.0000000E+00
     3.4700000E+02   1.9455032E+03   3.1901000E-03   1.9455405E+03   3.0389299E+01  -6.0761303E+01   0.0000000E+00   0.0000000E+00   0.0000000E+00
     3.4800000E+02   1.9455032E+03   3.1897214E-03   1.9455405E+03   3.0383404E+01  -6.0750374E+01   0.0000000E+00   0.0000000E+00   0.0000000E+00
     3.4900000E+02   1.9455032E+03   3.1890797E-03   1.9455404E+03   3.0373104E+01  -6.0730587E+01   0.0000000E+00   0.0000000E+00   0.0000000E+00
     3.5000000E+02   1.9455032E+03   3.1886818E-03   1.9455404E+03   3.0366903E+01  -6.0718960E+01   0.0000000E+00   0.0000000E+00   0.0000000E+00
     3.5100000E+02   1.9455032E+03   3.1880422E-03   1.9455404E+03   3.0356655E+01  -6.0699203E+01   0.0000000E+00   0.0000000E+00   0.0000000E+00
     3.5200000E+02   1.9455032E+03   3.1876490E-03   1.9455404E+03   3.0350508E+01  -6.0687607E+01   0.0000000E+00   0.0000000E+00   0.0000000E+00
     3.5300000E+02   1.9455032E+03   3.1897780E-03   1.9455404E+03   3.0384192E+01  -6.0666622E+01   0.0000000E+00   0.0000000E+00   0.0000000E+00
     3.5400000E+02   1.9455032E+03   3.1872778E-03   1.9455404E+03   3.0344620E+01  -6.0657402E+01   0.0000000E+00   0.0000000E+00   0.0000000E+00
     3.5500000E+02   1.9455032E+03   3.1866168E-03   1.9455404E+03   3.0334042E+01  -6.0637852E+01   0.0000000E+00   0.0000000E+00   0.0000000E+00
     3.5600000E+02   1.9455032E+03   3.1862003E-03   1.9455404E+03   3.0327524E+01  -6.0626339E+01   0.0000000E+00   0.0000000E+00   0.0000000E+00
     3.5700000E+02   1.9455032E+03   3.1822580E-03   1.9455403E+03   3.0264919E+01  -6.0502575E+01   0.0000000E+00   0.0000000E+00   0.0000000E+00
     3.5800000E+02   1.9455032E+03   3.1795327E-03   1.9455403E+03   3.0221821E+01  -6.0417751E+01   0.0000000E+00   0.0000000E+00   0.0000000E+00
     3.5900000E+02   1.9455032E+03   3.1780160E-03   1.9455403E+03   3.0197786E+01  -6.0370979E+01   0.0000000E+00   0.0000000E+00   0.0000000E+00
     3.6000000E+02   1.9455032E+03   3.1772954E-03   1.9455402E+03   3.0186384E+01  -6.0349403E+01   0.0000000E+00   0.0000000E+00   0.0000000E+00
     3.6100000E+02   1.9455033E+03   3.2651864E-03   1.9455403E+03   3.1590927E+01  -6.0284294E+01   0.0000000E+00   0.0000000E+00   0.0000000E+00
     3.6200000E+02   1.9455032E+03   3.1961885E-03   1.9455403E+03   3.0486059E+01  -6.0342712E+01   0.0000000E+00   0.0000000E+00   0.0000000E+00
     3.6300000E+02   1.9455032E+03   3.1936183E-03   1.9455402E+03   3.0445208E+01  -6.0308067E+01   0.0000000E+00   0.0000000E+00   0.0000000E+00
     3.6400000E+02   1.9455032E+03   3.1915866E-03   1.9455402E+03   3.0412935E+01  -6.0289913E+01   0.0000000E+00   0.0000000E+00   0.0000000E+00
     3.6500000E+02   1.9455032E+03   3.1896546E-03   1.9455402E+03   3.0382278E+01  -6.0267025E+01   0.0000000E+00   0.0000000E+00   0.0000000E+00
     3.6600000E+02   1.9455032E+03   3.1880282E-03   1.9455402E+03   3.0356548E+01  -6.0253784E+01   0.0000000E+00   0.0000000E+00   0.0000000E+00
     3.6700000E+02   1.9455032E+03   3.1863847E-03   1.9455402E+03   3.0330381E+01  -6.0233177E+01   0.0000000E+00   0.0000000E+00   0.0000000E+00
     3.6800000E+02   1.9455032E+03   3.1849972E-03   1.9455402E+03   3.0308458E+01  -6.0221172E+01   0.0000000E+00   0.0000000E+00   0.0000000E+00
     3.6900000E+02   1.9455032E+03   3.1872485E-03   1.9455402E+03   3.0344093E+01  -6.0199852E+01   0.0000000E+00   0.0000000E+00   0.0000000E+00
     3.7000000E+02   1.9455032E+03   3.1831905E-03   1.9455402E+03   3.0279806E+01  -6.0191158E+01   0.0000000E+00   0.0000000E+00   0.0000000E+00
     3.7100000E+02   1.9455032E+03   3.1817807E-03   1.9455402E+03   3.0257505E+01  -6.0171242E+01   0.0000000E+00   0.0000000E+00   0.0000000E+00
     3.7200000E+02   1.9455032E+03   3.1807167E-03   1.9455400E+03   3.0240593E+01  -6.0159737E+01   0.0000000E+00   0.0000000E+00   0.0000000E+00
     3.7300000E+02   1.9455032E+03   3.2118033E-03   1.9455402E+03   3.0734745E+01  -6.0132153E+01   0.0000000E+00   0.0000000E+00   0.0000000E+00
     3.7400000E+02   1.9455032E+03   3.2115399E-03   1.9455402E+03   3.0730568E+01  -6.0143429E+01   0.0000000E+00   0.0000000E+00   0.0000000E+00
     3.7500000E+02   1.9455033E+03   3.2414095E-03   1.9455402E+03   3.1208410E+01  -6.0122646E+01   0.0000000E+00   0.0000000E+00   0.0000000E+00
     3.7600000E+02   1.9455033E+03   3.3401204E-03   1.9455402E+03   3.2808586E+01  -6.0095299E+01   0.0000000E+00   0.0000000E+00   0.0000000E+00
     3.7700000E+02   1.9455033E+03   3.3248102E-03   1.9455403E+03   3.2558304E+01  -6.0134869E+01   0.0000000E+00   0.0000000E+00   0.0000000E+00
     3.7800000E+02   1.9455033E+03   3.2964642E-03   1.9455402E+03   3.2096992E+01  -6.0160431E+01   0.0000000E+00   0.0000000E+00   0.0000000E+00
     3.7900000E+02   1.9455033E+03   3.3174020E-03   1.9455402E+03   3.2437473E+01  -6.0119415E+01   0.0000000E+00   0.0000000E+00   0.0000000E+00
     3.8000000E+02   1.9455033E+03   3.3015707E-03   1.9455402E+03   3.2179920E+01  -6.0133518E+01   0.0000000E+00   0.0000000E+00   0.0000000E+00
     3.8100000E+02   1.9455033E+03   3.3308070E-03   1.9455402E+03   3.2656269E+01  -6.0092194E+01   0.0000000E+00   0.0000000E+00   0.0000000E+00
     3.8200000E+02   1.9455033E+03   3.2971094E-03   1.9455402E+03   3.2107479E+01  -6.0121723E+01   0.0000000E+00   0.0000000E+00   0.0000000E+00
     3.8300000E+02   1.9455033E+03   3.3314480E-03   1.9455402E+03   3.2666798E+01  -6.0072365E+01   0.0000000E+00   0.0000000E+00   0.0000000E+00
     3.8400000E+02   1.9455033E+03   3.2961939E-03   1.9455402E+03   3.2092621E+01  -6.0101269E+01   0.0000000E+00   0.0000000E+00   0.0000000E+00
     3.8500000E+02   1.9455033E+03   3.3319690E-03   1.9455402E+03   3.2675240E+01  -6.0044071E+01   0.0000000E+00   0.0000000E+00   0.0000000E+00
     3.8600000E+02   1.9455033E+03   3.2962330E-03   1.9455402E+03   3.2093365E+01  -6.0072433E+01   0.0000000E+00   0.0000000E+00   0.0000000E+00
     3.8700000E+02   1.9455033E+03   3.3338936E-03   1.9455402E+03   3.2706715E+01  -6.0013157E+01   0.0000000E+00   0.0000000E+00   0.0000000E+00
     3.8800000E+02   1.9455033E+03   3.2961729E-03   1.9455402E+03   3.2092400E+01  -6.0045010E+01   0.0000000E+00   0.0000000E+00   0.0000000E+00
     3.8900000E+02   1.9455033E+03   3.3337469E-03   1.9455402E+03   3.2704311E+01  -5.9985901E+01   0.0000000E+00   0.0000000E+00   0.0000000E+00
     3.9000000E+02   1.9455033E+03   3.2956789E-03   1.9455402E+03   3.2084362E+01  -6.0021194E+01   0.0000000E+00   0.0000000E+00   0.0000000E+00
     3.9100000E+02   1.9455033E+03   3.3307793E-03   1.9455400E+03   3.2655811E+01  -5.9825695E+01   0.0000000E+00   0.0000000E+00   0.0000000E+00
     3.9200000E+02   1.9455033E+03   3.2896935E-03   1.9455400E+03   3.1987501E+01  -5.9805660E+01   0.0000000E+00   0.0000000E+00   0.0000000E+00
     3.9300000E+02   1.9455034E+03   3.3878605E-03   1.9455400E+03   3.3593960E+01  -5.9698776E+01   0.0000000E+00   0.0000000E+00   0.0000000E+00
     3.9400000E+02   1.9455033E+03   3.3324980E-03   1.9455400E+03   3.2683910E+01  -5.9766823E+01   0.0000000E+00   0.0000000E+00   0.0000000E+00
     3.9500000E+02   1.9455034E+03   3.3699928E-03   1.9455400E+03   3.3299152E+01  -5.9702744E+01   0.0000000E+00   0.0000000E+00   0.0000000E+00
     3.9600000E+02   1.9455033E+03   3.3311101E-03   1.9455400E+03   3.2661213E+01  -5.9741142E+01   0.0000000E+00   0.0000000E+00   0.0000000E+00
     3.9700000E+02   1.9455034E+03   3.4064886E-03   1.9455400E+03   3.3902405E+01  -5.9657902E+01   0.0000000E+00   0.0000000E+00   0.0000000E+00
     3.9800000E+02   1.9455034E+03   3.4219543E-03   1.9455400E+03   3.4159363E+01  -5.9693382E+01   0.0000000E+00   0.0000000E+00   0.0000000E+00
     3.9900000E+02   1.9455035E+03   3.5565731E-03   1.9455402E+03   3.6428711E+01  -5.9641384E+01   0.0000000E+00   0.0000000E+00   0.0000000E+00
     4.0000000E+02   1.9455037E+03   3.6012575E-03   1.9455403E+03   3.7194759E+01  -5.9687424E+01   0.0000000E+00   0.0000000E+00   0.0000000E+00
     4.0100000E+02   1.9455037E+03   3.6418594E-03   1.9455403E+03   3.7896343E+01  -5.9710308E+01   0.0000000E+00   0.0000000E+00   0.0000000E+00
     4.0200000E+02   1.9455037E+03   3.6972642E-03   1.9455403E+03   3.8862152E+01  -5.9716637E+01   0.0000000E+00   0.0000000E+00   0.0000000E+00
     4.0300000E+02   1.9455038E+03   3.7865946E-03   1.9455404E+03   4.0395679E+01  -5.9713833E+01   0.0000000E+00   0.0000000E+00   0.0000000E+00
     4.0400000E+02   1.9455038E+03   3.7868195E-03   1.9455404E+03   4.0399143E+01  -5.9752048E+01   0.0000000E+00   0.0000000E+00   0.0000000E+00
     4.0500000E+02   1.9455038E+03   3.8154218E-03   1.9455405E+03   4.0910557E+01  -5.9757000E+01   0.0000000E+00   0.0000000E+00   0.0000000E+00
     4.0600000E+02   1.9455038E+03   3.8358613E-03   1.9455405E+03   4.1277508E+01  -5.9769642E+01   0.0000000E+00   0.0000000E+00   0.0000000E+00
     4.0700000E+02   1.9455038E+03   3.8241700E-03   1.9455405E+03   4.1067406E+01  -5.9792622E+01   0.0000000E+00   0.0000000E+00   0.0000000E+00
     4.0800000E+02   1.9455038E+03   3.7921967E-03   1.9455405E+03   4.0495129E+01  -5.9810181E+01   0.0000000E+00   0.0000000E+00   0.0000000E+00
     4.0900000E+02   1.9455038E+03   3.7519634E-03   1.9455404E+03   3.9779552E+01  -5.9818542E+01   0.0000000E+00   0.0000000E+00   0.0000000E+00
     4.1000000E+02   1.9455050E+03   4.9855085E-03   1.9455414E+03   6.3940636E+01  -5.9270782E+01   0.0000000E+00   0.0000000E+00   0.0000000E+00
     4.1100000E+02   1.9455172E+03   1.7198281E-02   1.9455503E+03   5.0374121E+02  -5.3907974E+01   0.0000000E+00   0.0000000E+00   0.0000000E+00
     4.1200000E+02   1.9455081E+03   8.0274539E-03   1.9455472E+03   1.4147412E+02  -6.3855270E+01   0.0000000E+00   0.0000000E+00   0.0000000E+00
     4.1300000E+02   1.9455076E+03   7.5356909E-03   1.9455458E+03   1.2732529E+02  -6.2249714E+01   0.0000000E+00   0.0000000E+00   0.0000000E+00
     4.1400000E+02   1.9455109E+03   1.0833086E-02   1.9455477E+03   2.3315765E+02  -6.0213863E+01   0.0000000E+00   0.0000000E+00   0.0000000E+00
     4.1500000E+02   1.9455081E+03   8.0498848E-03   1.9455466E+03   1.4213402E+02  -6.2900009E+01   0.0000000E+00   0.0000000E+00   0.0000000E+00
     4.1600000E+02   1.9455074E+03   7.4556456E-03   1.9455459E+03   1.2507863E+02  -6.2660217E+01   0.0000000E+00   0.0000000E+00   0.0000000E+00
     4.1700000E+02   1.9455073E+03   7.3448601E-03   1.9455457E+03   1.2199595E+02  -6.2403572E+01   0.0000000E+00   0.0000000E+00   0.0000000E+00
     4.1800000E+02   1.9455105E+03   1.0453857E-02   1.9455479E+03   2.1971321E+02  -6.0995071E+01   0.0000000E+00   0.0000000E+00   0.0000000E+00
     4.1900000E+02   1.9455110E+03   1.0995636E-02   1.9455493E+03   2.3901756E+02  -6.2358513E+01   0.0000000E+00   0.0000000E+00   0.0000000E+00
     4.2000000E+02   1.9455203E+03   2.0288389E-02   1.9455569E+03   6.6345551E+02  -5.9560616E+01   0.0000000E+00   0.0000000E+00   0.0000000E+00
     4.2100000E+02   1.9455132E+03   1.3126086E-02   1.9455544E+03   3.2108710E+02  -6.7313461E+01   0.0000000E+00   0.0000000E+00   0.0000000E+00
     4.2200000E+02   1.9455103E+03   1.0197286E-02   1.9455515E+03   2.1079814E+02  -6.7273659E+01   0.0000000E+00   0.0000000E+00   0.0000000E+00
     4.2300000E+02   1.9455090E+03   8.9890752E-03   1.9455496E+03   1.7083578E+02  -6.6156136E+01   0.0000000E+00   0.0000000E+00   0.0000000E+00
     4.2400000E+02   1.9455081E+03   8.0779279E-03   1.9455482E+03   1.4295937E+02  -6.5503189E+01   0.0000000E+00   0.0000000E+00   0.0000000E+00
     4.2500000E+02   1.9455073E+03   7.3717893E-03   1.9455474E+03   1.2274115E+02  -6.5079765E+01   0.0000000E+00   0.0000000E+00   0.0000000E+00
     4.2600000E+02   1.9455068E+03   6.8051033E-03   1.9455465E+03   1.0741856E+02  -6.4780647E+01   0.0000000E+00   0.0000000E+00   0.0000000E+00
     4.2700000E+02   1.9455063E+03   6.3482746E-03   1.9455459E+03   9.5667419E+01  -6.4544762E+01   0.0000000E+00   0.0000000E+00   0.0000000E+00
     4.2800000E+02   1.9455060E+03   5.9844251E-03   1.9455454E+03   8.6700752E+01  -6.4341705E+01   0.0000000E+00   0.0000000E+00   0.0000000E+00
     4.2900000E+02   1.9455060E+03   5.9295991E-03   1.9455452E+03   8.5380562E+01  -6.4023094E+01   0.0000000E+00   0.0000000E+00   0.0000000E+00
     4.3000000E+02   1.9455059E+03   5.8899163E-03   1.9455450E+03   8.4430016E+01  -6.3861633E+01   0.0000000E+00   0.0000000E+00   0.0000000E+00
     4.3100000E+02   1.9455061E+03   6.0644355E-03   1.9455452E+03   8.8642921E+01  -6.3670368E+01   0.0000000E+00   0.0000000E+00   0.0000000E+00
     4.3200000E+02   1.9455062E+03   6.2258784E-03   1.9455453E+03   9.2612556E+01  -6.3627708E+01   0.0000000E+00   0.0000000E+00   0.0000000E+00
     4.3300000E+02   1.9455065E+03   6.4990497E-03   1.9455455E+03   9.9486443E+01  -6.3614502E+01   0.0000000E+00   0.0000000E+00   0.0000000E+00
     4.3400000E+02   1.9455067E+03   6.6737887E-03   1.9455458E+03   1.0398581E+02  -6.3757454E+01   0.0000000E+00   0.0000000E+00   0.0000000E+00
     4.3500000E+02   1.9455062E+03   6.2183426E-03   1.9455457E+03   9.2425270E+01  -6.4173935E+01   0.0000000E+00   0.0000000E+00   0.0000000E+00
     4.3600000E+02   1.9455061E+03   6.1160927E-03   1.9455455E+03   8.9905052E+01  -6.4211792E+01   0.0000000E+00   0.0000000E+00   0.0000000E+00
     4.3700000E+02   1.9455067E+03   6.6910274E-03   1.9455460E+03   1.0443382E+02  -6.4014458E+01   0.0000000E+00   0.0000000E+00   0.0000000E+00
     4.3800000E+02   1.9455057E+03   5.6815641E-03   1.9455454E+03   7.9507355E+01  -6.4700256E+01   0.0000000E+00   0.0000000E+00   0.0000000E+00
     4.3900000E+02   1.9455055E+03   5.5266768E-03   1.9455450E+03   7.5925636E+01  -6.4399750E+01   0.0000000E+00   0.0000000E+00   0.0000000E+00
     4.4000000E+02   1.9455057E+03   5.7814769E-03   1.9455450E+03   8.1853539E+01  -6.4047958E+01   0.0000000E+00   0.0000000E+00   0.0000000E+00
     4.4100000E+02   1.9455055E+03   5.4326947E-03   1.9455448E+03   7.3784508E+01  -6.4245811E+01   0.0000000E+00   0.0000000E+00   0.0000000E+00
     4.4200000E+02   1.9455059E+03   5.7985126E-03   1.9455450E+03   8.2256210E+01  -6.4006538E+01   0.0000000E+00   0.0000000E+00   0.0000000E+00
     4.4300000E+02   1.9455050E+03   4.9473955E-03   1.9455446E+03   6.3119381E+01  -6.4494835E+01   0.0000000E+00   0.0000000E+00   0.0000000E+00
     4.4400000E+02   1.9455049E+03   4.8520351E-03   1.9455442E+03   6.1102692E+01  -6.4195084E+01   0.0000000E+00   0.0000000E+00   0.0000000E+00
     4.4500000E+02   1.9455050E+03   5.0324942E-03   1.9455443E+03   6.4942268E+01  -6.3987194E+01   0.0000000E+00   0.0000000E+00   0.0000000E+00
     4.4600000E+02   1.9455123E+03   1.2291460E-02   1.9455513E+03   2.8778601E+02  -6.3500141E+01   0.0000000E+00   0.0000000E+00   0.0000000E+00
     4.4700000E+02   1.9455167E+03   1.6685570E-02   1.9455559E+03   4.7896146E+02  -6.3897839E+01   0.0000000E+00   0.0000000E+00   0.0000000E+00
     4.4800000E+02   1.9455098E+03   9.7856643E-03   1.9455524E+03   1.9680688E+02  -6.9380333E+01   0.0000000E+00   0.0000000E+00   0.0000000E+00
     4.4900000E+02   1.9455088E+03   8.8444222E-03   1.9455503E+03   1.6627771E+02  -6.7614830E+01   0.0000000E+00   0.0000000E+00   0.0000000E+00
     4.5000000E+02   1.9455081E+03   7.9995338E-03   1.9455491E+03   1.4065364E+02  -6.6873497E+01   0.0000000E+00   0.0000000E+00   0.0000000E+00
     4.5100000E+02   1.9455076E+03   7.5397165E-03   1.9455482E+03   1.2743680E+02  -6.6301491E+01   0.0000000E+00   0.0000000E+00   0.0000000E+00
     4.5200000E+02   1.9455072E+03   7.2419285E-03   1.9455477E+03   1.1915742E+02  -6.5963013E+01   0.0000000E+00   0.0000000E+00   0.0000000E+00
     4.5300000E+02   1.9455068E+03   6.8529705E-03   1.9455472E+03   1.0868047E+02  -6.5872253E+01   0.0000000E+00   0.0000000E+00   0.0000000E+00
     4.5400000E+02   1.9455062E+03   6.2072324E-03   1.9455466E+03   9.2148476E+01  -6.5956474E+01   0.0000000E+00   0.0000000E+00   0.0000000E+00
     4.5500000E+02   1.9455057E+03   5.6816959E-03   1.9455461E+03   7.9509048E+01  -6.5858261E+01   0.0000000E+00   0.0000000E+00   0.0000000E+00
     4.5600000E+02   1.9455055E+03   5.4413229E-03   1.9455457E+03   7.3978256E+01  -6.5608513E+01   0.0000000E+00   0.0000000E+00   0.0000000E+00
     4.5700000E+02   1.9455062E+03   6.1976756E-03   1.9455460E+03   9.1912956E+01  -6.4953690E+01   0.0000000E+00   0.0000000E+00   0.0000000E+00
     4.5800000E+02   1.9455056E+03   5.6366543E-03   1.9455458E+03   7.8461021E+01  -6.5469681E+01   0.0000000E+00   0.0000000E+00   0.0000000E+00
     4.5900000E+02   1.9455054E+03   5.3650499E-03   1.9455455E+03   7.2256699E+01  -6.5473991E+01   0.0000000E+00   0.0000000E+00   0.0000000E+00
     4.6000000E+02   1.9455051E+03   5.1641511E-03   1.9455454E+03   6.7799316E+01  -6.5491241E+01   0.0000000E+00   0.0000000E+00   0.0000000E+00
     4.6100000E+02   1.9455050E+03   5.0090794E-03   1.9455454E+03   6.4435837E+01  -6.5799042E+01   0.0000000E+00   0.0000000E+00   0.0000000E+00
     4.6200000E+02   1.9455049E+03   4.8747729E-03   1.9455455E+03   6.1577633E+01  -6.6189133E+01   0.0000000E+00   0.0000000E+00   0.0000000E+00
     4.6300000E+02   1.9455048E+03   4.7594458E-03   1.9455457E+03   5.9164383E+01  -6.6574303E+01   0.0000000E+00   0.0000000E+00   0.0000000E+00
     4.6400000E+02   1.9455046E+03   4.6631997E-03   1.9455459E+03   5.7179169E+01  -6.7142662E+01   0.0000000E+00   0.0000000E+00   0.0000000E+00
     4.6500000E+02   1.9455046E+03   4.5889383E-03   1.9455463E+03   5.5664829E+01  -6.7935509E+01   0.0000000E+00   0.0000000E+00   0.0000000E+00
     4.6600000E+02   1.9455045E+03   4.5254100E-03   1.9455468E+03   5.4428196E+01  -6.8782219E+01   0.0000000E+00   0.0000000E+00   0.0000000E+00
     4.6700000E+02   1.9455045E+03   4.4755903E-03   1.9455471E+03   5.3433140E+01  -6.9547539E+01   0.0000000E+00   0.0000000E+00   0.0000000E+00
     4.6800000E+02   1.9455044E+03   4.4286628E-03   1.9455475E+03   5.2502575E+01  -7.0183479E+01   0.0000000E+00   0.0000000E+00   0.0000000E+00
     4.6900000E+02   1.9455044E+03   4.3868753E-03   1.9455477E+03   5.1679436E+01  -7.0688820E+01   0.0000000E+00   0.0000000E+00   0.0000000E+00
     4.7000000E+02   1.9455046E+03   4.6326960E-03   1.9455553E+03   5.6595177E+01  -8.2473320E+01   0.0000000E+00   0.0000000E+00   0.0000000E+00
     4.7100000E+02   1.9455048E+03   4.7878781E-03   1.9455603E+03   5.9789669E+01  -9.0557472E+01   0.0000000E+00   0.0000000E+00   0.0000000E+00
     4.7200000E+02   1.9455048E+03   4.7925841E-03   1.9455614E+03   5.9887535E+01  -9.2263832E+01   0.0000000E+00   0.0000000E+00   0.0000000E+00
     4.7300000E+02   1.9455048E+03   4.7696307E-03   1.9455616E+03   5.9410183E+01  -9.2669327E+01   0.0000000E+00   0.0000000E+00   0.0000000E+00
     4.7400000E+02   1.9455048E+03   4.7487388E-03   1.9455618E+03   5.8977043E+01  -9.2967941E+01   0.0000000E+00   0.0000000E+00   0.0000000E+00
     4.7500000E+02   1.9455048E+03   4.7815940E-03   1.9455620E+03   5.9658737E+01  -9.3197227E+01   0.0000000E+00   0.0000000E+00   0.0000000E+00
     4.7600000E+02   1.9455048E+03   4.7532325E-03   1.9455621E+03   5.9070072E+01  -9.3415596E+01   0.0000000E+00   0.0000000E+00   0.0000000E+00
     4.7700000E+02   1.9455048E+03   4.7144135E-03   1.9455618E+03   5.8268200E+01  -9.3016800E+01   0.0000000E+00   0.0000000E+00   0.0000000E+00
     4.7800000E+02   1.9455046E+03   4.6715369E-03   1.9455613E+03   5.7387611E+01  -9.2185493E+01   0.0000000E+00   0.0000000E+00   0.0000000E+00
     4.7900000E+02   1.9455046E+03   4.6288143E-03   1.9455607E+03   5.6515549E+01  -9.1264313E+01   0.0000000E+00   0.0000000E+00   0.0000000E+00
     4.8000000E+02   1.9455046E+03   4.5872997E-03   1.9455601E+03   5.5673279E+01  -9.0341103E+01   0.0000000E+00   0.0000000E+00   0.0000000E+00
     4.8100000E+02   1.9455045E+03   4.5488873E-03   1.9455594E+03   5.4898453E+01  -8.9479614E+01   0.0000000E+00   0.0000000E+00   0.0000000E+00
     4.8200000E+02   1.9455045E+03   4.5138006E-03   1.9455590E+03   5.4194523E+01  -8.8657341E+01   0.0000000E+00   0.0000000E+00   0.0000000E+00
     4.8300000E+02   1.9455045E+03   4.4966135E-03   1.9455585E+03   5.3851059E+01  -8.7878319E+01   0.0000000E+00   0.0000000E+00   0.0000000E+00
     4.8400000E+02   1.9455050E+03   5.0175665E-03   1.9455583E+03   6.4646767E+01  -8.6953903E+01   0.0000000E+00   0.0000000E+00   0.0000000E+00
     4.8500000E+02   1.9455048E+03   4.7262893E-03   1.9455580E+03   5.8513481E+01  -8.6817352E+01   0.0000000E+00   0.0000000E+00   0.0000000E+00
     4.8600000E+02   1.9455046E+03   4.6778237E-03   1.9455579E+03   5.7516796E+01  -8.6646049E+01   0.0000000E+00   0.0000000E+00   0.0000000E+00
     4.8700000E+02   1.9455046E+03   4.6378733E-03   1.9455577E+03   5.6700378E+01  -8.6568054E+01   0.0000000E+00   0.0000000E+00   0.0000000E+00
     4.8800000E+02   1.9455046E+03   4.6037524E-03   1.9455577E+03   5.6006783E+01  -8.6507164E+01   0.0000000E+00   0.0000000E+00   0.0000000E+00
     4.8900000E+02   1.9455045E+03   4.5727449E-03   1.9455576E+03   5.5379448E+01  -8.6442558E+01   0.0000000E+00   0.0000000E+00   0.0000000E+00
     4.9000000E+02   1.9455045E+03   4.5442898E-03   1.9455575E+03   5.4806236E+01  -8.6370796E+01   0.0000000E+00   0.0000000E+00   0.0000000E+00
     4.9100000E+02   1.9455045E+03   4.5147655E-03   1.9455574E+03   5.4214020E+01  -8.6160103E+01   0.0000000E+00   0.0000000E+00   0.0000000E+00
     4.9200000E+02   1.9455045E+03   4.4810940E-03   1.9455570E+03   5.3541790E+01  -8.5647339E+01   0.0000000E+00   0.0000000E+00   0.0000000E+00
     4.9300000E+02   1.9455044E+03   4.4471128E-03   1.9455566E+03   5.2866787E+01  -8.5033035E+01   0.0000000E+00   0.0000000E+00   0.0000000E+00
     4.9400000E+02   1.9455044E+03   4.4156513E-03   1.9455563E+03   5.2244888E+01  -8.4446785E+01   0.0000000E+00   0.0000000E+00   0.0000000E+00
     4.9500000E+02   1.9455044E+03   4.3859878E-03   1.9455559E+03   5.1661236E+01  -8.3867851E+01   0.0000000E+00   0.0000000E+00   0.0000000E+00
     4.9600000E+02   1.9455044E+03   4.3581408E-03   1.9455554E+03   5.1115707E+01  -8.3304428E+01   0.0000000E+00   0.0000000E+00   0.0000000E+00
     4.9700000E+02   1.9455043E+03   4.3319692E-03   1.9455552E+03   5.0605122E+01  -8.2771599E+01   0.0000000E+00   0.0000000E+00   0.0000000E+00
     4.9800000E+02   1.9455043E+03   4.3078493E-03   1.9455548E+03   5.0136379E+01  -8.2286179E+01   0.0000000E+00   0.0000000E+00   0.0000000E+00
     4.9900000E+02   1.9455043E+03   4.2864787E-03   1.9455546E+03   4.9722523E+01  -8.1865677E+01   0.0000000E+00   0.0000000E+00   0.0000000E+00
     5.0000000E+02   1.9455043E+03   4.2633554E-03   1.9455542E+03   4.9276283E+01  -8.1343018E+01   0.0000000E+00   0.0000000E+00   0.0000000E+00
     5.0100000E+02   1.9455043E+03   4.2444193E-03   1.9455540E+03   4.8912045E+01  -8.0940681E+01   0.0000000E+00   0.0000000E+00   0.0000000E+00
