 "GAGE No.    6:  K,I,J Coord. =     2,   34,   45;  STREAM SEGMENT =    18;  REACH =     1 "
     "DATA: Time           Stage           Depth         GW-Head    Midpt-Flow       Stream-Loss        GW-Rech.  Chnge-UZ-Stor.   Vol.-UZ-Stor."
     1.0000000E+00   2.0179376E+03   3.7608381E-02   2.0182433E+03   5.2490894E+03  -4.9817892E+02   0.0000000E+00   0.0000000E+00   0.0000000E+00
     2.0000000E+00   2.0179376E+03   3.7608158E-02   2.0182433E+03   5.2490513E+03  -4.9810294E+02   0.0000000E+00   0.0000000E+00   0.0000000E+00
     3.0000000E+00   2.0179376E+03   3.7608054E-02   2.0182433E+03   5.2490273E+03  -4.9805450E+02   0.0000000E+00   0.0000000E+00   0.0000000E+00
     4.0000000E+00   2.0179376E+03   3.7607975E-02   2.0182433E+03   5.2490093E+03  -4.9801846E+02   0.0000000E+00   0.0000000E+00   0.0000000E+00
     5.0000000E+00   2.0179376E+03   3.7607908E-02   2.0182432E+03   5.2489932E+03  -4.9798639E+02   0.0000000E+00   0.0000000E+00   0.0000000E+00
     6.0000000E+00   2.0179376E+03   3.7607837E-02   2.0182432E+03   5.2489775E+03  -4.9795505E+02   0.0000000E+00   0.0000000E+00   0.0000000E+00
     7.0000000E+00   2.0179376E+03   3.7607770E-02   2.0182432E+03   5.2489619E+03  -4.9792346E+02   0.0000000E+00   0.0000000E+00   0.0000000E+00
     8.0000000E+00   2.0179376E+03   3.7607703E-02   2.0182432E+03   5.2489458E+03  -4.9789127E+02   0.0000000E+00   0.0000000E+00   0.0000000E+00
     9.0000000E+00   2.0179376E+03   3.7607633E-02   2.0182432E+03   5.2489292E+03  -4.9785837E+02   0.0000000E+00   0.0000000E+00   0.0000000E+00
     1.0000000E+01   2.0179376E+03   3.7607558E-02   2.0182432E+03   5.2489126E+03  -4.9782483E+02   0.0000000E+00   0.0000000E+00   0.0000000E+00
     1.1000000E+01   2.0179376E+03   3.7607487E-02   2.0182430E+03   5.2488955E+03  -4.9779095E+02   0.0000000E+00   0.0000000E+00   0.0000000E+00
     1.2000000E+01   2.0179376E+03   3.7607413E-02   2.0182430E+03   5.2488784E+03  -4.9775668E+02   0.0000000E+00   0.0000000E+00   0.0000000E+00
     1.3000000E+01   2.0179376E+03   3.7609205E-02   2.0182432E+03   5.2492949E+03  -4.9786649E+02   0.0000000E+00   0.0000000E+00   0.0000000E+00
     1.4000000E+01   2.0179376E+03   3.7608989E-02   2.0182432E+03   5.2492446E+03  -4.9795023E+02   0.0000000E+00   0.0000000E+00   0.0000000E+00
     1.5000000E+01   2.0179376E+03   3.7609287E-02   2.0182433E+03   5.2493140E+03  -4.9802527E+02   0.0000000E+00   0.0000000E+00   0.0000000E+00
     1.6000000E+01   2.0179376E+03   3.7609227E-02   2.0182433E+03   5.2493003E+03  -4.9808179E+02   0.0000000E+00   0.0000000E+00   0.0000000E+00
     1.7000000E+01   2.0179376E+03   3.7609637E-02   2.0182433E+03   5.2493955E+03  -4.9812744E+02   0.0000000E+00   0.0000000E+00   0.0000000E+00
     1.8000000E+01   2.0179376E+03   3.7609912E-02   2.0182433E+03   5.2494614E+03  -4.9816272E+02   0.0000000E+00   0.0000000E+00   0.0000000E+00
     1.9000000E+01   2.0179376E+03   3.7610114E-02   2.0182434E+03   5.2495063E+03  -4.9819791E+02   0.0000000E+00   0.0000000E+00   0.0000000E+00
     2.0000000E+01   2.0179376E+03   3.7609916E-02   2.0182434E+03   5.2494614E+03  -4.9823679E+02   0.0000000E+00   0.0000000E+00   0.0000000E+00
     2.1000000E+01   2.0179376E+03   3.7609886E-02   2.0182434E+03   5.2494541E+03  -4.9827872E+02   0.0000000E+00   0.0000000E+00   0.0000000E+00
     2.2000000E+01   2.0179376E+03   3.7609879E-02   2.0182434E+03   5.2494521E+03  -4.9832431E+02   0.0000000E+00   0.0000000E+00   0.0000000E+00
     2.3000000E+01   2.0179376E+03   3.7609890E-02   2.0182434E+03   5.2494551E+03  -4.9837405E+02   0.0000000E+00   0.0000000E+00   0.0000000E+00
     2.4000000E+01   2.0179376E+03   3.7609920E-02   2.0182435E+03   5.2494624E+03  -4.9842816E+02   0.0000000E+00   0.0000000E+00   0.0000000E+00
     2.5000000E+01   2.0179376E+03   3.7609968E-02   2.0182435E+03   5.2494736E+03  -4.9848709E+02   0.0000000E+00   0.0000000E+00   0.0000000E+00
     2.6000000E+01   2.0179376E+03   3.7611376E-02   2.0182437E+03   5.2498013E+03  -4.9862823E+02   0.0000000E+00   0.0000000E+00   0.0000000E+00
     2.7000000E+01   2.0179376E+03   3.7612833E-02   2.0182438E+03   5.2501401E+03  -4.9879517E+02   0.0000000E+00   0.0000000E+00   0.0000000E+00
     2.8000000E+01   2.0179376E+03   3.7611689E-02   2.0182438E+03   5.2498745E+03  -4.9894019E+02   0.0000000E+00   0.0000000E+00   0.0000000E+00
     2.9000000E+01   2.0179376E+03   3.7611816E-02   2.0182439E+03   5.2499038E+03  -4.9906940E+02   0.0000000E+00   0.0000000E+00   0.0000000E+00
     3.0000000E+01   2.0179376E+03   3.7611961E-02   2.0182440E+03   5.2499375E+03  -4.9919699E+02   0.0000000E+00   0.0000000E+00   0.0000000E+00
     3.1000000E+01   2.0179376E+03   3.7612125E-02   2.0182440E+03   5.2499761E+03  -4.9932767E+02   0.0000000E+00   0.0000000E+00   0.0000000E+00
     3.2000000E+01   2.0179376E+03   3.7612520E-02   2.0182441E+03   5.2500674E+03  -4.9946402E+02   0.0000000E+00   0.0000000E+00   0.0000000E+00
     3.3000000E+01   2.0179376E+03   3.7613187E-02   2.0182443E+03   5.2502227E+03  -4.9960754E+02   0.0000000E+00   0.0000000E+00   0.0000000E+00
     3.4000000E+01   2.0179376E+03   3.7613928E-02   2.0182443E+03   5.2503950E+03  -4.9975848E+02   0.0000000E+00   0.0000000E+00   0.0000000E+00
     3.5000000E+01   2.0179376E+03   3.7614789E-02   2.0182444E+03   5.2505957E+03  -4.9991626E+02   0.0000000E+00   0.0000000E+00   0.0000000E+00
     3.6000000E+01   2.0179376E+03   3.7615754E-02   2.0182445E+03   5.2508198E+03  -5.0008032E+02   0.0000000E+00   0.0000000E+00   0.0000000E+00
     3.7000000E+01   2.0179376E+03   3.7616797E-02   2.0182446E+03   5.2510620E+03  -5.0025061E+02   0.0000000E+00   0.0000000E+00   0.0000000E+00
     3.8000000E+01   2.0179376E+03   3.7617899E-02   2.0182448E+03   5.2513188E+03  -5.0042752E+02   0.0000000E+00   0.0000000E+00   0.0000000E+00
     3.9000000E+01   2.0179376E+03   3.7621979E-02   2.0182449E+03   5.2522676E+03  -5.0065967E+02   0.0000000E+00   0.0000000E+00   0.0000000E+00
     4.0000000E+01   2.0179376E+03   3.7629511E-02   2.0182451E+03   5.2540200E+03  -5.0096094E+02   0.0000000E+00   0.0000000E+00   0.0000000E+00
     4.1000000E+01   2.0179376E+03   3.7625730E-02   2.0182452E+03   5.2531411E+03  -5.0125092E+02   0.0000000E+00   0.0000000E+00   0.0000000E+00
     4.2000000E+01   2.0179376E+03   3.7626982E-02   2.0182454E+03   5.2534321E+03  -5.0151294E+02   0.0000000E+00   0.0000000E+00   0.0000000E+00
     4.3000000E+01   2.0179376E+03   3.7641231E-02   2.0182456E+03   5.2567476E+03  -5.0188800E+02   0.0000000E+00   0.0000000E+00   0.0000000E+00
     4.4000000E+01   2.0179376E+03   3.7634462E-02   2.0182458E+03   5.2551733E+03  -5.0226489E+02   0.0000000E+00   0.0000000E+00   0.0000000E+00
     4.5000000E+01   2.0179376E+03   3.7635401E-02   2.0182461E+03   5.2553901E+03  -5.0259628E+02   0.0000000E+00   0.0000000E+00   0.0000000E+00
     4.6000000E+01   2.0179376E+03   3.7636247E-02   2.0182462E+03   5.2555874E+03  -5.0291531E+02   0.0000000E+00   0.0000000E+00   0.0000000E+00
     4.7000000E+01   2.0179376E+03   3.7637081E-02   2.0182465E+03   5.2557812E+03  -5.0323065E+02   0.0000000E+00   0.0000000E+00   0.0000000E+00
     4.8000000E+01   2.0179376E+03   3.7637904E-02   2.0182467E+03   5.2559736E+03  -5.0354651E+02   0.0000000E+00   0.0000000E+00   0.0000000E+00
     4.9000000E+01   2.0179376E+03   3.7638728E-02   2.0182468E+03   5.2561646E+03  -5.0386429E+02   0.0000000E+00   0.0000000E+00   0.0000000E+00
     5.0000000E+01   2.0179376E+03   3.7639543E-02   2.0182471E+03   5.2563550E+03  -5.0418481E+02   0.0000000E+00   0.0000000E+00   0.0000000E+00
     5.1000000E+01   2.0179376E+03   3.7640359E-02   2.0182473E+03   5.2565449E+03  -5.0450867E+02   0.0000000E+00   0.0000000E+00   0.0000000E+00
     5.2000000E+01   2.0179376E+03   3.7641171E-02   2.0182474E+03   5.2567339E+03  -5.0483591E+02   0.0000000E+00   0.0000000E+00   0.0000000E+00
     5.3000000E+01   2.0179376E+03   3.7641983E-02   2.0182477E+03   5.2569229E+03  -5.0516656E+02   0.0000000E+00   0.0000000E+00   0.0000000E+00
     5.4000000E+01   2.0179376E+03   3.7644476E-02   2.0182479E+03   5.2575044E+03  -5.0550995E+02   0.0000000E+00   0.0000000E+00   0.0000000E+00
     5.5000000E+01   2.0179376E+03   3.7644189E-02   2.0182480E+03   5.2574355E+03  -5.0585870E+02   0.0000000E+00   0.0000000E+00   0.0000000E+00
     5.6000000E+01   2.0179376E+03   3.7645031E-02   2.0182483E+03   5.2576318E+03  -5.0622382E+02   0.0000000E+00   0.0000000E+00   0.0000000E+00
     5.7000000E+01   2.0179376E+03   3.7646297E-02   2.0182485E+03   5.2579268E+03  -5.0658600E+02   0.0000000E+00   0.0000000E+00   0.0000000E+00
     5.8000000E+01   2.0179376E+03   3.7647847E-02   2.0182488E+03   5.2582876E+03  -5.0694986E+02   0.0000000E+00   0.0000000E+00   0.0000000E+00
     5.9000000E+01   2.0179376E+03   3.7648179E-02   2.0182490E+03   5.2583662E+03  -5.0731516E+02   0.0000000E+00   0.0000000E+00   0.0000000E+00
     6.0000000E+01   2.0179376E+03   3.7648890E-02   2.0182493E+03   5.2585312E+03  -5.0768097E+02   0.0000000E+00   0.0000000E+00   0.0000000E+00
     6.1000000E+01   2.0179376E+03   3.7649609E-02   2.0182494E+03   5.2586992E+03  -5.0804785E+02   0.0000000E+00   0.0000000E+00   0.0000000E+00
     6.2000000E+01   2.0179377E+03   3.7667897E-02   2.0182498E+03   5.2629551E+03  -5.0856879E+02   0.0000000E+00   0.0000000E+00   0.0000000E+00
     6.3000000E+01   2.0179377E+03   3.7664548E-02   2.0182501E+03   5.2621758E+03  -5.0907037E+02   0.0000000E+00   0.0000000E+00   0.0000000E+00
     6.4000000E+01   2.0179377E+03   3.7664652E-02   2.0182504E+03   5.2621992E+03  -5.0950623E+02   0.0000000E+00   0.0000000E+00   0.0000000E+00
     6.5000000E+01   2.0179377E+03   3.7659083E-02   2.0182507E+03   5.2609028E+03  -5.1008270E+02   0.0000000E+00   0.0000000E+00   0.0000000E+00
     6.6000000E+01   2.0179377E+03   3.7661780E-02   2.0182513E+03   5.2615308E+03  -5.1104330E+02   0.0000000E+00   0.0000000E+00   0.0000000E+00
     6.7000000E+01   2.0179377E+03   3.7662763E-02   2.0182518E+03   5.2617598E+03  -5.1184253E+02   0.0000000E+00   0.0000000E+00   0.0000000E+00
     6.8000000E+01   2.0179377E+03   3.7663400E-02   2.0182522E+03   5.2619087E+03  -5.1243658E+02   0.0000000E+00   0.0000000E+00   0.0000000E+00
     6.9000000E+01   2.0179377E+03   3.7663948E-02   2.0182524E+03   5.2620352E+03  -5.1295001E+02   0.0000000E+00   0.0000000E+00   0.0000000E+00
     7.0000000E+01   2.0179377E+03   3.7664492E-02   2.0182528E+03   5.2621621E+03  -5.1343201E+02   0.0000000E+00   0.0000000E+00   0.0000000E+00
     7.1000000E+01   2.0179377E+03   3.7665065E-02   2.0182531E+03   5.2622964E+03  -5.1390057E+02   0.0000000E+00   0.0000000E+00   0.0000000E+00
     7.2000000E+01   2.0179377E+03   3.7665680E-02   2.0182533E+03   5.2624390E+03  -5.1436230E+02   0.0000000E+00   0.0000000E+00   0.0000000E+00
     7.3000000E+01   2.0179377E+03   3.7666325E-02   2.0182537E+03   5.2625894E+03  -5.1481891E+02   0.0000000E+00   0.0000000E+00   0.0000000E+00
     7.4000000E+01   2.0179377E+03   3.7666991E-02   2.0182539E+03   5.2627446E+03  -5.1526746E+02   0.0000000E+00   0.0000000E+00   0.0000000E+00
     7.5000000E+01   2.0179377E+03   3.7669279E-02   2.0182542E+03   5.2632769E+03  -5.1570374E+02   0.0000000E+00   0.0000000E+00   0.0000000E+00
     7.6000000E+01   2.0179377E+03   3.7673712E-02   2.0182544E+03   5.2643096E+03  -5.1613763E+02   0.0000000E+00   0.0000000E+00   0.0000000E+00
     7.7000000E+01   2.0179377E+03   3.7682489E-02   2.0182548E+03   5.2663530E+03  -5.1657306E+02   0.0000000E+00   0.0000000E+00   0.0000000E+00
     7.8000000E+01   2.0179377E+03   3.7688572E-02   2.0182550E+03   5.2677705E+03  -5.1703302E+02   0.0000000E+00   0.0000000E+00   0.0000000E+00
     7.9000000E+01   2.0179377E+03   3.7694827E-02   2.0182552E+03   5.2692280E+03  -5.1752802E+02   0.0000000E+00   0.0000000E+00   0.0000000E+00
     8.0000000E+01   2.0179377E+03   3.7697569E-02   2.0182556E+03   5.2698667E+03  -5.1805609E+02   0.0000000E+00   0.0000000E+00   0.0000000E+00
     8.1000000E+01   2.0179377E+03   3.7700020E-02   2.0182560E+03   5.2704370E+03  -5.1861395E+02   0.0000000E+00   0.0000000E+00   0.0000000E+00
     8.2000000E+01   2.0179377E+03   3.7699796E-02   2.0182563E+03   5.2703853E+03  -5.1919812E+02   0.0000000E+00   0.0000000E+00   0.0000000E+00
     8.3000000E+01   2.0179377E+03   3.7699103E-02   2.0182567E+03   5.2702241E+03  -5.1983600E+02   0.0000000E+00   0.0000000E+00   0.0000000E+00
     8.4000000E+01   2.0179377E+03   3.7707802E-02   2.0182572E+03   5.2722505E+03  -5.2051105E+02   0.0000000E+00   0.0000000E+00   0.0000000E+00
     8.5000000E+01   2.0179377E+03   3.7698757E-02   2.0182576E+03   5.2701436E+03  -5.2118262E+02   0.0000000E+00   0.0000000E+00   0.0000000E+00
     8.6000000E+01   2.0179377E+03   3.7699427E-02   2.0182579E+03   5.2702998E+03  -5.2182996E+02   0.0000000E+00   0.0000000E+00   0.0000000E+00
     8.7000000E+01   2.0179377E+03   3.7698694E-02   2.0182583E+03   5.2701284E+03  -5.2248444E+02   0.0000000E+00   0.0000000E+00   0.0000000E+00
     8.8000000E+01   2.0179377E+03   3.7694521E-02   2.0182588E+03   5.2691562E+03  -5.2314575E+02   0.0000000E+00   0.0000000E+00   0.0000000E+00
     8.9000000E+01   2.0179377E+03   3.7690718E-02   2.0182592E+03   5.2682700E+03  -5.2380316E+02   0.0000000E+00   0.0000000E+00   0.0000000E+00
     9.0000000E+01   2.0179377E+03   3.7687276E-02   2.0182595E+03   5.2674678E+03  -5.2444690E+02   0.0000000E+00   0.0000000E+00   0.0000000E+00
     9.1000000E+01   2.0179377E+03   3.7684578E-02   2.0182599E+03   5.2668403E+03  -5.2506854E+02   0.0000000E+00   0.0000000E+00   0.0000000E+00
     9.2000000E+01   2.0179377E+03   3.7683062E-02   2.0182603E+03   5.2664863E+03  -5.2566541E+02   0.0000000E+00   0.0000000E+00   0.0000000E+00
     9.3000000E+01   2.0179377E+03   3.7682120E-02   2.0182606E+03   5.2662676E+03  -5.2623773E+02   0.0000000E+00   0.0000000E+00   0.0000000E+00
     9.4000000E+01   2.0179377E+03   3.7681859E-02   2.0182610E+03   5.2662065E+03  -5.2680621E+02   0.0000000E+00   0.0000000E+00   0.0000000E+00
     9.5000000E+01   2.0179377E+03   3.7684370E-02   2.0182614E+03   5.2667915E+03  -5.2737756E+02   0.0000000E+00   0.0000000E+00   0.0000000E+00
     9.6000000E+01   2.0179377E+03   3.7685968E-02   2.0182617E+03   5.2671636E+03  -5.2795367E+02   0.0000000E+00   0.0000000E+00   0.0000000E+00
     9.7000000E+01   2.0179377E+03   3.7697043E-02   2.0182621E+03   5.2697437E+03  -5.2865930E+02   0.0000000E+00   0.0000000E+00   0.0000000E+00
     9.8000000E+01   2.0179377E+03   3.7694462E-02   2.0182626E+03   5.2691426E+03  -5.2933990E+02   0.0000000E+00   0.0000000E+00   0.0000000E+00
     9.9000000E+01   2.0179377E+03   3.7697185E-02   2.0182629E+03   5.2697764E+03  -5.2995392E+02   0.0000000E+00   0.0000000E+00   0.0000000E+00
     1.0000000E+02   2.0179377E+03   3.7700906E-02   2.0182633E+03   5.2706436E+03  -5.3054858E+02   0.0000000E+00   0.0000000E+00   0.0000000E+00
     1.0100000E+02   2.0179377E+03   3.7702546E-02   2.0182637E+03   5.2710254E+03  -5.3114423E+02   0.0000000E+00   0.0000000E+00   0.0000000E+00
     1.0200000E+02   2.0179377E+03   3.7703540E-02   2.0182640E+03   5.2712573E+03  -5.3174719E+02   0.0000000E+00   0.0000000E+00   0.0000000E+00
     1.0300000E+02   2.0179377E+03   3.7704289E-02   2.0182644E+03   5.2714321E+03  -5.3235553E+02   0.0000000E+00   0.0000000E+00   0.0000000E+00
     1.0400000E+02   2.0179377E+03   3.7705291E-02   2.0182648E+03   5.2716655E+03  -5.3296429E+02   0.0000000E+00   0.0000000E+00   0.0000000E+00
     1.0500000E+02   2.0179377E+03   3.7706330E-02   2.0182651E+03   5.2719072E+03  -5.3357532E+02   0.0000000E+00   0.0000000E+00   0.0000000E+00
     1.0600000E+02   2.0179377E+03   3.7707418E-02   2.0182655E+03   5.2721606E+03  -5.3419763E+02   0.0000000E+00   0.0000000E+00   0.0000000E+00
     1.0700000E+02   2.0179377E+03   3.7708547E-02   2.0182659E+03   5.2724238E+03  -5.3482446E+02   0.0000000E+00   0.0000000E+00   0.0000000E+00
     1.0800000E+02   2.0179377E+03   3.7709706E-02   2.0182664E+03   5.2726943E+03  -5.3545355E+02   0.0000000E+00   0.0000000E+00   0.0000000E+00
     1.0900000E+02   2.0179377E+03   3.7711959E-02   2.0182667E+03   5.2732192E+03  -5.3611115E+02   0.0000000E+00   0.0000000E+00   0.0000000E+00
     1.1000000E+02   2.0179377E+03   3.7715491E-02   2.0182671E+03   5.2740430E+03  -5.3677948E+02   0.0000000E+00   0.0000000E+00   0.0000000E+00
     1.1100000E+02   2.0179377E+03   3.7714388E-02   2.0182676E+03   5.2737856E+03  -5.3743719E+02   0.0000000E+00   0.0000000E+00   0.0000000E+00
     1.1200000E+02   2.0179377E+03   3.7716426E-02   2.0182679E+03   5.2742603E+03  -5.3809155E+02   0.0000000E+00   0.0000000E+00   0.0000000E+00
     1.1300000E+02   2.0179377E+03   3.7718289E-02   2.0182683E+03   5.2746943E+03  -5.3876111E+02   0.0000000E+00   0.0000000E+00   0.0000000E+00
     1.1400000E+02   2.0179377E+03   3.7718236E-02   2.0182688E+03   5.2746826E+03  -5.3942859E+02   0.0000000E+00   0.0000000E+00   0.0000000E+00
     1.1500000E+02   2.0179377E+03   3.7719652E-02   2.0182692E+03   5.2750117E+03  -5.4009644E+02   0.0000000E+00   0.0000000E+00   0.0000000E+00
     1.1600000E+02   2.0179377E+03   3.7731960E-02   2.0182697E+03   5.2778809E+03  -5.4088373E+02   0.0000000E+00   0.0000000E+00   0.0000000E+00
     1.1700000E+02   2.0179377E+03   3.7726127E-02   2.0182701E+03   5.2765215E+03  -5.4175159E+02   0.0000000E+00   0.0000000E+00   0.0000000E+00
     1.1800000E+02   2.0179377E+03   3.7727486E-02   2.0182706E+03   5.2768379E+03  -5.4254980E+02   0.0000000E+00   0.0000000E+00   0.0000000E+00
     1.1900000E+02   2.0179377E+03   3.7731338E-02   2.0182711E+03   5.2777363E+03  -5.4329224E+02   0.0000000E+00   0.0000000E+00   0.0000000E+00
     1.2000000E+02   2.0179377E+03   3.7732754E-02   2.0182720E+03   5.2780659E+03  -5.4473395E+02   0.0000000E+00   0.0000000E+00   0.0000000E+00
     1.2100000E+02   2.0179377E+03   3.7736438E-02   2.0182732E+03   5.2789253E+03  -5.4671222E+02   0.0000000E+00   0.0000000E+00   0.0000000E+00
     1.2200000E+02   2.0179377E+03   3.7739113E-02   2.0182742E+03   5.2795483E+03  -5.4818561E+02   0.0000000E+00   0.0000000E+00   0.0000000E+00
     1.2300000E+02   2.0179377E+03   3.7740950E-02   2.0182748E+03   5.2799766E+03  -5.4924200E+02   0.0000000E+00   0.0000000E+00   0.0000000E+00
     1.2400000E+02   2.0179377E+03   3.7742436E-02   2.0182754E+03   5.2803237E+03  -5.5011237E+02   0.0000000E+00   0.0000000E+00   0.0000000E+00
     1.2500000E+02   2.0179377E+03   3.7743784E-02   2.0182759E+03   5.2806377E+03  -5.5089587E+02   0.0000000E+00   0.0000000E+00   0.0000000E+00
     1.2600000E+02   2.0179377E+03   3.7745081E-02   2.0182762E+03   5.2809404E+03  -5.5163904E+02   0.0000000E+00   0.0000000E+00   0.0000000E+00
     1.2700000E+02   2.0179377E+03   3.7746366E-02   2.0182767E+03   5.2812393E+03  -5.5235919E+02   0.0000000E+00   0.0000000E+00   0.0000000E+00
     1.2800000E+02   2.0179377E+03   3.7747640E-02   2.0182771E+03   5.2815371E+03  -5.5306305E+02   0.0000000E+00   0.0000000E+00   0.0000000E+00
     1.2900000E+02   2.0179377E+03   3.7748914E-02   2.0182776E+03   5.2818340E+03  -5.5375305E+02   0.0000000E+00   0.0000000E+00   0.0000000E+00
     1.3000000E+02   2.0179377E+03   3.7750181E-02   2.0182780E+03   5.2821289E+03  -5.5442963E+02   0.0000000E+00   0.0000000E+00   0.0000000E+00
     1.3100000E+02   2.0179377E+03   3.7751444E-02   2.0182784E+03   5.2824238E+03  -5.5509528E+02   0.0000000E+00   0.0000000E+00   0.0000000E+00
     1.3200000E+02   2.0179377E+03   3.7752684E-02   2.0182788E+03   5.2827129E+03  -5.5574200E+02   0.0000000E+00   0.0000000E+00   0.0000000E+00
     1.3300000E+02   2.0179377E+03   3.7753928E-02   2.0182792E+03   5.2830024E+03  -5.5638293E+02   0.0000000E+00   0.0000000E+00   0.0000000E+00
     1.3400000E+02   2.0179377E+03   3.7755515E-02   2.0182795E+03   5.2833730E+03  -5.5700775E+02   0.0000000E+00   0.0000000E+00   0.0000000E+00
     1.3500000E+02   2.0179377E+03   3.7766986E-02   2.0182799E+03   5.2860483E+03  -5.5760321E+02   0.0000000E+00   0.0000000E+00   0.0000000E+00
     1.3600000E+02   2.0179377E+03   3.7774060E-02   2.0182803E+03   5.2876992E+03  -5.5818658E+02   0.0000000E+00   0.0000000E+00   0.0000000E+00
     1.3700000E+02   2.0179379E+03   3.7799995E-02   2.0182808E+03   5.2937515E+03  -5.5893030E+02   0.0000000E+00   0.0000000E+00   0.0000000E+00
     1.3800000E+02   2.0179379E+03   3.7879854E-02   2.0182816E+03   5.3124038E+03  -5.6005438E+02   0.0000000E+00   0.0000000E+00   0.0000000E+00
     1.3900000E+02   2.0179379E+03   3.7857614E-02   2.0182823E+03   5.3072070E+03  -5.6131995E+02   0.0000000E+00   0.0000000E+00   0.0000000E+00
     1.4000000E+02   2.0179379E+03   3.7880275E-02   2.0182831E+03   5.3125024E+03  -5.6258472E+02   0.0000000E+00   0.0000000E+00   0.0000000E+00
     1.4100000E+02   2.0179380E+03   3.7907839E-02   2.0182841E+03   5.3189468E+03  -5.6402893E+02   0.0000000E+00   0.0000000E+00   0.0000000E+00
     1.4200000E+02   2.0179380E+03   3.7918042E-02   2.0182850E+03   5.3213325E+03  -5.6563019E+02   0.0000000E+00   0.0000000E+00   0.0000000E+00
     1.4300000E+02   2.0179380E+03   3.7935100E-02   2.0182861E+03   5.3253228E+03  -5.6740588E+02   0.0000000E+00   0.0000000E+00   0.0000000E+00
     1.4400000E+02   2.0179379E+03   3.7895668E-02   2.0182872E+03   5.3161006E+03  -5.6921393E+02   0.0000000E+00   0.0000000E+00   0.0000000E+00
     1.4500000E+02   2.0179379E+03   3.7883874E-02   2.0182882E+03   5.3133433E+03  -5.7090790E+02   0.0000000E+00   0.0000000E+00   0.0000000E+00
     1.4600000E+02   2.0179379E+03   3.7892930E-02   2.0182893E+03   5.3154604E+03  -5.7254950E+02   0.0000000E+00   0.0000000E+00   0.0000000E+00
     1.4700000E+02   2.0179379E+03   3.7902046E-02   2.0182903E+03   5.3175913E+03  -5.7426031E+02   0.0000000E+00   0.0000000E+00   0.0000000E+00
     1.4800000E+02   2.0179379E+03   3.7892841E-02   2.0182914E+03   5.3154395E+03  -5.7606470E+02   0.0000000E+00   0.0000000E+00   0.0000000E+00
     1.4900000E+02   2.0179379E+03   3.7878707E-02   2.0182925E+03   5.3121348E+03  -5.7786841E+02   0.0000000E+00   0.0000000E+00   0.0000000E+00
     1.5000000E+02   2.0179379E+03   3.7872110E-02   2.0182936E+03   5.3105933E+03  -5.7956110E+02   0.0000000E+00   0.0000000E+00   0.0000000E+00
     1.5100000E+02   2.0179379E+03   3.7866808E-02   2.0182946E+03   5.3093540E+03  -5.8116077E+02   0.0000000E+00   0.0000000E+00   0.0000000E+00
     1.5200000E+02   2.0179379E+03   3.7862565E-02   2.0182954E+03   5.3083623E+03  -5.8269153E+02   0.0000000E+00   0.0000000E+00   0.0000000E+00
     1.5300000E+02   2.0179379E+03   3.7859298E-02   2.0182964E+03   5.3075991E+03  -5.8415619E+02   0.0000000E+00   0.0000000E+00   0.0000000E+00
     1.5400000E+02   2.0179379E+03   3.7865099E-02   2.0182972E+03   5.3089541E+03  -5.8553113E+02   0.0000000E+00   0.0000000E+00   0.0000000E+00
     1.5500000E+02   2.0179379E+03   3.7877027E-02   2.0182980E+03   5.3117417E+03  -5.8684161E+02   0.0000000E+00   0.0000000E+00   0.0000000E+00
     1.5600000E+02   2.0179379E+03   3.7871398E-02   2.0182988E+03   5.3104263E+03  -5.8814618E+02   0.0000000E+00   0.0000000E+00   0.0000000E+00
     1.5700000E+02   2.0179379E+03   3.7870876E-02   2.0182996E+03   5.3103042E+03  -5.8940424E+02   0.0000000E+00   0.0000000E+00   0.0000000E+00
     1.5800000E+02   2.0179379E+03   3.7881415E-02   2.0183003E+03   5.3127676E+03  -5.9061420E+02   0.0000000E+00   0.0000000E+00   0.0000000E+00
     1.5900000E+02   2.0179379E+03   3.7878186E-02   2.0183010E+03   5.3120127E+03  -5.9181042E+02   0.0000000E+00   0.0000000E+00   0.0000000E+00
     1.6000000E+02   2.0179379E+03   3.7877638E-02   2.0183018E+03   5.3118843E+03  -5.9298853E+02   0.0000000E+00   0.0000000E+00   0.0000000E+00
     1.6100000E+02   2.0179379E+03   3.7879422E-02   2.0183025E+03   5.3123013E+03  -5.9417993E+02   0.0000000E+00   0.0000000E+00   0.0000000E+00
     1.6200000E+02   2.0179379E+03   3.7878647E-02   2.0183032E+03   5.3121206E+03  -5.9540704E+02   0.0000000E+00   0.0000000E+00   0.0000000E+00
     1.6300000E+02   2.0179379E+03   3.7873965E-02   2.0183041E+03   5.3110259E+03  -5.9665192E+02   0.0000000E+00   0.0000000E+00   0.0000000E+00
     1.6400000E+02   2.0179379E+03   3.7872169E-02   2.0183048E+03   5.3106060E+03  -5.9789825E+02   0.0000000E+00   0.0000000E+00   0.0000000E+00
     1.6500000E+02   2.0179379E+03   3.7880473E-02   2.0183057E+03   5.3125474E+03  -5.9921381E+02   0.0000000E+00   0.0000000E+00   0.0000000E+00
     1.6600000E+02   2.0179379E+03   3.7878886E-02   2.0183064E+03   5.3121763E+03  -6.0051019E+02   0.0000000E+00   0.0000000E+00   0.0000000E+00
     1.6700000E+02   2.0179379E+03   3.7873622E-02   2.0183071E+03   5.3109458E+03  -6.0175360E+02   0.0000000E+00   0.0000000E+00   0.0000000E+00
     1.6800000E+02   2.0179379E+03   3.7872288E-02   2.0183079E+03   5.3106338E+03  -6.0298083E+02   0.0000000E+00   0.0000000E+00   0.0000000E+00
     1.6900000E+02   2.0179379E+03   3.7873160E-02   2.0183086E+03   5.3108374E+03  -6.0416748E+02   0.0000000E+00   0.0000000E+00   0.0000000E+00
     1.7000000E+02   2.0179379E+03   3.7873711E-02   2.0183093E+03   5.3109663E+03  -6.0531787E+02   0.0000000E+00   0.0000000E+00   0.0000000E+00
     1.7100000E+02   2.0179379E+03   3.7879340E-02   2.0183101E+03   5.3122817E+03  -6.0651556E+02   0.0000000E+00   0.0000000E+00   0.0000000E+00
     1.7200000E+02   2.0179379E+03   3.7874017E-02   2.0183108E+03   5.3110371E+03  -6.0769531E+02   0.0000000E+00   0.0000000E+00   0.0000000E+00
     1.7300000E+02   2.0179379E+03   3.7885793E-02   2.0183115E+03   5.3137896E+03  -6.0883606E+02   0.0000000E+00   0.0000000E+00   0.0000000E+00
     1.7400000E+02   2.0179379E+03   3.7896983E-02   2.0183121E+03   5.3164062E+03  -6.0989362E+02   0.0000000E+00   0.0000000E+00   0.0000000E+00
     1.7500000E+02   2.0179380E+03   3.7904903E-02   2.0183129E+03   5.3182583E+03  -6.1089740E+02   0.0000000E+00   0.0000000E+00   0.0000000E+00
     1.7600000E+02   2.0179379E+03   3.7896689E-02   2.0183134E+03   5.3163369E+03  -6.1186230E+02   0.0000000E+00   0.0000000E+00   0.0000000E+00
     1.7700000E+02   2.0179381E+03   3.8030021E-02   2.0183145E+03   5.3475479E+03  -6.1336603E+02   0.0000000E+00   0.0000000E+00   0.0000000E+00
     1.7800000E+02   2.0179380E+03   3.7932016E-02   2.0183154E+03   5.3245991E+03  -6.1511139E+02   0.0000000E+00   0.0000000E+00   0.0000000E+00
     1.7900000E+02   2.0179380E+03   3.7938699E-02   2.0183163E+03   5.3261626E+03  -6.1652954E+02   0.0000000E+00   0.0000000E+00   0.0000000E+00
     1.8000000E+02   2.0179380E+03   3.7963759E-02   2.0183171E+03   5.3320278E+03  -6.1781506E+02   0.0000000E+00   0.0000000E+00   0.0000000E+00
     1.8100000E+02   2.0179380E+03   3.7959363E-02   2.0183179E+03   5.3309980E+03  -6.1912628E+02   0.0000000E+00   0.0000000E+00   0.0000000E+00
     1.8200000E+02   2.0179380E+03   3.7926361E-02   2.0183186E+03   5.3232759E+03  -6.2040564E+02   0.0000000E+00   0.0000000E+00   0.0000000E+00
     1.8300000E+02   2.0179380E+03   3.7926316E-02   2.0183193E+03   5.3232651E+03  -6.2157861E+02   0.0000000E+00   0.0000000E+00   0.0000000E+00
     1.8400000E+02   2.0179380E+03   3.7953965E-02   2.0183202E+03   5.3297349E+03  -6.2282086E+02   0.0000000E+00   0.0000000E+00   0.0000000E+00
     1.8500000E+02   2.0179380E+03   3.7946310E-02   2.0183209E+03   5.3279429E+03  -6.2406769E+02   0.0000000E+00   0.0000000E+00   0.0000000E+00
     1.8600000E+02   2.0179380E+03   3.7941884E-02   2.0183217E+03   5.3269072E+03  -6.2524396E+02   0.0000000E+00   0.0000000E+00   0.0000000E+00
     1.8700000E+02   2.0179380E+03   3.7950110E-02   2.0183224E+03   5.3288320E+03  -6.2644934E+02   0.0000000E+00   0.0000000E+00   0.0000000E+00
     1.8800000E+02   2.0179380E+03   3.7950832E-02   2.0183232E+03   5.3290015E+03  -6.2777686E+02   0.0000000E+00   0.0000000E+00   0.0000000E+00
     1.8900000E+02   2.0179380E+03   3.7945651E-02   2.0183241E+03   5.3277886E+03  -6.2920129E+02   0.0000000E+00   0.0000000E+00   0.0000000E+00
     1.9000000E+02   2.0179380E+03   3.7939940E-02   2.0183250E+03   5.3264521E+03  -6.3064508E+02   0.0000000E+00   0.0000000E+00   0.0000000E+00
     1.9100000E+02   2.0179380E+03   3.7940439E-02   2.0183258E+03   5.3265693E+03  -6.3211096E+02   0.0000000E+00   0.0000000E+00   0.0000000E+00
     1.9200000E+02   2.0179380E+03   3.7942130E-02   2.0183268E+03   5.3269644E+03  -6.3363208E+02   0.0000000E+00   0.0000000E+00   0.0000000E+00
     1.9300000E+02   2.0179380E+03   3.7939299E-02   2.0183278E+03   5.3263018E+03  -6.3515240E+02   0.0000000E+00   0.0000000E+00   0.0000000E+00
     1.9400000E+02   2.0179380E+03   3.7939668E-02   2.0183286E+03   5.3263877E+03  -6.3665143E+02   0.0000000E+00   0.0000000E+00   0.0000000E+00
     1.9500000E+02   2.0179380E+03   3.7942294E-02   2.0183296E+03   5.3270029E+03  -6.3818274E+02   0.0000000E+00   0.0000000E+00   0.0000000E+00
     1.9600000E+02   2.0179380E+03   3.7944019E-02   2.0183306E+03   5.3274062E+03  -6.3980115E+02   0.0000000E+00   0.0000000E+00   0.0000000E+00
     1.9700000E+02   2.0179380E+03   3.7944309E-02   2.0183317E+03   5.3274741E+03  -6.4152710E+02   0.0000000E+00   0.0000000E+00   0.0000000E+00
     1.9800000E+02   2.0179380E+03   3.7942823E-02   2.0183328E+03   5.3271260E+03  -6.4331537E+02   0.0000000E+00   0.0000000E+00   0.0000000E+00
     1.9900000E+02   2.0179380E+03   3.7943102E-02   2.0183339E+03   5.3271914E+03  -6.4515948E+02   0.0000000E+00   0.0000000E+00   0.0000000E+00
     2.0000000E+02   2.0179380E+03   3.7943710E-02   2.0183351E+03   5.3273330E+03  -6.4704987E+02   0.0000000E+00   0.0000000E+00   0.0000000E+00
     2.0100000E+02   2.0179380E+03   3.7944105E-02   2.0183362E+03   5.3274253E+03  -6.4893182E+02   0.0000000E+00   0.0000000E+00   0.0000000E+00
     2.0200000E+02   2.0179380E+03   3.7954111E-02   2.0183374E+03   5.3297671E+03  -6.5093713E+02   0.0000000E+00   0.0000000E+00   0.0000000E+00
     2.0300000E+02   2.0179380E+03   3.7952702E-02   2.0183386E+03   5.3294375E+03  -6.5297791E+02   0.0000000E+00   0.0000000E+00   0.0000000E+00
     2.0400000E+02   2.0179380E+03   3.7955921E-02   2.0183400E+03   5.3301904E+03  -6.5503400E+02   0.0000000E+00   0.0000000E+00   0.0000000E+00
     2.0500000E+02   2.0179380E+03   3.7957847E-02   2.0183412E+03   5.3306416E+03  -6.5711078E+02   0.0000000E+00   0.0000000E+00   0.0000000E+00
     2.0600000E+02   2.0179380E+03   3.7959594E-02   2.0183425E+03   5.3310503E+03  -6.5916351E+02   0.0000000E+00   0.0000000E+00   0.0000000E+00
     2.0700000E+02   2.0179380E+03   3.7962046E-02   2.0183438E+03   5.3316235E+03  -6.6118469E+02   0.0000000E+00   0.0000000E+00   0.0000000E+00
     2.0800000E+02   2.0179380E+03   3.7964728E-02   2.0183450E+03   5.3322515E+03  -6.6312854E+02   0.0000000E+00   0.0000000E+00   0.0000000E+00
     2.0900000E+02   2.0179380E+03   3.7972908E-02   2.0183462E+03   5.3341660E+03  -6.6510211E+02   0.0000000E+00   0.0000000E+00   0.0000000E+00
     2.1000000E+02   2.0179380E+03   3.7973650E-02   2.0183473E+03   5.3343394E+03  -6.6706854E+02   0.0000000E+00   0.0000000E+00   0.0000000E+00
     2.1100000E+02   2.0179380E+03   3.7978042E-02   2.0183485E+03   5.3353672E+03  -6.6901453E+02   0.0000000E+00   0.0000000E+00   0.0000000E+00
     2.1200000E+02   2.0179380E+03   3.7980873E-02   2.0183497E+03   5.3360303E+03  -6.7085980E+02   0.0000000E+00   0.0000000E+00   0.0000000E+00
     2.1300000E+02   2.0179380E+03   3.7983749E-02   2.0183507E+03   5.3367036E+03  -6.7257672E+02   0.0000000E+00   0.0000000E+00   0.0000000E+00
     2.1400000E+02   2.0179380E+03   3.7986726E-02   2.0183517E+03   5.3374009E+03  -6.7417627E+02   0.0000000E+00   0.0000000E+00   0.0000000E+00
     2.1500000E+02   2.0179380E+03   3.7990149E-02   2.0183527E+03   5.3382026E+03  -6.7577081E+02   0.0000000E+00   0.0000000E+00   0.0000000E+00
     2.1600000E+02   2.0179380E+03   3.7993670E-02   2.0183536E+03   5.3390269E+03  -6.7733990E+02   0.0000000E+00   0.0000000E+00   0.0000000E+00
     2.1700000E+02   2.0179380E+03   3.7997160E-02   2.0183546E+03   5.3398433E+03  -6.7885889E+02   0.0000000E+00   0.0000000E+00   0.0000000E+00
     2.1800000E+02   2.0179380E+03   3.8000617E-02   2.0183555E+03   5.3406533E+03  -6.8033148E+02   0.0000000E+00   0.0000000E+00   0.0000000E+00
     2.1900000E+02   2.0179380E+03   3.8004067E-02   2.0183564E+03   5.3414614E+03  -6.8175238E+02   0.0000000E+00   0.0000000E+00   0.0000000E+00
     2.2000000E+02   2.0179380E+03   3.8007531E-02   2.0183572E+03   5.3422734E+03  -6.8312524E+02   0.0000000E+00   0.0000000E+00   0.0000000E+00
     2.2100000E+02   2.0179380E+03   3.8010959E-02   2.0183580E+03   5.3430762E+03  -6.8446777E+02   0.0000000E+00   0.0000000E+00   0.0000000E+00
     2.2200000E+02   2.0179380E+03   3.8014356E-02   2.0183589E+03   5.3438716E+03  -6.8579218E+02   0.0000000E+00   0.0000000E+00   0.0000000E+00
     2.2300000E+02   2.0179380E+03   3.8017761E-02   2.0183596E+03   5.3446694E+03  -6.8709808E+02   0.0000000E+00   0.0000000E+00   0.0000000E+00
     2.2400000E+02   2.0179380E+03   3.8021173E-02   2.0183605E+03   5.3454688E+03  -6.8838452E+02   0.0000000E+00   0.0000000E+00   0.0000000E+00
     2.2500000E+02   2.0179380E+03   3.8024556E-02   2.0183612E+03   5.3462607E+03  -6.8965735E+02   0.0000000E+00   0.0000000E+00   0.0000000E+00
     2.2600000E+02   2.0179381E+03   3.8027916E-02   2.0183621E+03   5.3470483E+03  -6.9094965E+02   0.0000000E+00   0.0000000E+00   0.0000000E+00
     2.2700000E+02   2.0179381E+03   3.8034230E-02   2.0183629E+03   5.3485278E+03  -6.9227582E+02   0.0000000E+00   0.0000000E+00   0.0000000E+00
     2.2800000E+02   2.0179381E+03   3.8039275E-02   2.0183636E+03   5.3497100E+03  -6.9361737E+02   0.0000000E+00   0.0000000E+00   0.0000000E+00
     2.2900000E+02   2.0179381E+03   3.8042109E-02   2.0183645E+03   5.3503745E+03  -6.9493079E+02   0.0000000E+00   0.0000000E+00   0.0000000E+00
     2.3000000E+02   2.0179381E+03   3.8044386E-02   2.0183652E+03   5.3509077E+03  -6.9617432E+02   0.0000000E+00   0.0000000E+00   0.0000000E+00
     2.3100000E+02   2.0179381E+03   3.8134564E-02   2.0183668E+03   5.3720640E+03  -6.9853583E+02   0.0000000E+00   0.0000000E+00   0.0000000E+00
     2.3200000E+02   2.0179381E+03   3.8097788E-02   2.0183684E+03   5.3634312E+03  -7.0114246E+02   0.0000000E+00   0.0000000E+00   0.0000000E+00
     2.3300000E+02   2.0179381E+03   3.8090959E-02   2.0183698E+03   5.3618291E+03  -7.0339703E+02   0.0000000E+00   0.0000000E+00   0.0000000E+00
     2.3400000E+02   2.0179381E+03   3.8090933E-02   2.0183710E+03   5.3618228E+03  -7.0543695E+02   0.0000000E+00   0.0000000E+00   0.0000000E+00
     2.3500000E+02   2.0179381E+03   3.8092591E-02   2.0183722E+03   5.3622119E+03  -7.0735797E+02   0.0000000E+00   0.0000000E+00   0.0000000E+00
     2.3600000E+02   2.0179381E+03   3.8094353E-02   2.0183733E+03   5.3626245E+03  -7.0920587E+02   0.0000000E+00   0.0000000E+00   0.0000000E+00
     2.3700000E+02   2.0179381E+03   3.8096331E-02   2.0183744E+03   5.3630889E+03  -7.1100000E+02   0.0000000E+00   0.0000000E+00   0.0000000E+00
     2.3800000E+02   2.0179381E+03   3.8105153E-02   2.0183756E+03   5.3651587E+03  -7.1284747E+02   0.0000000E+00   0.0000000E+00   0.0000000E+00
     2.3900000E+02   2.0179381E+03   3.8132511E-02   2.0183770E+03   5.3715806E+03  -7.1499060E+02   0.0000000E+00   0.0000000E+00   0.0000000E+00
     2.4000000E+02   2.0179381E+03   3.8117722E-02   2.0183782E+03   5.3681079E+03  -7.1712500E+02   0.0000000E+00   0.0000000E+00   0.0000000E+00
     2.4100000E+02   2.0179381E+03   3.8117860E-02   2.0183794E+03   5.3681401E+03  -7.1910004E+02   0.0000000E+00   0.0000000E+00   0.0000000E+00
     2.4200000E+02   2.0179381E+03   3.8119990E-02   2.0183806E+03   5.3686401E+03  -7.2098828E+02   0.0000000E+00   0.0000000E+00   0.0000000E+00
     2.4300000E+02   2.0179381E+03   3.8122043E-02   2.0183817E+03   5.3691211E+03  -7.2281580E+02   0.0000000E+00   0.0000000E+00   0.0000000E+00
     2.4400000E+02   2.0179381E+03   3.8123734E-02   2.0183828E+03   5.3695186E+03  -7.2458655E+02   0.0000000E+00   0.0000000E+00   0.0000000E+00
     2.4500000E+02   2.0179381E+03   3.8125258E-02   2.0183838E+03   5.3698755E+03  -7.2624249E+02   0.0000000E+00   0.0000000E+00   0.0000000E+00
     2.4600000E+02   2.0179381E+03   3.8119107E-02   2.0183846E+03   5.3684316E+03  -7.2770148E+02   0.0000000E+00   0.0000000E+00   0.0000000E+00
     2.4700000E+02   2.0179381E+03   3.8114335E-02   2.0183855E+03   5.3673115E+03  -7.2893988E+02   0.0000000E+00   0.0000000E+00   0.0000000E+00
     2.4800000E+02   2.0179381E+03   3.8112774E-02   2.0183861E+03   5.3669453E+03  -7.3000018E+02   0.0000000E+00   0.0000000E+00   0.0000000E+00
     2.4900000E+02   2.0179381E+03   3.8110815E-02   2.0183866E+03   5.3664849E+03  -7.3089984E+02   0.0000000E+00   0.0000000E+00   0.0000000E+00
     2.5000000E+02   2.0179381E+03   3.8110211E-02   2.0183871E+03   5.3663438E+03  -7.3168536E+02   0.0000000E+00   0.0000000E+00   0.0000000E+00
     2.5100000E+02   2.0179381E+03   3.8110867E-02   2.0183876E+03   5.3664966E+03  -7.3236328E+02   0.0000000E+00   0.0000000E+00   0.0000000E+00
     2.5200000E+02   2.0179381E+03   3.8112033E-02   2.0183879E+03   5.3667710E+03  -7.3296075E+02   0.0000000E+00   0.0000000E+00   0.0000000E+00
     2.5300000E+02   2.0179381E+03   3.8113058E-02   2.0183882E+03   5.3670112E+03  -7.3348590E+02   0.0000000E+00   0.0000000E+00   0.0000000E+00
     2.5400000E+02   2.0179381E+03   3.8113996E-02   2.0183885E+03   5.3672314E+03  -7.3396594E+02   0.0000000E+00   0.0000000E+00   0.0000000E+00
     2.5500000E+02   2.0179381E+03   3.8114879E-02   2.0183888E+03   5.3674390E+03  -7.3441699E+02   0.0000000E+00   0.0000000E+00   0.0000000E+00
     2.5600000E+02   2.0179381E+03   3.8115699E-02   2.0183890E+03   5.3676309E+03  -7.3483368E+02   0.0000000E+00   0.0000000E+00   0.0000000E+00
     2.5700000E+02   2.0179381E+03   3.8116511E-02   2.0183893E+03   5.3678213E+03  -7.3524506E+02   0.0000000E+00   0.0000000E+00   0.0000000E+00
     2.5800000E+02   2.0179381E+03   3.8117290E-02   2.0183895E+03   5.3680044E+03  -7.3563818E+02   0.0000000E+00   0.0000000E+00   0.0000000E+00
     2.5900000E+02   2.0179381E+03   3.8117945E-02   2.0183898E+03   5.3681577E+03  -7.3597040E+02   0.0000000E+00   0.0000000E+00   0.0000000E+00
     2.6000000E+02   2.0179381E+03   3.8118485E-02   2.0183899E+03   5.3682847E+03  -7.3624664E+02   0.0000000E+00   0.0000000E+00   0.0000000E+00
     2.6100000E+02   2.0179381E+03   3.8118929E-02   2.0183901E+03   5.3683887E+03  -7.3647595E+02   0.0000000E+00   0.0000000E+00   0.0000000E+00
     2.6200000E+02   2.0179381E+03   3.8119279E-02   2.0183901E+03   5.3684712E+03  -7.3666052E+02   0.0000000E+00   0.0000000E+00   0.0000000E+00
     2.6300000E+02   2.0179381E+03   3.8119555E-02   2.0183903E+03   5.3685352E+03  -7.3680676E+02   0.0000000E+00   0.0000000E+00   0.0000000E+00
     2.6400000E+02   2.0179381E+03   3.8119752E-02   2.0183904E+03   5.3685815E+03  -7.3691553E+02   0.0000000E+00   0.0000000E+00   0.0000000E+00
     2.6500000E+02   2.0179381E+03   3.8119879E-02   2.0183904E+03   5.3686113E+03  -7.3699103E+02   0.0000000E+00   0.0000000E+00   0.0000000E+00
     2.6600000E+02   2.0179381E+03   3.8119957E-02   2.0183904E+03   5.3686294E+03  -7.3704138E+02   0.0000000E+00   0.0000000E+00   0.0000000E+00
     2.6700000E+02   2.0179381E+03   3.8119998E-02   2.0183905E+03   5.3686392E+03  -7.3707361E+02   0.0000000E+00   0.0000000E+00   0.0000000E+00
     2.6800000E+02   2.0179381E+03   3.8119994E-02   2.0183905E+03   5.3686382E+03  -7.3708441E+02   0.0000000E+00   0.0000000E+00   0.0000000E+00
     2.6900000E+02   2.0179381E+03   3.8119931E-02   2.0183905E+03   5.3686235E+03  -7.3706610E+02   0.0000000E+00   0.0000000E+00   0.0000000E+00
     2.7000000E+02   2.0179381E+03   3.8119793E-02   2.0183904E+03   5.3685918E+03  -7.3701337E+02   0.0000000E+00   0.0000000E+00   0.0000000E+00
     2.7100000E+02   2.0179381E+03   3.8119648E-02   2.0183904E+03   5.3685571E+03  -7.3695386E+02   0.0000000E+00   0.0000000E+00   0.0000000E+00
     2.7200000E+02   2.0179381E+03   3.8119476E-02   2.0183904E+03   5.3685171E+03  -7.3688336E+02   0.0000000E+00   0.0000000E+00   0.0000000E+00
     2.7300000E+02   2.0179381E+03   3.8119275E-02   2.0183903E+03   5.3684702E+03  -7.3679834E+02   0.0000000E+00   0.0000000E+00   0.0000000E+00
     2.7400000E+02   2.0179381E+03   3.8119059E-02   2.0183903E+03   5.3684189E+03  -7.3670337E+02   0.0000000E+00   0.0000000E+00   0.0000000E+00
     2.7500000E+02   2.0179381E+03   3.8118966E-02   2.0183903E+03   5.3683970E+03  -7.3666742E+02   0.0000000E+00   0.0000000E+00   0.0000000E+00
     2.7600000E+02   2.0179381E+03   3.8118962E-02   2.0183903E+03   5.3683960E+03  -7.3667267E+02   0.0000000E+00   0.0000000E+00   0.0000000E+00
     2.7700000E+02   2.0179381E+03   3.8118981E-02   2.0183903E+03   5.3684014E+03  -7.3668958E+02   0.0000000E+00   0.0000000E+00   0.0000000E+00
     2.7800000E+02   2.0179381E+03   3.8119007E-02   2.0183903E+03   5.3684072E+03  -7.3670795E+02   0.0000000E+00   0.0000000E+00   0.0000000E+00
     2.7900000E+02   2.0179381E+03   3.8119033E-02   2.0183903E+03   5.3684131E+03  -7.3672540E+02   0.0000000E+00   0.0000000E+00   0.0000000E+00
     2.8000000E+02   2.0179381E+03   3.8119063E-02   2.0183903E+03   5.3684204E+03  -7.3674567E+02   0.0000000E+00   0.0000000E+00   0.0000000E+00
     2.8100000E+02   2.0179381E+03   3.8119104E-02   2.0183903E+03   5.3684297E+03  -7.3676904E+02   0.0000000E+00   0.0000000E+00   0.0000000E+00
     2.8200000E+02   2.0179381E+03   3.8119145E-02   2.0183903E+03   5.3684395E+03  -7.3679395E+02   0.0000000E+00   0.0000000E+00   0.0000000E+00
     2.8300000E+02   2.0179381E+03   3.8119189E-02   2.0183903E+03   5.3684497E+03  -7.3681830E+02   0.0000000E+00   0.0000000E+00   0.0000000E+00
     2.8400000E+02   2.0179381E+03   3.8119219E-02   2.0183903E+03   5.3684570E+03  -7.3683746E+02   0.0000000E+00   0.0000000E+00   0.0000000E+00
     2.8500000E+02   2.0179381E+03   3.8119256E-02   2.0183903E+03   5.3684653E+03  -7.3685840E+02   0.0000000E+00   0.0000000E+00   0.0000000E+00
     2.8600000E+02   2.0179381E+03   3.8119297E-02   2.0183904E+03   5.3684746E+03  -7.3688104E+02   0.0000000E+00   0.0000000E+00   0.0000000E+00
     2.8700000E+02   2.0179381E+03   3.8119338E-02   2.0183904E+03   5.3684844E+03  -7.3690417E+02   0.0000000E+00   0.0000000E+00   0.0000000E+00
     2.8800000E+02   2.0179381E+03   3.8119372E-02   2.0183904E+03   5.3684927E+03  -7.3692413E+02   0.0000000E+00   0.0000000E+00   0.0000000E+00
     2.8900000E+02   2.0179381E+03   3.8119402E-02   2.0183904E+03   5.3684990E+03  -7.3694025E+02   0.0000000E+00   0.0000000E+00   0.0000000E+00
     2.9000000E+02   2.0179381E+03   3.8119424E-02   2.0183904E+03   5.3685049E+03  -7.3695471E+02   0.0000000E+00   0.0000000E+00   0.0000000E+00
     2.9100000E+02   2.0179381E+03   3.8119454E-02   2.0183904E+03   5.3685112E+03  -7.3697058E+02   0.0000000E+00   0.0000000E+00   0.0000000E+00
     2.9200000E+02   2.0179381E+03   3.8119480E-02   2.0183904E+03   5.3685186E+03  -7.3698718E+02   0.0000000E+00   0.0000000E+00   0.0000000E+00
     2.9300000E+02   2.0179381E+03   3.8119510E-02   2.0183904E+03   5.3685249E+03  -7.3700244E+02   0.0000000E+00   0.0000000E+00   0.0000000E+00
     2.9400000E+02   2.0179381E+03   3.8119532E-02   2.0183904E+03   5.3685303E+03  -7.3701587E+02   0.0000000E+00   0.0000000E+00   0.0000000E+00
     2.9500000E+02   2.0179381E+03   3.8119555E-02   2.0183904E+03   5.3685352E+03  -7.3702820E+02   0.0000000E+00   0.0000000E+00   0.0000000E+00
     2.9600000E+02   2.0179381E+03   3.8119573E-02   2.0183904E+03   5.3685396E+03  -7.3703900E+02   0.0000000E+00   0.0000000E+00   0.0000000E+00
     2.9700000E+02   2.0179381E+03   3.8119584E-02   2.0183904E+03   5.3685430E+03  -7.3704742E+02   0.0000000E+00   0.0000000E+00   0.0000000E+00
     2.9800000E+02   2.0179381E+03   3.8119592E-02   2.0183904E+03   5.3685444E+03  -7.3705304E+02   0.0000000E+00   0.0000000E+00   0.0000000E+00
     2.9900000E+02   2.0179381E+03   3.8119599E-02   2.0183904E+03   5.3685454E+03  -7.3705688E+02   0.0000000E+00   0.0000000E+00   0.0000000E+00
     3.0000000E+02   2.0179381E+03   3.8119595E-02   2.0183904E+03   5.3685449E+03  -7.3705750E+02   0.0000000E+00   0.0000000E+00   0.0000000E+00
     3.0100000E+02   2.0179381E+03   3.8119584E-02   2.0183904E+03   5.3685420E+03  -7.3705359E+02   0.0000000E+00   0.0000000E+00   0.0000000E+00
     3.0200000E+02   2.0179381E+03   3.8119569E-02   2.0183904E+03   5.3685386E+03  -7.3704816E+02   0.0000000E+00   0.0000000E+00   0.0000000E+00
     3.0300000E+02   2.0179381E+03   3.8119558E-02   2.0183904E+03   5.3685366E+03  -7.3704510E+02   0.0000000E+00   0.0000000E+00   0.0000000E+00
     3.0400000E+02   2.0179381E+03   3.8119551E-02   2.0183904E+03   5.3685352E+03  -7.3704364E+02   0.0000000E+00   0.0000000E+00   0.0000000E+00
     3.0500000E+02   2.0179381E+03   3.8119547E-02   2.0183904E+03   5.3685337E+03  -7.3704242E+02   0.0000000E+00   0.0000000E+00   0.0000000E+00
     3.0600000E+02   2.0179381E+03   3.8119227E-02   2.0183904E+03   5.3684585E+03  -7.3689337E+02   0.0000000E+00   0.0000000E+00   0.0000000E+00
     3.0700000E+02   2.0179381E+03   3.8118638E-02   2.0183901E+03   5.3683203E+03  -7.3661823E+02   0.0000000E+00   0.0000000E+00   0.0000000E+00
     3.0800000E+02   2.0179381E+03   3.8117923E-02   2.0183900E+03   5.3681528E+03  -7.3628442E+02   0.0000000E+00   0.0000000E+00   0.0000000E+00
     3.0900000E+02   2.0179381E+03   3.8117096E-02   2.0183898E+03   5.3679580E+03  -7.3589600E+02   0.0000000E+00   0.0000000E+00   0.0000000E+00
     3.1000000E+02   2.0179381E+03   3.8116131E-02   2.0183894E+03   5.3677324E+03  -7.3544568E+02   0.0000000E+00   0.0000000E+00   0.0000000E+00
     3.1100000E+02   2.0179381E+03   3.8114991E-02   2.0183892E+03   5.3674648E+03  -7.3491101E+02   0.0000000E+00   0.0000000E+00   0.0000000E+00
     3.1200000E+02   2.0179381E+03   3.8113706E-02   2.0183888E+03   5.3671631E+03  -7.3430865E+02   0.0000000E+00   0.0000000E+00   0.0000000E+00
     3.1300000E+02   2.0179381E+03   3.8112305E-02   2.0183883E+03   5.3668350E+03  -7.3365302E+02   0.0000000E+00   0.0000000E+00   0.0000000E+00
     3.1400000E+02   2.0179381E+03   3.8110826E-02   2.0183879E+03   5.3664873E+03  -7.3295917E+02   0.0000000E+00   0.0000000E+00   0.0000000E+00
     3.1500000E+02   2.0179381E+03   3.8109321E-02   2.0183875E+03   5.3661338E+03  -7.3225287E+02   0.0000000E+00   0.0000000E+00   0.0000000E+00
     3.1600000E+02   2.0179381E+03   3.8107820E-02   2.0183871E+03   5.3657822E+03  -7.3154993E+02   0.0000000E+00   0.0000000E+00   0.0000000E+00
     3.1700000E+02   2.0179381E+03   3.8106322E-02   2.0183866E+03   5.3654307E+03  -7.3084778E+02   0.0000000E+00   0.0000000E+00   0.0000000E+00
     3.1800000E+02   2.0179381E+03   3.8104843E-02   2.0183862E+03   5.3650835E+03  -7.3015460E+02   0.0000000E+00   0.0000000E+00   0.0000000E+00
     3.1900000E+02   2.0179381E+03   3.8103372E-02   2.0183857E+03   5.3647388E+03  -7.2946564E+02   0.0000000E+00   0.0000000E+00   0.0000000E+00
     3.2000000E+02   2.0179381E+03   3.8101912E-02   2.0183854E+03   5.3643965E+03  -7.2878119E+02   0.0000000E+00   0.0000000E+00   0.0000000E+00
     3.2100000E+02   2.0179381E+03   3.8100440E-02   2.0183849E+03   5.3640503E+03  -7.2809003E+02   0.0000000E+00   0.0000000E+00   0.0000000E+00
     3.2200000E+02   2.0179381E+03   3.8099363E-02   2.0183845E+03   5.3637988E+03  -7.2739807E+02   0.0000000E+00   0.0000000E+00   0.0000000E+00
     3.2300000E+02   2.0179381E+03   3.8097572E-02   2.0183840E+03   5.3633779E+03  -7.2670020E+02   0.0000000E+00   0.0000000E+00   0.0000000E+00
     3.2400000E+02   2.0179381E+03   3.8096085E-02   2.0183837E+03   5.3630288E+03  -7.2600549E+02   0.0000000E+00   0.0000000E+00   0.0000000E+00
     3.2500000E+02   2.0179381E+03   3.8094662E-02   2.0183832E+03   5.3626953E+03  -7.2534119E+02   0.0000000E+00   0.0000000E+00   0.0000000E+00
     3.2600000E+02   2.0179381E+03   3.8093280E-02   2.0183828E+03   5.3623716E+03  -7.2469568E+02   0.0000000E+00   0.0000000E+00   0.0000000E+00
     3.2700000E+02   2.0179381E+03   3.8091864E-02   2.0183824E+03   5.3620386E+03  -7.2403284E+02   0.0000000E+00   0.0000000E+00   0.0000000E+00
     3.2800000E+02   2.0179381E+03   3.8090393E-02   2.0183820E+03   5.3616938E+03  -7.2334558E+02   0.0000000E+00   0.0000000E+00   0.0000000E+00
     3.2900000E+02   2.0179381E+03   3.8088884E-02   2.0183816E+03   5.3613398E+03  -7.2263953E+02   0.0000000E+00   0.0000000E+00   0.0000000E+00
     3.3000000E+02   2.0179381E+03   3.8087294E-02   2.0183811E+03   5.3609673E+03  -7.2189642E+02   0.0000000E+00   0.0000000E+00   0.0000000E+00
     3.3100000E+02   2.0179381E+03   3.8085666E-02   2.0183806E+03   5.3605850E+03  -7.2113391E+02   0.0000000E+00   0.0000000E+00   0.0000000E+00
     3.3200000E+02   2.0179381E+03   3.8084034E-02   2.0183801E+03   5.3602026E+03  -7.2037128E+02   0.0000000E+00   0.0000000E+00   0.0000000E+00
     3.3300000E+02   2.0179381E+03   3.8082398E-02   2.0183796E+03   5.3598193E+03  -7.1960565E+02   0.0000000E+00   0.0000000E+00   0.0000000E+00
     3.3400000E+02   2.0179381E+03   3.8080785E-02   2.0183793E+03   5.3594404E+03  -7.1885004E+02   0.0000000E+00   0.0000000E+00   0.0000000E+00
     3.3500000E+02   2.0179381E+03   3.8079113E-02   2.0183788E+03   5.3590483E+03  -7.1806708E+02   0.0000000E+00   0.0000000E+00   0.0000000E+00
     3.3600000E+02   2.0179381E+03   3.8077462E-02   2.0183783E+03   5.3586616E+03  -7.1729504E+02   0.0000000E+00   0.0000000E+00   0.0000000E+00
     3.3700000E+02   2.0179381E+03   3.8076211E-02   2.0183779E+03   5.3583682E+03  -7.1670966E+02   0.0000000E+00   0.0000000E+00   0.0000000E+00
     3.3800000E+02   2.0179381E+03   3.8075246E-02   2.0183777E+03   5.3581421E+03  -7.1625922E+02   0.0000000E+00   0.0000000E+00   0.0000000E+00
     3.3900000E+02   2.0179381E+03   3.8074404E-02   2.0183774E+03   5.3579448E+03  -7.1586578E+02   0.0000000E+00   0.0000000E+00   0.0000000E+00
     3.4000000E+02   2.0179381E+03   3.8073622E-02   2.0183772E+03   5.3577607E+03  -7.1549933E+02   0.0000000E+00   0.0000000E+00   0.0000000E+00
     3.4100000E+02   2.0179381E+03   3.8072869E-02   2.0183770E+03   5.3575850E+03  -7.1514844E+02   0.0000000E+00   0.0000000E+00   0.0000000E+00
     3.4200000E+02   2.0179381E+03   3.8072143E-02   2.0183767E+03   5.3574146E+03  -7.1480841E+02   0.0000000E+00   0.0000000E+00   0.0000000E+00
     3.4300000E+02   2.0179381E+03   3.8071435E-02   2.0183766E+03   5.3572480E+03  -7.1447668E+02   0.0000000E+00   0.0000000E+00   0.0000000E+00
     3.4400000E+02   2.0179381E+03   3.8070742E-02   2.0183763E+03   5.3570854E+03  -7.1415265E+02   0.0000000E+00   0.0000000E+00   0.0000000E+00
     3.4500000E+02   2.0179381E+03   3.8070060E-02   2.0183761E+03   5.3569263E+03  -7.1383459E+02   0.0000000E+00   0.0000000E+00   0.0000000E+00
     3.4600000E+02   2.0179381E+03   3.8069397E-02   2.0183760E+03   5.3567705E+03  -7.1352460E+02   0.0000000E+00   0.0000000E+00   0.0000000E+00
     3.4700000E+02   2.0179381E+03   3.8068749E-02   2.0183757E+03   5.3566187E+03  -7.1322198E+02   0.0000000E+00   0.0000000E+00   0.0000000E+00
     3.4800000E+02   2.0179381E+03   3.8068131E-02   2.0183756E+03   5.3564731E+03  -7.1293176E+02   0.0000000E+00   0.0000000E+00   0.0000000E+00
     3.4900000E+02   2.0179381E+03   3.8067531E-02   2.0183754E+03   5.3563330E+03  -7.1265137E+02   0.0000000E+00   0.0000000E+00   0.0000000E+00
     3.5000000E+02   2.0179381E+03   3.8066946E-02   2.0183752E+03   5.3561958E+03  -7.1237793E+02   0.0000000E+00   0.0000000E+00   0.0000000E+00
     3.5100000E+02   2.0179381E+03   3.8066376E-02   2.0183751E+03   5.3560625E+03  -7.1211212E+02   0.0000000E+00   0.0000000E+00   0.0000000E+00
     3.5200000E+02   2.0179381E+03   3.8065825E-02   2.0183749E+03   5.3559331E+03  -7.1185394E+02   0.0000000E+00   0.0000000E+00   0.0000000E+00
     3.5300000E+02   2.0179381E+03   3.8065515E-02   2.0183748E+03   5.3558608E+03  -7.1161975E+02   0.0000000E+00   0.0000000E+00   0.0000000E+00
     3.5400000E+02   2.0179381E+03   3.8064875E-02   2.0183746E+03   5.3557104E+03  -7.1139050E+02   0.0000000E+00   0.0000000E+00   0.0000000E+00
     3.5500000E+02   2.0179381E+03   3.8064383E-02   2.0183745E+03   5.3555942E+03  -7.1116040E+02   0.0000000E+00   0.0000000E+00   0.0000000E+00
     3.5600000E+02   2.0179381E+03   3.8063895E-02   2.0183744E+03   5.3554805E+03  -7.1093433E+02   0.0000000E+00   0.0000000E+00   0.0000000E+00
     3.5700000E+02   2.0179381E+03   3.8063433E-02   2.0183743E+03   5.3553721E+03  -7.1071814E+02   0.0000000E+00   0.0000000E+00   0.0000000E+00
     3.5800000E+02   2.0179381E+03   3.8062990E-02   2.0183741E+03   5.3552681E+03  -7.1051154E+02   0.0000000E+00   0.0000000E+00   0.0000000E+00
     3.5900000E+02   2.0179381E+03   3.8062561E-02   2.0183740E+03   5.3551685E+03  -7.1031360E+02   0.0000000E+00   0.0000000E+00   0.0000000E+00
     3.6000000E+02   2.0179381E+03   3.8062152E-02   2.0183739E+03   5.3550718E+03  -7.1012164E+02   0.0000000E+00   0.0000000E+00   0.0000000E+00
     3.6100000E+02   2.0179381E+03   3.8068119E-02   2.0183738E+03   5.3564712E+03  -7.1008490E+02   0.0000000E+00   0.0000000E+00   0.0000000E+00
     3.6200000E+02   2.0179381E+03   3.8062751E-02   2.0183737E+03   5.3552129E+03  -7.0984668E+02   0.0000000E+00   0.0000000E+00   0.0000000E+00
     3.6300000E+02   2.0179381E+03   3.8062103E-02   2.0183735E+03   5.3550605E+03  -7.0958630E+02   0.0000000E+00   0.0000000E+00   0.0000000E+00
     3.6400000E+02   2.0179381E+03   3.8061611E-02   2.0183734E+03   5.3549448E+03  -7.0939471E+02   0.0000000E+00   0.0000000E+00   0.0000000E+00
     3.6500000E+02   2.0179381E+03   3.8061183E-02   2.0183733E+03   5.3548452E+03  -7.0923102E+02   0.0000000E+00   0.0000000E+00   0.0000000E+00
     3.6600000E+02   2.0179381E+03   3.8060796E-02   2.0183732E+03   5.3547539E+03  -7.0908105E+02   0.0000000E+00   0.0000000E+00   0.0000000E+00
     3.6700000E+02   2.0179381E+03   3.8060442E-02   2.0183732E+03   5.3546709E+03  -7.0894501E+02   0.0000000E+00   0.0000000E+00   0.0000000E+00
     3.6800000E+02   2.0179381E+03   3.8060118E-02   2.0183730E+03   5.3545947E+03  -7.0882013E+02   0.0000000E+00   0.0000000E+00   0.0000000E+00
     3.6900000E+02   2.0179381E+03   3.8060151E-02   2.0183730E+03   5.3546025E+03  -7.0872107E+02   0.0000000E+00   0.0000000E+00   0.0000000E+00
     3.7000000E+02   2.0179381E+03   3.8059674E-02   2.0183729E+03   5.3544912E+03  -7.0863373E+02   0.0000000E+00   0.0000000E+00   0.0000000E+00
     3.7100000E+02   2.0179381E+03   3.8059432E-02   2.0183729E+03   5.3544346E+03  -7.0854419E+02   0.0000000E+00   0.0000000E+00   0.0000000E+00
     3.7200000E+02   2.0179381E+03   3.8059201E-02   2.0183728E+03   5.3543799E+03  -7.0845593E+02   0.0000000E+00   0.0000000E+00   0.0000000E+00
     3.7300000E+02   2.0179381E+03   3.8061351E-02   2.0183729E+03   5.3548838E+03  -7.0863751E+02   0.0000000E+00   0.0000000E+00   0.0000000E+00
     3.7400000E+02   2.0179381E+03   3.8061749E-02   2.0183730E+03   5.3549771E+03  -7.0878424E+02   0.0000000E+00   0.0000000E+00   0.0000000E+00
     3.7500000E+02   2.0179381E+03   3.8064096E-02   2.0183730E+03   5.3555278E+03  -7.0884778E+02   0.0000000E+00   0.0000000E+00   0.0000000E+00
     3.7600000E+02   2.0179381E+03   3.8072471E-02   2.0183732E+03   5.3574922E+03  -7.0897522E+02   0.0000000E+00   0.0000000E+00   0.0000000E+00
     3.7700000E+02   2.0179381E+03   3.8072441E-02   2.0183733E+03   5.3574844E+03  -7.0916711E+02   0.0000000E+00   0.0000000E+00   0.0000000E+00
     3.7800000E+02   2.0179381E+03   3.8072385E-02   2.0183734E+03   5.3574717E+03  -7.0931067E+02   0.0000000E+00   0.0000000E+00   0.0000000E+00
     3.7900000E+02   2.0179381E+03   3.8072761E-02   2.0183734E+03   5.3575601E+03  -7.0941174E+02   0.0000000E+00   0.0000000E+00   0.0000000E+00
     3.8000000E+02   2.0179381E+03   3.8075361E-02   2.0183735E+03   5.3581694E+03  -7.0950232E+02   0.0000000E+00   0.0000000E+00   0.0000000E+00
     3.8100000E+02   2.0179381E+03   3.8076185E-02   2.0183735E+03   5.3583633E+03  -7.0959613E+02   0.0000000E+00   0.0000000E+00   0.0000000E+00
     3.8200000E+02   2.0179381E+03   3.8079042E-02   2.0183737E+03   5.3590327E+03  -7.0970581E+02   0.0000000E+00   0.0000000E+00   0.0000000E+00
     3.8300000E+02   2.0179381E+03   3.8082696E-02   2.0183737E+03   5.3598896E+03  -7.0984723E+02   0.0000000E+00   0.0000000E+00   0.0000000E+00
     3.8400000E+02   2.0179381E+03   3.8082700E-02   2.0183738E+03   5.3598911E+03  -7.1000922E+02   0.0000000E+00   0.0000000E+00   0.0000000E+00
     3.8500000E+02   2.0179381E+03   3.8082458E-02   2.0183739E+03   5.3598345E+03  -7.1017792E+02   0.0000000E+00   0.0000000E+00   0.0000000E+00
     3.8600000E+02   2.0179381E+03   3.8082026E-02   2.0183738E+03   5.3597329E+03  -7.1003613E+02   0.0000000E+00   0.0000000E+00   0.0000000E+00
     3.8700000E+02   2.0179381E+03   3.8081948E-02   2.0183738E+03   5.3597148E+03  -7.1003912E+02   0.0000000E+00   0.0000000E+00   0.0000000E+00
     3.8800000E+02   2.0179381E+03   3.8082097E-02   2.0183739E+03   5.3597495E+03  -7.1014935E+02   0.0000000E+00   0.0000000E+00   0.0000000E+00
     3.8900000E+02   2.0179381E+03   3.8082324E-02   2.0183740E+03   5.3598027E+03  -7.1029883E+02   0.0000000E+00   0.0000000E+00   0.0000000E+00
     3.9000000E+02   2.0179381E+03   3.8082611E-02   2.0183740E+03   5.3598706E+03  -7.1046307E+02   0.0000000E+00   0.0000000E+00   0.0000000E+00
     3.9100000E+02   2.0179381E+03   3.8082924E-02   2.0183741E+03   5.3599438E+03  -7.1063373E+02   0.0000000E+00   0.0000000E+00   0.0000000E+00
     3.9200000E+02   2.0179381E+03   3.8083244E-02   2.0183743E+03   5.3600186E+03  -7.1080780E+02   0.0000000E+00   0.0000000E+00   0.0000000E+00
     3.9300000E+02   2.0179381E+03   3.8089864E-02   2.0183744E+03   5.3615713E+03  -7.1104767E+02   0.0000000E+00   0.0000000E+00   0.0000000E+00
     3.9400000E+02   2.0179381E+03   3.8089611E-02   2.0183749E+03   5.3615117E+03  -7.1183734E+02   0.0000000E+00   0.0000000E+00   0.0000000E+00
     3.9500000E+02   2.0179381E+03   3.8089972E-02   2.0183754E+03   5.3615962E+03  -7.1260126E+02   0.0000000E+00   0.0000000E+00   0.0000000E+00
     3.9600000E+02   2.0179381E+03   3.8090754E-02   2.0183757E+03   5.3617803E+03  -7.1309186E+02   0.0000000E+00   0.0000000E+00   0.0000000E+00
     3.9700000E+02   2.0179381E+03   3.8093042E-02   2.0183760E+03   5.3623164E+03  -7.1343384E+02   0.0000000E+00   0.0000000E+00   0.0000000E+00
     3.9800000E+02   2.0179381E+03   3.8099032E-02   2.0183761E+03   5.3637222E+03  -7.1372986E+02   0.0000000E+00   0.0000000E+00   0.0000000E+00
     3.9900000E+02   2.0179381E+03   3.8107228E-02   2.0183763E+03   5.3656455E+03  -7.1403772E+02   0.0000000E+00   0.0000000E+00   0.0000000E+00
     4.0000000E+02   2.0179381E+03   3.8113851E-02   2.0183765E+03   5.3671997E+03  -7.1437933E+02   0.0000000E+00   0.0000000E+00   0.0000000E+00
     4.0100000E+02   2.0179381E+03   3.8116816E-02   2.0183767E+03   5.3678955E+03  -7.1474915E+02   0.0000000E+00   0.0000000E+00   0.0000000E+00
     4.0200000E+02   2.0179381E+03   3.8120989E-02   2.0183770E+03   5.3688750E+03  -7.1514362E+02   0.0000000E+00   0.0000000E+00   0.0000000E+00
     4.0300000E+02   2.0179381E+03   3.8128119E-02   2.0183773E+03   5.3705493E+03  -7.1557660E+02   0.0000000E+00   0.0000000E+00   0.0000000E+00
     4.0400000E+02   2.0179381E+03   3.8127035E-02   2.0183776E+03   5.3702944E+03  -7.1602838E+02   0.0000000E+00   0.0000000E+00   0.0000000E+00
     4.0500000E+02   2.0179381E+03   3.8128547E-02   2.0183778E+03   5.3706494E+03  -7.1648492E+02   0.0000000E+00   0.0000000E+00   0.0000000E+00
     4.0600000E+02   2.0179381E+03   3.8130190E-02   2.0183782E+03   5.3710347E+03  -7.1695807E+02   0.0000000E+00   0.0000000E+00   0.0000000E+00
     4.0700000E+02   2.0179381E+03   3.8130589E-02   2.0183784E+03   5.3711279E+03  -7.1744684E+02   0.0000000E+00   0.0000000E+00   0.0000000E+00
     4.0800000E+02   2.0179381E+03   3.8131051E-02   2.0183788E+03   5.3712363E+03  -7.1794983E+02   0.0000000E+00   0.0000000E+00   0.0000000E+00
     4.0900000E+02   2.0179381E+03   3.8132224E-02   2.0183790E+03   5.3715117E+03  -7.1847101E+02   0.0000000E+00   0.0000000E+00   0.0000000E+00
     4.1000000E+02   2.0179382E+03   3.8228873E-02   2.0183798E+03   5.3942222E+03  -7.1956323E+02   0.0000000E+00   0.0000000E+00   0.0000000E+00
     4.1100000E+02   2.0179396E+03   3.9505474E-02   2.0183831E+03   5.6977759E+03  -7.2275800E+02   0.0000000E+00   0.0000000E+00   0.0000000E+00
     4.1200000E+02   2.0179385E+03   3.8482528E-02   2.0183850E+03   5.4540063E+03  -7.2762579E+02   0.0000000E+00   0.0000000E+00   0.0000000E+00
     4.1300000E+02   2.0179385E+03   3.8434971E-02   2.0183866E+03   5.4427773E+03  -7.3025854E+02   0.0000000E+00   0.0000000E+00   0.0000000E+00
     4.1400000E+02   2.0179388E+03   3.8771521E-02   2.0183890E+03   5.5224409E+03  -7.3366040E+02   0.0000000E+00   0.0000000E+00   0.0000000E+00
     4.1500000E+02   2.0179385E+03   3.8481116E-02   2.0183909E+03   5.4536714E+03  -7.3716083E+02   0.0000000E+00   0.0000000E+00   0.0000000E+00
     4.1600000E+02   2.0179385E+03   3.8421206E-02   2.0183923E+03   5.4395278E+03  -7.3969495E+02   0.0000000E+00   0.0000000E+00   0.0000000E+00
     4.1700000E+02   2.0179385E+03   3.8412564E-02   2.0183937E+03   5.4374878E+03  -7.4193445E+02   0.0000000E+00   0.0000000E+00   0.0000000E+00
     4.1800000E+02   2.0179387E+03   3.8665626E-02   2.0183956E+03   5.4973228E+03  -7.4465131E+02   0.0000000E+00   0.0000000E+00   0.0000000E+00
     4.1900000E+02   2.0179387E+03   3.8749289E-02   2.0183978E+03   5.5171616E+03  -7.4816943E+02   0.0000000E+00   0.0000000E+00   0.0000000E+00
     4.2000000E+02   2.0179403E+03   4.0235855E-02   2.0184039E+03   5.8744219E+03  -7.5565527E+02   0.0000000E+00   0.0000000E+00   0.0000000E+00
     4.2100000E+02   2.0179391E+03   3.9047867E-02   2.0184084E+03   5.5881948E+03  -7.6496478E+02   0.0000000E+00   0.0000000E+00   0.0000000E+00
     4.2200000E+02   2.0179387E+03   3.8735230E-02   2.0184116E+03   5.5138223E+03  -7.7055920E+02   0.0000000E+00   0.0000000E+00   0.0000000E+00
     4.2300000E+02   2.0179386E+03   3.8629167E-02   2.0184139E+03   5.4886821E+03  -7.7450092E+02   0.0000000E+00   0.0000000E+00   0.0000000E+00
     4.2400000E+02   2.0179386E+03   3.8553104E-02   2.0184160E+03   5.4706802E+03  -7.7807080E+02   0.0000000E+00   0.0000000E+00   0.0000000E+00
     4.2500000E+02   2.0179385E+03   3.8496356E-02   2.0184180E+03   5.4572646E+03  -7.8130450E+02   0.0000000E+00   0.0000000E+00   0.0000000E+00
     4.2600000E+02   2.0179385E+03   3.8452979E-02   2.0184198E+03   5.4470195E+03  -7.8427130E+02   0.0000000E+00   0.0000000E+00   0.0000000E+00
     4.2700000E+02   2.0179385E+03   3.8421810E-02   2.0184214E+03   5.4396621E+03  -7.8702356E+02   0.0000000E+00   0.0000000E+00   0.0000000E+00
     4.2800000E+02   2.0179385E+03   3.8399797E-02   2.0184230E+03   5.4344688E+03  -7.8958820E+02   0.0000000E+00   0.0000000E+00   0.0000000E+00
     4.2900000E+02   2.0179384E+03   3.8382735E-02   2.0184244E+03   5.4304438E+03  -7.9199304E+02   0.0000000E+00   0.0000000E+00   0.0000000E+00
     4.3000000E+02   2.0179384E+03   3.8378268E-02   2.0184258E+03   5.4293901E+03  -7.9426721E+02   0.0000000E+00   0.0000000E+00   0.0000000E+00
     4.3100000E+02   2.0179384E+03   3.8386665E-02   2.0184271E+03   5.4313696E+03  -7.9642407E+02   0.0000000E+00   0.0000000E+00   0.0000000E+00
     4.3200000E+02   2.0179385E+03   3.8402963E-02   2.0184285E+03   5.4352134E+03  -7.9850452E+02   0.0000000E+00   0.0000000E+00   0.0000000E+00
     4.3300000E+02   2.0179385E+03   3.8433988E-02   2.0184297E+03   5.4425337E+03  -8.0057440E+02   0.0000000E+00   0.0000000E+00   0.0000000E+00
     4.3400000E+02   2.0179385E+03   3.8464941E-02   2.0184310E+03   5.4498398E+03  -8.0273712E+02   0.0000000E+00   0.0000000E+00   0.0000000E+00
     4.3500000E+02   2.0179385E+03   3.8454335E-02   2.0184325E+03   5.4473354E+03  -8.0496722E+02   0.0000000E+00   0.0000000E+00   0.0000000E+00
     4.3600000E+02   2.0179385E+03   3.8483292E-02   2.0184340E+03   5.4541729E+03  -8.0729071E+02   0.0000000E+00   0.0000000E+00   0.0000000E+00
     4.3700000E+02   2.0179386E+03   3.8574252E-02   2.0184355E+03   5.4756763E+03  -8.0986011E+02   0.0000000E+00   0.0000000E+00   0.0000000E+00
     4.3800000E+02   2.0179385E+03   3.8481992E-02   2.0184370E+03   5.4538647E+03  -8.1244226E+02   0.0000000E+00   0.0000000E+00   0.0000000E+00
     4.3900000E+02   2.0179385E+03   3.8456734E-02   2.0184385E+03   5.4478994E+03  -8.1479108E+02   0.0000000E+00   0.0000000E+00   0.0000000E+00
     4.4000000E+02   2.0179385E+03   3.8458165E-02   2.0184398E+03   5.4482368E+03  -8.1698218E+02   0.0000000E+00   0.0000000E+00   0.0000000E+00
     4.4100000E+02   2.0179385E+03   3.8471069E-02   2.0184412E+03   5.4512837E+03  -8.1909479E+02   0.0000000E+00   0.0000000E+00   0.0000000E+00
     4.4200000E+02   2.0179386E+03   3.8534977E-02   2.0184426E+03   5.4663848E+03  -8.2134454E+02   0.0000000E+00   0.0000000E+00   0.0000000E+00
     4.4300000E+02   2.0179385E+03   3.8467526E-02   2.0184438E+03   5.4504463E+03  -8.2358881E+02   0.0000000E+00   0.0000000E+00   0.0000000E+00
     4.4400000E+02   2.0179385E+03   3.8453870E-02   2.0184451E+03   5.4472212E+03  -8.2560553E+02   0.0000000E+00   0.0000000E+00   0.0000000E+00
     4.4500000E+02   2.0179385E+03   3.8483735E-02   2.0184464E+03   5.4542734E+03  -8.2764471E+02   0.0000000E+00   0.0000000E+00   0.0000000E+00
     4.4600000E+02   2.0179401E+03   3.9993260E-02   2.0184574E+03   5.8154941E+03  -8.4302899E+02   0.0000000E+00   0.0000000E+00   0.0000000E+00
     4.4700000E+02   2.0179403E+03   4.0340304E-02   2.0184684E+03   5.8998418E+03  -8.6052222E+02   0.0000000E+00   0.0000000E+00   0.0000000E+00
     4.4800000E+02   2.0179391E+03   3.9005555E-02   2.0184745E+03   5.5780830E+03  -8.7250195E+02   0.0000000E+00   0.0000000E+00   0.0000000E+00
     4.4900000E+02   2.0179390E+03   3.8898181E-02   2.0184784E+03   5.5525112E+03  -8.7914526E+02   0.0000000E+00   0.0000000E+00   0.0000000E+00
     4.5000000E+02   2.0179388E+03   3.8814966E-02   2.0184814E+03   5.5327251E+03  -8.8426349E+02   0.0000000E+00   0.0000000E+00   0.0000000E+00
     4.5100000E+02   2.0179387E+03   3.8754620E-02   2.0184841E+03   5.5183945E+03  -8.8864130E+02   0.0000000E+00   0.0000000E+00   0.0000000E+00
     4.5200000E+02   2.0179387E+03   3.8722519E-02   2.0184865E+03   5.5107773E+03  -8.9259332E+02   0.0000000E+00   0.0000000E+00   0.0000000E+00
     4.5300000E+02   2.0179387E+03   3.8697161E-02   2.0184888E+03   5.5047622E+03  -8.9627515E+02   0.0000000E+00   0.0000000E+00   0.0000000E+00
     4.5400000E+02   2.0179387E+03   3.8673524E-02   2.0184908E+03   5.4991577E+03  -8.9973895E+02   0.0000000E+00   0.0000000E+00   0.0000000E+00
     4.5500000E+02   2.0179387E+03   3.8646366E-02   2.0184928E+03   5.4927217E+03  -9.0302203E+02   0.0000000E+00   0.0000000E+00   0.0000000E+00
     4.5600000E+02   2.0179386E+03   3.8629062E-02   2.0184948E+03   5.4886216E+03  -9.0628619E+02   0.0000000E+00   0.0000000E+00   0.0000000E+00
     4.5700000E+02   2.0179387E+03   3.8653255E-02   2.0184967E+03   5.4943506E+03  -9.0943207E+02   0.0000000E+00   0.0000000E+00   0.0000000E+00
     4.5800000E+02   2.0179386E+03   3.8625568E-02   2.0184985E+03   5.4877915E+03  -9.1244019E+02   0.0000000E+00   0.0000000E+00   0.0000000E+00
     4.5900000E+02   2.0179386E+03   3.8615901E-02   2.0185004E+03   5.4855625E+03  -9.1547101E+02   0.0000000E+00   0.0000000E+00   0.0000000E+00
     4.6000000E+02   2.0179386E+03   3.8608778E-02   2.0185022E+03   5.4838770E+03  -9.1847827E+02   0.0000000E+00   0.0000000E+00   0.0000000E+00
     4.6100000E+02   2.0179386E+03   3.8603332E-02   2.0185040E+03   5.4825869E+03  -9.2136035E+02   0.0000000E+00   0.0000000E+00   0.0000000E+00
     4.6200000E+02   2.0179386E+03   3.8600579E-02   2.0185059E+03   5.4819351E+03  -9.2430200E+02   0.0000000E+00   0.0000000E+00   0.0000000E+00
     4.6300000E+02   2.0179386E+03   3.8598735E-02   2.0185076E+03   5.4814995E+03  -9.2718817E+02   0.0000000E+00   0.0000000E+00   0.0000000E+00
     4.6400000E+02   2.0179386E+03   3.8597748E-02   2.0185092E+03   5.4812651E+03  -9.2976141E+02   0.0000000E+00   0.0000000E+00   0.0000000E+00
     4.6500000E+02   2.0179386E+03   3.8596917E-02   2.0185106E+03   5.4810688E+03  -9.3209497E+02   0.0000000E+00   0.0000000E+00   0.0000000E+00
     4.6600000E+02   2.0179386E+03   3.8596448E-02   2.0185120E+03   5.4809580E+03  -9.3427997E+02   0.0000000E+00   0.0000000E+00   0.0000000E+00
     4.6700000E+02   2.0179386E+03   3.8596429E-02   2.0185132E+03   5.4809536E+03  -9.3636273E+02   0.0000000E+00   0.0000000E+00   0.0000000E+00
     4.6800000E+02   2.0179386E+03   3.8597129E-02   2.0185144E+03   5.4811187E+03  -9.3836505E+02   0.0000000E+00   0.0000000E+00   0.0000000E+00
     4.6900000E+02   2.0179386E+03   3.8597994E-02   2.0185156E+03   5.4813237E+03  -9.4029742E+02   0.0000000E+00   0.0000000E+00   0.0000000E+00
     4.7000000E+02   2.0179386E+03   3.8599271E-02   2.0185168E+03   5.4816260E+03  -9.4217236E+02   0.0000000E+00   0.0000000E+00   0.0000000E+00
     4.7100000E+02   2.0179386E+03   3.8600720E-02   2.0185179E+03   5.4819688E+03  -9.4401758E+02   0.0000000E+00   0.0000000E+00   0.0000000E+00
     4.7200000E+02   2.0179386E+03   3.8602371E-02   2.0185190E+03   5.4823594E+03  -9.4583063E+02   0.0000000E+00   0.0000000E+00   0.0000000E+00
     4.7300000E+02   2.0179386E+03   3.8604129E-02   2.0185201E+03   5.4827759E+03  -9.4760614E+02   0.0000000E+00   0.0000000E+00   0.0000000E+00
     4.7400000E+02   2.0179386E+03   3.8606197E-02   2.0185212E+03   5.4832646E+03  -9.4933673E+02   0.0000000E+00   0.0000000E+00   0.0000000E+00
     4.7500000E+02   2.0179386E+03   3.8608298E-02   2.0185222E+03   5.4837627E+03  -9.5102625E+02   0.0000000E+00   0.0000000E+00   0.0000000E+00
     4.7600000E+02   2.0179386E+03   3.8609695E-02   2.0185229E+03   5.4840928E+03  -9.5227002E+02   0.0000000E+00   0.0000000E+00   0.0000000E+00
     4.7700000E+02   2.0179386E+03   3.8611881E-02   2.0185239E+03   5.4846108E+03  -9.5384796E+02   0.0000000E+00   0.0000000E+00   0.0000000E+00
     4.7800000E+02   2.0179386E+03   3.8614541E-02   2.0185250E+03   5.4852407E+03  -9.5560089E+02   0.0000000E+00   0.0000000E+00   0.0000000E+00
     4.7900000E+02   2.0179386E+03   3.8617294E-02   2.0185261E+03   5.4858921E+03  -9.5735712E+02   0.0000000E+00   0.0000000E+00   0.0000000E+00
     4.8000000E+02   2.0179386E+03   3.8619876E-02   2.0185271E+03   5.4865044E+03  -9.5898926E+02   0.0000000E+00   0.0000000E+00   0.0000000E+00
     4.8100000E+02   2.0179386E+03   3.8622394E-02   2.0185281E+03   5.4870996E+03  -9.6051648E+02   0.0000000E+00   0.0000000E+00   0.0000000E+00
     4.8200000E+02   2.0179386E+03   3.8624883E-02   2.0185289E+03   5.4876890E+03  -9.6197925E+02   0.0000000E+00   0.0000000E+00   0.0000000E+00
     4.8300000E+02   2.0179386E+03   3.8627304E-02   2.0185298E+03   5.4882627E+03  -9.6339288E+02   0.0000000E+00   0.0000000E+00   0.0000000E+00
     4.8400000E+02   2.0179387E+03   3.8640302E-02   2.0185308E+03   5.4913413E+03  -9.6491785E+02   0.0000000E+00   0.0000000E+00   0.0000000E+00
     4.8500000E+02   2.0179387E+03   3.8638111E-02   2.0185317E+03   5.4908223E+03  -9.6638092E+02   0.0000000E+00   0.0000000E+00   0.0000000E+00
     4.8600000E+02   2.0179387E+03   3.8640119E-02   2.0185326E+03   5.4912979E+03  -9.6782404E+02   0.0000000E+00   0.0000000E+00   0.0000000E+00
     4.8700000E+02   2.0179387E+03   3.8642131E-02   2.0185334E+03   5.4917744E+03  -9.6918250E+02   0.0000000E+00   0.0000000E+00   0.0000000E+00
     4.8800000E+02   2.0179387E+03   3.8644031E-02   2.0185342E+03   5.4922241E+03  -9.7045691E+02   0.0000000E+00   0.0000000E+00   0.0000000E+00
     4.8900000E+02   2.0179387E+03   3.8645875E-02   2.0185349E+03   5.4926611E+03  -9.7167896E+02   0.0000000E+00   0.0000000E+00   0.0000000E+00
     4.9000000E+02   2.0179387E+03   3.8647693E-02   2.0185356E+03   5.4930918E+03  -9.7286310E+02   0.0000000E+00   0.0000000E+00   0.0000000E+00
     4.9100000E+02   2.0179387E+03   3.8649555E-02   2.0185364E+03   5.4935327E+03  -9.7400806E+02   0.0000000E+00   0.0000000E+00   0.0000000E+00
     4.9200000E+02   2.0179387E+03   3.8651384E-02   2.0185371E+03   5.4939663E+03  -9.7512085E+02   0.0000000E+00   0.0000000E+00   0.0000000E+00
     4.9300000E+02   2.0179387E+03   3.8653195E-02   2.0185377E+03   5.4943950E+03  -9.7620667E+02   0.0000000E+00   0.0000000E+00   0.0000000E+00
     4.9400000E+02   2.0179387E+03   3.8654987E-02   2.0185383E+03   5.4948198E+03  -9.7726776E+02   0.0000000E+00   0.0000000E+00   0.0000000E+00
     4.9500000E+02   2.0179387E+03   3.8656805E-02   2.0185391E+03   5.4952500E+03  -9.7830353E+02   0.0000000E+00   0.0000000E+00   0.0000000E+00
     4.9600000E+02   2.0179387E+03   3.8658585E-02   2.0185397E+03   5.4956724E+03  -9.7931378E+02   0.0000000E+00   0.0000000E+00   0.0000000E+00
     4.9700000E+02   2.0179387E+03   3.8660310E-02   2.0185403E+03   5.4960811E+03  -9.8028650E+02   0.0000000E+00   0.0000000E+00   0.0000000E+00
     4.9800000E+02   2.0179387E+03   3.8662009E-02   2.0185408E+03   5.4964834E+03  -9.8123737E+02   0.0000000E+00   0.0000000E+00   0.0000000E+00
     4.9900000E+02   2.0179387E+03   3.8663723E-02   2.0185414E+03   5.4968896E+03  -9.8216962E+02   0.0000000E+00   0.0000000E+00   0.0000000E+00
     5.0000000E+02   2.0179387E+03   3.8665406E-02   2.0185420E+03   5.4972886E+03  -9.8308124E+02   0.0000000E+00   0.0000000E+00   0.0000000E+00
     5.0100000E+02   2.0179387E+03   3.8667034E-02   2.0185425E+03   5.4976738E+03  -9.8395844E+02   0.0000000E+00   0.0000000E+00   0.0000000E+00
