 "LOCATION OF SPECIFIED CELL FOR PRINTING VOLUMES IN UNSATURATED ZONE: GAGE    1 ROW, COLUMN   38,  35 INITIAL LAYER ASSIGMENT    2"
 "DATA:  LAYER             TIME        GW-HEAD   UZ-THICKNESS CUM.-APL.-INF.   CUM.-INFILT.     CUM.-RECH.    TOTAL-STOR.   STOR.-CHANGE    SURF.-LEAK. "
             2    1.0000000E+00  2.0807151E+03  8.7849121E+00  6.4800000E+00  6.4800000E+00  6.4800000E+00  0.0000000E+00  0.0000000E+00  0.0000000E+00
             2    2.0000000E+00  2.0807151E+03  8.7849121E+00  6.4800000E+00  6.4800000E+00  1.2959436E+01  2.4837917E+03 -6.4686384E+00  0.0000000E+00
             2    3.0000000E+00  2.0807151E+03  8.7849121E+00  6.4800000E+00  6.4800000E+00  1.9438248E+01  2.4773237E+03 -1.2936651E+01  0.0000000E+00
             2    4.0000000E+00  2.0807151E+03  8.7849121E+00  6.4800000E+00  6.4800000E+00  2.5916332E+01  2.4708564E+03 -1.9403938E+01  0.0000000E+00
             2    5.0000000E+00  2.0807151E+03  8.7849121E+00  6.4800000E+00  6.4800000E+00  3.2393578E+01  2.4643901E+03 -2.5870388E+01  0.0000000E+00
             2    6.0000000E+00  2.0807151E+03  8.7849121E+00  6.4800000E+00  6.4800000E+00  3.8869911E+01  2.4579246E+03 -3.2335922E+01  0.0000000E+00
             2    7.0000000E+00  2.0807151E+03  8.7849121E+00  6.4800000E+00  6.4800000E+00  4.5345257E+01  2.4514600E+03 -3.8800468E+01  0.0000000E+00
             2    8.0000000E+00  2.0807151E+03  8.7849121E+00  6.4800000E+00  6.4800000E+00  5.1819561E+01  2.4449966E+03 -4.5263973E+01  0.0000000E+00
             2    9.0000000E+00  2.0807151E+03  8.7849121E+00  6.4800000E+00  6.4800000E+00  5.8292793E+01  2.4385339E+03 -5.1726410E+01  0.0000000E+00
             2    1.0000000E+01  2.0807151E+03  8.7849121E+00  6.4800000E+00  6.4800000E+00  6.4764908E+01  2.4320728E+03 -5.8187725E+01  0.0000000E+00
             2    1.1000000E+01  2.0807148E+03  8.7851562E+00  6.4800000E+00  6.4800000E+00  7.1235931E+01  2.4256125E+03 -6.4647957E+01  0.0000000E+00
             2    1.2000000E+01  2.0807148E+03  8.7851562E+00  6.4800000E+00  6.4800000E+00  7.7705818E+01  2.4191533E+03 -7.1107040E+01  0.0000000E+00
             2    1.3000000E+01  2.0807148E+03  8.7851562E+00  6.4800000E+00  6.4800000E+00  8.4174721E+01  2.4126953E+03 -7.7565147E+01  0.0000000E+00
             2    1.4000000E+01  2.0807148E+03  8.7851562E+00  6.4800000E+00  6.4800000E+00  9.0642647E+01  2.4062383E+03 -8.4022270E+01  0.0000000E+00
             2    1.5000000E+01  2.0807148E+03  8.7851562E+00  6.4800000E+00  6.4800000E+00  9.7109673E+01  2.3997820E+03 -9.0478500E+01  0.0000000E+00
             2    1.6000000E+01  2.0807148E+03  8.7851562E+00  6.4800000E+00  6.4800000E+00  1.0357589E+02  2.3933264E+03 -9.6933922E+01  0.0000000E+00
             2    1.7000000E+01  2.0807146E+03  8.7854004E+00  6.4800000E+00  6.4800000E+00  1.1004137E+02  2.3868718E+03 -1.0338860E+02  0.0000000E+00
             2    1.8000000E+01  2.0807146E+03  8.7854004E+00  6.4800000E+00  6.4800000E+00  1.1650616E+02  2.3804180E+03 -1.0984259E+02  0.0000000E+00
             2    1.9000000E+01  2.0807146E+03  8.7854004E+00  6.4800000E+00  6.4800000E+00  1.2297037E+02  2.3739644E+03 -1.1629600E+02  0.0000000E+00
             2    2.0000000E+01  2.0807146E+03  8.7854004E+00  6.4800000E+00  6.4800000E+00  1.2943413E+02  2.3675115E+03 -1.2274897E+02  0.0000000E+00
             2    2.1000000E+01  2.0807144E+03  8.7856445E+00  6.4800000E+00  6.4800000E+00  1.3589755E+02  2.3610588E+03 -1.2920160E+02  0.0000000E+00
             2    2.2000000E+01  2.0807144E+03  8.7856445E+00  6.4800000E+00  6.4800000E+00  1.4236072E+02  2.3546064E+03 -1.3565396E+02  0.0000000E+00
             2    2.3000000E+01  2.0807144E+03  8.7856445E+00  6.4800000E+00  6.4800000E+00  1.4882378E+02  2.3481543E+03 -1.4210622E+02  0.0000000E+00
             2    2.4000000E+01  2.0807144E+03  8.7856445E+00  6.4800000E+00  6.4800000E+00  1.5528690E+02  2.3417019E+03 -1.4855853E+02  0.0000000E+00
             2    2.5000000E+01  2.0807141E+03  8.7858887E+00  6.4800000E+00  6.4800000E+00  1.6175003E+02  2.3352495E+03 -1.5501088E+02  0.0000000E+00
             2    2.6000000E+01  2.0807141E+03  8.7858887E+00  6.4800000E+00  6.4800000E+00  1.6821320E+02  2.3287971E+03 -1.6146324E+02  0.0000000E+00
             2    2.7000000E+01  2.0807141E+03  8.7858887E+00  6.4800000E+00  6.4800000E+00  1.7467624E+02  2.3223450E+03 -1.6791548E+02  0.0000000E+00
             2    2.8000000E+01  2.0807141E+03  8.7858887E+00  6.4800000E+00  6.4800000E+00  1.8113902E+02  2.3158931E+03 -1.7436748E+02  0.0000000E+00
             2    2.9000000E+01  2.0807139E+03  8.7861328E+00  6.4800000E+00  6.4800000E+00  1.8760117E+02  2.3094417E+03 -1.8081882E+02  0.0000000E+00
             2    3.0000000E+01  2.0807139E+03  8.7861328E+00  6.4800000E+00  6.4800000E+00  1.9406233E+02  2.3029912E+03 -1.8726918E+02  0.0000000E+00
             2    3.1000000E+01  2.0807139E+03  8.7861328E+00  6.4800000E+00  6.4800000E+00  2.0052226E+02  2.2965420E+03 -1.9371832E+02  0.0000000E+00
             2    3.2000000E+01  2.0807139E+03  8.7861328E+00  6.4800000E+00  6.4800000E+00  2.0698064E+02  2.2900945E+03 -2.0016591E+02  0.0000000E+00
             2    3.3000000E+01  2.0807136E+03  8.7863770E+00  6.4800000E+00  6.4800000E+00  2.1343695E+02  2.2836489E+03 -2.0661140E+02  0.0000000E+00
             2    3.4000000E+01  2.0807136E+03  8.7863770E+00  6.4800000E+00  6.4800000E+00  2.1989076E+02  2.2772061E+03 -2.1305443E+02  0.0000000E+00
             2    3.5000000E+01  2.0807134E+03  8.7866211E+00  6.4800000E+00  6.4800000E+00  2.2634186E+02  2.2707656E+03 -2.1949474E+02  0.0000000E+00
             2    3.6000000E+01  2.0807134E+03  8.7866211E+00  6.4800000E+00  6.4800000E+00  2.3278995E+02  2.2643284E+03 -2.2593202E+02  0.0000000E+00
             2    3.7000000E+01  2.0807131E+03  8.7868652E+00  6.4800000E+00  6.4800000E+00  2.3923485E+02  2.2578943E+03 -2.3236612E+02  0.0000000E+00
             2    3.8000000E+01  2.0807131E+03  8.7868652E+00  6.4800000E+00  6.4800000E+00  2.4567613E+02  2.2514639E+03 -2.3879660E+02  0.0000000E+00
             2    3.9000000E+01  2.0807129E+03  8.7871094E+00  6.4800000E+00  6.4800000E+00  2.5211388E+02  2.2450369E+03 -2.4522356E+02  0.0000000E+00
             2    4.0000000E+01  2.0807129E+03  8.7871094E+00  6.4800000E+00  6.4800000E+00  2.5854825E+02  2.2386133E+03 -2.5164711E+02  0.0000000E+00
             2    4.1000000E+01  2.0807126E+03  8.7873535E+00  6.4800000E+00  6.4800000E+00  2.6497897E+02  2.2321934E+03 -2.5806705E+02  0.0000000E+00
             2    4.2000000E+01  2.0807124E+03  8.7875977E+00  6.4800000E+00  6.4800000E+00  2.7140591E+02  2.2257773E+03 -2.6448318E+02  0.0000000E+00
             2    4.3000000E+01  2.0807122E+03  8.7878418E+00  6.4800000E+00  6.4800000E+00  2.7782950E+02  2.2193645E+03 -2.7089600E+02  0.0000000E+00
             2    4.4000000E+01  2.0807119E+03  8.7880859E+00  6.4800000E+00  6.4800000E+00  2.8424969E+02  2.2129551E+03 -2.7730539E+02  0.0000000E+00
             2    4.5000000E+01  2.0807119E+03  8.7880859E+00  6.4800000E+00  6.4800000E+00  2.9066656E+02  2.2065491E+03 -2.8371146E+02  0.0000000E+00
             2    4.6000000E+01  2.0807117E+03  8.7883301E+00  6.4800000E+00  6.4800000E+00  2.9708011E+02  2.2001462E+03 -2.9011420E+02  0.0000000E+00
             2    4.7000000E+01  2.0807114E+03  8.7885742E+00  6.4800000E+00  6.4800000E+00  3.0349014E+02  2.1937471E+03 -2.9651343E+02  0.0000000E+00
             2    4.8000000E+01  2.0807112E+03  8.7888184E+00  6.4800000E+00  6.4800000E+00  3.0989642E+02  2.1873516E+03 -3.0290894E+02  0.0000000E+00
             2    4.9000000E+01  2.0807107E+03  8.7893066E+00  6.4800000E+00  6.4800000E+00  3.1629886E+02  2.1809600E+03 -3.0930057E+02  0.0000000E+00
             2    5.0000000E+01  2.0807104E+03  8.7895508E+00  6.4800000E+00  6.4800000E+00  3.2269736E+02  2.1745723E+03 -3.1568826E+02  0.0000000E+00
             2    5.1000000E+01  2.0807102E+03  8.7897949E+00  6.4800000E+00  6.4800000E+00  3.2909189E+02  2.1681885E+03 -3.2207199E+02  0.0000000E+00
             2    5.2000000E+01  2.0807100E+03  8.7900391E+00  6.4800000E+00  6.4800000E+00  3.3548248E+02  2.1618086E+03 -3.2845178E+02  0.0000000E+00
             2    5.3000000E+01  2.0807095E+03  8.7905273E+00  6.4800000E+00  6.4800000E+00  3.4186929E+02  2.1554326E+03 -3.3482779E+02  0.0000000E+00
             2    5.4000000E+01  2.0807092E+03  8.7907715E+00  6.4800000E+00  6.4800000E+00  3.4825250E+02  2.1490603E+03 -3.4120020E+02  0.0000000E+00
             2    5.5000000E+01  2.0807090E+03  8.7910156E+00  6.4800000E+00  6.4800000E+00  3.5463232E+02  2.1426912E+03 -3.4756924E+02  0.0000000E+00
             2    5.6000000E+01  2.0807085E+03  8.7915039E+00  6.4800000E+00  6.4800000E+00  3.6100906E+02  2.1363252E+03 -3.5393515E+02  0.0000000E+00
             2    5.7000000E+01  2.0807080E+03  8.7919922E+00  6.4800000E+00  6.4800000E+00  3.6738263E+02  2.1299624E+03 -3.6029794E+02  0.0000000E+00
             2    5.8000000E+01  2.0807078E+03  8.7922363E+00  6.4800000E+00  6.4800000E+00  3.7375089E+02  2.1236050E+03 -3.6665543E+02  0.0000000E+00
             2    5.9000000E+01  2.0807073E+03  8.7927246E+00  6.4800000E+00  6.4800000E+00  3.8011288E+02  2.1172539E+03 -3.7300662E+02  0.0000000E+00
             2    6.0000000E+01  2.0807068E+03  8.7932129E+00  6.4800000E+00  6.4800000E+00  3.8646878E+02  2.1109087E+03 -3.7935172E+02  0.0000000E+00
             2    6.1000000E+01  2.0807063E+03  8.7937012E+00  6.4800000E+00  6.4800000E+00  3.9281891E+02  2.1045693E+03 -3.8569101E+02  0.0000000E+00
             2    6.2000000E+01  2.0807058E+03  8.7941895E+00  6.4800000E+00  6.4800000E+00  3.9916003E+02  2.0982390E+03 -3.9202133E+02  0.0000000E+00
             2    6.3000000E+01  2.0807053E+03  8.7946777E+00  6.4800000E+00  6.4800000E+00  4.0549280E+02  2.0919170E+03 -3.9834335E+02  0.0000000E+00
             2    6.4000000E+01  2.0807048E+03  8.7951660E+00  6.4800000E+00  6.4800000E+00  4.1181824E+02  2.0856025E+03 -4.0465796E+02  0.0000000E+00
             2    6.5000000E+01  2.0807043E+03  8.7956543E+00  6.4800000E+00  6.4800000E+00  4.1813281E+02  2.0792986E+03 -4.1096173E+02  0.0000000E+00
             2    6.6000000E+01  2.0807036E+03  8.7963867E+00  6.4800000E+00  6.4800000E+00  4.2443726E+02  2.0730051E+03 -4.1725537E+02  0.0000000E+00
             2    6.7000000E+01  2.0807031E+03  8.7968750E+00  6.4800000E+00  6.4800000E+00  4.3073285E+02  2.0667202E+03 -4.2354019E+02  0.0000000E+00
             2    6.8000000E+01  2.0807024E+03  8.7976074E+00  6.4800000E+00  6.4800000E+00  4.3701590E+02  2.0604480E+03 -4.2981244E+02  0.0000000E+00
             2    6.9000000E+01  2.0807017E+03  8.7983398E+00  6.4800000E+00  6.4800000E+00  4.4328311E+02  2.0541917E+03 -4.3606885E+02  0.0000000E+00
             2    7.0000000E+01  2.0807007E+03  8.7993164E+00  6.4800000E+00  6.4800000E+00  4.4953479E+02  2.0479507E+03 -4.4230972E+02  0.0000000E+00
             2    7.1000000E+01  2.0807000E+03  8.8000488E+00  6.4800000E+00  6.4800000E+00  4.5577371E+02  2.0417225E+03 -4.4853787E+02  0.0000000E+00
             2    7.2000000E+01  2.0806990E+03  8.8010254E+00  6.4800000E+00  6.4800000E+00  4.6200238E+02  2.0355046E+03 -4.5475574E+02  0.0000000E+00
             2    7.3000000E+01  2.0806980E+03  8.8020020E+00  6.4800000E+00  6.4800000E+00  4.6822284E+02  2.0292950E+03 -4.6096539E+02  0.0000000E+00
             2    7.4000000E+01  2.0806973E+03  8.8027344E+00  6.4800000E+00  6.4800000E+00  4.7443661E+02  2.0230920E+03 -4.6716837E+02  0.0000000E+00
             2    7.5000000E+01  2.0806963E+03  8.8037109E+00  6.4800000E+00  6.4800000E+00  4.8064374E+02  2.0168958E+03 -4.7336472E+02  0.0000000E+00
             2    7.6000000E+01  2.0806953E+03  8.8046875E+00  6.4800000E+00  6.4800000E+00  4.8683765E+02  2.0107126E+03 -4.7954782E+02  0.0000000E+00
             2    7.7000000E+01  2.0806941E+03  8.8059082E+00  6.4800000E+00  6.4800000E+00  4.9301529E+02  2.0045458E+03 -4.8571463E+02  0.0000000E+00
             2    7.8000000E+01  2.0806931E+03  8.8068848E+00  6.4800000E+00  6.4800000E+00  4.9918008E+02  1.9983918E+03 -4.9186862E+02  0.0000000E+00
             2    7.9000000E+01  2.0806919E+03  8.8081055E+00  6.4800000E+00  6.4800000E+00  5.0533502E+02  1.9922477E+03 -4.9801276E+02  0.0000000E+00
             2    8.0000000E+01  2.0806907E+03  8.8093262E+00  6.4800000E+00  6.4800000E+00  5.1148242E+02  1.9861111E+03 -5.0414938E+02  0.0000000E+00
             2    8.1000000E+01  2.0806895E+03  8.8105469E+00  6.4800000E+00  6.4800000E+00  5.1762439E+02  1.9799799E+03 -5.1028052E+02  0.0000000E+00
             2    8.2000000E+01  2.0806882E+03  8.8117676E+00  6.4800000E+00  6.4800000E+00  5.2376245E+02  1.9738527E+03 -5.1640778E+02  0.0000000E+00
             2    8.3000000E+01  2.0806870E+03  8.8129883E+00  6.4800000E+00  6.4800000E+00  5.2989771E+02  1.9677281E+03 -5.2253223E+02  0.0000000E+00
             2    8.4000000E+01  2.0806858E+03  8.8142090E+00  6.4800000E+00  6.4800000E+00  5.3603149E+02  1.9616051E+03 -5.2865527E+02  0.0000000E+00
             2    8.5000000E+01  2.0806846E+03  8.8154297E+00  6.4800000E+00  6.4800000E+00  5.4216284E+02  1.9554846E+03 -5.3477582E+02  0.0000000E+00
             2    8.6000000E+01  2.0806833E+03  8.8166504E+00  6.4800000E+00  6.4800000E+00  5.4828485E+02  1.9493734E+03 -5.4088702E+02  0.0000000E+00
             2    8.7000000E+01  2.0806821E+03  8.8178711E+00  6.4800000E+00  6.4800000E+00  5.5439972E+02  1.9432693E+03 -5.4699109E+02  0.0000000E+00
             2    8.8000000E+01  2.0806807E+03  8.8193359E+00  6.4800000E+00  6.4800000E+00  5.6050922E+02  1.9371707E+03 -5.5308984E+02  0.0000000E+00
             2    8.9000000E+01  2.0806794E+03  8.8205566E+00  6.4800000E+00  6.4800000E+00  5.6661475E+02  1.9310759E+03 -5.5918451E+02  0.0000000E+00
             2    9.0000000E+01  2.0806782E+03  8.8217773E+00  6.4800000E+00  6.4800000E+00  5.7271228E+02  1.9249891E+03 -5.6527130E+02  0.0000000E+00
             2    9.1000000E+01  2.0806768E+03  8.8232422E+00  6.4800000E+00  6.4800000E+00  5.7880341E+02  1.9189088E+03 -5.7135156E+02  0.0000000E+00
             2    9.2000000E+01  2.0806753E+03  8.8247070E+00  6.4800000E+00  6.4800000E+00  5.8488971E+02  1.9128334E+03 -5.7742712E+02  0.0000000E+00
             2    9.3000000E+01  2.0806738E+03  8.8261719E+00  6.4800000E+00  6.4800000E+00  5.9097278E+02  1.9067611E+03 -5.8349933E+02  0.0000000E+00
             2    9.4000000E+01  2.0806726E+03  8.8273926E+00  6.4800000E+00  6.4800000E+00  5.9705377E+02  1.9006909E+03 -5.8956952E+02  0.0000000E+00
             2    9.5000000E+01  2.0806711E+03  8.8288574E+00  6.4800000E+00  6.4800000E+00  6.0313391E+02  1.8946215E+03 -5.9563892E+02  0.0000000E+00
             2    9.6000000E+01  2.0806697E+03  8.8303223E+00  6.4800000E+00  6.4800000E+00  6.0921423E+02  1.8885520E+03 -6.0170837E+02  0.0000000E+00
             2    9.7000000E+01  2.0806682E+03  8.8317871E+00  6.4800000E+00  6.4800000E+00  6.1529523E+02  1.8824818E+03 -6.0777863E+02  0.0000000E+00
             2    9.8000000E+01  2.0806670E+03  8.8330078E+00  6.4800000E+00  6.4800000E+00  6.2137714E+02  1.8764065E+03 -6.1385394E+02  0.0000000E+00
             2    9.9000000E+01  2.0806655E+03  8.8344727E+00  6.4800000E+00  6.4800000E+00  6.2746021E+02  1.8703234E+03 -6.1993701E+02  0.0000000E+00
             2    1.0000000E+02  2.0806641E+03  8.8359375E+00  6.4800000E+00  6.4800000E+00  6.3354047E+02  1.8642432E+03 -6.2601727E+02  0.0000000E+00
             2    1.0100000E+02  2.0806624E+03  8.8376465E+00  6.4800000E+00  6.4800000E+00  6.3913483E+02  1.8586488E+03 -6.3161163E+02  0.0000000E+00
             2    1.0200000E+02  2.0806604E+03  8.8395996E+00  6.4800000E+00  6.4800000E+00  6.4468378E+02  1.8530999E+03 -6.3716058E+02  0.0000000E+00
             2    1.0300000E+02  2.0806587E+03  8.8413086E+00  6.4800000E+00  6.4800000E+00  6.5023950E+02  1.8475442E+03 -6.4271631E+02  0.0000000E+00
             2    1.0400000E+02  2.0806570E+03  8.8430176E+00  6.4800000E+00  6.4800000E+00  6.5580225E+02  1.8419813E+03 -6.4827905E+02  0.0000000E+00
             2    1.0500000E+02  2.0806553E+03  8.8447266E+00  6.4800000E+00  6.4800000E+00  6.6137219E+02  1.8364115E+03 -6.5384900E+02  0.0000000E+00
             2    1.0600000E+02  2.0806536E+03  8.8464355E+00  6.4800000E+00  6.4800000E+00  6.6694916E+02  1.8308345E+03 -6.5942596E+02  0.0000000E+00
             2    1.0700000E+02  2.0806516E+03  8.8483887E+00  7.7024059E+00  7.7024059E+00  6.7238519E+02  1.8266208E+03 -6.6363959E+02  0.0000000E+00
             2    1.0800000E+02  2.0806494E+03  8.8505859E+00  8.9248114E+00  8.9248114E+00  6.7724072E+02  1.8229877E+03 -6.6727277E+02  0.0000000E+00
             2    1.0900000E+02  2.0806472E+03  8.8527832E+00  1.1708855E+01  1.1708855E+01  6.8211664E+02  1.8208959E+03 -6.6936456E+02  0.0000000E+00
             2    1.1000000E+02  2.0806453E+03  8.8547363E+00  1.4492897E+01  1.4492897E+01  6.8700604E+02  1.8187904E+03 -6.7146997E+02  0.0000000E+00
             2    1.1100000E+02  2.0806433E+03  8.8566895E+00  1.7276941E+01  1.7276941E+01  6.9190808E+02  1.8166725E+03 -6.7358795E+02  0.0000000E+00
             2    1.1200000E+02  2.0806411E+03  8.8588867E+00  2.0060984E+01  2.0060984E+01  6.9682208E+02  1.8145425E+03 -6.7571790E+02  0.0000000E+00
             2    1.1300000E+02  2.0806392E+03  8.8608398E+00  2.2845026E+01  2.2845026E+01  7.0174750E+02  1.8124011E+03 -6.7785925E+02  0.0000000E+00
             2    1.1400000E+02  2.0806372E+03  8.8627930E+00  2.5629070E+01  2.5629070E+01  7.0668378E+02  1.8102489E+03 -6.8001154E+02  0.0000000E+00
             2    1.1500000E+02  2.0806355E+03  8.8645020E+00  2.8413113E+01  2.8413113E+01  7.1163062E+02  1.8080862E+03 -6.8217432E+02  0.0000000E+00
             2    1.1600000E+02  2.0806335E+03  8.8664551E+00  3.2614632E+01  3.2614632E+01  7.1658789E+02  1.8073304E+03 -6.8293005E+02  0.0000000E+00
             2    1.1700000E+02  2.0806318E+03  8.8681641E+00  3.6816147E+01  3.6816147E+01  7.2155481E+02  1.8065649E+03 -6.8369550E+02  0.0000000E+00
             2    1.1800000E+02  2.0806296E+03  8.8703613E+00  4.1017666E+01  4.1017666E+01  7.2590228E+02  1.8064189E+03 -6.8384143E+02  0.0000000E+00
             2    1.1900000E+02  2.0806272E+03  8.8728027E+00  4.5219181E+01  4.5219181E+01  7.3001263E+02  1.8065101E+03 -6.8375031E+02  0.0000000E+00
             2    1.2000000E+02  2.0806250E+03  8.8750000E+00  4.9420700E+01  4.9420700E+01  7.3414368E+02  1.8065807E+03 -6.8367975E+02  0.0000000E+00
             2    1.2100000E+02  2.0806226E+03  8.8774414E+00  5.3622215E+01  5.3622215E+01  7.3829364E+02  1.8066322E+03 -6.8362823E+02  0.0000000E+00
             2    1.2200000E+02  2.0806206E+03  8.8793945E+00  5.6406258E+01  5.6406258E+01  7.4245801E+02  1.8052513E+03 -6.8500916E+02  0.0000000E+00
             2    1.2300000E+02  2.0806184E+03  8.8815918E+00  5.9190300E+01  5.9190300E+01  7.4663092E+02  1.8038623E+03 -6.8639813E+02  0.0000000E+00
             2    1.2400000E+02  2.0806162E+03  8.8837891E+00  6.1974346E+01  6.1974346E+01  7.5081250E+02  1.8024646E+03 -6.8779584E+02  0.0000000E+00
             2    1.2500000E+02  2.0806143E+03  8.8857422E+00  6.4758385E+01  6.4758385E+01  7.5500293E+02  1.8010581E+03 -6.8920239E+02  0.0000000E+00
             2    1.2600000E+02  2.0806123E+03  8.8876953E+00  6.7542435E+01  6.7542435E+01  7.5920233E+02  1.7996426E+03 -6.9061786E+02  0.0000000E+00
             2    1.2700000E+02  2.0806101E+03  8.8898926E+00  7.0326477E+01  7.0326477E+01  7.6341058E+02  1.7982183E+03 -6.9204224E+02  0.0000000E+00
             2    1.2800000E+02  2.0806082E+03  8.8918457E+00  7.3110519E+01  7.3110519E+01  7.6762415E+02  1.7967887E+03 -6.9347174E+02  0.0000000E+00
             2    1.2900000E+02  2.0806062E+03  8.8937988E+00  7.5894562E+01  7.5894562E+01  7.7184314E+02  1.7953538E+03 -6.9490668E+02  0.0000000E+00
             2    1.3000000E+02  2.0806042E+03  8.8957520E+00  7.8678604E+01  7.8678604E+01  7.7606793E+02  1.7939130E+03 -6.9634741E+02  0.0000000E+00
             2    1.3100000E+02  2.0806025E+03  8.8974609E+00  8.1462646E+01  8.1462646E+01  7.8029865E+02  1.7924663E+03 -6.9779413E+02  0.0000000E+00
             2    1.3200000E+02  2.0806006E+03  8.8994141E+00  8.3307434E+01  8.3307434E+01  7.8453540E+02  1.7900740E+03 -7.0018646E+02  0.0000000E+00
             2    1.3300000E+02  2.0805986E+03  8.9013672E+00  8.5152214E+01  8.5152214E+01  7.8875543E+02  1.7876986E+03 -7.0256183E+02  0.0000000E+00
             2    1.3400000E+02  2.0805962E+03  8.9038086E+00  8.6997002E+01  8.6997002E+01  7.9204034E+02  1.7862584E+03 -7.0400201E+02  0.0000000E+00
             2    1.3500000E+02  2.0805938E+03  8.9062500E+00  8.8841789E+01  8.8841789E+01  7.9534784E+02  1.7847955E+03 -7.0546484E+02  0.0000000E+00
             2    1.3600000E+02  2.0805913E+03  8.9086914E+00  9.0686569E+01  9.0686569E+01  7.9867596E+02  1.7833121E+03 -7.0694836E+02  0.0000000E+00
             2    1.3700000E+02  2.0805889E+03  8.9111328E+00  9.3470612E+01  9.3470612E+01  8.0202332E+02  1.7827488E+03 -7.0751172E+02  0.0000000E+00
             2    1.3800000E+02  2.0805867E+03  8.9133301E+00  1.0303961E+02  1.0303961E+02  8.0538953E+02  1.7889514E+03 -7.0130902E+02  0.0000000E+00
             2    1.3900000E+02  2.0805845E+03  8.9155273E+00  1.1748059E+02  1.1748059E+02  8.0877325E+02  1.8000085E+03 -6.9025189E+02  0.0000000E+00
             2    1.4000000E+02  2.0805823E+03  8.9177246E+00  1.3192157E+02  1.3192157E+02  8.1217200E+02  1.8110507E+03 -6.7920978E+02  0.0000000E+00
             2    1.4100000E+02  2.0805803E+03  8.9196777E+00  1.5371507E+02  1.5371507E+02  8.1558118E+02  1.8294348E+03 -6.6082556E+02  0.0000000E+00
             2    1.4200000E+02  2.0805784E+03  8.9216309E+00  1.7550856E+02  1.7550856E+02  8.1899951E+02  1.8478099E+03 -6.4245044E+02  0.0000000E+00
             2    1.4300000E+02  2.0805764E+03  8.9235840E+00  1.9730205E+02  1.9730205E+02  8.2242761E+02  1.8661753E+03 -6.2408514E+02  0.0000000E+00
             2    1.4400000E+02  2.0805742E+03  8.9257812E+00  2.1909555E+02  2.1909555E+02  8.2586536E+02  1.8845311E+03 -6.0572937E+02  0.0000000E+00
             2    1.4500000E+02  2.0805725E+03  8.9274902E+00  2.4088904E+02  2.4088904E+02  8.2931250E+02  1.9028773E+03 -5.8738306E+02  0.0000000E+00
             2    1.4600000E+02  2.0805706E+03  8.9294434E+00  2.6268253E+02  2.6268253E+02  8.3276929E+02  1.9212141E+03 -5.6904633E+02  0.0000000E+00
             2    1.4700000E+02  2.0805686E+03  8.9313965E+00  2.8447601E+02  2.8447601E+02  8.3623566E+02  1.9395413E+03 -5.5071924E+02  0.0000000E+00
             2    1.4800000E+02  2.0805669E+03  8.9331055E+00  3.0626953E+02  3.0626953E+02  8.3971124E+02  1.9578591E+03 -5.3240131E+02  0.0000000E+00
             2    1.4900000E+02  2.0805652E+03  8.9348145E+00  3.2806302E+02  3.2806302E+02  8.4319556E+02  1.9761683E+03 -5.1409210E+02  0.0000000E+00
             2    1.5000000E+02  2.0805635E+03  8.9365234E+00  3.4250400E+02  3.4250400E+02  8.4668817E+02  1.9871145E+03 -5.0314594E+02  0.0000000E+00
             2    1.5100000E+02  2.0805618E+03  8.9382324E+00  3.5694498E+02  3.5694498E+02  8.5018866E+02  1.9980542E+03 -4.9220621E+02  0.0000000E+00
             2    1.5200000E+02  2.0805601E+03  8.9399414E+00  3.7138596E+02  3.7138596E+02  8.5369641E+02  2.0089866E+03 -4.8127383E+02  0.0000000E+00
             2    1.5300000E+02  2.0805583E+03  8.9416504E+00  3.8582693E+02  3.8582693E+02  8.5721112E+02  2.0199121E+03 -4.7034833E+02  0.0000000E+00
             2    1.5400000E+02  2.0805566E+03  8.9433594E+00  4.0026791E+02  4.0026791E+02  8.6073218E+02  2.0308312E+03 -4.5942923E+02  0.0000000E+00
             2    1.5500000E+02  2.0805552E+03  8.9448242E+00  4.1470889E+02  4.1470889E+02  8.6425928E+02  2.0417443E+03 -4.4851614E+02  0.0000000E+00
             2    1.5600000E+02  2.0805535E+03  8.9465332E+00  4.2914987E+02  4.2914987E+02  8.6779114E+02  2.0526526E+03 -4.3760785E+02  0.0000000E+00
             2    1.5700000E+02  2.0805515E+03  8.9484863E+00  4.3871887E+02  4.3871887E+02  8.7059723E+02  2.0594133E+03 -4.3084702E+02  0.0000000E+00
             2    1.5800000E+02  2.0805491E+03  8.9509277E+00  4.4828787E+02  4.4828787E+02  8.7316437E+02  2.0664148E+03 -4.2384573E+02  0.0000000E+00
             2    1.5900000E+02  2.0805469E+03  8.9531250E+00  4.5785687E+02  4.5785687E+02  8.7574268E+02  2.0734048E+03 -4.1685556E+02  0.0000000E+00
             2    1.6000000E+02  2.0805447E+03  8.9553223E+00  4.6742587E+02  4.6742587E+02  8.7833026E+02  2.0803857E+03 -4.0987469E+02  0.0000000E+00
             2    1.6100000E+02  2.0805425E+03  8.9575195E+00  4.8186685E+02  4.8186685E+02  8.8092712E+02  2.0922292E+03 -3.9803107E+02  0.0000000E+00
             2    1.6200000E+02  2.0805405E+03  8.9594727E+00  4.9630783E+02  4.9630783E+02  8.8353308E+02  2.1040637E+03 -3.8619659E+02  0.0000000E+00
             2    1.6300000E+02  2.0805383E+03  8.9616699E+00  5.1074881E+02  5.1074881E+02  8.8614795E+02  2.1158894E+03 -3.7437100E+02  0.0000000E+00
             2    1.6400000E+02  2.0805364E+03  8.9636230E+00  5.2518982E+02  5.2518982E+02  8.8877148E+02  2.1277063E+03 -3.6255411E+02  0.0000000E+00
             2    1.6500000E+02  2.0805344E+03  8.9655762E+00  5.3963080E+02  5.3963080E+02  8.9140344E+02  2.1395149E+03 -3.5074564E+02  0.0000000E+00
             2    1.6600000E+02  2.0805325E+03  8.9675293E+00  5.5407178E+02  5.5407178E+02  8.9404364E+02  2.1513149E+03 -3.3894537E+02  0.0000000E+00
             2    1.6700000E+02  2.0805305E+03  8.9694824E+00  5.6851276E+02  5.6851276E+02  8.9669165E+02  2.1631074E+03 -3.2715298E+02  0.0000000E+00
             2    1.6800000E+02  2.0805286E+03  8.9714355E+00  5.8295374E+02  5.8295374E+02  8.9934723E+02  2.1748923E+03 -3.1536810E+02  0.0000000E+00
             2    1.6900000E+02  2.0805266E+03  8.9733887E+00  5.9739471E+02  5.9739471E+02  9.0201007E+02  2.1866699E+03 -3.0359045E+02  0.0000000E+00
             2    1.7000000E+02  2.0805249E+03  8.9750977E+00  6.0696368E+02  6.0696368E+02  9.0467975E+02  2.1935671E+03 -2.9669321E+02  0.0000000E+00
             2    1.7100000E+02  2.0805229E+03  8.9770508E+00  6.1653271E+02  6.1653271E+02  9.0735858E+02  2.2004563E+03 -2.8980411E+02  0.0000000E+00
             2    1.7200000E+02  2.0805212E+03  8.9787598E+00  6.2610168E+02  6.2610168E+02  9.1004779E+02  2.2073350E+03 -2.8292542E+02  0.0000000E+00
             2    1.7300000E+02  2.0805195E+03  8.9804688E+00  6.3567072E+02  6.3567072E+02  9.1275000E+02  2.2142007E+03 -2.7605966E+02  0.0000000E+00
             2    1.7400000E+02  2.0805181E+03  8.9819336E+00  6.4523969E+02  6.4523969E+02  9.1546826E+02  2.2210503E+03 -2.6921002E+02  0.0000000E+00
             2    1.7500000E+02  2.0805164E+03  8.9836426E+00  6.5480872E+02  6.5480872E+02  9.1820526E+02  2.2278816E+03 -2.6237885E+02  0.0000000E+00
             2    1.7600000E+02  2.0805149E+03  8.9851074E+00  6.6114941E+02  6.6114941E+02  9.2096185E+02  2.2314641E+03 -2.5879636E+02  0.0000000E+00
             2    1.7700000E+02  2.0805134E+03  8.9865723E+00  6.7559039E+02  6.7559039E+02  9.2373975E+02  2.2431262E+03 -2.4713414E+02  0.0000000E+00
             2    1.7800000E+02  2.0805122E+03  8.9877930E+00  6.9003137E+02  6.9003137E+02  9.2653729E+02  2.2547688E+03 -2.3549161E+02  0.0000000E+00
             2    1.7900000E+02  2.0805110E+03  8.9890137E+00  7.0447235E+02  7.0447235E+02  9.2935522E+02  2.2663911E+03 -2.2386943E+02  0.0000000E+00
             2    1.8000000E+02  2.0805100E+03  8.9899902E+00  7.1891333E+02  7.1891333E+02  9.3219373E+02  2.2779927E+03 -2.1226773E+02  0.0000000E+00
             2    1.8100000E+02  2.0805088E+03  8.9912109E+00  7.3335431E+02  7.3335431E+02  9.3505328E+02  2.2895735E+03 -2.0068698E+02  0.0000000E+00
             2    1.8200000E+02  2.0805078E+03  8.9921875E+00  7.4779529E+02  7.4779529E+02  9.3793323E+02  2.3011338E+03 -1.8912660E+02  0.0000000E+00
             2    1.8300000E+02  2.0805071E+03  8.9929199E+00  7.5736426E+02  7.5736426E+02  9.4083307E+02  2.3078008E+03 -1.8245953E+02  0.0000000E+00
             2    1.8400000E+02  2.0805063E+03  8.9936523E+00  7.6693329E+02  7.6693329E+02  9.4375189E+02  2.3144500E+03 -1.7581049E+02  0.0000000E+00
             2    1.8500000E+02  2.0805056E+03  8.9943848E+00  7.7650226E+02  7.7650226E+02  9.4668848E+02  2.3210813E+03 -1.6917917E+02  0.0000000E+00
             2    1.8600000E+02  2.0805049E+03  8.9951172E+00  7.8607129E+02  7.8607129E+02  9.4964142E+02  2.3276963E+03 -1.6256418E+02  0.0000000E+00
             2    1.8700000E+02  2.0805044E+03  8.9956055E+00  8.0051227E+02  8.0051227E+02  9.5260638E+02  2.3391711E+03 -1.5108922E+02  0.0000000E+00
             2    1.8800000E+02  2.0805039E+03  8.9960938E+00  8.2230573E+02  8.2230573E+02  9.5558154E+02  2.3579885E+03 -1.3227194E+02  0.0000000E+00
             2    1.8900000E+02  2.0805032E+03  8.9968262E+00  8.4409924E+02  8.4409924E+02  9.5856555E+02  2.3767969E+03 -1.1346352E+02  0.0000000E+00
             2    1.9000000E+02  2.0805029E+03  8.9970703E+00  8.6589276E+02  8.6589276E+02  9.6155658E+02  2.3955984E+03 -9.4662170E+01  0.0000000E+00
             2    1.9100000E+02  2.0805024E+03  8.9975586E+00  8.8768622E+02  8.8768622E+02  9.6455328E+02  2.4143940E+03 -7.5866455E+01  0.0000000E+00
             2    1.9200000E+02  2.0805012E+03  8.9987793E+00  9.0947974E+02  9.0947974E+02  9.6678027E+02  2.4339595E+03 -5.6300991E+01  0.0000000E+00
             2    1.9300000E+02  2.0805002E+03  8.9997559E+00  9.3127319E+02  9.3127319E+02  9.6885547E+02  2.4536768E+03 -3.6583794E+01  0.0000000E+00
             2    1.9400000E+02  2.0804993E+03  9.0007324E+00  9.5306671E+02  9.5306671E+02  9.7094415E+02  2.4733804E+03 -1.6880030E+01  0.0000000E+00
             2    1.9500000E+02  2.0804983E+03  9.0017090E+00  9.7486017E+02  9.7486017E+02  9.7304633E+02  2.4930706E+03  2.8102114E+00  0.0000000E+00
             2    1.9600000E+02  2.0804973E+03  9.0026855E+00  1.0077497E+03  1.0077497E+03  9.7516180E+02  2.5238435E+03  3.3583130E+01  0.0000000E+00
             2    1.9700000E+02  2.0804966E+03  9.0034180E+00  1.0406392E+03  1.0406392E+03  9.7729047E+02  2.5546033E+03  6.4342918E+01  0.0000000E+00
             2    1.9800000E+02  2.0804956E+03  9.0043945E+00  1.0735287E+03  1.0735287E+03  9.7943231E+02  2.5853501E+03  9.5089554E+01  0.0000000E+00
             2    1.9900000E+02  2.0804949E+03  9.0051270E+00  1.1064181E+03  1.1064181E+03  9.8158752E+02  2.6160837E+03  1.2582324E+02  0.0000000E+00
             2    2.0000000E+02  2.0804944E+03  9.0056152E+00  1.1393076E+03  1.1393076E+03  9.8375696E+02  2.6468032E+03  1.5654289E+02  0.0000000E+00
             2    2.0100000E+02  2.0804937E+03  9.0063477E+00  1.1721971E+03  1.1721971E+03  9.8594153E+02  2.6775078E+03  1.8724734E+02  0.0000000E+00
             2    2.0200000E+02  2.0804932E+03  9.0068359E+00  1.2050865E+03  1.2050865E+03  9.8814648E+02  2.7081919E+03  2.1793150E+02  0.0000000E+00
             2    2.0300000E+02  2.0804929E+03  9.0070801E+00  1.2379761E+03  1.2379761E+03  9.9037634E+02  2.7388511E+03  2.4859076E+02  0.0000000E+00
             2    2.0400000E+02  2.0804927E+03  9.0073242E+00  1.2708656E+03  1.2708656E+03  9.9263525E+02  2.7694814E+03  2.7922101E+02  0.0000000E+00
             2    2.0500000E+02  2.0804924E+03  9.0075684E+00  1.2926591E+03  1.2926591E+03  9.9492529E+02  2.7889814E+03  2.9872107E+02  0.0000000E+00
             2    2.0600000E+02  2.0804924E+03  9.0075684E+00  1.3144525E+03  1.3144525E+03  9.9724805E+02  2.8084507E+03  3.1819034E+02  0.0000000E+00
             2    2.0700000E+02  2.0804927E+03  9.0073242E+00  1.3362461E+03  1.3362461E+03  9.9960352E+02  2.8278872E+03  3.3762686E+02  0.0000000E+00
             2    2.0800000E+02  2.0804929E+03  9.0070801E+00  1.3506870E+03  1.3506870E+03  1.0019913E+03  2.8399370E+03  3.4967648E+02  0.0000000E+00
             2    2.0900000E+02  2.0804934E+03  9.0065918E+00  1.3651281E+03  1.3651281E+03  1.0044100E+03  2.8519570E+03  3.6169656E+02  0.0000000E+00
             2    2.1000000E+02  2.0804941E+03  9.0058594E+00  1.3795690E+03  1.3795690E+03  1.0068553E+03  2.8639504E+03  3.7368997E+02  0.0000000E+00
             2    2.1100000E+02  2.0804949E+03  9.0051270E+00  1.3940100E+03  1.3940100E+03  1.0093268E+03  2.8759177E+03  3.8565729E+02  0.0000000E+00
             2    2.1200000E+02  2.0804956E+03  9.0043945E+00  1.4035790E+03  1.4035790E+03  1.0118232E+03  2.8829866E+03  3.9272617E+02  0.0000000E+00
             2    2.1300000E+02  2.0804966E+03  9.0034180E+00  1.4131479E+03  1.4131479E+03  1.0143429E+03  2.8900332E+03  3.9977277E+02  0.0000000E+00
             2    2.1400000E+02  2.0804976E+03  9.0024414E+00  1.4173495E+03  1.4173495E+03  1.0168851E+03  2.8916885E+03  4.0142804E+02  0.0000000E+00
             2    2.1500000E+02  2.0804990E+03  9.0009766E+00  1.4215510E+03  1.4215510E+03  1.0195028E+03  2.8932686E+03  4.0300824E+02  0.0000000E+00
             2    2.1600000E+02  2.0805007E+03  8.9992676E+00  1.4257526E+03  1.4257526E+03  1.0222096E+03  2.8947600E+03  4.0449948E+02  0.0000000E+00
             2    2.1700000E+02  2.0805032E+03  8.9968262E+00  1.4299540E+03  1.4299540E+03  1.0250424E+03  2.8961252E+03  4.0586475E+02  0.0000000E+00
             2    2.1800000E+02  2.0805061E+03  8.9938965E+00  1.4341555E+03  1.4341555E+03  1.0280194E+03  2.8973462E+03  4.0708566E+02  0.0000000E+00
             2    2.1900000E+02  2.0805098E+03  8.9902344E+00  1.4369396E+03  1.4369396E+03  1.0311162E+03  2.8970293E+03  4.0676892E+02  0.0000000E+00
             2    2.2000000E+02  2.0805142E+03  8.9858398E+00  1.4397236E+03  1.4397236E+03  1.0343973E+03  2.8965286E+03  4.0626819E+02  0.0000000E+00
             2    2.2100000E+02  2.0805193E+03  8.9807129E+00  1.4425077E+03  1.4425077E+03  1.0378409E+03  2.8958655E+03  4.0560504E+02  0.0000000E+00
             2    2.2200000E+02  2.0805251E+03  8.9748535E+00  1.4452917E+03  1.4452917E+03  1.0414285E+03  2.8950583E+03  4.0479791E+02  0.0000000E+00
             2    2.2300000E+02  2.0805315E+03  8.9685059E+00  1.4480758E+03  1.4480758E+03  1.0451145E+03  2.8941528E+03  4.0389233E+02  0.0000000E+00
             2    2.2400000E+02  2.0805381E+03  8.9619141E+00  1.4499205E+03  1.4499205E+03  1.0488737E+03  2.8922344E+03  4.0197385E+02  0.0000000E+00
             2    2.2500000E+02  2.0805452E+03  8.9548340E+00  1.4517654E+03  1.4517654E+03  1.0527721E+03  2.8901770E+03  3.9991653E+02  0.0000000E+00
             2    2.2600000E+02  2.0805530E+03  8.9470215E+00  1.4536101E+03  1.4536101E+03  1.0567722E+03  2.8880178E+03  3.9775745E+02  0.0000000E+00
             2    2.2700000E+02  2.0805608E+03  8.9392090E+00  1.4554550E+03  1.4554550E+03  1.0608408E+03  2.8857903E+03  3.9552982E+02  0.0000000E+00
             2    2.2800000E+02  2.0805691E+03  8.9309082E+00  1.4582389E+03  1.4582389E+03  1.0649514E+03  2.8844600E+03  3.9419955E+02  0.0000000E+00
             2    2.2900000E+02  2.0805774E+03  8.9226074E+00  1.4610229E+03  1.4610229E+03  1.0690840E+03  2.8831084E+03  3.9284802E+02  0.0000000E+00
             2    2.3000000E+02  2.0805857E+03  8.9143066E+00  1.4638070E+03  1.4638070E+03  1.0732163E+03  2.8817576E+03  3.9149719E+02  0.0000000E+00
             2    2.3100000E+02  2.0805938E+03  8.9062500E+00  1.4782480E+03  1.4782480E+03  1.0773260E+03  2.8920864E+03  4.0182596E+02  0.0000000E+00
             2    2.3200000E+02  2.0806018E+03  8.8981934E+00  1.4926890E+03  1.4926890E+03  1.0813866E+03  2.9024641E+03  4.1220380E+02  0.0000000E+00
             2    2.3300000E+02  2.0806094E+03  8.8906250E+00  1.5071300E+03  1.5071300E+03  1.0853800E+03  2.9129094E+03  4.2264893E+02  0.0000000E+00
             2    2.3400000E+02  2.0806167E+03  8.8833008E+00  1.5215709E+03  1.5215709E+03  1.0892919E+03  2.9234358E+03  4.3317545E+02  0.0000000E+00
             2    2.3500000E+02  2.0806238E+03  8.8762207E+00  1.5360120E+03  1.5360120E+03  1.0931138E+03  2.9340525E+03  4.4379202E+02  0.0000000E+00
             2    2.3600000E+02  2.0806301E+03  8.8698730E+00  1.5504529E+03  1.5504529E+03  1.0968397E+03  2.9447651E+03  4.5450464E+02  0.0000000E+00
             2    2.3700000E+02  2.0806360E+03  8.8640137E+00  1.5648939E+03  1.5648939E+03  1.1004662E+03  2.9555771E+03  4.6531674E+02  0.0000000E+00
             2    2.3800000E+02  2.0806416E+03  8.8583984E+00  1.5793348E+03  1.5793348E+03  1.1039958E+03  2.9664861E+03  4.7622562E+02  0.0000000E+00
             2    2.3900000E+02  2.0806604E+03  8.8395996E+00  1.5937759E+03  1.5937759E+03  1.1252556E+03  2.9596648E+03  4.6940442E+02  0.0000000E+00
             2    2.4000000E+02  2.0806887E+03  8.8112793E+00  1.6082168E+03  1.6082168E+03  1.1610648E+03  2.9382942E+03  4.4803384E+02  0.0000000E+00
             2    2.4100000E+02  2.0807131E+03  8.7868652E+00  1.6226578E+03  1.6226578E+03  1.1942107E+03  2.9195869E+03  4.2932645E+02  0.0000000E+00
             2    2.4200000E+02  2.0807341E+03  8.7658691E+00  1.6370988E+03  1.6370988E+03  1.2251803E+03  2.9030559E+03  4.1279547E+02  0.0000000E+00
             2    2.4300000E+02  2.0807520E+03  8.7480469E+00  1.6515398E+03  1.6515398E+03  1.2538220E+03  2.8888528E+03  3.9859232E+02  0.0000000E+00
             2    2.4400000E+02  2.0807681E+03  8.7319336E+00  1.6659807E+03  1.6659807E+03  1.2818270E+03  2.8752864E+03  3.8502588E+02  0.0000000E+00
             2    2.4500000E+02  2.0807827E+03  8.7172852E+00  1.6755498E+03  1.6755498E+03  1.3092593E+03  2.8574192E+03  3.6715878E+02  0.0000000E+00
             2    2.4600000E+02  2.0807959E+03  8.7041016E+00  1.6851188E+03  1.6851188E+03  1.3359537E+03  2.8402913E+03  3.5003094E+02  0.0000000E+00
             2    2.4700000E+02  2.0808071E+03  8.6928711E+00  1.6893203E+03  1.6893203E+03  1.3611169E+03  2.8193262E+03  3.2906573E+02  0.0000000E+00
             2    2.4800000E+02  2.0808164E+03  8.6835938E+00  1.6911650E+03  1.6911650E+03  1.3848203E+03  2.7974639E+03  3.0720343E+02  0.0000000E+00
             2    2.4900000E+02  2.0808242E+03  8.6757812E+00  1.6911650E+03  1.6911650E+03  1.4072931E+03  2.7749907E+03  2.8473041E+02  0.0000000E+00
             2    2.5000000E+02  2.0808308E+03  8.6691895E+00  1.6911650E+03  1.6911650E+03  1.4285852E+03  2.7536985E+03  2.6343805E+02  0.0000000E+00
             2    2.5100000E+02  2.0808364E+03  8.6635742E+00  1.6911650E+03  1.6911650E+03  1.4489491E+03  2.7333345E+03  2.4307393E+02  0.0000000E+00
             2    2.5200000E+02  2.0808416E+03  8.6584473E+00  1.6911650E+03  1.6911650E+03  1.4685315E+03  2.7137517E+03  2.2349129E+02  0.0000000E+00
             2    2.5300000E+02  2.0808462E+03  8.6538086E+00  1.6911650E+03  1.6911650E+03  1.4874545E+03  2.6948286E+03  2.0456807E+02  0.0000000E+00
             2    2.5400000E+02  2.0808503E+03  8.6496582E+00  1.6911650E+03  1.6911650E+03  1.5057411E+03  2.6765417E+03  1.8628123E+02  0.0000000E+00
             2    2.5500000E+02  2.0808538E+03  8.6462402E+00  1.6911650E+03  1.6911650E+03  1.5231206E+03  2.6591619E+03  1.6890152E+02  0.0000000E+00
             2    2.5600000E+02  2.0808572E+03  8.6428223E+00  1.6911650E+03  1.6911650E+03  1.5401791E+03  2.6421033E+03  1.5184285E+02  0.0000000E+00
             2    2.5700000E+02  2.0808599E+03  8.6401367E+00  1.6911650E+03  1.6911650E+03  1.5563416E+03  2.6259407E+03  1.3568011E+02  0.0000000E+00
             2    2.5800000E+02  2.0808623E+03  8.6376953E+00  1.6911650E+03  1.6911650E+03  1.5722292E+03  2.6100525E+03  1.1979216E+02  0.0000000E+00
             2    2.5900000E+02  2.0808640E+03  8.6359863E+00  1.6911650E+03  1.6911650E+03  1.5872957E+03  2.5949858E+03  1.0472552E+02  0.0000000E+00
             2    2.6000000E+02  2.0808657E+03  8.6342773E+00  1.6911650E+03  1.6911650E+03  1.6023741E+03  2.5799072E+03  8.9646828E+01  0.0000000E+00
             2    2.6100000E+02  2.0808677E+03  8.6323242E+00  1.6911650E+03  1.6911650E+03  1.6174542E+03  2.5648269E+03  7.4566437E+01  0.0000000E+00
             2    2.6200000E+02  2.0808696E+03  8.6303711E+00  1.6911650E+03  1.6911650E+03  1.6325339E+03  2.5497471E+03  5.9486534E+01  0.0000000E+00
             2    2.6300000E+02  2.0808713E+03  8.6286621E+00  1.6911650E+03  1.6911650E+03  1.6475898E+03  2.5346909E+03  4.4430599E+01  0.0000000E+00
             2    2.6400000E+02  2.0808728E+03  8.6271973E+00  1.6911650E+03  1.6911650E+03  1.6622722E+03  2.5200090E+03  2.9748610E+01  0.0000000E+00
             2    2.6500000E+02  2.0808740E+03  8.6259766E+00  1.6911650E+03  1.6911650E+03  1.6764901E+03  2.5057915E+03  1.5531084E+01  0.0000000E+00
             2    2.6600000E+02  2.0808748E+03  8.6252441E+00  1.6911650E+03  1.6911650E+03  1.6902196E+03  2.4920625E+03  1.8020589E+00  0.0000000E+00
             2    2.6700000E+02  2.0808752E+03  8.6247559E+00  1.6911650E+03  1.6911650E+03  1.7035491E+03  2.4787334E+03 -1.1527059E+01  0.0000000E+00
             2    2.6800000E+02  2.0808755E+03  8.6245117E+00  1.6911650E+03  1.6911650E+03  1.7164829E+03  2.4658000E+03 -2.4460394E+01  0.0000000E+00
             2    2.6900000E+02  2.0808755E+03  8.6245117E+00  1.6911650E+03  1.6911650E+03  1.7289658E+03  2.4533179E+03 -3.6942635E+01  0.0000000E+00
             2    2.7000000E+02  2.0808752E+03  8.6247559E+00  1.6911650E+03  1.6911650E+03  1.7411445E+03  2.4411401E+03 -4.9120323E+01  0.0000000E+00
             2    2.7100000E+02  2.0808750E+03  8.6250000E+00  1.6911650E+03  1.6911650E+03  1.7530775E+03  2.4292083E+03 -6.1052277E+01  0.0000000E+00
             2    2.7200000E+02  2.0808743E+03  8.6257324E+00  1.6911650E+03  1.6911650E+03  1.7645085E+03  2.4177781E+03 -7.2482269E+01  0.0000000E+00
             2    2.7300000E+02  2.0808738E+03  8.6262207E+00  1.6911650E+03  1.6911650E+03  1.7758812E+03  2.4064065E+03 -8.3853859E+01  0.0000000E+00
             2    2.7400000E+02  2.0808728E+03  8.6271973E+00  1.6911650E+03  1.6911650E+03  1.7867048E+03  2.3955840E+03 -9.4676437E+01  0.0000000E+00
             2    2.7500000E+02  2.0808721E+03  8.6279297E+00  1.6911650E+03  1.6911650E+03  1.7975767E+03  2.3847131E+03 -1.0554722E+02  0.0000000E+00
             2    2.7600000E+02  2.0808708E+03  8.6291504E+00  1.6911650E+03  1.6911650E+03  1.8078484E+03  2.3744426E+03 -1.1581790E+02  0.0000000E+00
             2    2.7700000E+02  2.0808699E+03  8.6301270E+00  1.6911650E+03  1.6911650E+03  1.8181517E+03  2.3641404E+03 -1.2612013E+02  0.0000000E+00
             2    2.7800000E+02  2.0808689E+03  8.6311035E+00  1.6911650E+03  1.6911650E+03  1.8280770E+03  2.3542161E+03 -1.3604436E+02  0.0000000E+00
             2    2.7900000E+02  2.0808677E+03  8.6323242E+00  1.6911650E+03  1.6911650E+03  1.8377878E+03  2.3445063E+03 -1.4575421E+02  0.0000000E+00
             2    2.8000000E+02  2.0808665E+03  8.6335449E+00  1.6911650E+03  1.6911650E+03  1.8475405E+03  2.3347546E+03 -1.5550581E+02  0.0000000E+00
             2    2.8100000E+02  2.0808650E+03  8.6350098E+00  1.6911650E+03  1.6911650E+03  1.8566711E+03  2.3256252E+03 -1.6463528E+02  0.0000000E+00
             2    2.8200000E+02  2.0808635E+03  8.6364746E+00  1.6911650E+03  1.6911650E+03  1.8658066E+03  2.3164910E+03 -1.7376959E+02  0.0000000E+00
             2    2.8300000E+02  2.0808623E+03  8.6376953E+00  1.6911650E+03  1.6911650E+03  1.8749781E+03  2.3073206E+03 -1.8293988E+02  0.0000000E+00
             2    2.8400000E+02  2.0808611E+03  8.6389160E+00  1.6911650E+03  1.6911650E+03  1.8841804E+03  2.2981196E+03 -1.9214070E+02  0.0000000E+00
             2    2.8500000E+02  2.0808601E+03  8.6398926E+00  1.6911650E+03  1.6911650E+03  1.8932466E+03  2.2890552E+03 -2.0120515E+02  0.0000000E+00
             2    2.8600000E+02  2.0808591E+03  8.6408691E+00  1.6911650E+03  1.6911650E+03  1.9021803E+03  2.2801233E+03 -2.1013708E+02  0.0000000E+00
             2    2.8700000E+02  2.0808579E+03  8.6420898E+00  1.6911650E+03  1.6911650E+03  1.9108859E+03  2.2714194E+03 -2.1884096E+02  0.0000000E+00
             2    2.8800000E+02  2.0808569E+03  8.6430664E+00  1.6911650E+03  1.6911650E+03  1.9194468E+03  2.2628604E+03 -2.2740007E+02  0.0000000E+00
             2    2.8900000E+02  2.0808557E+03  8.6442871E+00  1.6911650E+03  1.6911650E+03  1.9278585E+03  2.2544504E+03 -2.3581009E+02  0.0000000E+00
             2    2.9000000E+02  2.0808545E+03  8.6455078E+00  1.6911650E+03  1.6911650E+03  1.9360914E+03  2.2462192E+03 -2.4404117E+02  0.0000000E+00
             2    2.9100000E+02  2.0808533E+03  8.6467285E+00  1.6911650E+03  1.6911650E+03  1.9441324E+03  2.2381799E+03 -2.5208051E+02  0.0000000E+00
             2    2.9200000E+02  2.0808521E+03  8.6479492E+00  1.6911650E+03  1.6911650E+03  1.9522034E+03  2.2301108E+03 -2.6014966E+02  0.0000000E+00
             2    2.9300000E+02  2.0808508E+03  8.6491699E+00  1.6911650E+03  1.6911650E+03  1.9598517E+03  2.2224644E+03 -2.6779617E+02  0.0000000E+00
             2    2.9400000E+02  2.0808496E+03  8.6503906E+00  1.6911650E+03  1.6911650E+03  1.9675721E+03  2.2147456E+03 -2.7551486E+02  0.0000000E+00
             2    2.9500000E+02  2.0808489E+03  8.6511230E+00  1.6911650E+03  1.6911650E+03  1.9753328E+03  2.2069866E+03 -2.8327380E+02  0.0000000E+00
             2    2.9600000E+02  2.0808477E+03  8.6523438E+00  1.6911650E+03  1.6911650E+03  1.9826273E+03  2.1996938E+03 -2.9056659E+02  0.0000000E+00
             2    2.9700000E+02  2.0808467E+03  8.6533203E+00  1.6911650E+03  1.6911650E+03  1.9899640E+03  2.1923589E+03 -2.9790155E+02  0.0000000E+00
             2    2.9800000E+02  2.0808457E+03  8.6542969E+00  1.6911650E+03  1.6911650E+03  1.9973330E+03  2.1849917E+03 -3.0526874E+02  0.0000000E+00
             2    2.9900000E+02  2.0808447E+03  8.6552734E+00  1.6911650E+03  1.6911650E+03  2.0044597E+03  2.1778667E+03 -3.1239374E+02  0.0000000E+00
             2    3.0000000E+02  2.0808435E+03  8.6564941E+00  1.6911650E+03  1.6911650E+03  2.0113051E+03  2.1710232E+03 -3.1923727E+02  0.0000000E+00
             2    3.0100000E+02  2.0808423E+03  8.6577148E+00  1.6911650E+03  1.6911650E+03  2.0181726E+03  2.1641572E+03 -3.2610312E+02  0.0000000E+00
             2    3.0200000E+02  2.0808413E+03  8.6586914E+00  1.6911650E+03  1.6911650E+03  2.0250546E+03  2.1572771E+03 -3.3298325E+02  0.0000000E+00
             2    3.0300000E+02  2.0808401E+03  8.6599121E+00  1.6911650E+03  1.6911650E+03  2.0318125E+03  2.1505210E+03 -3.3973941E+02  0.0000000E+00
             2    3.0400000E+02  2.0808386E+03  8.6613770E+00  1.6911650E+03  1.6911650E+03  2.0381179E+03  2.1442173E+03 -3.4604312E+02  0.0000000E+00
             2    3.0500000E+02  2.0808372E+03  8.6628418E+00  1.6911650E+03  1.6911650E+03  2.0444385E+03  2.1378984E+03 -3.5236191E+02  0.0000000E+00
             2    3.0600000E+02  2.0808359E+03  8.6640625E+00  1.6911650E+03  1.6911650E+03  2.0507693E+03  2.1315696E+03 -3.5869089E+02  0.0000000E+00
             2    3.0700000E+02  2.0808345E+03  8.6655273E+00  1.6911650E+03  1.6911650E+03  2.0571069E+03  2.1252336E+03 -3.6502682E+02  0.0000000E+00
             2    3.0800000E+02  2.0808330E+03  8.6669922E+00  1.6911650E+03  1.6911650E+03  2.0633320E+03  2.1190103E+03 -3.7125009E+02  0.0000000E+00
             2    3.0900000E+02  2.0808313E+03  8.6687012E+00  1.6911650E+03  1.6911650E+03  2.0690654E+03  2.1132786E+03 -3.7698187E+02  0.0000000E+00
             2    3.1000000E+02  2.0808318E+03  8.6682129E+00  1.6911650E+03  1.6911650E+03  2.0777874E+03  2.1045583E+03 -3.8570209E+02  0.0000000E+00
             2    3.1100000E+02  2.0808340E+03  8.6660156E+00  1.6911650E+03  1.6911650E+03  2.0889473E+03  2.0934001E+03 -3.9686020E+02  0.0000000E+00
             2    3.1200000E+02  2.0808354E+03  8.6645508E+00  1.6911650E+03  1.6911650E+03  2.0995332E+03  2.0828159E+03 -4.0744446E+02  0.0000000E+00
             2    3.1300000E+02  2.0808367E+03  8.6633301E+00  1.6911650E+03  1.6911650E+03  2.1100283E+03  2.0723225E+03 -4.1793781E+02  0.0000000E+00
             2    3.1400000E+02  2.0808374E+03  8.6625977E+00  1.6911650E+03  1.6911650E+03  2.1199431E+03  2.0624097E+03 -4.2785071E+02  0.0000000E+00
             2    3.1500000E+02  2.0808376E+03  8.6623535E+00  1.6911650E+03  1.6911650E+03  2.1295925E+03  2.0527620E+03 -4.3749835E+02  0.0000000E+00
             2    3.1600000E+02  2.0808376E+03  8.6623535E+00  1.6911650E+03  1.6911650E+03  2.1391924E+03  2.0431639E+03 -4.4709656E+02  0.0000000E+00
             2    3.1700000E+02  2.0808376E+03  8.6623535E+00  1.6911650E+03  1.6911650E+03  2.1487456E+03  2.0336127E+03 -4.5664774E+02  0.0000000E+00
             2    3.1800000E+02  2.0808374E+03  8.6625977E+00  1.6911650E+03  1.6911650E+03  2.1580857E+03  2.0242751E+03 -4.6598523E+02  0.0000000E+00
             2    3.1900000E+02  2.0808369E+03  8.6630859E+00  1.6911650E+03  1.6911650E+03  2.1671792E+03  2.0151843E+03 -4.7507605E+02  0.0000000E+00
             2    3.2000000E+02  2.0808359E+03  8.6640625E+00  1.6911650E+03  1.6911650E+03  2.1759749E+03  2.0063915E+03 -4.8386893E+02  0.0000000E+00
             2    3.2100000E+02  2.0808350E+03  8.6650391E+00  1.6911650E+03  1.6911650E+03  2.1846086E+03  1.9977604E+03 -4.9250003E+02  0.0000000E+00
             2    3.2200000E+02  2.0808337E+03  8.6662598E+00  1.6911650E+03  1.6911650E+03  2.1929819E+03  1.9893898E+03 -5.0087064E+02  0.0000000E+00
             2    3.2300000E+02  2.0808323E+03  8.6677246E+00  1.6911650E+03  1.6911650E+03  2.2012551E+03  1.9811191E+03 -5.0914136E+02  0.0000000E+00
             2    3.2400000E+02  2.0808311E+03  8.6689453E+00  1.6911650E+03  1.6911650E+03  2.2092471E+03  1.9731299E+03 -5.1713062E+02  0.0000000E+00
             2    3.2500000E+02  2.0808296E+03  8.6704102E+00  1.6911650E+03  1.6911650E+03  2.2172571E+03  1.9651226E+03 -5.2513788E+02  0.0000000E+00
             2    3.2600000E+02  2.0808279E+03  8.6721191E+00  1.6911650E+03  1.6911650E+03  2.2248960E+03  1.9574862E+03 -5.3277423E+02  0.0000000E+00
             2    3.2700000E+02  2.0808264E+03  8.6735840E+00  1.6911650E+03  1.6911650E+03  2.2324648E+03  1.9499200E+03 -5.4034039E+02  0.0000000E+00
             2    3.2800000E+02  2.0808247E+03  8.6752930E+00  1.6911650E+03  1.6911650E+03  2.2400508E+03  1.9423370E+03 -5.4792346E+02  0.0000000E+00
             2    3.2900000E+02  2.0808230E+03  8.6770020E+00  1.6911650E+03  1.6911650E+03  2.2472297E+03  1.9351606E+03 -5.5509973E+02  0.0000000E+00
             2    3.3000000E+02  2.0808210E+03  8.6789551E+00  1.6911650E+03  1.6911650E+03  2.2543232E+03  1.9280697E+03 -5.6219080E+02  0.0000000E+00
             2    3.3100000E+02  2.0808193E+03  8.6806641E+00  1.6911650E+03  1.6911650E+03  2.2614341E+03  1.9209615E+03 -5.6929889E+02  0.0000000E+00
             2    3.3200000E+02  2.0808174E+03  8.6826172E+00  1.6911650E+03  1.6911650E+03  2.2684497E+03  1.9139486E+03 -5.7631177E+02  0.0000000E+00
             2    3.3300000E+02  2.0808154E+03  8.6845703E+00  1.6911650E+03  1.6911650E+03  2.2750305E+03  1.9073705E+03 -5.8289001E+02  0.0000000E+00
             2    3.3400000E+02  2.0808132E+03  8.6867676E+00  1.6911650E+03  1.6911650E+03  2.2816348E+03  1.9007688E+03 -5.8949158E+02  0.0000000E+00
             2    3.3500000E+02  2.0808113E+03  8.6887207E+00  1.6911650E+03  1.6911650E+03  2.2882568E+03  1.8941495E+03 -5.9611090E+02  0.0000000E+00
             2    3.3600000E+02  2.0808093E+03  8.6906738E+00  1.6911650E+03  1.6911650E+03  2.2948945E+03  1.8875144E+03 -6.0274603E+02  0.0000000E+00
             2    3.3700000E+02  2.0808071E+03  8.6928711E+00  1.6911650E+03  1.6911650E+03  2.3010105E+03  1.8814012E+03 -6.0885919E+02  0.0000000E+00
             2    3.3800000E+02  2.0808049E+03  8.6950684E+00  1.6911650E+03  1.6911650E+03  2.3070903E+03  1.8753240E+03 -6.1493652E+02  0.0000000E+00
             2    3.3900000E+02  2.0808027E+03  8.6972656E+00  1.6911650E+03  1.6911650E+03  2.3131902E+03  1.8692269E+03 -6.2103357E+02  0.0000000E+00
             2    3.4000000E+02  2.0808005E+03  8.6994629E+00  1.6911650E+03  1.6911650E+03  2.3193066E+03  1.8631132E+03 -6.2714728E+02  0.0000000E+00
             2    3.4100000E+02  2.0807986E+03  8.7014160E+00  1.6911650E+03  1.6911650E+03  2.3254385E+03  1.8569840E+03 -6.3327643E+02  0.0000000E+00
             2    3.4200000E+02  2.0807961E+03  8.7038574E+00  1.6911650E+03  1.6911650E+03  2.3310913E+03  1.8513337E+03 -6.3892676E+02  0.0000000E+00
             2    3.4300000E+02  2.0807937E+03  8.7062988E+00  1.6911650E+03  1.6911650E+03  2.3366445E+03  1.8457832E+03 -6.4447723E+02  0.0000000E+00
             2    3.4400000E+02  2.0807913E+03  8.7087402E+00  1.6911650E+03  1.6911650E+03  2.3422163E+03  1.8402140E+03 -6.5004639E+02  0.0000000E+00
             2    3.4500000E+02  2.0807891E+03  8.7109375E+00  1.6911650E+03  1.6911650E+03  2.3478030E+03  1.8346301E+03 -6.5563031E+02  0.0000000E+00
             2    3.4600000E+02  2.0807869E+03  8.7131348E+00  1.6911650E+03  1.6911650E+03  2.3534038E+03  1.8290320E+03 -6.6122839E+02  0.0000000E+00
             2    3.4700000E+02  2.0807847E+03  8.7153320E+00  1.6911650E+03  1.6911650E+03  2.3590168E+03  1.8234216E+03 -6.6683881E+02  0.0000000E+00
             2    3.4800000E+02  2.0807820E+03  8.7180176E+00  1.6911650E+03  1.6911650E+03  2.3641729E+03  1.8182683E+03 -6.7199213E+02  0.0000000E+00
             2    3.4900000E+02  2.0807795E+03  8.7204590E+00  1.6911650E+03  1.6911650E+03  2.3691934E+03  1.8132505E+03 -6.7700989E+02  0.0000000E+00
             2    3.5000000E+02  2.0807769E+03  8.7231445E+00  1.6911650E+03  1.6911650E+03  2.3742339E+03  1.8082124E+03 -6.8204803E+02  0.0000000E+00
             2    3.5100000E+02  2.0807744E+03  8.7255859E+00  1.6911650E+03  1.6911650E+03  2.3792915E+03  1.8031576E+03 -6.8710284E+02  0.0000000E+00
             2    3.5200000E+02  2.0807722E+03  8.7277832E+00  1.6911650E+03  1.6911650E+03  2.3843628E+03  1.7980889E+03 -6.9217157E+02  0.0000000E+00
             2    3.5300000E+02  2.0807698E+03  8.7302246E+00  1.6911650E+03  1.6911650E+03  2.3894468E+03  1.7930078E+03 -6.9725269E+02  0.0000000E+00
             2    3.5400000E+02  2.0807676E+03  8.7324219E+00  1.6911650E+03  1.6911650E+03  2.3945403E+03  1.7879169E+03 -7.0234363E+02  0.0000000E+00
             2    3.5500000E+02  2.0807649E+03  8.7351074E+00  1.6911650E+03  1.6911650E+03  2.3992949E+03  1.7831649E+03 -7.0709546E+02  0.0000000E+00
             2    3.5600000E+02  2.0807622E+03  8.7377930E+00  1.6911650E+03  1.6911650E+03  2.4037876E+03  1.7786749E+03 -7.1158551E+02  0.0000000E+00
             2    3.5700000E+02  2.0807595E+03  8.7404785E+00  1.6911650E+03  1.6911650E+03  2.4082996E+03  1.7741654E+03 -7.1609497E+02  0.0000000E+00
             2    3.5800000E+02  2.0807571E+03  8.7429199E+00  1.6911650E+03  1.6911650E+03  2.4128301E+03  1.7696378E+03 -7.2062262E+02  0.0000000E+00
             2    3.5900000E+02  2.0807546E+03  8.7453613E+00  1.6911650E+03  1.6911650E+03  2.4173755E+03  1.7650950E+03 -7.2516541E+02  0.0000000E+00
             2    3.6000000E+02  2.0807522E+03  8.7478027E+00  1.6911650E+03  1.6911650E+03  2.4219341E+03  1.7605392E+03 -7.2972131E+02  0.0000000E+00
             2    3.6100000E+02  2.0807498E+03  8.7502441E+00  1.6911650E+03  1.6911650E+03  2.4265032E+03  1.7559728E+03 -7.3428772E+02  0.0000000E+00
             2    3.6200000E+02  2.0807473E+03  8.7526855E+00  1.6911650E+03  1.6911650E+03  2.4310823E+03  1.7513961E+03 -7.3886432E+02  0.0000000E+00
             2    3.6300000E+02  2.0807449E+03  8.7551270E+00  1.6911650E+03  1.6911650E+03  2.4356699E+03  1.7468113E+03 -7.4344916E+02  0.0000000E+00
             2    3.6400000E+02  2.0807422E+03  8.7578125E+00  1.6911650E+03  1.6911650E+03  2.4396597E+03  1.7428241E+03 -7.4743640E+02  0.0000000E+00
             2    3.6500000E+02  2.0807395E+03  8.7604980E+00  1.6911650E+03  1.6911650E+03  2.4436536E+03  1.7388329E+03 -7.5142749E+02  0.0000000E+00
             2    3.6600000E+02  2.0807368E+03  8.7631836E+00  1.6911650E+03  1.6911650E+03  2.4476641E+03  1.7348252E+03 -7.5543524E+02  0.0000000E+00
             2    3.6700000E+02  2.0807341E+03  8.7658691E+00  1.6911650E+03  1.6911650E+03  2.4516895E+03  1.7308024E+03 -7.5945801E+02  0.0000000E+00
             2    3.6800000E+02  2.0807317E+03  8.7683105E+00  1.6911650E+03  1.6911650E+03  2.4557292E+03  1.7267654E+03 -7.6349512E+02  0.0000000E+00
             2    3.6900000E+02  2.0807292E+03  8.7707520E+00  1.6911650E+03  1.6911650E+03  2.4597805E+03  1.7227167E+03 -7.6754376E+02  0.0000000E+00
             2    3.7000000E+02  2.0807266E+03  8.7734375E+00  1.6911650E+03  1.6911650E+03  2.4638425E+03  1.7186575E+03 -7.7160303E+02  0.0000000E+00
             2    3.7100000E+02  2.0807244E+03  8.7756348E+00  1.6911650E+03  1.6911650E+03  2.4679146E+03  1.7145879E+03 -7.7567249E+02  0.0000000E+00
             2    3.7200000E+02  2.0807219E+03  8.7780762E+00  1.6911650E+03  1.6911650E+03  2.4719946E+03  1.7105105E+03 -7.7974988E+02  0.0000000E+00
             2    3.7300000E+02  2.0807195E+03  8.7805176E+00  1.6911650E+03  1.6911650E+03  2.4760820E+03  1.7064259E+03 -7.8383447E+02  0.0000000E+00
             2    3.7400000E+02  2.0807168E+03  8.7832031E+00  1.6911650E+03  1.6911650E+03  2.4797527E+03  1.7027579E+03 -7.8750250E+02  0.0000000E+00
             2    3.7500000E+02  2.0807141E+03  8.7858887E+00  1.6911650E+03  1.6911650E+03  2.4832568E+03  1.6992563E+03 -7.9100415E+02  0.0000000E+00
             2    3.7600000E+02  2.0807114E+03  8.7885742E+00  1.6911650E+03  1.6911650E+03  2.4867783E+03  1.6957377E+03 -7.9452283E+02  0.0000000E+00
             2    3.7700000E+02  2.0807087E+03  8.7912598E+00  1.6911650E+03  1.6911650E+03  2.4903142E+03  1.6922043E+03 -7.9805615E+02  0.0000000E+00
             2    3.7800000E+02  2.0807063E+03  8.7937012E+00  1.6911650E+03  1.6911650E+03  2.4938623E+03  1.6886591E+03 -8.0160138E+02  0.0000000E+00
             2    3.7900000E+02  2.0807036E+03  8.7963867E+00  1.6911650E+03  1.6911650E+03  2.4974214E+03  1.6851027E+03 -8.0515784E+02  0.0000000E+00
             2    3.8000000E+02  2.0807012E+03  8.7988281E+00  1.6911650E+03  1.6911650E+03  2.5009900E+03  1.6815365E+03 -8.0872400E+02  0.0000000E+00
             2    3.8100000E+02  2.0806987E+03  8.8012695E+00  1.6911650E+03  1.6911650E+03  2.5045583E+03  1.6779712E+03 -8.1228918E+02  0.0000000E+00
             2    3.8200000E+02  2.0806963E+03  8.8037109E+00  1.6911650E+03  1.6911650E+03  2.5080815E+03  1.6744512E+03 -8.1580927E+02  0.0000000E+00
             2    3.8300000E+02  2.0806938E+03  8.8061523E+00  1.6911650E+03  1.6911650E+03  2.5115671E+03  1.6709685E+03 -8.1929187E+02  0.0000000E+00
             2    3.8400000E+02  2.0806914E+03  8.8085938E+00  1.6911650E+03  1.6911650E+03  2.5150171E+03  1.6675217E+03 -8.2273877E+02  0.0000000E+00
             2    3.8500000E+02  2.0806890E+03  8.8110352E+00  1.6911650E+03  1.6911650E+03  2.5184583E+03  1.6640835E+03 -8.2617688E+02  0.0000000E+00
             2    3.8600000E+02  2.0806865E+03  8.8134766E+00  1.6911650E+03  1.6911650E+03  2.5218081E+03  1.6607368E+03 -8.2952362E+02  0.0000000E+00
             2    3.8700000E+02  2.0806841E+03  8.8159180E+00  1.6911650E+03  1.6911650E+03  2.5251692E+03  1.6573789E+03 -8.3288153E+02  0.0000000E+00
             2    3.8800000E+02  2.0806816E+03  8.8183594E+00  1.6911650E+03  1.6911650E+03  2.5285310E+03  1.6540201E+03 -8.3624030E+02  0.0000000E+00
             2    3.8900000E+02  2.0806792E+03  8.8208008E+00  1.6911650E+03  1.6911650E+03  2.5317617E+03  1.6507924E+03 -8.3946814E+02  0.0000000E+00
             2    3.9000000E+02  2.0806768E+03  8.8232422E+00  1.6911650E+03  1.6911650E+03  2.5350022E+03  1.6475551E+03 -8.4270532E+02  0.0000000E+00
             2    3.9100000E+02  2.0806743E+03  8.8256836E+00  1.6911650E+03  1.6911650E+03  2.5382515E+03  1.6443088E+03 -8.4595160E+02  0.0000000E+00
             2    3.9200000E+02  2.0806719E+03  8.8281250E+00  1.6911650E+03  1.6911650E+03  2.5414849E+03  1.6410785E+03 -8.4918188E+02  0.0000000E+00
             2    3.9300000E+02  2.0806694E+03  8.8305664E+00  1.6911650E+03  1.6911650E+03  2.5445779E+03  1.6379886E+03 -8.5227179E+02  0.0000000E+00
             2    3.9400000E+02  2.0806670E+03  8.8330078E+00  1.6911650E+03  1.6911650E+03  2.5476804E+03  1.6348892E+03 -8.5537128E+02  0.0000000E+00
             2    3.9500000E+02  2.0806648E+03  8.8352051E+00  1.6911650E+03  1.6911650E+03  2.5507905E+03  1.6317821E+03 -8.5847827E+02  0.0000000E+00
             2    3.9600000E+02  2.0806624E+03  8.8376465E+00  1.6911650E+03  1.6911650E+03  2.5539065E+03  1.6286692E+03 -8.6159125E+02  0.0000000E+00
             2    3.9700000E+02  2.0806599E+03  8.8400879E+00  1.6911650E+03  1.6911650E+03  2.5569670E+03  1.6256116E+03 -8.6464886E+02  0.0000000E+00
             2    3.9800000E+02  2.0806575E+03  8.8425293E+00  1.6911650E+03  1.6911650E+03  2.5599021E+03  1.6226798E+03 -8.6758063E+02  0.0000000E+00
             2    3.9900000E+02  2.0806550E+03  8.8449707E+00  1.6911650E+03  1.6911650E+03  2.5628459E+03  1.6197389E+03 -8.7052155E+02  0.0000000E+00
             2    4.0000000E+02  2.0806526E+03  8.8474121E+00  1.6911650E+03  1.6911650E+03  2.5657988E+03  1.6167891E+03 -8.7347144E+02  0.0000000E+00
             2    4.0100000E+02  2.0806504E+03  8.8496094E+00  1.6911650E+03  1.6911650E+03  2.5687605E+03  1.6138306E+03 -8.7642993E+02  0.0000000E+00
             2    4.0200000E+02  2.0806479E+03  8.8520508E+00  1.6911650E+03  1.6911650E+03  2.5717305E+03  1.6108636E+03 -8.7939679E+02  0.0000000E+00
             2    4.0300000E+02  2.0806458E+03  8.8542480E+00  1.6911650E+03  1.6911650E+03  2.5746069E+03  1.6079901E+03 -8.8227026E+02  0.0000000E+00
             2    4.0400000E+02  2.0806433E+03  8.8566895E+00  1.6911650E+03  1.6911650E+03  2.5773796E+03  1.6052205E+03 -8.8503992E+02  0.0000000E+00
             2    4.0500000E+02  2.0806409E+03  8.8591309E+00  1.6911650E+03  1.6911650E+03  2.5801621E+03  1.6024412E+03 -8.8781927E+02  0.0000000E+00
             2    4.0600000E+02  2.0806384E+03  8.8615723E+00  1.6911650E+03  1.6911650E+03  2.5829539E+03  1.5996525E+03 -8.9060791E+02  0.0000000E+00
             2    4.0700000E+02  2.0806362E+03  8.8637695E+00  1.6911650E+03  1.6911650E+03  2.5857544E+03  1.5968550E+03 -8.9340546E+02  0.0000000E+00
             2    4.0800000E+02  2.0806340E+03  8.8659668E+00  1.6911650E+03  1.6911650E+03  2.5885635E+03  1.5940492E+03 -8.9621130E+02  0.0000000E+00
             2    4.0900000E+02  2.0806316E+03  8.8684082E+00  1.6911650E+03  1.6911650E+03  2.5913794E+03  1.5912362E+03 -8.9902423E+02  0.0000000E+00
             2    4.1000000E+02  2.0806294E+03  8.8706055E+00  1.6911650E+03  1.6911650E+03  2.5940940E+03  1.5885248E+03 -9.0173566E+02  0.0000000E+00
             2    4.1100000E+02  2.0806272E+03  8.8728027E+00  1.7007340E+03  1.7007340E+03  2.5967029E+03  1.5954877E+03 -8.9477271E+02  0.0000000E+00
             2    4.1200000E+02  2.0806248E+03  8.8752441E+00  1.7151750E+03  1.7151750E+03  2.5993245E+03  1.6073096E+03 -8.8295087E+02  0.0000000E+00
             2    4.1300000E+02  2.0806226E+03  8.8774414E+00  1.7296160E+03  1.7296160E+03  2.6019573E+03  1.6191200E+03 -8.7114044E+02  0.0000000E+00
             2    4.1400000E+02  2.0806204E+03  8.8796387E+00  1.7625055E+03  1.7625055E+03  2.6046028E+03  1.6493661E+03 -8.4089435E+02  0.0000000E+00
             2    4.1500000E+02  2.0806184E+03  8.8815918E+00  1.7953950E+03  1.7953950E+03  2.6072578E+03  1.6796024E+03 -8.1065802E+02  0.0000000E+00
             2    4.1600000E+02  2.0806162E+03  8.8837891E+00  1.8171885E+03  1.8171885E+03  2.6099216E+03  1.6987307E+03 -7.9152979E+02  0.0000000E+00
             2    4.1700000E+02  2.0806143E+03  8.8857422E+00  1.8389819E+03  1.8389819E+03  2.6125945E+03  1.7178522E+03 -7.7240820E+02  0.0000000E+00
             2    4.1800000E+02  2.0806121E+03  8.8879395E+00  1.8607755E+03  1.8607755E+03  2.6152356E+03  1.7370059E+03 -7.5325464E+02  0.0000000E+00
             2    4.1900000E+02  2.0806099E+03  8.8901367E+00  1.8936649E+03  1.8936649E+03  2.6176873E+03  1.7674447E+03 -7.2281567E+02  0.0000000E+00
             2    4.2000000E+02  2.0806079E+03  8.8920898E+00  1.9432999E+03  1.9432999E+03  2.6201594E+03  1.8146085E+03 -6.7565192E+02  0.0000000E+00
             2    4.2100000E+02  2.0806060E+03  8.8940430E+00  1.9929348E+03  1.9929348E+03  2.6226462E+03  1.8617579E+03 -6.2850256E+02  0.0000000E+00
             2    4.2200000E+02  2.0806040E+03  8.8959961E+00  2.0425697E+03  2.0425697E+03  2.6251458E+03  1.9088939E+03 -5.8136652E+02  0.0000000E+00
             2    4.2300000E+02  2.0806021E+03  8.8979492E+00  2.0922046E+03  2.0922046E+03  2.6276567E+03  1.9560186E+03 -5.3424188E+02  0.0000000E+00
             2    4.2400000E+02  2.0806001E+03  8.8999023E+00  2.1418396E+03  2.1418396E+03  2.6301777E+03  2.0031332E+03 -4.8712732E+02  0.0000000E+00
             2    4.2500000E+02  2.0805984E+03  8.9016113E+00  2.1747290E+03  2.1747290E+03  2.6327073E+03  2.0334893E+03 -4.5677112E+02  0.0000000E+00
             2    4.2600000E+02  2.0805967E+03  8.9033203E+00  2.2076184E+03  2.2076184E+03  2.6352437E+03  2.0638411E+03 -4.2641940E+02  0.0000000E+00
             2    4.2700000E+02  2.0805950E+03  8.9050293E+00  2.2405081E+03  2.2405081E+03  2.6377859E+03  2.0941868E+03 -3.9607376E+02  0.0000000E+00
             2    4.2800000E+02  2.0805930E+03  8.9069824E+00  2.2733975E+03  2.2733975E+03  2.6402437E+03  2.1246167E+03 -3.6564374E+02  0.0000000E+00
             2    4.2900000E+02  2.0805911E+03  8.9089355E+00  2.3062869E+03  2.3062869E+03  2.6425444E+03  2.1552056E+03 -3.3505496E+02  0.0000000E+00
             2    4.3000000E+02  2.0805894E+03  8.9106445E+00  2.3391765E+03  2.3391765E+03  2.6448518E+03  2.1857876E+03 -3.0447293E+02  0.0000000E+00
             2    4.3100000E+02  2.0805874E+03  8.9125977E+00  2.3609700E+03  2.3609700E+03  2.6471658E+03  2.2052642E+03 -2.8499628E+02  0.0000000E+00
             2    4.3200000E+02  2.0805857E+03  8.9143066E+00  2.3827634E+03  2.3827634E+03  2.6494851E+03  2.2247371E+03 -2.6552335E+02  0.0000000E+00
             2    4.3300000E+02  2.0805837E+03  8.9162598E+00  2.4045569E+03  2.4045569E+03  2.6518098E+03  2.2442048E+03 -2.4605571E+02  0.0000000E+00
             2    4.3400000E+02  2.0805820E+03  8.9179688E+00  2.4374463E+03  2.4374463E+03  2.6541396E+03  2.2747632E+03 -2.1549730E+02  0.0000000E+00
             2    4.3500000E+02  2.0805803E+03  8.9196777E+00  2.4703359E+03  2.4703359E+03  2.6564783E+03  2.3053127E+03 -1.8494763E+02  0.0000000E+00
             2    4.3600000E+02  2.0805786E+03  8.9213867E+00  2.5032253E+03  2.5032253E+03  2.6588362E+03  2.3358433E+03 -1.5441711E+02  0.0000000E+00
             2    4.3700000E+02  2.0805771E+03  8.9228516E+00  2.5361147E+03  2.5361147E+03  2.6612200E+03  2.3663477E+03 -1.2391280E+02  0.0000000E+00
             2    4.3800000E+02  2.0805757E+03  8.9243164E+00  2.5690044E+03  2.5690044E+03  2.6636365E+03  2.3968193E+03 -9.3441002E+01  0.0000000E+00
             2    4.3900000E+02  2.0805745E+03  8.9255371E+00  2.6018938E+03  2.6018938E+03  2.6660913E+03  2.4272527E+03 -6.3007717E+01  0.0000000E+00
             2    4.4000000E+02  2.0805732E+03  8.9267578E+00  2.6236873E+03  2.6236873E+03  2.6683855E+03  2.4467478E+03 -4.3512726E+01  0.0000000E+00
             2    4.4100000E+02  2.0805720E+03  8.9279785E+00  2.6454807E+03  2.6454807E+03  2.6706550E+03  2.4662695E+03 -2.3990993E+01  0.0000000E+00
             2    4.4200000E+02  2.0805713E+03  8.9287109E+00  2.6672742E+03  2.6672742E+03  2.6729617E+03  2.4857551E+03 -4.5053840E+00  0.0000000E+00
             2    4.4300000E+02  2.0805703E+03  8.9296875E+00  2.6890679E+03  2.6890679E+03  2.6753018E+03  2.5052070E+03  1.4946703E+01  0.0000000E+00
             2    4.4400000E+02  2.0805698E+03  8.9301758E+00  2.7108613E+03  2.7108613E+03  2.6776724E+03  2.5246289E+03  3.4368401E+01  0.0000000E+00
             2    4.4500000E+02  2.0805693E+03  8.9306641E+00  2.7326548E+03  2.7326548E+03  2.6800725E+03  2.5440208E+03  5.3760303E+01  0.0000000E+00
             2    4.4600000E+02  2.0805688E+03  8.9311523E+00  2.7822898E+03  2.7822898E+03  2.6825247E+03  2.5912021E+03  1.0094175E+02  0.0000000E+00
             2    4.4700000E+02  2.0805688E+03  8.9311523E+00  2.8319246E+03  2.8319246E+03  2.6850171E+03  2.6383433E+03  1.4808284E+02  0.0000000E+00
             2    4.4800000E+02  2.0805688E+03  8.9311523E+00  2.8815596E+03  2.8815596E+03  2.6875449E+03  2.6854490E+03  1.9518845E+02  0.0000000E+00
             2    4.4900000E+02  2.0805691E+03  8.9309082E+00  2.9311943E+03  2.9311943E+03  2.6901047E+03  2.7325227E+03  2.4226233E+02  0.0000000E+00
             2    4.5000000E+02  2.0805693E+03  8.9306641E+00  2.9808293E+03  2.9808293E+03  2.6926912E+03  2.7795698E+03  2.8930936E+02  0.0000000E+00
             2    4.5100000E+02  2.0805698E+03  8.9301758E+00  3.0304641E+03  3.0304641E+03  2.6952996E+03  2.8265950E+03  3.3633447E+02  0.0000000E+00
             2    4.5200000E+02  2.0805703E+03  8.9296875E+00  3.0633538E+03  3.0633538E+03  2.6979250E+03  2.8568533E+03  3.6659277E+02  0.0000000E+00
             2    4.5300000E+02  2.0805708E+03  8.9291992E+00  3.0962432E+03  3.0962432E+03  2.7004473E+03  2.8872173E+03  3.9695691E+02  0.0000000E+00
             2    4.5400000E+02  2.0805713E+03  8.9287109E+00  3.1291326E+03  3.1291326E+03  2.7028547E+03  2.9176960E+03  4.2743567E+02  0.0000000E+00
             2    4.5500000E+02  2.0805720E+03  8.9279785E+00  3.1620222E+03  3.1620222E+03  2.7053196E+03  2.9481174E+03  4.5785709E+02  0.0000000E+00
             2    4.5600000E+02  2.0805732E+03  8.9267578E+00  3.1949116E+03  3.1949116E+03  2.7078521E+03  2.9784724E+03  4.8821201E+02  0.0000000E+00
             2    4.5700000E+02  2.0805747E+03  8.9252930E+00  3.2278010E+03  3.2278010E+03  2.7104546E+03  3.0087573E+03  5.1849695E+02  0.0000000E+00
             2    4.5800000E+02  2.0805764E+03  8.9235840E+00  3.2495947E+03  3.2495947E+03  2.7131262E+03  3.0278743E+03  5.3761377E+02  0.0000000E+00
             2    4.5900000E+02  2.0805784E+03  8.9216309E+00  3.2713882E+03  3.2713882E+03  2.7158674E+03  3.0469233E+03  5.5666284E+02  0.0000000E+00
             2    4.6000000E+02  2.0805811E+03  8.9189453E+00  3.2931816E+03  3.2931816E+03  2.7187087E+03  3.0658723E+03  5.7561182E+02  0.0000000E+00
             2    4.6100000E+02  2.0805845E+03  8.9155273E+00  3.3149751E+03  3.3149751E+03  2.7217468E+03  3.0846248E+03  5.9436420E+02  0.0000000E+00
             2    4.6200000E+02  2.0805886E+03  8.9113770E+00  3.3367686E+03  3.3367686E+03  2.7249426E+03  3.1032190E+03  6.1295868E+02  0.0000000E+00
             2    4.6300000E+02  2.0805935E+03  8.9064941E+00  3.3585620E+03  3.3585620E+03  2.7283135E+03  3.1216387E+03  6.3137817E+02  0.0000000E+00
             2    4.6400000E+02  2.0806003E+03  8.8996582E+00  3.3803555E+03  3.3803555E+03  2.7321138E+03  3.1396287E+03  6.4936816E+02  0.0000000E+00
             2    4.6500000E+02  2.0806091E+03  8.8908691E+00  3.3947966E+03  3.3947966E+03  2.7362932E+03  3.1498848E+03  6.5962439E+02  0.0000000E+00
             2    4.6600000E+02  2.0806189E+03  8.8811035E+00  3.4092375E+03  3.4092375E+03  2.7407412E+03  3.1598738E+03  6.6961334E+02  0.0000000E+00
             2    4.6700000E+02  2.0806296E+03  8.8703613E+00  3.4236785E+03  3.4236785E+03  2.7453206E+03  3.1697327E+03  6.7947229E+02  0.0000000E+00
             2    4.6800000E+02  2.0806404E+03  8.8596191E+00  3.4381196E+03  3.4381196E+03  2.7497161E+03  3.1797764E+03  6.8951587E+02  0.0000000E+00
             2    4.6900000E+02  2.0806516E+03  8.8483887E+00  3.4525605E+03  3.4525605E+03  2.7541714E+03  3.1897598E+03  6.9949945E+02  0.0000000E+00
             2    4.7000000E+02  2.0806638E+03  8.8361816E+00  3.4670015E+03  3.4670015E+03  2.7587976E+03  3.1995723E+03  7.0931195E+02  0.0000000E+00
             2    4.7100000E+02  2.0806763E+03  8.8237305E+00  3.4814424E+03  3.4814424E+03  2.7635591E+03  3.2092498E+03  7.1898944E+02  0.0000000E+00
             2    4.7200000E+02  2.0806895E+03  8.8105469E+00  3.4910115E+03  3.4910115E+03  2.7683875E+03  3.2139871E+03  7.2372650E+02  0.0000000E+00
             2    4.7300000E+02  2.0807024E+03  8.7976074E+00  3.5005806E+03  3.5005806E+03  2.7732275E+03  3.2187131E+03  7.2845270E+02  0.0000000E+00
             2    4.7400000E+02  2.0807153E+03  8.7846680E+00  3.5101494E+03  3.5101494E+03  2.7780366E+03  3.2234707E+03  7.3321021E+02  0.0000000E+00
             2    4.7500000E+02  2.0807278E+03  8.7722168E+00  3.5197185E+03  3.5197185E+03  2.7827717E+03  3.2283020E+03  7.3804150E+02  0.0000000E+00
             2    4.7600000E+02  2.0807397E+03  8.7602539E+00  3.5292874E+03  3.5292874E+03  2.7874084E+03  3.2332317E+03  7.4297119E+02  0.0000000E+00
             2    4.7700000E+02  2.0807515E+03  8.7485352E+00  3.5388564E+03  3.5388564E+03  2.7919407E+03  3.2382656E+03  7.4800525E+02  0.0000000E+00
             2    4.7800000E+02  2.0807625E+03  8.7375488E+00  3.5484255E+03  3.5484255E+03  2.7963704E+03  3.2434026E+03  7.5314209E+02  0.0000000E+00
             2    4.7900000E+02  2.0807732E+03  8.7268066E+00  3.5579944E+03  3.5579944E+03  2.8007004E+03  3.2486389E+03  7.5837848E+02  0.0000000E+00
             2    4.8000000E+02  2.0807832E+03  8.7167969E+00  3.5675635E+03  3.5675635E+03  2.8049341E+03  3.2539717E+03  7.6371112E+02  0.0000000E+00
             2    4.8100000E+02  2.0807930E+03  8.7070312E+00  3.5739041E+03  3.5739041E+03  2.8090798E+03  3.2561628E+03  7.6590253E+02  0.0000000E+00
             2    4.8200000E+02  2.0808335E+03  8.6665039E+00  3.5802449E+03  3.5802449E+03  2.8539910E+03  3.2175896E+03  7.2732922E+02  0.0000000E+00
             2    4.8300000E+02  2.0808762E+03  8.6237793E+00  3.5865854E+03  3.5865854E+03  2.9050542E+03  3.1728643E+03  6.8260376E+02  0.0000000E+00
             2    4.8400000E+02  2.0809160E+03  8.5839844E+00  3.5929263E+03  3.5929263E+03  2.9548513E+03  3.1294048E+03  6.3914435E+02  0.0000000E+00
             2    4.8500000E+02  2.0809526E+03  8.5473633E+00  3.5992668E+03  3.5992668E+03  3.0032993E+03  3.0872949E+03  5.9703448E+02  0.0000000E+00
             2    4.8600000E+02  2.0809854E+03  8.5146484E+00  3.6056077E+03  3.6056077E+03  3.0485015E+03  3.0484316E+03  5.5817126E+02  0.0000000E+00
             2    4.8700000E+02  2.0810137E+03  8.4863281E+00  3.6119482E+03  3.6119482E+03  3.0902161E+03  3.0130559E+03  5.2279553E+02  0.0000000E+00
             2    4.8800000E+02  2.0810383E+03  8.4616699E+00  3.6182891E+03  3.6182891E+03  3.1289717E+03  2.9806394E+03  4.9037909E+02  0.0000000E+00
             2    4.8900000E+02  2.0810598E+03  8.4401855E+00  3.6224905E+03  3.6224905E+03  3.1648364E+03  2.9489736E+03  4.5871332E+02  0.0000000E+00
             2    4.9000000E+02  2.0810786E+03  8.4213867E+00  3.6266919E+03  3.6266919E+03  3.1984014E+03  2.9196084E+03  4.2934787E+02  0.0000000E+00
             2    4.9100000E+02  2.0810952E+03  8.4047852E+00  3.6308936E+03  3.6308936E+03  3.2299097E+03  2.8922998E+03  4.0203931E+02  0.0000000E+00
             2    4.9200000E+02  2.0811099E+03  8.3901367E+00  3.6350950E+03  3.6350950E+03  3.2596438E+03  2.8667651E+03  3.7650473E+02  0.0000000E+00
             2    4.9300000E+02  2.0811228E+03  8.3771973E+00  3.6392966E+03  3.6392966E+03  3.2876814E+03  2.8429272E+03  3.5266672E+02  0.0000000E+00
             2    4.9400000E+02  2.0811340E+03  8.3659668E+00  3.6434980E+03  3.6434980E+03  3.3139565E+03  2.8208516E+03  3.3059116E+02  0.0000000E+00
             2    4.9500000E+02  2.0811445E+03  8.3554688E+00  3.6476995E+03  3.6476995E+03  3.3398350E+03  2.7991729E+03  3.0891235E+02  0.0000000E+00
             2    4.9600000E+02  2.0811548E+03  8.3452148E+00  3.6519011E+03  3.6519011E+03  3.3655564E+03  2.7776509E+03  2.8739035E+02  0.0000000E+00
             2    4.9700000E+02  2.0811646E+03  8.3354492E+00  3.6561025E+03  3.6561025E+03  3.3911145E+03  2.7562922E+03  2.6603186E+02  0.0000000E+00
             2    4.9800000E+02  2.0811741E+03  8.3259277E+00  3.6603042E+03  3.6603042E+03  3.4165034E+03  2.7351030E+03  2.4484264E+02  0.0000000E+00
             2    4.9900000E+02  2.0811829E+03  8.3171387E+00  3.6630881E+03  3.6630881E+03  3.4417183E+03  2.7126697E+03  2.2240930E+02  0.0000000E+00
             2    5.0000000E+02  2.0811914E+03  8.3085938E+00  3.6658723E+03  3.6658723E+03  3.4667581E+03  2.6904121E+03  2.0015157E+02  0.0000000E+00
             2    5.0100000E+02  2.0811992E+03  8.3007812E+00  3.6686562E+03  3.6686562E+03  3.4915117E+03  2.6684404E+03  1.7818008E+02  0.0000000E+00
