 "UNSATURATED MASS BALANCE COMPONENTS FOR ENTIRE MODEL "
 "DATA:            TIME   APPLIED-INFIL.          RUNOFF   ACTUAL-INFIL.   SURFACE-LEAK.           UZ-ET           GW-ET   UZSTOR-CHANGE        RECHARGE "

          1.0000000E+00    4.3307176E+04   0.0000000E+00   2.3513411E+04   1.2094059E+04   0.0000000E+00   0.0000000E+00   0.0000000E+00   2.3513411E+04
          2.0000000E+00    0.0000000E+00   0.0000000E+00   0.0000000E+00   1.1886996E+04   0.0000000E+00   0.0000000E+00  -2.1098801E+04   2.1134081E+04
          3.0000000E+00    0.0000000E+00   0.0000000E+00   0.0000000E+00   1.1865468E+04   0.0000000E+00   0.0000000E+00  -2.1017998E+04   2.1053114E+04
          4.0000000E+00    0.0000000E+00   0.0000000E+00   0.0000000E+00   1.1830990E+04   0.0000000E+00   0.0000000E+00  -2.0926469E+04   2.0961388E+04
          5.0000000E+00    0.0000000E+00   0.0000000E+00   0.0000000E+00   1.1856310E+04   0.0000000E+00   0.0000000E+00  -2.0838649E+04   2.0873372E+04
          6.0000000E+00    9.1645098E+00   0.0000000E+00   0.0000000E+00   1.1778108E+04   0.0000000E+00   0.0000000E+00  -2.0737011E+04   2.0771530E+04
          7.0000000E+00    2.8336353E+01   0.0000000E+00   0.0000000E+00   1.1825405E+04   0.0000000E+00   0.0000000E+00  -2.0657743E+04   2.0692077E+04
          8.0000000E+00    6.9193352E+01   0.0000000E+00   0.0000000E+00   1.1746591E+04   0.0000000E+00   0.0000000E+00  -2.0550949E+04   2.0585045E+04
          9.0000000E+00    1.1247561E+02   0.0000000E+00   0.0000000E+00   1.1795084E+04   0.0000000E+00   0.0000000E+00  -2.0468528E+04   2.0502444E+04
          1.0000000E+01    1.5392068E+02   0.0000000E+00   0.0000000E+00   1.1717203E+04   0.0000000E+00   0.0000000E+00  -2.0366891E+04   2.0400630E+04
          1.1000000E+01    1.9577875E+02   0.0000000E+00   0.0000000E+00   1.1766488E+04   0.0000000E+00   0.0000000E+00  -2.0293446E+04   2.0326983E+04
          1.2000000E+01    2.3514040E+02   0.0000000E+00   0.0000000E+00   1.1689244E+04   0.0000000E+00   0.0000000E+00  -2.0186513E+04   2.0219808E+04
          1.3000000E+01    3.4384686E+02   0.0000000E+00   1.4440981E+01   1.1744632E+04   0.0000000E+00   0.0000000E+00  -2.0102385E+04   2.0149936E+04
          1.4000000E+01    4.2076593E+02   0.0000000E+00   2.1793493E+01   1.1666553E+04   0.0000000E+00   0.0000000E+00  -1.9985647E+04   2.0040320E+04
          1.5000000E+01    5.0055768E+02   0.0000000E+00   3.2889484E+01   1.1717830E+04   0.0000000E+00   0.0000000E+00  -1.9897515E+04   1.9963036E+04
          1.6000000E+01    5.8951837E+02   0.0000000E+00   4.9652170E+01   1.1641945E+04   0.0000000E+00   0.0000000E+00  -1.9773601E+04   1.9855691E+04
          1.7000000E+01    6.7866394E+02   0.0000000E+00   4.9784614E+01   1.1693985E+04   0.0000000E+00   0.0000000E+00  -1.9697185E+04   1.9779217E+04
          1.8000000E+01    8.2500885E+02   0.0000000E+00   7.5645428E+01   1.1664226E+04   0.0000000E+00   0.0000000E+00  -1.9562655E+04   1.9670374E+04
          1.9000000E+01    1.0049703E+03   0.0000000E+00   7.8486089E+01   1.1656123E+04   0.0000000E+00   0.0000000E+00  -1.9549340E+04   1.9659705E+04
          2.0000000E+01    1.1537179E+03   0.0000000E+00   8.2108292E+01   1.1648401E+04   0.0000000E+00   0.0000000E+00  -1.9510480E+04   1.9624206E+04
          2.1000000E+01    1.2801377E+03   0.0000000E+00   8.5941662E+01   1.1641177E+04   0.0000000E+00   0.0000000E+00  -1.9412283E+04   1.9529578E+04
          2.2000000E+01    1.4155934E+03   0.0000000E+00   9.0316840E+01   1.1634347E+04   0.0000000E+00   0.0000000E+00  -1.9317179E+04   1.9438509E+04
          2.3000000E+01    1.5613958E+03   0.0000000E+00   9.5173124E+01   1.1627739E+04   0.0000000E+00   0.0000000E+00  -1.9205229E+04   1.9331181E+04
          2.4000000E+01    1.7149899E+03   0.0000000E+00   1.0037179E+02   1.1621414E+04   0.0000000E+00   0.0000000E+00  -1.9098350E+04   1.9229323E+04
          2.5000000E+01    1.8762195E+03   0.0000000E+00   1.0573113E+02   1.1615348E+04   0.0000000E+00   0.0000000E+00  -1.9005607E+04   1.9141710E+04
          2.6000000E+01    2.3423862E+03   0.0000000E+00   1.2190210E+02   1.1620965E+04   0.0000000E+00   0.0000000E+00  -1.8903168E+04   1.9055160E+04
          2.7000000E+01    2.6733818E+03   0.0000000E+00   1.4130173E+02   1.1622523E+04   0.0000000E+00   0.0000000E+00  -1.8789796E+04   1.8960950E+04
          2.8000000E+01    2.9626575E+03   0.0000000E+00   1.6360557E+02   1.1617403E+04   0.0000000E+00   0.0000000E+00  -1.8688067E+04   1.8881298E+04
          2.9000000E+01    3.2115408E+03   0.0000000E+00   1.8525573E+02   1.1613314E+04   0.0000000E+00   0.0000000E+00  -1.8579033E+04   1.8793727E+04
          3.0000000E+01    3.4559717E+03   0.0000000E+00   2.0377102E+02   1.1609029E+04   0.0000000E+00   0.0000000E+00  -1.8472995E+04   1.8706018E+04
          3.1000000E+01    3.7030366E+03   0.0000000E+00   2.3300975E+02   1.1605203E+04   0.0000000E+00   0.0000000E+00  -1.8368347E+04   1.8630496E+04
          3.2000000E+01    3.9530256E+03   0.0000000E+00   2.5734044E+02   1.1602145E+04   0.0000000E+00   0.0000000E+00  -1.8283327E+04   1.8569682E+04
          3.3000000E+01    4.2090054E+03   0.0000000E+00   2.8080792E+02   1.1599160E+04   0.0000000E+00   0.0000000E+00  -1.8198672E+04   1.8508346E+04
          3.4000000E+01    4.4709902E+03   0.0000000E+00   3.0899833E+02   1.1596132E+04   0.0000000E+00   0.0000000E+00  -1.8101667E+04   1.8439395E+04
          3.5000000E+01    4.7732383E+03   0.0000000E+00   3.7268179E+02   1.1593487E+04   0.0000000E+00   0.0000000E+00  -1.7992590E+04   1.8393732E+04
          3.6000000E+01    5.0364922E+03   0.0000000E+00   3.9995799E+02   1.1590804E+04   0.0000000E+00   0.0000000E+00  -1.7893735E+04   1.8321944E+04
          3.7000000E+01    5.2937998E+03   0.0000000E+00   4.2432847E+02   1.1588423E+04   0.0000000E+00   0.0000000E+00  -1.7826011E+04   1.8278375E+04
          3.8000000E+01    5.5502798E+03   0.0000000E+00   4.4961862E+02   1.1585929E+04   0.0000000E+00   0.0000000E+00  -1.7727488E+04   1.8204990E+04
          3.9000000E+01    6.1296460E+03   0.0000000E+00   5.0941692E+02   1.1599473E+04   0.0000000E+00   0.0000000E+00  -1.7655301E+04   1.8192433E+04
          4.0000000E+01    7.1396553E+03   0.0000000E+00   6.3985574E+02   1.1628867E+04   0.0000000E+00   0.0000000E+00  -1.7548892E+04   1.8216267E+04
          4.1000000E+01    7.3453511E+03   0.0000000E+00   6.7350379E+02   1.1619400E+04   0.0000000E+00   0.0000000E+00  -1.7447446E+04   1.8148177E+04
          4.2000000E+01    7.5788252E+03   0.0000000E+00   7.1388479E+02   1.1620576E+04   0.0000000E+00   0.0000000E+00  -1.7359248E+04   1.8100200E+04
          4.3000000E+01    8.9773916E+03   0.0000000E+00   9.0524421E+02   1.1678650E+04   0.0000000E+00   0.0000000E+00  -1.7313327E+04   1.8245440E+04
          4.4000000E+01    9.1265625E+03   0.0000000E+00   9.2629021E+02   1.1668754E+04   0.0000000E+00   0.0000000E+00  -1.7212998E+04   1.8165886E+04
          4.5000000E+01    9.3064033E+03   0.0000000E+00   9.6075133E+02   1.1671477E+04   0.0000000E+00   0.0000000E+00  -1.7098367E+04   1.8085555E+04
          4.6000000E+01    9.4731006E+03   0.0000000E+00   9.8313393E+02   1.1672388E+04   0.0000000E+00   0.0000000E+00  -1.7023891E+04   1.8033264E+04
          4.7000000E+01    9.6691309E+03   0.0000000E+00   1.0374601E+03   1.1673326E+04   0.0000000E+00   0.0000000E+00  -1.6898155E+04   1.7961640E+04
          4.8000000E+01    9.8602139E+03   0.0000000E+00   1.0889975E+03   1.1674334E+04   0.0000000E+00   0.0000000E+00  -1.6772891E+04   1.7887680E+04
          4.9000000E+01    1.0061018E+04   0.0000000E+00   1.1532414E+03   1.1675110E+04   0.0000000E+00   0.0000000E+00  -1.6639650E+04   1.7818576E+04
          5.0000000E+01    1.0252282E+04   0.0000000E+00   1.2052582E+03   1.1675838E+04   0.0000000E+00   0.0000000E+00  -1.6526016E+04   1.7756786E+04
          5.1000000E+01    1.0446089E+04   0.0000000E+00   1.2702173E+03   1.1676317E+04   0.0000000E+00   0.0000000E+00  -1.6411827E+04   1.7707341E+04
          5.2000000E+01    1.0598062E+04   0.0000000E+00   1.2972229E+03   1.1677820E+04   0.0000000E+00   0.0000000E+00  -1.6346380E+04   1.7668679E+04
          5.3000000E+01    1.0767625E+04   0.0000000E+00   1.3442918E+03   1.1679140E+04   0.0000000E+00   0.0000000E+00  -1.6295712E+04   1.7664818E+04
          5.4000000E+01    1.1103410E+04   0.0000000E+00   1.4163714E+03   1.1686809E+04   0.0000000E+00   0.0000000E+00  -1.6194936E+04   1.7635932E+04
          5.5000000E+01    1.1234968E+04   0.0000000E+00   1.4550729E+03   1.1682389E+04   0.0000000E+00   0.0000000E+00  -1.6074819E+04   1.7554292E+04
          5.6000000E+01    1.1406852E+04   0.0000000E+00   1.5202337E+03   1.1680364E+04   0.0000000E+00   0.0000000E+00  -1.5973263E+04   1.7517766E+04
          5.7000000E+01    1.1571393E+04   0.0000000E+00   1.5565631E+03   1.1678367E+04   0.0000000E+00   0.0000000E+00  -1.5883170E+04   1.7463854E+04
          5.8000000E+01    1.1935767E+04   0.0000000E+00   1.6508153E+03   1.1685294E+04   0.0000000E+00   0.0000000E+00  -1.5775804E+04   1.7450565E+04
          5.9000000E+01    1.2115089E+04   0.0000000E+00   1.7139924E+03   1.1685360E+04   0.0000000E+00   0.0000000E+00  -1.5644715E+04   1.7382488E+04
          6.0000000E+01    1.2246673E+04   0.0000000E+00   1.7380727E+03   1.1686002E+04   0.0000000E+00   0.0000000E+00  -1.5554929E+04   1.7316579E+04
          6.1000000E+01    1.2368649E+04   0.0000000E+00   1.7685209E+03   1.1688942E+04   0.0000000E+00   0.0000000E+00  -1.5505279E+04   1.7297184E+04
          6.2000000E+01    1.3744150E+04   0.0000000E+00   2.0245608E+03   1.1760253E+04   0.0000000E+00   0.0000000E+00  -1.5400408E+04   1.7448169E+04
          6.3000000E+01    1.4367354E+04   0.0000000E+00   2.1626739E+03   1.1771918E+04   0.0000000E+00   0.0000000E+00  -1.5270328E+04   1.7455987E+04
          6.4000000E+01    1.4832036E+04   0.0000000E+00   2.2806891E+03   1.1783518E+04   0.0000000E+00   0.0000000E+00  -1.5163534E+04   1.7467073E+04
          6.5000000E+01    1.4546313E+04   0.0000000E+00   2.2446322E+03   1.1770481E+04   0.0000000E+00   0.0000000E+00  -1.5068941E+04   1.7336327E+04
          6.6000000E+01    1.4569557E+04   0.0000000E+00   2.2637368E+03   1.1773372E+04   0.0000000E+00   0.0000000E+00  -1.4986112E+04   1.7272439E+04
          6.7000000E+01    1.4610142E+04   0.0000000E+00   2.2960957E+03   1.1775320E+04   0.0000000E+00   0.0000000E+00  -1.5048570E+04   1.7367026E+04
          6.8000000E+01    1.4672209E+04   0.0000000E+00   2.3454098E+03   1.1778801E+04   0.0000000E+00   0.0000000E+00  -1.4976494E+04   1.7344073E+04
          6.9000000E+01    1.4675616E+04   0.0000000E+00   2.3306907E+03   1.1783078E+04   0.0000000E+00   0.0000000E+00  -1.4906671E+04   1.7259344E+04
          7.0000000E+01    1.4732721E+04   0.0000000E+00   2.3723294E+03   1.1782440E+04   0.0000000E+00   0.0000000E+00  -1.4822893E+04   1.7217117E+04
          7.1000000E+01    1.4772699E+04   0.0000000E+00   2.3944042E+03   1.1782257E+04   0.0000000E+00   0.0000000E+00  -1.4711865E+04   1.7128016E+04
          7.2000000E+01    1.4814962E+04   0.0000000E+00   2.4166928E+03   1.1781924E+04   0.0000000E+00   0.0000000E+00  -1.4596381E+04   1.7034621E+04
          7.3000000E+01    1.4874640E+04   0.0000000E+00   2.4560580E+03   1.1780996E+04   0.0000000E+00   0.0000000E+00  -1.4495058E+04   1.6972464E+04
          7.4000000E+01    1.4917974E+04   0.0000000E+00   2.4766317E+03   1.1782086E+04   0.0000000E+00   0.0000000E+00  -1.4413145E+04   1.6910937E+04
          7.5000000E+01    1.5093867E+04   0.0000000E+00   2.5302675E+03   1.1793452E+04   0.0000000E+00   0.0000000E+00  -1.4296396E+04   1.6847723E+04
          7.6000000E+01    1.5412981E+04   0.0000000E+00   2.6028306E+03   1.1808851E+04   0.0000000E+00   0.0000000E+00  -1.4204076E+04   1.6827867E+04
          7.7000000E+01    1.6426553E+04   0.0000000E+00   2.9034931E+03   1.1852472E+04   0.0000000E+00   0.0000000E+00  -1.4031352E+04   1.6955618E+04
          7.8000000E+01    1.7651004E+04   0.0000000E+00   3.1911899E+03   1.1903428E+04   0.0000000E+00   0.0000000E+00  -1.4031524E+04   1.7243361E+04
          7.9000000E+01    1.9093141E+04   0.0000000E+00   3.5905317E+03   1.1962497E+04   0.0000000E+00   0.0000000E+00  -1.3845321E+04   1.7456354E+04
          8.0000000E+01    2.0140059E+04   0.0000000E+00   3.8924000E+03   1.2003703E+04   0.0000000E+00   0.0000000E+00  -1.3690880E+04   1.7603642E+04
          8.1000000E+01    2.1155285E+04   0.0000000E+00   4.2234697E+03   1.2042621E+04   0.0000000E+00   0.0000000E+00  -1.3478321E+04   1.7722040E+04
          8.2000000E+01    2.1786080E+04   0.0000000E+00   4.4321293E+03   1.2069599E+04   0.0000000E+00   0.0000000E+00  -1.3307585E+04   1.7759826E+04
          8.3000000E+01    2.1702051E+04   0.0000000E+00   4.4306868E+03   1.2076234E+04   0.0000000E+00   0.0000000E+00  -1.3177334E+04   1.7627996E+04
          8.4000000E+01    2.3806762E+04   0.0000000E+00   5.1560835E+03   1.2156878E+04   0.0000000E+00   0.0000000E+00  -1.2879284E+04   1.8055218E+04
          8.5000000E+01    2.3316225E+04   0.0000000E+00   5.0586452E+03   1.2131329E+04   0.0000000E+00   0.0000000E+00  -1.2869252E+04   1.7947576E+04
          8.6000000E+01    2.3666449E+04   0.0000000E+00   5.3098398E+03   1.2151988E+04   0.0000000E+00   0.0000000E+00  -1.2704469E+04   1.8033790E+04
          8.7000000E+01    2.4496799E+04   0.0000000E+00   5.7735586E+03   1.2173234E+04   0.0000000E+00   0.0000000E+00  -1.2423946E+04   1.8216773E+04
          8.8000000E+01    2.4743701E+04   0.0000000E+00   6.0349897E+03   1.2176718E+04   0.0000000E+00   0.0000000E+00  -1.2299898E+04   1.8353937E+04
          8.9000000E+01    2.4794793E+04   0.0000000E+00   6.3510831E+03   1.2164823E+04   0.0000000E+00   0.0000000E+00  -1.1923370E+04   1.8293290E+04
          9.0000000E+01    2.4207213E+04   0.0000000E+00   6.3347402E+03   1.2136274E+04   0.0000000E+00   0.0000000E+00  -1.1668324E+04   1.8021743E+04
          9.1000000E+01    2.3337812E+04   0.0000000E+00   6.1474048E+03   1.2107113E+04   0.0000000E+00   0.0000000E+00  -1.1845093E+04   1.8010989E+04
          9.2000000E+01    2.2524604E+04   0.0000000E+00   5.9622605E+03   1.2080572E+04   0.0000000E+00   0.0000000E+00  -1.1914727E+04   1.7895337E+04
          9.3000000E+01    2.1595988E+04   0.0000000E+00   5.6573591E+03   1.2054565E+04   0.0000000E+00   0.0000000E+00  -1.1975342E+04   1.7650836E+04
          9.4000000E+01    2.0701576E+04   0.0000000E+00   5.3099888E+03   1.2033152E+04   0.0000000E+00   0.0000000E+00  -1.2108609E+04   1.7436552E+04
          9.5000000E+01    2.0641924E+04   0.0000000E+00   5.3186528E+03   1.2034960E+04   0.0000000E+00   0.0000000E+00  -1.2021882E+04   1.7358217E+04
          9.6000000E+01    2.0963361E+04   0.0000000E+00   5.5700168E+03   1.2039804E+04   0.0000000E+00   0.0000000E+00  -1.1800985E+04   1.7388450E+04
          9.7000000E+01    2.1819635E+04   0.0000000E+00   5.8293073E+03   1.2089823E+04   0.0000000E+00   0.0000000E+00  -1.1779115E+04   1.7625687E+04
          9.8000000E+01    2.1688568E+04   0.0000000E+00   5.7368234E+03   1.2083786E+04   0.0000000E+00   0.0000000E+00  -1.1863883E+04   1.7617774E+04
          9.9000000E+01    2.1656041E+04   0.0000000E+00   5.7156500E+03   1.2087246E+04   0.0000000E+00   0.0000000E+00  -1.1823972E+04   1.7556515E+04
          1.0000000E+02    2.1997031E+04   0.0000000E+00   5.8664112E+03   1.2102937E+04   0.0000000E+00   0.0000000E+00  -1.1599157E+04   1.7482310E+04
          1.0100000E+02    2.2489361E+04   0.0000000E+00   6.1310139E+03   1.2118931E+04   0.0000000E+00   0.0000000E+00  -1.1400927E+04   1.7548520E+04
          1.0200000E+02    2.3089732E+04   0.0000000E+00   6.5016026E+03   1.2134813E+04   0.0000000E+00   0.0000000E+00  -1.1011096E+04   1.7529129E+04
          1.0300000E+02    2.3362143E+04   0.0000000E+00   6.6898320E+03   1.2141629E+04   0.0000000E+00   0.0000000E+00  -1.0781818E+04   1.7487952E+04
          1.0400000E+02    2.3395418E+04   0.0000000E+00   6.7378809E+03   1.2143436E+04   0.0000000E+00   0.0000000E+00  -1.0737960E+04   1.7491839E+04
          1.0500000E+02    2.3621408E+04   0.0000000E+00   6.9280620E+03   1.2147680E+04   0.0000000E+00   0.0000000E+00  -1.0536982E+04   1.7480892E+04
          1.0600000E+02    2.4511939E+04   0.0000000E+00   7.5945228E+03   1.2161309E+04   0.0000000E+00   0.0000000E+00  -9.9202346E+03   1.7530374E+04
          1.0700000E+02    2.4854791E+04   0.0000000E+00   7.8891466E+03   1.2163945E+04   0.0000000E+00   0.0000000E+00  -9.5968457E+03   1.7501369E+04
          1.0800000E+02    2.5470592E+04   0.0000000E+00   8.3904584E+03   1.2169592E+04   0.0000000E+00   0.0000000E+00  -9.0969409E+03   1.7502586E+04
          1.0900000E+02    2.6222457E+04   0.0000000E+00   8.9587747E+03   1.2184046E+04   0.0000000E+00   0.0000000E+00  -8.5058111E+03   1.7479602E+04
          1.1000000E+02    2.6935844E+04   0.0000000E+00   9.4302387E+03   1.2201362E+04   0.0000000E+00   0.0000000E+00  -8.0238883E+03   1.7468944E+04
          1.1100000E+02    2.7386793E+04   0.0000000E+00   9.8767942E+03   1.2199595E+04   0.0000000E+00   0.0000000E+00  -7.4757693E+03   1.7367128E+04
          1.1200000E+02    2.8134498E+04   0.0000000E+00   1.0464380E+04   1.2209700E+04   0.0000000E+00   0.0000000E+00  -6.8064160E+03   1.7285117E+04
          1.1300000E+02    2.8959348E+04   0.0000000E+00   1.1112880E+04   1.2222173E+04   0.0000000E+00   0.0000000E+00  -6.0896089E+03   1.7216503E+04
          1.1400000E+02    2.9595445E+04   0.0000000E+00   1.1723331E+04   1.2224966E+04   0.0000000E+00   0.0000000E+00  -5.4442710E+03   1.7181322E+04
          1.1500000E+02    3.0762859E+04   0.0000000E+00   1.2748040E+04   1.2232775E+04   0.0000000E+00   0.0000000E+00  -4.4474113E+03   1.7208903E+04
          1.1600000E+02    3.4945250E+04   0.0000000E+00   1.5566462E+04   1.2319593E+04   0.0000000E+00   0.0000000E+00  -1.9954057E+03   1.7575006E+04
          1.1700000E+02    3.4103988E+04   0.0000000E+00   1.4984226E+04   1.2296930E+04   0.0000000E+00   0.0000000E+00  -2.4673005E+03   1.7464224E+04
          1.1800000E+02    3.3494773E+04   0.0000000E+00   1.4565863E+04   1.2295099E+04   0.0000000E+00   0.0000000E+00  -2.8911276E+03   1.7469418E+04
          1.1900000E+02    3.3064297E+04   0.0000000E+00   1.4165149E+04   1.2304602E+04   0.0000000E+00   0.0000000E+00  -3.1807171E+03   1.7358051E+04
          1.2000000E+02    3.2456275E+04   0.0000000E+00   1.3691159E+04   1.2310476E+04   0.0000000E+00   0.0000000E+00  -3.6675491E+03   1.7370643E+04
          1.2100000E+02    3.1911143E+04   0.0000000E+00   1.3293512E+04   1.2311914E+04   0.0000000E+00   0.0000000E+00  -3.9490112E+03   1.7254208E+04
          1.2200000E+02    3.1370002E+04   0.0000000E+00   1.2920898E+04   1.2306694E+04   0.0000000E+00   0.0000000E+00  -4.2220161E+03   1.7154373E+04
          1.2300000E+02    3.0816348E+04   0.0000000E+00   1.2531264E+04   1.2301568E+04   0.0000000E+00   0.0000000E+00  -4.5538794E+03   1.7096296E+04
          1.2400000E+02    3.0267613E+04   0.0000000E+00   1.2136222E+04   1.2296722E+04   0.0000000E+00   0.0000000E+00  -4.9259112E+03   1.7072985E+04
          1.2500000E+02    2.9763301E+04   0.0000000E+00   1.1779676E+04   1.2292582E+04   0.0000000E+00   0.0000000E+00  -5.2359378E+03   1.7026251E+04
          1.2600000E+02    2.9313033E+04   0.0000000E+00   1.1471941E+04   1.2287348E+04   0.0000000E+00   0.0000000E+00  -5.5414957E+03   1.7023898E+04
          1.2700000E+02    2.8908131E+04   0.0000000E+00   1.1203352E+04   1.2282024E+04   0.0000000E+00   0.0000000E+00  -5.6499490E+03   1.6863608E+04
          1.2800000E+02    2.8565654E+04   0.0000000E+00   1.0991158E+04   1.2276645E+04   0.0000000E+00   0.0000000E+00  -5.8218244E+03   1.6823150E+04
          1.2900000E+02    2.8215762E+04   0.0000000E+00   1.0766017E+04   1.2271194E+04   0.0000000E+00   0.0000000E+00  -5.9731832E+03   1.6749187E+04
          1.3000000E+02    2.7842422E+04   0.0000000E+00   1.0512245E+04   1.2265662E+04   0.0000000E+00   0.0000000E+00  -6.1578802E+03   1.6679909E+04
          1.3100000E+02    2.7487793E+04   0.0000000E+00   1.0272196E+04   1.2260352E+04   0.0000000E+00   0.0000000E+00  -6.3087416E+03   1.6590589E+04
          1.3200000E+02    2.7129434E+04   0.0000000E+00   1.0023541E+04   1.2255154E+04   0.0000000E+00   0.0000000E+00  -6.4540089E+03   1.6487066E+04
          1.3300000E+02    2.6760727E+04   0.0000000E+00   9.7565512E+03   1.2252019E+04   0.0000000E+00   0.0000000E+00  -6.6596159E+03   1.6425556E+04
          1.3400000E+02    2.6486105E+04   0.0000000E+00   9.5440076E+03   1.2251822E+04   0.0000000E+00   0.0000000E+00  -6.7859995E+03   1.6339303E+04
          1.3500000E+02    2.6976902E+04   0.0000000E+00   9.5820451E+03   1.2291641E+04   0.0000000E+00   0.0000000E+00  -6.8219427E+03   1.6413154E+04
          1.3600000E+02    2.7663387E+04   0.0000000E+00   9.7923946E+03   1.2323709E+04   0.0000000E+00   0.0000000E+00  -6.8122772E+03   1.6613691E+04
          1.3700000E+02    3.4112012E+04   0.0000000E+00   1.4061671E+04   1.2467012E+04   0.0000000E+00   0.0000000E+00  -3.1767450E+03   1.7247246E+04
          1.3800000E+02    6.0602746E+04   0.0000000E+00   3.4290874E+04   1.2837838E+04   0.0000000E+00   0.0000000E+00   1.5211742E+04   1.9087795E+04
          1.3900000E+02    6.7336547E+04   0.0000000E+00   3.9716606E+04   1.2866443E+04   0.0000000E+00   0.0000000E+00   1.9965945E+04   1.9759137E+04
          1.4000000E+02    7.6087102E+04   0.0000000E+00   4.6558613E+04   1.2992471E+04   0.0000000E+00   0.0000000E+00   2.5972440E+04   2.0594224E+04
          1.4100000E+02    8.7130688E+04   0.0000000E+00   5.5224231E+04   1.3152903E+04   0.0000000E+00   0.0000000E+00   3.3655382E+04   2.1576601E+04
          1.4200000E+02    9.4891523E+04   0.0000000E+00   6.1314496E+04   1.3258807E+04   0.0000000E+00   0.0000000E+00   3.8899510E+04   2.2422593E+04
          1.4300000E+02    1.0317555E+05   0.0000000E+00   6.7633959E+04   1.3392265E+04   0.0000000E+00   0.0000000E+00   4.4204966E+04   2.3436362E+04
          1.4400000E+02    9.8043156E+04   0.0000000E+00   6.3272892E+04   1.3354954E+04   0.0000000E+00   0.0000000E+00   3.9703117E+04   2.3575692E+04
          1.4500000E+02    9.3507281E+04   0.0000000E+00   5.9407972E+04   1.3361463E+04   0.0000000E+00   0.0000000E+00   3.5560081E+04   2.3853216E+04
          1.4600000E+02    9.2966586E+04   0.0000000E+00   5.8804570E+04   1.3416077E+04   0.0000000E+00   0.0000000E+00   3.4710572E+04   2.4099425E+04
          1.4700000E+02    9.6840539E+04   0.0000000E+00   6.1799146E+04   1.3506742E+04   0.0000000E+00   0.0000000E+00   3.7267410E+04   2.4537308E+04
          1.4800000E+02    9.2483516E+04   0.0000000E+00   5.7896941E+04   1.3501577E+04   0.0000000E+00   0.0000000E+00   3.3462228E+04   2.4439272E+04
          1.4900000E+02    8.7994531E+04   0.0000000E+00   5.4134740E+04   1.3492567E+04   0.0000000E+00   0.0000000E+00   2.9863330E+04   2.4275554E+04
          1.5000000E+02    8.4305945E+04   0.0000000E+00   5.1142939E+04   1.3490089E+04   0.0000000E+00   0.0000000E+00   2.7253851E+04   2.3892979E+04
          1.5100000E+02    8.1383023E+04   0.0000000E+00   4.8899766E+04   1.3486012E+04   0.0000000E+00   0.0000000E+00   2.4842239E+04   2.4061235E+04
          1.5200000E+02    7.8243484E+04   0.0000000E+00   4.6418309E+04   1.3479870E+04   0.0000000E+00   0.0000000E+00   2.2368391E+04   2.4053261E+04
          1.5300000E+02    7.5222164E+04   0.0000000E+00   4.4029188E+04   1.3472624E+04   0.0000000E+00   0.0000000E+00   1.9998087E+04   2.4034213E+04
          1.5400000E+02    7.2963070E+04   0.0000000E+00   4.2221431E+04   1.3480094E+04   0.0000000E+00   0.0000000E+00   1.8263411E+04   2.3961051E+04
          1.5500000E+02    7.1930023E+04   0.0000000E+00   4.1366964E+04   1.3500589E+04   0.0000000E+00   0.0000000E+00   1.7058645E+04   2.4311330E+04
          1.5600000E+02    6.9758078E+04   0.0000000E+00   3.9626746E+04   1.3498360E+04   0.0000000E+00   0.0000000E+00   1.5455969E+04   2.4173559E+04
          1.5700000E+02    6.7758977E+04   0.0000000E+00   3.8059510E+04   1.3496966E+04   0.0000000E+00   0.0000000E+00   1.3781398E+04   2.4280726E+04
          1.5800000E+02    6.7624719E+04   0.0000000E+00   3.7974339E+04   1.3526938E+04   0.0000000E+00   0.0000000E+00   1.3417785E+04   2.4559170E+04
          1.5900000E+02    6.6483555E+04   0.0000000E+00   3.7073937E+04   1.3535131E+04   0.0000000E+00   0.0000000E+00   1.2346423E+04   2.4729949E+04
          1.6000000E+02    6.5789750E+04   0.0000000E+00   3.6497682E+04   1.3554215E+04   0.0000000E+00   0.0000000E+00   1.1840363E+04   2.4659689E+04
          1.6100000E+02    6.7174000E+04   0.0000000E+00   3.7563840E+04   1.3596684E+04   0.0000000E+00   0.0000000E+00   1.2557432E+04   2.5008785E+04
          1.6200000E+02    6.8100109E+04   0.0000000E+00   3.8185529E+04   1.3629280E+04   0.0000000E+00   0.0000000E+00   1.3128609E+04   2.5059175E+04
          1.6300000E+02    6.7063688E+04   0.0000000E+00   3.7361518E+04   1.3628408E+04   0.0000000E+00   0.0000000E+00   1.2293032E+04   2.5070538E+04
          1.6400000E+02    6.6088164E+04   0.0000000E+00   3.6588097E+04   1.3634935E+04   0.0000000E+00   0.0000000E+00   1.1479781E+04   2.5110291E+04
          1.6500000E+02    6.5919141E+04   0.0000000E+00   3.6393840E+04   1.3670121E+04   0.0000000E+00   0.0000000E+00   1.1089820E+04   2.5306032E+04
          1.6600000E+02    6.4577094E+04   0.0000000E+00   3.5298625E+04   1.3669473E+04   0.0000000E+00   0.0000000E+00   1.0089773E+04   2.5210675E+04
          1.6700000E+02    6.1666188E+04   0.0000000E+00   3.3106071E+04   1.3647897E+04   0.0000000E+00   0.0000000E+00   7.6636179E+03   2.5443853E+04
          1.6800000E+02    5.9108934E+04   0.0000000E+00   3.1195935E+04   1.3630778E+04   0.0000000E+00   0.0000000E+00   6.0501878E+03   2.5146970E+04
          1.6900000E+02    5.7338340E+04   0.0000000E+00   2.9925112E+04   1.3620484E+04   0.0000000E+00   0.0000000E+00   5.1001640E+03   2.4826191E+04
          1.7000000E+02    5.5586910E+04   0.0000000E+00   2.8637493E+04   1.3610588E+04   0.0000000E+00   0.0000000E+00   4.1095627E+03   2.4529065E+04
          1.7100000E+02    5.4229695E+04   0.0000000E+00   2.7589160E+04   1.3620284E+04   0.0000000E+00   0.0000000E+00   3.3892684E+03   2.4200871E+04
          1.7200000E+02    5.0848863E+04   0.0000000E+00   2.5110318E+04   1.3569088E+04   0.0000000E+00   0.0000000E+00   1.4074954E+03   2.3703352E+04
          1.7300000E+02    5.0591891E+04   0.0000000E+00   2.4930240E+04   1.3589629E+04   0.0000000E+00   0.0000000E+00   1.3784424E+03   2.3552548E+04
          1.7400000E+02    5.0676195E+04   0.0000000E+00   2.5041890E+04   1.3607723E+04   0.0000000E+00   0.0000000E+00   1.5552939E+03   2.3487238E+04
          1.7500000E+02    5.2189285E+04   0.0000000E+00   2.6289495E+04   1.3630108E+04   0.0000000E+00   0.0000000E+00   2.8099788E+03   2.3480271E+04
          1.7600000E+02    4.9495852E+04   0.0000000E+00   2.4306366E+04   1.3589749E+04   0.0000000E+00   0.0000000E+00   1.1063062E+03   2.3200416E+04
          1.7700000E+02    7.7834766E+04   0.0000000E+00   4.5419836E+04   1.4153222E+04   0.0000000E+00   0.0000000E+00   2.0080811E+04   2.5339688E+04
          1.7800000E+02    6.7201008E+04   0.0000000E+00   3.7314087E+04   1.3885370E+04   0.0000000E+00   0.0000000E+00   1.2533993E+04   2.4778619E+04
          1.7900000E+02    6.5092957E+04   0.0000000E+00   3.5594910E+04   1.3900316E+04   0.0000000E+00   0.0000000E+00   1.0697448E+04   2.4896919E+04
          1.8000000E+02    6.7846344E+04   0.0000000E+00   3.7646200E+04   1.3984720E+04   0.0000000E+00   0.0000000E+00   1.2393193E+04   2.5252909E+04
          1.8100000E+02    7.0900719E+04   0.0000000E+00   3.9856504E+04   1.4031888E+04   0.0000000E+00   0.0000000E+00   1.4231569E+04   2.5625286E+04
          1.8200000E+02    5.8733387E+04   0.0000000E+00   3.0569726E+04   1.3868462E+04   0.0000000E+00   0.0000000E+00   5.4697831E+03   2.5098310E+04
          1.8300000E+02    5.6648133E+04   0.0000000E+00   2.8981921E+04   1.3864060E+04   0.0000000E+00   0.0000000E+00   4.1729368E+03   2.4808532E+04
          1.8400000E+02    5.9317578E+04   0.0000000E+00   3.0977399E+04   1.3947238E+04   0.0000000E+00   0.0000000E+00   6.1290530E+03   2.4848198E+04
          1.8500000E+02    5.9110480E+04   0.0000000E+00   3.0831825E+04   1.3940864E+04   0.0000000E+00   0.0000000E+00   6.0017779E+03   2.4830001E+04
          1.8600000E+02    5.7775168E+04   0.0000000E+00   2.9775511E+04   1.3935070E+04   0.0000000E+00   0.0000000E+00   4.9894187E+03   2.4785870E+04
          1.8700000E+02    6.1954160E+04   0.0000000E+00   3.2873672E+04   1.4019641E+04   0.0000000E+00   0.0000000E+00   7.6773326E+03   2.5196372E+04
          1.8800000E+02    6.7622266E+04   0.0000000E+00   3.7107672E+04   1.4101248E+04   0.0000000E+00   0.0000000E+00   1.1250350E+04   2.5857388E+04
          1.8900000E+02    6.9887375E+04   0.0000000E+00   3.8676649E+04   1.4131932E+04   0.0000000E+00   0.0000000E+00   1.2591436E+04   2.6085092E+04
          1.9000000E+02    6.8474711E+04   0.0000000E+00   3.7546804E+04   1.4120889E+04   0.0000000E+00   0.0000000E+00   1.1450299E+04   2.6096188E+04
          1.9100000E+02    6.9430344E+04   0.0000000E+00   3.8244654E+04   1.4150268E+04   0.0000000E+00   0.0000000E+00   1.2055624E+04   2.6188861E+04
          1.9200000E+02    7.1716930E+04   0.0000000E+00   3.9930416E+04   1.4197382E+04   0.0000000E+00   0.0000000E+00   1.3150816E+04   2.6779471E+04
          1.9300000E+02    6.9546578E+04   0.0000000E+00   3.8208308E+04   1.4182773E+04   0.0000000E+00   0.0000000E+00   1.1320070E+04   2.6887903E+04
          1.9400000E+02    6.8398109E+04   0.0000000E+00   3.7313122E+04   1.4184258E+04   0.0000000E+00   0.0000000E+00   1.0521951E+04   2.6790916E+04
          1.9500000E+02    7.1233148E+04   0.0000000E+00   3.9526600E+04   1.4230710E+04   0.0000000E+00   0.0000000E+00   1.2382247E+04   2.7144336E+04
          1.9600000E+02    7.5039703E+04   0.0000000E+00   4.2327047E+04   1.4286542E+04   0.0000000E+00   0.0000000E+00   1.4814082E+04   2.7513018E+04
          1.9700000E+02    7.9105078E+04   0.0000000E+00   4.5409707E+04   1.4336443E+04   0.0000000E+00   0.0000000E+00   1.7727741E+04   2.7682046E+04
          1.9800000E+02    8.0506469E+04   0.0000000E+00   4.6511023E+04   1.4352393E+04   0.0000000E+00   0.0000000E+00   1.8633097E+04   2.7878058E+04
          1.9900000E+02    8.2429836E+04   0.0000000E+00   4.8013905E+04   1.4382601E+04   0.0000000E+00   0.0000000E+00   1.9671950E+04   2.8342213E+04
          2.0000000E+02    8.4090352E+04   0.0000000E+00   4.9308963E+04   1.4369235E+04   0.0000000E+00   0.0000000E+00   2.0406946E+04   2.8902280E+04
          2.0100000E+02    8.2873836E+04   0.0000000E+00   4.8329954E+04   1.4422260E+04   0.0000000E+00   0.0000000E+00   1.9017246E+04   2.9312863E+04
          2.0200000E+02    8.6593289E+04   0.0000000E+00   5.0796698E+04   1.4486609E+04   0.0000000E+00   0.0000000E+00   2.0499739E+04   3.0297463E+04
          2.0300000E+02    8.6923180E+04   0.0000000E+00   5.0947492E+04   1.4463325E+04   0.0000000E+00   0.0000000E+00   1.9968687E+04   3.0979164E+04
          2.0400000E+02    8.8150633E+04   0.0000000E+00   5.1813384E+04   1.4569453E+04   0.0000000E+00   0.0000000E+00   2.0287758E+04   3.1525995E+04
          2.0500000E+02    8.7913250E+04   0.0000000E+00   5.1623529E+04   1.4527328E+04   0.0000000E+00   0.0000000E+00   1.9511867E+04   3.2111865E+04
          2.0600000E+02    8.5829539E+04   0.0000000E+00   5.0229979E+04   1.4575227E+04   0.0000000E+00   0.0000000E+00   1.7558520E+04   3.2671629E+04
          2.0700000E+02    8.3530070E+04   0.0000000E+00   4.8756588E+04   1.4492875E+04   0.0000000E+00   0.0000000E+00   1.5730539E+04   3.3026159E+04
          2.0800000E+02    7.8548961E+04   0.0000000E+00   4.5214891E+04   1.4497536E+04   0.0000000E+00   0.0000000E+00   1.2116261E+04   3.3098523E+04
          2.0900000E+02    7.6853414E+04   0.0000000E+00   4.3535330E+04   1.4485225E+04   0.0000000E+00   0.0000000E+00   9.9743415E+03   3.3561022E+04
          2.1000000E+02    7.6129820E+04   0.0000000E+00   4.2990355E+04   1.4553490E+04   0.0000000E+00   0.0000000E+00   9.6050104E+03   3.3385449E+04
          2.1100000E+02    7.7306500E+04   0.0000000E+00   4.3975688E+04   1.4525023E+04   0.0000000E+00   0.0000000E+00   1.0642241E+04   3.3333688E+04
          2.1200000E+02    7.3151047E+04   0.0000000E+00   4.1127626E+04   1.4526132E+04   0.0000000E+00   0.0000000E+00   8.1038950E+03   3.3023558E+04
          2.1300000E+02    6.8355453E+04   0.0000000E+00   3.7978014E+04   1.4403810E+04   0.0000000E+00   0.0000000E+00   5.2817857E+03   3.2696060E+04
          2.1400000E+02    6.1480129E+04   0.0000000E+00   3.3272236E+04   1.4382529E+04   0.0000000E+00   0.0000000E+00   1.1003801E+03   3.2171473E+04
          2.1500000E+02    6.1246016E+04   0.0000000E+00   3.2957330E+04   1.4353502E+04   0.0000000E+00   0.0000000E+00   5.7731348E+02   3.2380274E+04
          2.1600000E+02    5.9187348E+04   0.0000000E+00   3.1100776E+04   1.4423460E+04   0.0000000E+00   0.0000000E+00  -1.2518074E+03   3.2352548E+04
          2.1700000E+02    5.7500539E+04   0.0000000E+00   2.9652811E+04   1.4368512E+04   0.0000000E+00   0.0000000E+00  -2.1890096E+03   3.1841789E+04
          2.1800000E+02    5.5949359E+04   0.0000000E+00   2.8308556E+04   1.4433494E+04   0.0000000E+00   0.0000000E+00  -2.8610740E+03   3.1169612E+04
          2.1900000E+02    5.4375695E+04   0.0000000E+00   2.7023197E+04   1.4375649E+04   0.0000000E+00   0.0000000E+00  -3.7605581E+03   3.0783729E+04
          2.2000000E+02    5.2982027E+04   0.0000000E+00   2.5888930E+04   1.4441067E+04   0.0000000E+00   0.0000000E+00  -5.1634326E+03   3.1052273E+04
          2.2100000E+02    5.2293699E+04   0.0000000E+00   2.5358508E+04   1.4389146E+04   0.0000000E+00   0.0000000E+00  -5.8225194E+03   3.1181060E+04
          2.2200000E+02    5.1956562E+04   0.0000000E+00   2.5125040E+04   1.4455541E+04   0.0000000E+00   0.0000000E+00  -6.0407922E+03   3.1165941E+04
          2.2300000E+02    5.1169719E+04   0.0000000E+00   2.4513055E+04   1.4400145E+04   0.0000000E+00   0.0000000E+00  -6.3735355E+03   3.0886656E+04
          2.2400000E+02    5.0645938E+04   0.0000000E+00   2.4140991E+04   1.4463879E+04   0.0000000E+00   0.0000000E+00  -6.4243354E+03   3.0565475E+04
          2.2500000E+02    5.0433824E+04   0.0000000E+00   2.4036567E+04   1.4408894E+04   0.0000000E+00   0.0000000E+00  -6.4132307E+03   3.0449993E+04
          2.2600000E+02    4.9640145E+04   0.0000000E+00   2.3420382E+04   1.4469797E+04   0.0000000E+00   0.0000000E+00  -6.8249141E+03   3.0245451E+04
          2.2700000E+02    5.1453410E+04   0.0000000E+00   2.4743835E+04   1.4448432E+04   0.0000000E+00   0.0000000E+00  -5.2193257E+03   2.9963490E+04
          2.2800000E+02    5.2354727E+04   0.0000000E+00   2.5174508E+04   1.4548399E+04   0.0000000E+00   0.0000000E+00  -4.7612141E+03   2.9936044E+04
          2.2900000E+02    5.2091949E+04   0.0000000E+00   2.4794862E+04   1.4500751E+04   0.0000000E+00   0.0000000E+00  -4.7411152E+03   2.9536167E+04
          2.3000000E+02    5.0639930E+04   0.0000000E+00   2.3637437E+04   1.4562659E+04   0.0000000E+00   0.0000000E+00  -5.6663130E+03   2.9303816E+04
          2.3100000E+02    8.3109195E+04   0.0000000E+00   4.5378821E+04   1.5233394E+04   0.0000000E+00   0.0000000E+00   1.3594493E+04   3.1784381E+04
          2.3200000E+02    8.5994312E+04   0.0000000E+00   4.6917584E+04   1.5186928E+04   0.0000000E+00   0.0000000E+00   1.4364834E+04   3.2552537E+04
          2.3300000E+02    8.4029062E+04   0.0000000E+00   4.5177062E+04   1.5196378E+04   0.0000000E+00   0.0000000E+00   1.2406340E+04   3.2769984E+04
          2.3400000E+02    8.0787648E+04   0.0000000E+00   4.2619633E+04   1.5198674E+04   0.0000000E+00   0.0000000E+00   9.6207104E+03   3.2997803E+04
          2.3500000E+02    7.8295484E+04   0.0000000E+00   4.0720908E+04   1.5203359E+04   0.0000000E+00   0.0000000E+00   7.6717606E+03   3.3047987E+04
          2.3600000E+02    7.6207930E+04   0.0000000E+00   3.9193829E+04   1.5209745E+04   0.0000000E+00   0.0000000E+00   6.1052544E+03   3.3087383E+04
          2.3700000E+02    7.4130414E+04   0.0000000E+00   3.7628089E+04   1.5223023E+04   0.0000000E+00   0.0000000E+00   4.5562072E+03   3.3070614E+04
          2.3800000E+02    7.5737461E+04   0.0000000E+00   3.8790139E+04   1.5290957E+04   0.0000000E+00   0.0000000E+00   5.4936108E+03   3.3295575E+04
          2.3900000E+02    8.5218688E+04   0.0000000E+00   4.5428078E+04   1.5502723E+04   0.0000000E+00   0.0000000E+00   1.0794097E+04   3.4633083E+04
          2.4000000E+02    8.2326008E+04   0.0000000E+00   4.3147372E+04   1.5463472E+04   0.0000000E+00   0.0000000E+00   8.4965940E+03   3.4649341E+04
          2.4100000E+02    7.8839125E+04   0.0000000E+00   4.0459855E+04   1.5462978E+04   0.0000000E+00   0.0000000E+00   6.0553903E+03   3.4402744E+04
          2.4200000E+02    7.6535258E+04   0.0000000E+00   3.8779255E+04   1.5465955E+04   0.0000000E+00   0.0000000E+00   4.7244895E+03   3.4053108E+04
          2.4300000E+02    7.4555906E+04   0.0000000E+00   3.7408632E+04   1.5468769E+04   0.0000000E+00   0.0000000E+00   3.2290005E+03   3.4177977E+04
          2.4400000E+02    7.2361297E+04   0.0000000E+00   3.5898155E+04   1.5464063E+04   0.0000000E+00   0.0000000E+00   1.7270961E+03   3.4169331E+04
          2.4500000E+02    7.0357539E+04   0.0000000E+00   3.4608286E+04   1.5454309E+04   0.0000000E+00   0.0000000E+00   9.0071721E+02   3.3705846E+04
          2.4600000E+02    6.0604410E+04   0.0000000E+00   2.8082882E+04   1.5309016E+04   0.0000000E+00   0.0000000E+00  -4.3461103E+03   3.2426483E+04
          2.4700000E+02    5.0055918E+04   0.0000000E+00   2.1255022E+04   1.5100413E+04   0.0000000E+00   0.0000000E+00  -9.7475357E+03   3.1000709E+04
          2.4800000E+02    4.3094902E+04   0.0000000E+00   1.7042260E+04   1.5042556E+04   0.0000000E+00   0.0000000E+00  -1.3029562E+04   3.0070767E+04
          2.4900000E+02    3.5266773E+04   0.0000000E+00   1.2688912E+04   1.4814395E+04   0.0000000E+00   0.0000000E+00  -1.6110297E+04   2.8799044E+04
          2.5000000E+02    2.8676797E+04   0.0000000E+00   9.3392320E+03   1.4714932E+04   0.0000000E+00   0.0000000E+00  -1.8394761E+04   2.7734531E+04
          2.5100000E+02    2.3939371E+04   0.0000000E+00   7.2172732E+03   1.4516547E+04   0.0000000E+00   0.0000000E+00  -1.9399041E+04   2.6617157E+04
          2.5200000E+02    1.9743561E+04   0.0000000E+00   5.4895609E+03   1.4443892E+04   0.0000000E+00   0.0000000E+00  -2.0138091E+04   2.5628768E+04
          2.5300000E+02    1.6457818E+04   0.0000000E+00   4.2571410E+03   1.4261841E+04   0.0000000E+00   0.0000000E+00  -2.0545608E+04   2.4804099E+04
          2.5400000E+02    1.3416972E+04   0.0000000E+00   3.1301860E+03   1.4205380E+04   0.0000000E+00   0.0000000E+00  -2.0714521E+04   2.3846330E+04
          2.5500000E+02    1.1491877E+04   0.0000000E+00   2.4857689E+03   1.4054162E+04   0.0000000E+00   0.0000000E+00  -2.0474069E+04   2.2961646E+04
          2.5600000E+02    1.0088975E+04   0.0000000E+00   2.0554210E+03   1.4034449E+04   0.0000000E+00   0.0000000E+00  -2.0336577E+04   2.2393970E+04
          2.5700000E+02    8.7870225E+03   0.0000000E+00   1.6946677E+03   1.3894703E+04   0.0000000E+00   0.0000000E+00  -2.0169258E+04   2.1866013E+04
          2.5800000E+02    8.3005000E+03   0.0000000E+00   1.5411691E+03   1.3896079E+04   0.0000000E+00   0.0000000E+00  -1.9819626E+04   2.1362973E+04
          2.5900000E+02    7.7091782E+03   0.0000000E+00   1.4012144E+03   1.3774233E+04   0.0000000E+00   0.0000000E+00  -1.9396077E+04   2.0799547E+04
          2.6000000E+02    6.6844702E+03   0.0000000E+00   1.1281798E+03   1.3759253E+04   0.0000000E+00   0.0000000E+00  -1.9361164E+04   2.0491687E+04
          2.6100000E+02    5.6969512E+03   0.0000000E+00   9.0013775E+02   1.3630445E+04   0.0000000E+00   0.0000000E+00  -1.9180890E+04   2.0083456E+04
          2.6200000E+02    4.7456572E+03   0.0000000E+00   6.7349922E+02   1.3620661E+04   0.0000000E+00   0.0000000E+00  -1.8961897E+04   1.9637909E+04
          2.6300000E+02    3.8844502E+03   0.0000000E+00   5.0340952E+02   1.3498734E+04   0.0000000E+00   0.0000000E+00  -1.8812984E+04   1.9318986E+04
          2.6400000E+02    3.1545554E+03   0.0000000E+00   3.5765791E+02   1.3495608E+04   0.0000000E+00   0.0000000E+00  -1.8679509E+04   1.9039805E+04
          2.6500000E+02    2.5282788E+03   0.0000000E+00   2.7007382E+02   1.3379649E+04   0.0000000E+00   0.0000000E+00  -1.8390417E+04   1.8663195E+04
          2.6600000E+02    2.0015786E+03   0.0000000E+00   1.9285752E+02   1.3381942E+04   0.0000000E+00   0.0000000E+00  -1.8270956E+04   1.8466590E+04
          2.6700000E+02    1.6231300E+03   0.0000000E+00   1.5023080E+02   1.3274262E+04   0.0000000E+00   0.0000000E+00  -1.7953707E+04   1.8106757E+04
          2.6800000E+02    1.3522454E+03   0.0000000E+00   1.1690896E+02   1.3283212E+04   0.0000000E+00   0.0000000E+00  -1.7528950E+04   1.7648735E+04
          2.6900000E+02    1.1297938E+03   0.0000000E+00   9.5405142E+01   1.3180987E+04   0.0000000E+00   0.0000000E+00  -1.7173921E+04   1.7272242E+04
          2.7000000E+02    9.1537823E+02   0.0000000E+00   7.7519892E+01   1.3193234E+04   0.0000000E+00   0.0000000E+00  -1.6918699E+04   1.6999190E+04
          2.7100000E+02    7.8689343E+02   0.0000000E+00   6.8091652E+01   1.3094032E+04   0.0000000E+00   0.0000000E+00  -1.6622555E+04   1.6693653E+04
          2.7200000E+02    7.1604791E+02   0.0000000E+00   6.3265951E+01   1.3109052E+04   0.0000000E+00   0.0000000E+00  -1.6254842E+04   1.6321149E+04
          2.7300000E+02    6.5209644E+02   0.0000000E+00   5.8935550E+01   1.3012722E+04   0.0000000E+00   0.0000000E+00  -1.5935189E+04   1.5997199E+04
          2.7400000E+02    6.0336499E+02   0.0000000E+00   5.4978201E+01   1.3029155E+04   0.0000000E+00   0.0000000E+00  -1.5676614E+04   1.5734693E+04
          2.7500000E+02    5.7556012E+02   0.0000000E+00   5.4245065E+01   1.2935446E+04   0.0000000E+00   0.0000000E+00  -1.5477392E+04   1.5534769E+04
          2.7600000E+02    6.4913458E+02   0.0000000E+00   5.9029852E+01   1.2956407E+04   0.0000000E+00   0.0000000E+00  -1.5194869E+04   1.5257055E+04
          2.7700000E+02    7.1650928E+02   0.0000000E+00   6.3015611E+01   1.2867067E+04   0.0000000E+00   0.0000000E+00  -1.5089482E+04   1.5155686E+04
          2.7800000E+02    7.7830310E+02   0.0000000E+00   6.6310347E+01   1.2889099E+04   0.0000000E+00   0.0000000E+00  -1.4902432E+04   1.4971964E+04
          2.7900000E+02    8.4071704E+02   0.0000000E+00   7.0373329E+01   1.2801619E+04   0.0000000E+00   0.0000000E+00  -1.4638229E+04   1.4711851E+04
          2.8000000E+02    9.0123132E+02   0.0000000E+00   7.3498342E+01   1.2824789E+04   0.0000000E+00   0.0000000E+00  -1.4353182E+04   1.4429944E+04
          2.8100000E+02    9.7248010E+02   0.0000000E+00   7.8480646E+01   1.2739111E+04   0.0000000E+00   0.0000000E+00  -1.4123296E+04   1.4205066E+04
          2.8200000E+02    1.0437761E+03   0.0000000E+00   8.0971587E+01   1.2763104E+04   0.0000000E+00   0.0000000E+00  -1.3916448E+04   1.4000740E+04
          2.8300000E+02    1.1155981E+03   0.0000000E+00   8.5406082E+01   1.2678730E+04   0.0000000E+00   0.0000000E+00  -1.3852297E+04   1.3941048E+04
          2.8400000E+02    1.1858389E+03   0.0000000E+00   9.0688694E+01   1.2703248E+04   0.0000000E+00   0.0000000E+00  -1.3864945E+04   1.3958987E+04
          2.8500000E+02    1.2406859E+03   0.0000000E+00   9.2279722E+01   1.2619899E+04   0.0000000E+00   0.0000000E+00  -1.3641562E+04   1.3737204E+04
          2.8600000E+02    1.3078951E+03   0.0000000E+00   9.4407729E+01   1.2645138E+04   0.0000000E+00   0.0000000E+00  -1.3483769E+04   1.3581562E+04
          2.8700000E+02    1.3754272E+03   0.0000000E+00   1.0124204E+02   1.2563274E+04   0.0000000E+00   0.0000000E+00  -1.3428305E+04   1.3532967E+04
          2.8800000E+02    1.4364060E+03   0.0000000E+00   1.0309411E+02   1.2589044E+04   0.0000000E+00   0.0000000E+00  -1.3181518E+04   1.3288057E+04
          2.8900000E+02    1.4864609E+03   0.0000000E+00   1.0452959E+02   1.2507833E+04   0.0000000E+00   0.0000000E+00  -1.3176223E+04   1.3284213E+04
          2.9000000E+02    1.5320408E+03   0.0000000E+00   1.0661314E+02   1.2533782E+04   0.0000000E+00   0.0000000E+00  -1.3056186E+04   1.3166280E+04
          2.9100000E+02    1.5780707E+03   0.0000000E+00   1.0895276E+02   1.2453558E+04   0.0000000E+00   0.0000000E+00  -1.2874409E+04   1.2986849E+04
          2.9200000E+02    1.6370594E+03   0.0000000E+00   1.1882002E+02   1.2480101E+04   0.0000000E+00   0.0000000E+00  -1.2758952E+04   1.2881274E+04
          2.9300000E+02    1.6863435E+03   0.0000000E+00   1.2178526E+02   1.2400809E+04   0.0000000E+00   0.0000000E+00  -1.2715281E+04   1.2840565E+04
          2.9400000E+02    1.7319136E+03   0.0000000E+00   1.2534797E+02   1.2427636E+04   0.0000000E+00   0.0000000E+00  -1.2570683E+04   1.2699534E+04
          2.9500000E+02    1.7733838E+03   0.0000000E+00   1.2667805E+02   1.2349127E+04   0.0000000E+00   0.0000000E+00  -1.2424194E+04   1.2554379E+04
          2.9600000E+02    1.8163375E+03   0.0000000E+00   1.2797645E+02   1.2376279E+04   0.0000000E+00   0.0000000E+00  -1.2329521E+04   1.2461019E+04
          2.9700000E+02    1.8614327E+03   0.0000000E+00   1.3239822E+02   1.2298746E+04   0.0000000E+00   0.0000000E+00  -1.2213508E+04   1.2349432E+04
          2.9800000E+02    1.9012283E+03   0.0000000E+00   1.3345709E+02   1.2326684E+04   0.0000000E+00   0.0000000E+00  -1.2124726E+04   1.2261720E+04
          2.9900000E+02    1.9402892E+03   0.0000000E+00   1.3439293E+02   1.2249401E+04   0.0000000E+00   0.0000000E+00  -1.2052573E+04   1.2190511E+04
          3.0000000E+02    1.9827518E+03   0.0000000E+00   1.3541351E+02   1.2277867E+04   0.0000000E+00   0.0000000E+00  -1.1982103E+04   1.2121071E+04
          3.0100000E+02    2.0183236E+03   0.0000000E+00   1.3636616E+02   1.2201032E+04   0.0000000E+00   0.0000000E+00  -1.1941506E+04   1.2081452E+04
          3.0200000E+02    2.0481531E+03   0.0000000E+00   1.3714859E+02   1.2229503E+04   0.0000000E+00   0.0000000E+00  -1.1756957E+04   1.1897697E+04
          3.0300000E+02    2.0920576E+03   0.0000000E+00   1.4308358E+02   1.2153350E+04   0.0000000E+00   0.0000000E+00  -1.1667586E+04   1.1814267E+04
          3.0400000E+02    2.1456638E+03   0.0000000E+00   1.4452886E+02   1.2182614E+04   0.0000000E+00   0.0000000E+00  -1.1645110E+04   1.1793250E+04
          3.0500000E+02    2.1998447E+03   0.0000000E+00   1.4647542E+02   1.2107403E+04   0.0000000E+00   0.0000000E+00  -1.1556081E+04   1.1706159E+04
          3.0600000E+02    2.2563914E+03   0.0000000E+00   1.4908120E+02   1.2136894E+04   0.0000000E+00   0.0000000E+00  -1.1400697E+04   1.1553381E+04
          3.0700000E+02    1.6348004E+03   0.0000000E+00   1.1344934E+02   1.2048191E+04   0.0000000E+00   0.0000000E+00  -1.1243446E+04   1.1360506E+04
          3.0800000E+02    1.1748824E+03   0.0000000E+00   8.8568369E+01   1.2066898E+04   0.0000000E+00   0.0000000E+00  -1.1211724E+04   1.1303915E+04
          3.0900000E+02    8.7012921E+02   0.0000000E+00   7.0433502E+01   1.1983322E+04   0.0000000E+00   0.0000000E+00  -1.1088477E+04   1.1162547E+04
          3.1000000E+02    6.1984094E+02   0.0000000E+00   5.4416744E+01   1.2003396E+04   0.0000000E+00   0.0000000E+00  -1.1023970E+04   1.1082032E+04
          3.1100000E+02    4.2847610E+02   0.0000000E+00   4.1857461E+01   1.1920585E+04   0.0000000E+00   0.0000000E+00  -1.0906536E+04   1.0952047E+04
          3.1200000E+02    2.7784930E+02   0.0000000E+00   2.8812381E+01   1.1942200E+04   0.0000000E+00   0.0000000E+00  -1.0859817E+04   1.0892287E+04
          3.1300000E+02    1.9192726E+02   0.0000000E+00   1.8330664E+01   1.1863850E+04   0.0000000E+00   0.0000000E+00  -1.0744112E+04   1.0766107E+04
          3.1400000E+02    1.3607440E+02   0.0000000E+00   7.9433250E+00   1.1888904E+04   0.0000000E+00   0.0000000E+00  -1.0617669E+04   1.0629292E+04
          3.1500000E+02    9.9713860E+01   0.0000000E+00   0.0000000E+00   1.1812087E+04   0.0000000E+00   0.0000000E+00  -1.0555630E+04   1.0559309E+04
          3.1600000E+02    7.8902931E+01   0.0000000E+00   0.0000000E+00   1.1837946E+04   0.0000000E+00   0.0000000E+00  -1.0499790E+04   1.0503445E+04
          3.1700000E+02    6.3477646E+01   0.0000000E+00   0.0000000E+00   1.1762174E+04   0.0000000E+00   0.0000000E+00  -1.0392208E+04   1.0395864E+04
          3.1800000E+02    5.0435410E+01   0.0000000E+00   0.0000000E+00   1.1788516E+04   0.0000000E+00   0.0000000E+00  -1.0278442E+04   1.0282114E+04
          3.1900000E+02    4.2311817E+01   0.0000000E+00   0.0000000E+00   1.1713553E+04   0.0000000E+00   0.0000000E+00  -1.0190034E+04   1.0193725E+04
          3.2000000E+02    3.5612957E+01   0.0000000E+00   0.0000000E+00   1.1740447E+04   0.0000000E+00   0.0000000E+00  -1.0087745E+04   1.0091439E+04
          3.2100000E+02    3.1511196E+01   0.0000000E+00   0.0000000E+00   1.1666524E+04   0.0000000E+00   0.0000000E+00  -1.0048145E+04   1.0051825E+04
          3.2200000E+02    2.9838535E+01   0.0000000E+00   0.0000000E+00   1.1694764E+04   0.0000000E+00   0.0000000E+00  -1.0014637E+04   1.0018313E+04
          3.2300000E+02    2.6550989E+01   0.0000000E+00   0.0000000E+00   1.1620941E+04   0.0000000E+00   0.0000000E+00  -9.9791090E+03   9.9827864E+03
          3.2400000E+02    2.6501863E+01   0.0000000E+00   0.0000000E+00   1.1648568E+04   0.0000000E+00   0.0000000E+00  -9.8810144E+03   9.8846914E+03
          3.2500000E+02    2.6563217E+01   0.0000000E+00   0.0000000E+00   1.1575873E+04   0.0000000E+00   0.0000000E+00  -9.8384661E+03   9.8421507E+03
          3.2600000E+02    2.8248447E+01   0.0000000E+00   0.0000000E+00   1.1603830E+04   0.0000000E+00   0.0000000E+00  -9.7554797E+03   9.7591713E+03
          3.2700000E+02    3.0308681E+01   0.0000000E+00   0.0000000E+00   1.1531888E+04   0.0000000E+00   0.0000000E+00  -9.6477912E+03   9.6514924E+03
          3.2800000E+02    3.0186523E+01   0.0000000E+00   0.0000000E+00   1.1560084E+04   0.0000000E+00   0.0000000E+00  -9.5331679E+03   9.5368751E+03
          3.2900000E+02    2.9480343E+01   0.0000000E+00   0.0000000E+00   1.1488685E+04   0.0000000E+00   0.0000000E+00  -9.4748505E+03   9.4785516E+03
          3.3000000E+02    2.8571285E+01   0.0000000E+00   0.0000000E+00   1.1517038E+04   0.0000000E+00   0.0000000E+00  -9.3719873E+03   9.3756792E+03
          3.3100000E+02    2.6483873E+01   0.0000000E+00   0.0000000E+00   1.1446130E+04   0.0000000E+00   0.0000000E+00  -9.2669400E+03   9.2706383E+03
          3.3200000E+02    2.5493277E+01   0.0000000E+00   0.0000000E+00   1.1474719E+04   0.0000000E+00   0.0000000E+00  -9.1694965E+03   9.1732009E+03
          3.3300000E+02    2.4883085E+01   0.0000000E+00   0.0000000E+00   1.1404429E+04   0.0000000E+00   0.0000000E+00  -9.0448438E+03   9.0485470E+03
          3.3400000E+02    2.4248528E+01   0.0000000E+00   0.0000000E+00   1.1433169E+04   0.0000000E+00   0.0000000E+00  -8.9410132E+03   8.9447246E+03
          3.3500000E+02    2.4480324E+01   0.0000000E+00   0.0000000E+00   1.1363447E+04   0.0000000E+00   0.0000000E+00  -8.8408839E+03   8.8446071E+03
          3.3600000E+02    2.2933441E+01   0.0000000E+00   0.0000000E+00   1.1392411E+04   0.0000000E+00   0.0000000E+00  -8.7501895E+03   8.7539189E+03
          3.3700000E+02    2.3366846E+01   0.0000000E+00   0.0000000E+00   1.1323508E+04   0.0000000E+00   0.0000000E+00  -8.6968339E+03   8.7005620E+03
          3.3800000E+02    3.4157131E+01   0.0000000E+00   0.0000000E+00   1.1352868E+04   0.0000000E+00   0.0000000E+00  -8.6873184E+03   8.6910497E+03
          3.3900000E+02    5.8567085E+01   0.0000000E+00   0.0000000E+00   1.1284775E+04   0.0000000E+00   0.0000000E+00  -8.6534625E+03   8.6571881E+03
          3.4000000E+02    8.9039223E+01   0.0000000E+00   0.0000000E+00   1.1314648E+04   0.0000000E+00   0.0000000E+00  -8.5567209E+03   8.5604556E+03
          3.4100000E+02    1.2182191E+02   0.0000000E+00   0.0000000E+00   1.1247252E+04   0.0000000E+00   0.0000000E+00  -8.4940554E+03   8.4977969E+03
          3.4200000E+02    1.5619563E+02   0.0000000E+00   0.0000000E+00   1.1277496E+04   0.0000000E+00   0.0000000E+00  -8.4143719E+03   8.4181157E+03
          3.4300000E+02    1.8918263E+02   0.0000000E+00   0.0000000E+00   1.1210760E+04   0.0000000E+00   0.0000000E+00  -8.3563927E+03   8.3601335E+03
          3.4400000E+02    2.2376184E+02   0.0000000E+00   1.8447850E+00   1.1241308E+04   0.0000000E+00   0.0000000E+00  -8.3204001E+03   8.3259951E+03
          3.4500000E+02    2.6378317E+02   0.0000000E+00   9.5689993E+00   1.1175223E+04   0.0000000E+00   0.0000000E+00  -8.2326588E+03   8.2459873E+03
          3.4600000E+02    3.0771210E+02   0.0000000E+00   2.1793493E+01   1.1206117E+04   0.0000000E+00   0.0000000E+00  -8.1979255E+03   8.2234854E+03
          3.4700000E+02    3.5480273E+02   0.0000000E+00   3.2889484E+01   1.1140498E+04   0.0000000E+00   0.0000000E+00  -8.1528254E+03   8.1894893E+03
          3.4800000E+02    3.9585776E+02   0.0000000E+00   3.2889484E+01   1.1171586E+04   0.0000000E+00   0.0000000E+00  -8.0556428E+03   8.0923018E+03
          3.4900000E+02    4.5571970E+02   0.0000000E+00   4.9634911E+01   1.1106456E+04   0.0000000E+00   0.0000000E+00  -7.9636308E+03   8.0170375E+03
          3.5000000E+02    4.9865823E+02   0.0000000E+00   4.9634911E+01   1.1137656E+04   0.0000000E+00   0.0000000E+00  -7.8985842E+03   7.9519771E+03
          3.5100000E+02    5.4866052E+02   0.0000000E+00   4.9634911E+01   1.1072970E+04   0.0000000E+00   0.0000000E+00  -7.8560952E+03   7.9094846E+03
          3.5200000E+02    5.9094604E+02   0.0000000E+00   4.9634911E+01   1.1104211E+04   0.0000000E+00   0.0000000E+00  -7.7928664E+03   7.8462543E+03
          3.5300000E+02    6.6739624E+02   0.0000000E+00   7.4969960E+01   1.1040211E+04   0.0000000E+00   0.0000000E+00  -7.6986291E+03   7.7773460E+03
          3.5400000E+02    7.1512860E+02   0.0000000E+00   7.5129568E+01   1.1071428E+04   0.0000000E+00   0.0000000E+00  -7.6250702E+03   7.7039359E+03
          3.5500000E+02    7.7885144E+02   0.0000000E+00   7.5518390E+01   1.1009529E+04   0.0000000E+00   0.0000000E+00  -7.6947964E+03   7.7740352E+03
          3.5600000E+02    8.2697827E+02   0.0000000E+00   7.5889128E+01   1.1042778E+04   0.0000000E+00   0.0000000E+00  -7.6892279E+03   7.7688254E+03
          3.5700000E+02    8.7840442E+02   0.0000000E+00   7.6386188E+01   1.0980914E+04   0.0000000E+00   0.0000000E+00  -7.6406651E+03   7.7207594E+03
          3.5800000E+02    9.3541663E+02   0.0000000E+00   7.7006176E+01   1.1014375E+04   0.0000000E+00   0.0000000E+00  -7.6056735E+03   7.6863772E+03
          3.5900000E+02    9.8994525E+02   0.0000000E+00   7.7638425E+01   1.0953006E+04   0.0000000E+00   0.0000000E+00  -7.5427338E+03   7.6240634E+03
          3.6000000E+02    1.0493501E+03   0.0000000E+00   7.9678882E+01   1.0987328E+04   0.0000000E+00   0.0000000E+00  -7.5526426E+03   7.6360074E+03
          3.6100000E+02    1.3793988E+03   0.0000000E+00   8.9116782E+01   1.0945703E+04   0.0000000E+00   0.0000000E+00  -7.4677753E+03   7.5605789E+03
          3.6200000E+02    1.4388981E+03   0.0000000E+00   9.3065220E+01   1.0974518E+04   0.0000000E+00   0.0000000E+00  -7.4132132E+03   7.5099684E+03
          3.6300000E+02    1.5304158E+03   0.0000000E+00   9.7831345E+01   1.0915567E+04   0.0000000E+00   0.0000000E+00  -7.3607833E+03   7.4623028E+03
          3.6400000E+02    1.5928381E+03   0.0000000E+00   1.0158964E+02   1.0951555E+04   0.0000000E+00   0.0000000E+00  -7.3389740E+03   7.4442490E+03
          3.6500000E+02    1.6690299E+03   0.0000000E+00   1.0632176E+02   1.0892912E+04   0.0000000E+00   0.0000000E+00  -7.2854385E+03   7.3954398E+03
          3.6600000E+02    1.7574517E+03   0.0000000E+00   1.1254911E+02   1.0930165E+04   0.0000000E+00   0.0000000E+00  -7.2315728E+03   7.3478011E+03
          3.6700000E+02    1.8534832E+03   0.0000000E+00   1.2054234E+02   1.0871976E+04   0.0000000E+00   0.0000000E+00  -7.2194006E+03   7.3436243E+03
          3.6800000E+02    1.9749258E+03   0.0000000E+00   1.2808479E+02   1.0909495E+04   0.0000000E+00   0.0000000E+00  -7.2144302E+03   7.3461749E+03
          3.6900000E+02    2.1338096E+03   0.0000000E+00   1.3744840E+02   1.0853060E+04   0.0000000E+00   0.0000000E+00  -7.1763462E+03   7.3174520E+03
          3.7000000E+02    2.2706726E+03   0.0000000E+00   1.4809894E+02   1.0890014E+04   0.0000000E+00   0.0000000E+00  -7.1272874E+03   7.2790429E+03
          3.7100000E+02    2.4118813E+03   0.0000000E+00   1.5479228E+02   1.0832733E+04   0.0000000E+00   0.0000000E+00  -7.0838790E+03   7.2423279E+03
          3.7200000E+02    2.5742593E+03   0.0000000E+00   1.7022620E+02   1.0870401E+04   0.0000000E+00   0.0000000E+00  -7.0278576E+03   7.2017449E+03
          3.7300000E+02    3.4012207E+03   0.0000000E+00   2.5719785E+02   1.0831901E+04   0.0000000E+00   0.0000000E+00  -6.9984996E+03   7.2593594E+03
          3.7400000E+02    3.7295627E+03   0.0000000E+00   2.5867981E+02   1.0875548E+04   0.0000000E+00   0.0000000E+00  -6.9241680E+03   7.1864941E+03
          3.7500000E+02    4.2669175E+03   0.0000000E+00   3.4445990E+02   1.0830337E+04   0.0000000E+00   0.0000000E+00  -6.9209925E+03   7.2690992E+03
          3.7600000E+02    5.6359209E+03   0.0000000E+00   4.9552738E+02   1.0917821E+04   0.0000000E+00   0.0000000E+00  -6.8790169E+03   7.3781974E+03
          3.7700000E+02    5.9675986E+03   0.0000000E+00   5.4626233E+02   1.0861506E+04   0.0000000E+00   0.0000000E+00  -6.8357094E+03   7.3856247E+03
          3.7800000E+02    6.1586011E+03   0.0000000E+00   5.6402554E+02   1.0918483E+04   0.0000000E+00   0.0000000E+00  -6.7780137E+03   7.3456880E+03
          3.7900000E+02    6.3322129E+03   0.0000000E+00   5.9364591E+02   1.0861965E+04   0.0000000E+00   0.0000000E+00  -6.6991927E+03   7.2964816E+03
          3.8000000E+02    6.6640488E+03   0.0000000E+00   6.2781877E+02   1.0923076E+04   0.0000000E+00   0.0000000E+00  -6.6557530E+03   7.2872220E+03
          3.8100000E+02    7.0067710E+03   0.0000000E+00   6.8751754E+02   1.0869107E+04   0.0000000E+00   0.0000000E+00  -6.6143363E+03   7.3055092E+03
          3.8200000E+02    7.6401426E+03   0.0000000E+00   7.8492014E+02   1.0940066E+04   0.0000000E+00   0.0000000E+00  -6.5619712E+03   7.3505500E+03
          3.8300000E+02    8.5104512E+03   0.0000000E+00   9.2876673E+02   1.0899021E+04   0.0000000E+00   0.0000000E+00  -6.5126487E+03   7.4450790E+03
          3.8400000E+02    8.9319795E+03   0.0000000E+00   1.0004698E+03   1.0963915E+04   0.0000000E+00   0.0000000E+00  -6.5329944E+03   7.5371321E+03
          3.8500000E+02    9.1894463E+03   0.0000000E+00   1.0554548E+03   1.0905749E+04   0.0000000E+00   0.0000000E+00  -6.5018872E+03   7.5610104E+03
          3.8600000E+02    9.3403799E+03   0.0000000E+00   1.0704360E+03   1.0968328E+04   0.0000000E+00   0.0000000E+00  -6.4957943E+03   7.5698954E+03
          3.8700000E+02    9.4722266E+03   0.0000000E+00   1.1035963E+03   1.0908176E+04   0.0000000E+00   0.0000000E+00  -6.5251365E+03   7.6323870E+03
          3.8800000E+02    9.6262256E+03   0.0000000E+00   1.1483923E+03   1.0973227E+04   0.0000000E+00   0.0000000E+00  -6.5075249E+03   7.6595710E+03
          3.8900000E+02    9.7717490E+03   0.0000000E+00   1.2058612E+03   1.0916281E+04   0.0000000E+00   0.0000000E+00  -6.3983522E+03   7.6078726E+03
          3.9000000E+02    9.9228535E+03   0.0000000E+00   1.2547459E+03   1.0981090E+04   0.0000000E+00   0.0000000E+00  -6.3072210E+03   7.5656216E+03
          3.9100000E+02    1.0091496E+04   0.0000000E+00   1.3351769E+03   1.0920198E+04   0.0000000E+00   0.0000000E+00  -6.2439286E+03   7.5827607E+03
          3.9200000E+02    1.0202833E+04   0.0000000E+00   1.3509523E+03   1.0982869E+04   0.0000000E+00   0.0000000E+00  -6.2340802E+03   7.5886857E+03
          3.9300000E+02    1.1101718E+04   0.0000000E+00   1.5621534E+03   1.0946420E+04   0.0000000E+00   0.0000000E+00  -6.1054798E+03   7.6712750E+03
          3.9400000E+02    1.1285787E+04   0.0000000E+00   1.6130875E+03   1.1013464E+04   0.0000000E+00   0.0000000E+00  -6.0314436E+03   7.6481604E+03
          3.9500000E+02    1.1354390E+04   0.0000000E+00   1.6588296E+03   1.0943619E+04   0.0000000E+00   0.0000000E+00  -5.9905359E+03   7.6529839E+03
          3.9600000E+02    1.1427583E+04   0.0000000E+00   1.6738754E+03   1.1010410E+04   0.0000000E+00   0.0000000E+00  -5.9357209E+03   7.6132147E+03
          3.9700000E+02    1.1635847E+04   0.0000000E+00   1.7631400E+03   1.0947025E+04   0.0000000E+00   0.0000000E+00  -5.8985480E+03   7.6652956E+03
          3.9800000E+02    1.2210615E+04   0.0000000E+00   1.8837274E+03   1.1037503E+04   0.0000000E+00   0.0000000E+00  -5.8965171E+03   7.7838526E+03
          3.9900000E+02    1.3425652E+04   0.0000000E+00   2.1487523E+03   1.1069281E+04   0.0000000E+00   0.0000000E+00  -5.8149024E+03   7.9672648E+03
          4.0000000E+02    1.4642532E+04   0.0000000E+00   2.3953279E+03   1.1118837E+04   0.0000000E+00   0.0000000E+00  -5.7929667E+03   8.1919021E+03
          4.0100000E+02    1.5566714E+04   0.0000000E+00   2.6228062E+03   1.1153696E+04   0.0000000E+00   0.0000000E+00  -5.6953937E+03   8.3218052E+03
          4.0200000E+02    1.6563975E+04   0.0000000E+00   2.8816866E+03   1.1193621E+04   0.0000000E+00   0.0000000E+00  -5.5883664E+03   8.4736376E+03
          4.0300000E+02    1.8021711E+04   0.0000000E+00   3.2964072E+03   1.1254212E+04   0.0000000E+00   0.0000000E+00  -5.3565578E+03   8.6565389E+03
          4.0400000E+02    1.8699350E+04   0.0000000E+00   3.5126439E+03   1.1280540E+04   0.0000000E+00   0.0000000E+00  -5.3164097E+03   8.8326241E+03
          4.0500000E+02    1.9400676E+04   0.0000000E+00   3.7211697E+03   1.1329989E+04   0.0000000E+00   0.0000000E+00  -5.3585937E+03   9.0833283E+03
          4.0600000E+02    2.0239688E+04   0.0000000E+00   4.0359749E+03   1.1371856E+04   0.0000000E+00   0.0000000E+00  -5.1986298E+03   9.2381625E+03
          4.0700000E+02    2.0940893E+04   0.0000000E+00   4.3372782E+03   1.1403841E+04   0.0000000E+00   0.0000000E+00  -5.0194416E+03   9.3602654E+03
          4.0800000E+02    2.1735680E+04   0.0000000E+00   4.7455815E+03   1.1429689E+04   0.0000000E+00   0.0000000E+00  -4.7094723E+03   9.4585908E+03
          4.0900000E+02    2.2720561E+04   0.0000000E+00   5.2932810E+03   1.1455902E+04   0.0000000E+00   0.0000000E+00  -4.2790964E+03   9.5758955E+03
          4.1000000E+02    4.3387023E+04   0.0000000E+00   1.9952950E+04   1.1828207E+04   0.0000000E+00   0.0000000E+00   8.3545998E+03   1.1601665E+04
          4.1100000E+02    8.3692383E+04   0.0000000E+00   5.2423753E+04   1.3439507E+04   0.0000000E+00   0.0000000E+00   3.8463775E+04   1.3962978E+04
          4.1200000E+02    1.0237551E+05   0.0000000E+00   6.8113821E+04   1.2550193E+04   0.0000000E+00   0.0000000E+00   5.2848374E+04   1.5268147E+04
          4.1300000E+02    1.0907998E+05   0.0000000E+00   7.3753898E+04   1.2605513E+04   0.0000000E+00   0.0000000E+00   5.7452022E+04   1.6304250E+04
          4.1400000E+02    1.4794753E+05   0.0000000E+00   1.0560029E+05   1.3364023E+04   0.0000000E+00   0.0000000E+00   8.6744395E+04   1.8858028E+04
          4.1500000E+02    1.3708686E+05   0.0000000E+00   9.6132216E+04   1.2960797E+04   0.0000000E+00   0.0000000E+00   7.5860535E+04   2.0271325E+04
          4.1600000E+02    1.2920477E+05   0.0000000E+00   8.9345402E+04   1.2978089E+04   0.0000000E+00   0.0000000E+00   6.8788651E+04   2.0556606E+04
          4.1700000E+02    1.2491392E+05   0.0000000E+00   8.5388551E+04   1.3077647E+04   0.0000000E+00   0.0000000E+00   6.5238531E+04   2.0150110E+04
          4.1800000E+02    1.3711372E+05   0.0000000E+00   9.5216023E+04   1.3581557E+04   0.0000000E+00   0.0000000E+00   7.3429768E+04   2.1786699E+04
          4.1900000E+02    1.5132669E+05   0.0000000E+00   1.0653141E+05   1.3868950E+04   0.0000000E+00   0.0000000E+00   8.3062794E+04   2.3469379E+04
          4.2000000E+02    1.9129642E+05   0.0000000E+00   1.3827839E+05   1.5962801E+04   0.0000000E+00   0.0000000E+00   1.0980084E+05   2.8478310E+04
          4.2100000E+02    1.9044884E+05   0.0000000E+00   1.3692389E+05   1.4671341E+04   0.0000000E+00   0.0000000E+00   1.0380000E+05   3.3123940E+04
          4.2200000E+02    1.7372294E+05   0.0000000E+00   1.2207568E+05   1.4282600E+04   0.0000000E+00   0.0000000E+00   8.9387151E+04   3.2685525E+04
          4.2300000E+02    1.6069130E+05   0.0000000E+00   1.1064847E+05   1.4220493E+04   0.0000000E+00   0.0000000E+00   7.9941097E+04   3.0703777E+04
          4.2400000E+02    1.4892489E+05   0.0000000E+00   1.0040565E+05   1.4169620E+04   0.0000000E+00   0.0000000E+00   6.8264808E+04   3.2136687E+04
          4.2500000E+02    1.3848873E+05   0.0000000E+00   9.1424135E+04   1.4131841E+04   0.0000000E+00   0.0000000E+00   5.9974270E+04   3.1445940E+04
          4.2600000E+02    1.2920233E+05   0.0000000E+00   8.3525871E+04   1.4111164E+04   0.0000000E+00   0.0000000E+00   5.0947759E+04   3.2573903E+04
          4.2700000E+02    1.2124620E+05   0.0000000E+00   7.6920716E+04   1.4096969E+04   0.0000000E+00   0.0000000E+00   4.2460397E+04   3.4456309E+04
          4.2800000E+02    1.1408916E+05   0.0000000E+00   7.1070780E+04   1.4086058E+04   0.0000000E+00   0.0000000E+00   3.8275466E+04   3.2791277E+04
          4.2900000E+02    1.0821132E+05   0.0000000E+00   6.6386597E+04   1.4089118E+04   0.0000000E+00   0.0000000E+00   3.2926048E+04   3.3456740E+04
          4.3000000E+02    1.0283471E+05   0.0000000E+00   6.1998303E+04   1.4098324E+04   0.0000000E+00   0.0000000E+00   2.7981679E+04   3.4012797E+04
          4.3100000E+02    1.0015742E+05   0.0000000E+00   5.9849435E+04   1.4134362E+04   0.0000000E+00   0.0000000E+00   2.7157818E+04   3.2688247E+04
          4.3200000E+02    9.9172922E+04   0.0000000E+00   5.9016594E+04   1.4186672E+04   0.0000000E+00   0.0000000E+00   2.6467808E+04   3.2545663E+04
          4.3300000E+02    1.0171678E+05   0.0000000E+00   6.0827156E+04   1.4309652E+04   0.0000000E+00   0.0000000E+00   2.7451854E+04   3.3372560E+04
          4.3400000E+02    1.0818321E+05   0.0000000E+00   6.5559867E+04   1.4476893E+04   0.0000000E+00   0.0000000E+00   3.1571487E+04   3.3985952E+04
          4.3500000E+02    1.0886710E+05   0.0000000E+00   6.5857013E+04   1.4511556E+04   0.0000000E+00   0.0000000E+00   3.1807171E+04   3.4047465E+04
          4.3600000E+02    1.1431083E+05   0.0000000E+00   6.9767763E+04   1.4684514E+04   0.0000000E+00   0.0000000E+00   3.4916665E+04   3.4849035E+04
          4.3700000E+02    1.2315872E+05   0.0000000E+00   7.6090933E+04   1.4945414E+04   0.0000000E+00   0.0000000E+00   3.9963342E+04   3.6125790E+04
          4.3800000E+02    1.1564733E+05   0.0000000E+00   7.0127763E+04   1.4769445E+04   0.0000000E+00   0.0000000E+00   3.3812309E+04   3.6312385E+04
          4.3900000E+02    1.0880841E+05   0.0000000E+00   6.4674574E+04   1.4743784E+04   0.0000000E+00   0.0000000E+00   2.7967363E+04   3.6703865E+04
          4.4000000E+02    1.0438109E+05   0.0000000E+00   6.1124052E+04   1.4760443E+04   0.0000000E+00   0.0000000E+00   2.4315519E+04   3.6805281E+04
          4.4100000E+02    1.0432167E+05   0.0000000E+00   6.0880344E+04   1.4842293E+04   0.0000000E+00   0.0000000E+00   2.3726150E+04   3.7151406E+04
          4.4200000E+02    1.1198120E+05   0.0000000E+00   6.6641616E+04   1.5050938E+04   0.0000000E+00   0.0000000E+00   2.9096140E+04   3.7543006E+04
          4.4300000E+02    1.0407362E+05   0.0000000E+00   6.0313179E+04   1.4914331E+04   0.0000000E+00   0.0000000E+00   2.2662145E+04   3.7647147E+04
          4.4400000E+02    9.9070414E+04   0.0000000E+00   5.6446556E+04   1.4909895E+04   0.0000000E+00   0.0000000E+00   1.8634600E+04   3.7808533E+04
          4.4500000E+02    1.0049355E+05   0.0000000E+00   5.7517681E+04   1.5011483E+04   0.0000000E+00   0.0000000E+00   1.9348116E+04   3.8166925E+04
          4.4600000E+02    1.7010483E+05   0.0000000E+00   1.1014845E+05   1.9701247E+04   0.0000000E+00   0.0000000E+00   6.6541272E+04   4.3604715E+04
          4.4700000E+02    2.0342325E+05   0.0000000E+00   1.3588835E+05   1.8178503E+04   0.0000000E+00   0.0000000E+00   8.6985476E+04   4.8900293E+04
          4.4800000E+02    1.8462955E+05   0.0000000E+00   1.2002300E+05   1.6522345E+04   0.0000000E+00   0.0000000E+00   6.7776896E+04   5.2240154E+04
          4.4900000E+02    1.7137031E+05   0.0000000E+00   1.0893977E+05   1.6454529E+04   0.0000000E+00   0.0000000E+00   5.5710644E+04   5.3223326E+04
          4.5000000E+02    1.5886147E+05   0.0000000E+00   9.8461052E+04   1.6411453E+04   0.0000000E+00   0.0000000E+00   4.1831196E+04   5.6623549E+04
          4.5100000E+02    1.4791361E+05   0.0000000E+00   8.9463168E+04   1.6385586E+04   0.0000000E+00   0.0000000E+00   3.2998635E+04   5.6458708E+04
          4.5200000E+02    1.3951948E+05   0.0000000E+00   8.2687834E+04   1.6392185E+04   0.0000000E+00   0.0000000E+00   2.6853255E+04   5.5828977E+04
          4.5300000E+02    1.3234675E+05   0.0000000E+00   7.6938600E+04   1.6389332E+04   0.0000000E+00   0.0000000E+00   2.1542008E+04   5.5390859E+04
          4.5400000E+02    1.2533116E+05   0.0000000E+00   7.1472189E+04   1.6363708E+04   0.0000000E+00   0.0000000E+00   1.6494556E+04   5.4971847E+04
          4.5500000E+02    1.1800910E+05   0.0000000E+00   6.5923124E+04   1.6334145E+04   0.0000000E+00   0.0000000E+00   1.1879221E+04   5.4037935E+04
          4.5600000E+02    1.1187963E+05   0.0000000E+00   6.1449222E+04   1.6318818E+04   0.0000000E+00   0.0000000E+00   7.1788970E+03   5.4264575E+04
          4.5700000E+02    1.0864132E+05   0.0000000E+00   5.8982023E+04   1.6375239E+04   0.0000000E+00   0.0000000E+00   5.1394983E+03   5.3837108E+04
          4.5800000E+02    1.0301798E+05   0.0000000E+00   5.4866425E+04   1.6326031E+04   0.0000000E+00   0.0000000E+00   1.6826945E+03   5.3178031E+04
          4.5900000E+02    9.8229891E+04   0.0000000E+00   5.1508004E+04   1.6301440E+04   0.0000000E+00   0.0000000E+00   1.1247812E+02   5.1389857E+04
          4.6000000E+02    9.3618547E+04   0.0000000E+00   4.8242401E+04   1.6279195E+04   0.0000000E+00   0.0000000E+00  -2.1026817E+03   5.0339391E+04
          4.6100000E+02    8.9459992E+04   0.0000000E+00   4.5352011E+04   1.6256223E+04   0.0000000E+00   0.0000000E+00  -3.2588545E+03   4.8605250E+04
          4.6200000E+02    8.5637305E+04   0.0000000E+00   4.2732019E+04   1.6232057E+04   0.0000000E+00   0.0000000E+00  -4.9671166E+03   4.7693638E+04
          4.6300000E+02    8.1985055E+04   0.0000000E+00   4.0211841E+04   1.6208330E+04   0.0000000E+00   0.0000000E+00  -7.0307459E+03   4.7237069E+04
          4.6400000E+02    7.8794711E+04   0.0000000E+00   3.8087779E+04   1.6185175E+04   0.0000000E+00   0.0000000E+00  -7.7128113E+03   4.5795169E+04
          4.6500000E+02    7.5922367E+04   0.0000000E+00   3.6226615E+04   1.6159945E+04   0.0000000E+00   0.0000000E+00  -8.5015801E+03   4.4722875E+04
          4.6600000E+02    7.3040289E+04   0.0000000E+00   3.4306221E+04   1.6132289E+04   0.0000000E+00   0.0000000E+00  -9.9518555E+03   4.4252822E+04
          4.6700000E+02    7.0479938E+04   0.0000000E+00   3.2659877E+04   1.6102816E+04   0.0000000E+00   0.0000000E+00  -1.0950213E+04   4.3604987E+04
          4.6800000E+02    6.8026492E+04   0.0000000E+00   3.1076040E+04   1.6071674E+04   0.0000000E+00   0.0000000E+00  -1.1578524E+04   4.2649491E+04
          4.6900000E+02    6.5680711E+04   0.0000000E+00   2.9559370E+04   1.6036875E+04   0.0000000E+00   0.0000000E+00  -1.1870865E+04   4.1425212E+04
          4.7000000E+02    6.3576598E+04   0.0000000E+00   2.8237901E+04   1.6005467E+04   0.0000000E+00   0.0000000E+00  -1.2590985E+04   4.0823967E+04
          4.7100000E+02    6.1566742E+04   0.0000000E+00   2.6972459E+04   1.5973515E+04   0.0000000E+00   0.0000000E+00  -1.3252228E+04   4.0219867E+04
          4.7200000E+02    5.9789602E+04   0.0000000E+00   2.5905115E+04   1.5939403E+04   0.0000000E+00   0.0000000E+00  -1.3593479E+04   3.9493909E+04
          4.7300000E+02    5.8060184E+04   0.0000000E+00   2.4849621E+04   1.5906545E+04   0.0000000E+00   0.0000000E+00  -1.4124672E+04   3.8969696E+04
          4.7400000E+02    5.6392223E+04   0.0000000E+00   2.3823666E+04   1.5874878E+04   0.0000000E+00   0.0000000E+00  -1.4951761E+04   3.8770905E+04
          4.7500000E+02    5.4787781E+04   0.0000000E+00   2.2829256E+04   1.5843818E+04   0.0000000E+00   0.0000000E+00  -1.5423552E+04   3.8248367E+04
          4.7600000E+02    5.3332539E+04   0.0000000E+00   2.1955448E+04   1.5812631E+04   0.0000000E+00   0.0000000E+00  -1.5485259E+04   3.7436358E+04
          4.7700000E+02    5.1956840E+04   0.0000000E+00   2.1133906E+04   1.5782267E+04   0.0000000E+00   0.0000000E+00  -1.5560275E+04   3.6689912E+04
          4.7800000E+02    5.0645734E+04   0.0000000E+00   2.0351865E+04   1.5751697E+04   0.0000000E+00   0.0000000E+00  -1.5513521E+04   3.5861193E+04
          4.7900000E+02    4.9434418E+04   0.0000000E+00   1.9645857E+04   1.5720913E+04   0.0000000E+00   0.0000000E+00  -1.5504462E+04   3.5146205E+04
          4.8000000E+02    4.8277902E+04   0.0000000E+00   1.8971666E+04   1.5689565E+04   0.0000000E+00   0.0000000E+00  -1.6057168E+04   3.5024802E+04
          4.8100000E+02    4.7175809E+04   0.0000000E+00   1.8328976E+04   1.5657859E+04   0.0000000E+00   0.0000000E+00  -1.6399209E+04   3.4724232E+04
          4.8200000E+02    4.6106672E+04   0.0000000E+00   1.7698217E+04   1.5626060E+04   0.0000000E+00   0.0000000E+00  -1.6365849E+04   3.4060171E+04
          4.8300000E+02    4.5052207E+04   0.0000000E+00   1.7062146E+04   1.5594201E+04   0.0000000E+00   0.0000000E+00  -1.6383818E+04   3.3442125E+04
          4.8400000E+02    4.6029367E+04   0.0000000E+00   1.7679328E+04   1.5606348E+04   0.0000000E+00   0.0000000E+00  -1.5497807E+04   3.3173417E+04
          4.8500000E+02    4.5018137E+04   0.0000000E+00   1.7186864E+04   1.5567205E+04   0.0000000E+00   0.0000000E+00  -1.5299046E+04   3.2482198E+04
          4.8600000E+02    4.4035793E+04   0.0000000E+00   1.6601883E+04   1.5535668E+04   0.0000000E+00   0.0000000E+00  -1.5110114E+04   3.1708347E+04
          4.8700000E+02    4.3174016E+04   0.0000000E+00   1.6119454E+04   1.5503999E+04   0.0000000E+00   0.0000000E+00  -1.4776671E+04   3.0892530E+04
          4.8800000E+02    4.2298910E+04   0.0000000E+00   1.5606350E+04   1.5472407E+04   0.0000000E+00   0.0000000E+00  -1.4967963E+04   3.0570740E+04
          4.8900000E+02    4.1535719E+04   0.0000000E+00   1.5188921E+04   1.5441040E+04   0.0000000E+00   0.0000000E+00  -1.4958235E+04   3.0143643E+04
          4.9000000E+02    4.0719902E+04   0.0000000E+00   1.4703627E+04   1.5410270E+04   0.0000000E+00   0.0000000E+00  -1.5085105E+04   2.9785236E+04
          4.9100000E+02    4.0000652E+04   0.0000000E+00   1.4197039E+04   1.5379115E+04   0.0000000E+00   0.0000000E+00  -1.5169408E+04   2.9363028E+04
          4.9200000E+02    3.9276914E+04   0.0000000E+00   1.3879597E+04   1.5347940E+04   0.0000000E+00   0.0000000E+00  -1.5159662E+04   2.9035888E+04
          4.9300000E+02    3.8624910E+04   0.0000000E+00   1.3517656E+04   1.5317028E+04   0.0000000E+00   0.0000000E+00  -1.5306277E+04   2.8820630E+04
          4.9400000E+02    3.7928730E+04   0.0000000E+00   1.2995701E+04   1.5286096E+04   0.0000000E+00   0.0000000E+00  -1.5492403E+04   2.8484830E+04
          4.9500000E+02    3.7363625E+04   0.0000000E+00   1.2801377E+04   1.5255037E+04   0.0000000E+00   0.0000000E+00  -1.5630698E+04   2.8428870E+04
          4.9600000E+02    3.6772891E+04   0.0000000E+00   1.2466511E+04   1.5224184E+04   0.0000000E+00   0.0000000E+00  -1.5598899E+04   2.8062246E+04
          4.9700000E+02    3.6241938E+04   0.0000000E+00   1.2181218E+04   1.5193610E+04   0.0000000E+00   0.0000000E+00  -1.5524051E+04   2.7702161E+04
          4.9800000E+02    3.5698562E+04   0.0000000E+00   1.1873739E+04   1.5163567E+04   0.0000000E+00   0.0000000E+00  -1.5710234E+04   2.7580922E+04
          4.9900000E+02    3.5191637E+04   0.0000000E+00   1.1593282E+04   1.5134037E+04   0.0000000E+00   0.0000000E+00  -1.5563322E+04   2.7153628E+04
          5.0000000E+02    3.4706387E+04   0.0000000E+00   1.1221085E+04   1.5104641E+04   0.0000000E+00   0.0000000E+00  -1.5551353E+04   2.6769523E+04
          5.0100000E+02    3.4228844E+04   0.0000000E+00   1.0952574E+04   1.5075649E+04   0.0000000E+00   0.0000000E+00  -1.5640355E+04   2.6590102E+04
