c:\users\trianae\mylocalcode\usgs\gsflow_examples.git\call_c_from_vbwrapper\cppstaticlibwrapper\debug\cppstaticlibwrapper.pch
c:\users\trianae\mylocalcode\usgs\gsflow_examples.git\call_c_from_vbwrapper\cppstaticlibwrapper\debug\vc140.pdb
c:\users\trianae\mylocalcode\usgs\gsflow_examples.git\call_c_from_vbwrapper\cppstaticlibwrapper\debug\stdafx.obj
c:\users\trianae\mylocalcode\usgs\gsflow_examples.git\call_c_from_vbwrapper\cppstaticlibwrapper\debug\cppstaticlibwrapper.obj
c:\users\trianae\mylocalcode\usgs\gsflow_examples.git\call_c_from_vbwrapper\cppstaticlibwrapper\debug\assemblyinfo.obj
c:\users\trianae\mylocalcode\usgs\gsflow_examples.git\call_c_from_vbwrapper\cppstaticlibwrapper\debug\.netframework,version=v4.5.2.assemblyattributes.obj
c:\users\trianae\mylocalcode\usgs\gsflow_examples.git\call_c_from_vbwrapper\cppstaticlibwrapper\debug\.netframework,version=v4.5.2.assemblyattributes.asm
c:\users\trianae\mylocalcode\usgs\gsflow.git\msds\gsflow_develop_f\debug\cppstaticlibwrapper.dll
c:\users\trianae\mylocalcode\usgs\gsflow.git\msds\gsflow_develop_f\debug\cppstaticlibwrapper.pdb
c:\users\trianae\mylocalcode\usgs\gsflow_examples.git\call_c_from_vbwrapper\cppstaticlibwrapper\debug\app.res
c:\users\trianae\mylocalcode\usgs\gsflow_examples.git\call_c_from_vbwrapper\cppstaticlibwrapper\debug\cppstati.75bb5d19.tlog\cl.command.1.tlog
c:\users\trianae\mylocalcode\usgs\gsflow_examples.git\call_c_from_vbwrapper\cppstaticlibwrapper\debug\cppstati.75bb5d19.tlog\cl.read.1.tlog
c:\users\trianae\mylocalcode\usgs\gsflow_examples.git\call_c_from_vbwrapper\cppstaticlibwrapper\debug\cppstati.75bb5d19.tlog\cl.write.1.tlog
c:\users\trianae\mylocalcode\usgs\gsflow_examples.git\call_c_from_vbwrapper\cppstaticlibwrapper\debug\cppstati.75bb5d19.tlog\link.command.1.tlog
c:\users\trianae\mylocalcode\usgs\gsflow_examples.git\call_c_from_vbwrapper\cppstaticlibwrapper\debug\cppstati.75bb5d19.tlog\link.read.1.tlog
c:\users\trianae\mylocalcode\usgs\gsflow_examples.git\call_c_from_vbwrapper\cppstaticlibwrapper\debug\cppstati.75bb5d19.tlog\link.write.1.tlog
c:\users\trianae\mylocalcode\usgs\gsflow_examples.git\call_c_from_vbwrapper\cppstaticlibwrapper\debug\cppstati.75bb5d19.tlog\metagen.read.1.tlog
c:\users\trianae\mylocalcode\usgs\gsflow_examples.git\call_c_from_vbwrapper\cppstaticlibwrapper\debug\cppstati.75bb5d19.tlog\metagen.write.1.tlog
c:\users\trianae\mylocalcode\usgs\gsflow_examples.git\call_c_from_vbwrapper\cppstaticlibwrapper\debug\cppstati.75bb5d19.tlog\rc.command.1.tlog
c:\users\trianae\mylocalcode\usgs\gsflow_examples.git\call_c_from_vbwrapper\cppstaticlibwrapper\debug\cppstati.75bb5d19.tlog\rc.read.1.tlog
c:\users\trianae\mylocalcode\usgs\gsflow_examples.git\call_c_from_vbwrapper\cppstaticlibwrapper\debug\cppstati.75bb5d19.tlog\rc.write.1.tlog
c:\users\trianae\mylocalcode\usgs\gsflow_examples.git\call_c_from_vbwrapper\cppstaticlibwrapper\debug\cppstati.75bb5d19.tlog\rsaenh.dll.bi
c:\users\trianae\mylocalcode\usgs\gsflow_examples.git\call_c_from_vbwrapper\cppstaticlibwrapper\debug\cppstati.75bb5d19.tlog\tzres.dll.bi
