====================================================================
Using PRMS Parameter File: ..\input\prms\sagehen_grid_v5.params
Description: Default file generated by model
====================================================================
Comment lines:
Version: 1.7
====================================================================
Using dimensions    number
nlake                  2
nlake_hrus            75
ngwcell             5609
nrain                  2
ntemp                  2
nsegment              23
ndays                366
nreach               201
ncascade            6144
ncascdgw            6219
nobs                   1
ndeplval              22
ngw                 5609
nhrucell            5609
nmonths               12
nssr                5609
one                    1
ndepl                  2
nhru                5609
ncol                   1
====================================================================

               Precipitation-Runoff Modeling System (PRMS)
                       Version 5.MODSIM 11/03/2017

        Process            Available Modules
--------------------------------------------------------------------
  Basin Definition: basin
    Cascading Flow: cascade
  Time Series Data: obs, water_use_read, dynamic_param_read
   Potet Solar Rad: soltab
  Temperature Dist: temp_1sta, temp_laps, temp_dist2, climate_hru
       Precip Dist: precip_1sta, precip_laps, precip_dist2,
                    climate_hru, precip_temp_grid
Temp & Precip Dist: xyz_dist, ide_dist
    Solar Rad Dist: ccsolrad, ddsolrad, climate_hru
Transpiration Dist: transp_tindex, climate_hru, transp_frost
      Potential ET: potet_hamon, potet_jh, potet_pan, climate_hru,
                    potet_hs, potet_pt, potet_pm, potet_pm_sta
      Interception: intcp
     Snow Dynamics: snowcomp
    Surface Runoff: srunoff_smidx, srunoff_carea
         Soil Zone: soilzone
       Groundwater: gwflow
Streamflow Routing: strmflow, strmflow_in_out, muskingum,
                    muskingum_lake
    Output Summary: basin_sum, subbasin, map_results, prms_summary,
                    nhru_summary, nsub_summary, water_balance
                    basin_summary, nsegment_summary
Stream Temperature: stream_temp
     Preprocessing: write_climate_hru, frost_date
--------------------------------------------------------------------


    Active modules listed in the order in which they are called

        Process                   Module                Version Date
====================================================================
GSFLOW Computation Order       gsflow_prms                2017-11-03
Read Control File              read_control_file          2017-09-28
Read Parameter File            read_parameter_file        2017-09-27
Read Data File                 read_data_file             2017-09-27


====================================================================
Using PRMS Data File: ..\input\prms\sagehen.data
Title: Sagehen Data File: Independence Lake and Sagehen Creek data staions
====================================================================
Comment lines:
// tmax stations are:
//   INDEPENDENCE LAKE
//   SAGEHEN CREEK
// tmin stations are:
//   INDEPENDENCE LAKE
//   SAGEHEN CREEK
// precip stations are:
//   INDEPENDENCE LAKE
//   SAGEHEN CREEK
// runoff value is:
//   10343500 	SAGEHEN C NR TRUCKEE C
====================================================================
measured variables
tmax 2
tmin 2
precip 2
runoff 1
====================================================================
 Data File time period: 1980/10/01 00:00:00 to 2004/04/25 00:00:00
Simulation time period: 1980/10/01 00:00:00 to 1985/09/30 00:00:00
====================================================================
Basin Definition               basin                      2017-10-05
Cascading Flow                 cascade                    2016-07-19
Common States and Fluxes       climateflow                2017-10-23
Potential Solar Radiation      soltab                     2016-09-27
Time Series Data               obs                        2017-09-27
PRMS Set Time Variables        prms_time                  2017-07-06
Temperature Distribution       temp_1sta                  2017-09-27
Precipitation Distribution     precip_1sta                2017-09-27
Solar Radiation Distribution   ddsolrad                   2016-11-03
Transpiration Distribution     transp_tindex              2015-01-06
Potential Evapotranspiration   potet_jh                   2016-05-10
Canopy Interception            intcp                      2017-09-27
Snow Dynamics                  snowcomp                   2017-10-06
Surface Runoff                 srunoff_smidx              2017-10-06
Soil Zone Computations         soilzone                   2017-10-06
GSFLOW PRMS to MODFLOW         gsflow_prms2mf             2017-11-03
GSFLOW MODFLOW to PRMS         gsflow_mf2prms             2017-11-03
GSFLOW Output Budget Summary   gsflow_budget              2017-11-03
GSFLOW Output CSV Summary      gsflow_sum                 2017-11-03
Nhru Output Summary            nhru_summary               2017-09-27
Basin Output Summary           basin_summary              2017-09-27
Nsegment Output Summary        nsegment_summary           2017-11-03
====================================================================
GSFLOW MODFLOW main            gsflow_modflow             2017-11-03
UZF-NWT Package                gwf2uzf1_NWT               2017-03-08
SFR-NWT Package                gwf2sfr7_NWT               2017-03-08
LAK-NWT Package                gwf2lak7_NWT               2016-07-21

Using Control File: gsflow_gsflow.control

Using Parameter File: ..\input\prms\sagehen_grid_v5.params

Start time: 1980/10/01 00:00:00
End time:   1985/09/30 00:00:00

Model domain area:        11226.32    Active basin area:      6740.99
Fraction impervious:       0.00000    Fraction pervious:      0.97773
Lake area:               150.11119    Fraction lakes:         0.02227


